Type : toothbrush Train [ Epoch 1/500 ], loss: 1.3103, avg_reader_cost: 1.3243 avg_batch_cost: 1.4473, avg_ips: 66.3297.
Type : toothbrush Train [ Epoch 2/500 ], loss: 1.2046, avg_reader_cost: 1.2762 avg_batch_cost: 1.3999, avg_ips: 68.5769.
Type : toothbrush Train [ Epoch 3/500 ], loss: 1.0421, avg_reader_cost: 1.3842 avg_batch_cost: 1.5093, avg_ips: 63.6072.
Type : toothbrush Train [ Epoch 4/500 ], loss: 0.8997, avg_reader_cost: 1.3055 avg_batch_cost: 1.4350, avg_ips: 66.8993.
Type : toothbrush Train [ Epoch 5/500 ], loss: 0.8190, avg_reader_cost: 1.2641 avg_batch_cost: 1.3894, avg_ips: 69.0927.
Type : toothbrush Train [ Epoch 6/500 ], loss: 0.7500, avg_reader_cost: 1.2759 avg_batch_cost: 1.4011, avg_ips: 68.5174.
Type : toothbrush Train [ Epoch 7/500 ], loss: 0.7563, avg_reader_cost: 1.2538 avg_batch_cost: 1.3786, avg_ips: 69.6381.
Type : toothbrush Train [ Epoch 8/500 ], loss: 0.7413, avg_reader_cost: 1.2597 avg_batch_cost: 1.3834, avg_ips: 69.3930.
Type : toothbrush Train [ Epoch 9/500 ], loss: 0.7457, avg_reader_cost: 1.4844 avg_batch_cost: 1.5865, avg_ips: 60.5107.
Type : toothbrush Train [ Epoch 10/500 ], loss: 0.7049, avg_reader_cost: 1.9430 avg_batch_cost: 2.0506, avg_ips: 46.8147.
loading images
loaded 60 images
using density estimation GaussianDensityPaddle
Type : toothbrush Val [ Epoch 10/500 ] max_auc: 0.9667 roc_auc : 0.966667.
Type : toothbrush Train [ Epoch 11/500 ], loss: 0.7188, avg_reader_cost: 5.0871 avg_batch_cost: 5.2200, avg_ips: 18.3909.
Type : toothbrush Train [ Epoch 12/500 ], loss: 0.7001, avg_reader_cost: 0.0003 avg_batch_cost: 0.1152, avg_ips: 833.2899.
Type : toothbrush Train [ Epoch 13/500 ], loss: 0.7156, avg_reader_cost: 0.7197 avg_batch_cost: 0.8489, avg_ips: 113.0891.
Type : toothbrush Train [ Epoch 14/500 ], loss: 0.6617, avg_reader_cost: 1.2488 avg_batch_cost: 1.3742, avg_ips: 69.8587.
Type : toothbrush Train [ Epoch 15/500 ], loss: 0.6827, avg_reader_cost: 1.2919 avg_batch_cost: 1.4180, avg_ips: 67.7028.
Type : toothbrush Train [ Epoch 16/500 ], loss: 0.7376, avg_reader_cost: 1.2603 avg_batch_cost: 1.3838, avg_ips: 69.3764.
Type : toothbrush Train [ Epoch 17/500 ], loss: 0.6684, avg_reader_cost: 1.2874 avg_batch_cost: 1.3987, avg_ips: 68.6356.
Type : toothbrush Train [ Epoch 18/500 ], loss: 0.6708, avg_reader_cost: 1.2539 avg_batch_cost: 1.3615, avg_ips: 70.5082.
Type : toothbrush Train [ Epoch 19/500 ], loss: 0.6688, avg_reader_cost: 1.2594 avg_batch_cost: 1.3815, avg_ips: 69.4877.
Type : toothbrush Train [ Epoch 20/500 ], loss: 0.6273, avg_reader_cost: 1.2563 avg_batch_cost: 1.3802, avg_ips: 69.5527.
loading images
loaded 60 images
using density estimation GaussianDensityPaddle
Type : toothbrush Val [ Epoch 20/500 ] max_auc: 0.9667 roc_auc : 0.963889.
Type : toothbrush Train [ Epoch 21/500 ], loss: 0.6261, avg_reader_cost: 4.5458 avg_batch_cost: 4.9573, avg_ips: 19.3655.
Type : toothbrush Train [ Epoch 22/500 ], loss: 0.6759, avg_reader_cost: 0.0006 avg_batch_cost: 0.3413, avg_ips: 281.2716.
Type : toothbrush Train [ Epoch 23/500 ], loss: 0.6471, avg_reader_cost: 0.4257 avg_batch_cost: 0.5429, avg_ips: 176.8162.
Type : toothbrush Train [ Epoch 24/500 ], loss: 0.6776, avg_reader_cost: 2.1706 avg_batch_cost: 2.3247, avg_ips: 41.2963.
Type : toothbrush Train [ Epoch 25/500 ], loss: 0.5649, avg_reader_cost: 1.9513 avg_batch_cost: 2.1695, avg_ips: 44.2498.
Type : toothbrush Train [ Epoch 26/500 ], loss: 0.5835, avg_reader_cost: 1.4049 avg_batch_cost: 1.6188, avg_ips: 59.3021.
Type : toothbrush Train [ Epoch 27/500 ], loss: 0.6128, avg_reader_cost: 1.8641 avg_batch_cost: 2.2099, avg_ips: 43.4417.
Type : toothbrush Train [ Epoch 28/500 ], loss: 0.5413, avg_reader_cost: 1.6147 avg_batch_cost: 1.8632, avg_ips: 51.5251.
Type : toothbrush Train [ Epoch 29/500 ], loss: 0.5740, avg_reader_cost: 1.8999 avg_batch_cost: 2.2453, avg_ips: 42.7551.
Type : toothbrush Train [ Epoch 30/500 ], loss: 0.5409, avg_reader_cost: 1.8461 avg_batch_cost: 2.1966, avg_ips: 43.7043.
loading images
loaded 60 images
using density estimation GaussianDensityPaddle
Type : toothbrush Val [ Epoch 30/500 ] max_auc: 0.9667 roc_auc : 0.916667.
Type : toothbrush Train [ Epoch 31/500 ], loss: 0.5111, avg_reader_cost: 3.9503 avg_batch_cost: 4.1439, avg_ips: 23.1667.
Type : toothbrush Train [ Epoch 32/500 ], loss: 0.4984, avg_reader_cost: 1.3321 avg_batch_cost: 1.6667, avg_ips: 57.5981.
Type : toothbrush Train [ Epoch 33/500 ], loss: 0.5486, avg_reader_cost: 1.2828 avg_batch_cost: 1.4291, avg_ips: 67.1739.
Type : toothbrush Train [ Epoch 34/500 ], loss: 0.5171, avg_reader_cost: 1.2831 avg_batch_cost: 1.6252, avg_ips: 59.0697.
Type : toothbrush Train [ Epoch 35/500 ], loss: 0.5572, avg_reader_cost: 1.2521 avg_batch_cost: 1.4167, avg_ips: 67.7649.
Type : toothbrush Train [ Epoch 36/500 ], loss: 0.5020, avg_reader_cost: 1.3380 avg_batch_cost: 1.6786, avg_ips: 57.1910.
Type : toothbrush Train [ Epoch 37/500 ], loss: 0.5560, avg_reader_cost: 1.2483 avg_batch_cost: 1.4702, avg_ips: 65.2961.
Type : toothbrush Train [ Epoch 38/500 ], loss: 0.4675, avg_reader_cost: 1.2263 avg_batch_cost: 1.5603, avg_ips: 61.5265.
Type : toothbrush Train [ Epoch 39/500 ], loss: 0.4471, avg_reader_cost: 1.2138 avg_batch_cost: 1.5661, avg_ips: 61.3004.
Type : toothbrush Train [ Epoch 40/500 ], loss: 0.4254, avg_reader_cost: 1.1957 avg_batch_cost: 1.5314, avg_ips: 62.6886.
loading images
loaded 60 images
using density estimation GaussianDensityPaddle
Type : toothbrush Val [ Epoch 40/500 ] max_auc: 0.9694 roc_auc : 0.969444.
Type : toothbrush Train [ Epoch 41/500 ], loss: 0.3924, avg_reader_cost: 4.8164 avg_batch_cost: 5.1773, avg_ips: 18.5423.
Type : toothbrush Train [ Epoch 42/500 ], loss: 0.3798, avg_reader_cost: 0.0002 avg_batch_cost: 0.3335, avg_ips: 287.8951.
Type : toothbrush Train [ Epoch 43/500 ], loss: 0.3920, avg_reader_cost: 0.0006 avg_batch_cost: 0.3482, avg_ips: 275.7109.
Type : toothbrush Train [ Epoch 44/500 ], loss: 0.3427, avg_reader_cost: 1.2111 avg_batch_cost: 1.5563, avg_ips: 61.6854.
Type : toothbrush Train [ Epoch 45/500 ], loss: 0.3558, avg_reader_cost: 1.2102 avg_batch_cost: 1.3651, avg_ips: 70.3222.
Type : toothbrush Train [ Epoch 46/500 ], loss: 0.2684, avg_reader_cost: 1.2199 avg_batch_cost: 1.3640, avg_ips: 70.3834.
Type : toothbrush Train [ Epoch 47/500 ], loss: 0.3259, avg_reader_cost: 1.2535 avg_batch_cost: 1.4049, avg_ips: 68.3336.
Type : toothbrush Train [ Epoch 48/500 ], loss: 0.3219, avg_reader_cost: 1.2582 avg_batch_cost: 1.4123, avg_ips: 67.9755.
Type : toothbrush Train [ Epoch 49/500 ], loss: 0.3494, avg_reader_cost: 1.2869 avg_batch_cost: 1.4414, avg_ips: 66.6038.
Type : toothbrush Train [ Epoch 50/500 ], loss: 0.2999, avg_reader_cost: 1.2827 avg_batch_cost: 1.6220, avg_ips: 59.1875.
loading images
loaded 60 images
using density estimation GaussianDensityPaddle
Type : toothbrush Val [ Epoch 50/500 ] max_auc: 0.9694 roc_auc : 0.969444.
Type : toothbrush Train [ Epoch 51/500 ], loss: 0.3255, avg_reader_cost: 5.0875 avg_batch_cost: 5.4339, avg_ips: 17.6669.
Type : toothbrush Train [ Epoch 52/500 ], loss: 0.2812, avg_reader_cost: 0.0003 avg_batch_cost: 0.3566, avg_ips: 269.1751.
Type : toothbrush Train [ Epoch 53/500 ], loss: 0.2611, avg_reader_cost: 0.0515 avg_batch_cost: 0.1965, avg_ips: 488.5151.
Type : toothbrush Train [ Epoch 54/500 ], loss: 0.3261, avg_reader_cost: 1.2468 avg_batch_cost: 1.5861, avg_ips: 60.5250.
Type : toothbrush Train [ Epoch 55/500 ], loss: 0.3423, avg_reader_cost: 1.2423 avg_batch_cost: 1.5798, avg_ips: 60.7679.
Type : toothbrush Train [ Epoch 56/500 ], loss: 0.3704, avg_reader_cost: 1.2264 avg_batch_cost: 1.3897, avg_ips: 69.0810.
Type : toothbrush Train [ Epoch 57/500 ], loss: 0.2725, avg_reader_cost: 1.2279 avg_batch_cost: 1.3687, avg_ips: 70.1384.
Type : toothbrush Train [ Epoch 58/500 ], loss: 0.2866, avg_reader_cost: 1.2370 avg_batch_cost: 1.3718, avg_ips: 69.9820.
Type : toothbrush Train [ Epoch 59/500 ], loss: 0.2906, avg_reader_cost: 1.2282 avg_batch_cost: 1.5745, avg_ips: 60.9719.
Type : toothbrush Train [ Epoch 60/500 ], loss: 0.2842, avg_reader_cost: 1.2512 avg_batch_cost: 1.5984, avg_ips: 60.0597.
loading images
loaded 60 images
using density estimation GaussianDensityPaddle
Type : toothbrush Val [ Epoch 60/500 ] max_auc: 0.9694 roc_auc : 0.947222.
Type : toothbrush Train [ Epoch 61/500 ], loss: 0.3003, avg_reader_cost: 4.1194 avg_batch_cost: 4.2530, avg_ips: 22.5723.
Type : toothbrush Train [ Epoch 62/500 ], loss: 0.2687, avg_reader_cost: 0.0004 avg_batch_cost: 0.1052, avg_ips: 912.1998.
Type : toothbrush Train [ Epoch 63/500 ], loss: 0.3335, avg_reader_cost: 1.3067 avg_batch_cost: 1.6456, avg_ips: 58.3391.
Type : toothbrush Train [ Epoch 64/500 ], loss: 0.3890, avg_reader_cost: 1.2799 avg_batch_cost: 1.6177, avg_ips: 59.3445.
Type : toothbrush Train [ Epoch 65/500 ], loss: 0.2535, avg_reader_cost: 1.2458 avg_batch_cost: 1.5831, avg_ips: 60.6413.
Type : toothbrush Train [ Epoch 66/500 ], loss: 0.2894, avg_reader_cost: 1.2547 avg_batch_cost: 1.5955, avg_ips: 60.1705.
Type : toothbrush Train [ Epoch 67/500 ], loss: 0.2583, avg_reader_cost: 1.2608 avg_batch_cost: 1.6017, avg_ips: 59.9353.
Type : toothbrush Train [ Epoch 68/500 ], loss: 0.2272, avg_reader_cost: 1.2554 avg_batch_cost: 1.5963, avg_ips: 60.1408.
Type : toothbrush Train [ Epoch 69/500 ], loss: 0.1815, avg_reader_cost: 1.2372 avg_batch_cost: 1.3809, avg_ips: 69.5200.
Type : toothbrush Train [ Epoch 70/500 ], loss: 0.2297, avg_reader_cost: 1.3233 avg_batch_cost: 1.6560, avg_ips: 57.9727.
loading images
loaded 60 images
using density estimation GaussianDensityPaddle
Type : toothbrush Val [ Epoch 70/500 ] max_auc: 0.9861 roc_auc : 0.986111.
Type : toothbrush Train [ Epoch 71/500 ], loss: 0.2418, avg_reader_cost: 4.7917 avg_batch_cost: 5.1568, avg_ips: 18.6163.
Type : toothbrush Train [ Epoch 72/500 ], loss: 0.2356, avg_reader_cost: 0.0003 avg_batch_cost: 0.3515, avg_ips: 273.1048.
Type : toothbrush Train [ Epoch 73/500 ], loss: 0.2636, avg_reader_cost: 0.0670 avg_batch_cost: 0.4146, avg_ips: 231.5732.
Type : toothbrush Train [ Epoch 74/500 ], loss: 0.2366, avg_reader_cost: 1.2100 avg_batch_cost: 1.3627, avg_ips: 70.4506.
Type : toothbrush Train [ Epoch 75/500 ], loss: 0.2372, avg_reader_cost: 1.2303 avg_batch_cost: 1.5688, avg_ips: 61.1930.
Type : toothbrush Train [ Epoch 76/500 ], loss: 0.2397, avg_reader_cost: 1.2163 avg_batch_cost: 1.5547, avg_ips: 61.7464.
Type : toothbrush Train [ Epoch 77/500 ], loss: 0.2202, avg_reader_cost: 1.2288 avg_batch_cost: 1.5786, avg_ips: 60.8123.
Type : toothbrush Train [ Epoch 78/500 ], loss: 0.1984, avg_reader_cost: 1.2446 avg_batch_cost: 1.5961, avg_ips: 60.1482.
Type : toothbrush Train [ Epoch 79/500 ], loss: 0.2037, avg_reader_cost: 1.2390 avg_batch_cost: 1.5849, avg_ips: 60.5734.
Type : toothbrush Train [ Epoch 80/500 ], loss: 0.1438, avg_reader_cost: 1.2132 avg_batch_cost: 1.3852, avg_ips: 69.3046.
loading images
loaded 60 images
using density estimation GaussianDensityPaddle
Type : toothbrush Val [ Epoch 80/500 ] max_auc: 0.9861 roc_auc : 0.980556.
Type : toothbrush Train [ Epoch 81/500 ], loss: 0.2386, avg_reader_cost: 4.1417 avg_batch_cost: 4.5553, avg_ips: 21.0745.
Type : toothbrush Train [ Epoch 82/500 ], loss: 0.1911, avg_reader_cost: 0.0003 avg_batch_cost: 0.1394, avg_ips: 688.5632.
Type : toothbrush Train [ Epoch 83/500 ], loss: 0.2188, avg_reader_cost: 0.4755 avg_batch_cost: 0.6097, avg_ips: 157.4450.
Type : toothbrush Train [ Epoch 84/500 ], loss: 0.2494, avg_reader_cost: 1.2476 avg_batch_cost: 1.3807, avg_ips: 69.5300.
Type : toothbrush Train [ Epoch 85/500 ], loss: 0.1835, avg_reader_cost: 1.2251 avg_batch_cost: 1.3597, avg_ips: 70.6016.
Type : toothbrush Train [ Epoch 86/500 ], loss: 0.2086, avg_reader_cost: 1.2226 avg_batch_cost: 1.5576, avg_ips: 61.6329.
Type : toothbrush Train [ Epoch 87/500 ], loss: 0.2104, avg_reader_cost: 1.2235 avg_batch_cost: 1.5570, avg_ips: 61.6563.
Type : toothbrush Train [ Epoch 88/500 ], loss: 0.2194, avg_reader_cost: 1.2235 avg_batch_cost: 1.5736, avg_ips: 61.0085.
Type : toothbrush Train [ Epoch 89/500 ], loss: 0.1605, avg_reader_cost: 1.2328 avg_batch_cost: 1.5666, avg_ips: 61.2791.
Type : toothbrush Train [ Epoch 90/500 ], loss: 0.1804, avg_reader_cost: 1.2349 avg_batch_cost: 1.3705, avg_ips: 70.0476.
loading images
loaded 60 images
using density estimation GaussianDensityPaddle
Type : toothbrush Val [ Epoch 90/500 ] max_auc: 0.9861 roc_auc : 0.933333.
Type : toothbrush Train [ Epoch 91/500 ], loss: 0.2119, avg_reader_cost: 4.1805 avg_batch_cost: 4.6260, avg_ips: 20.7525.
Type : toothbrush Train [ Epoch 92/500 ], loss: 0.2013, avg_reader_cost: 0.0005 avg_batch_cost: 0.1819, avg_ips: 527.7431.
Type : toothbrush Train [ Epoch 93/500 ], loss: 0.1765, avg_reader_cost: 0.3535 avg_batch_cost: 0.4565, avg_ips: 210.2970.
Type : toothbrush Train [ Epoch 94/500 ], loss: 0.1717, avg_reader_cost: 1.3113 avg_batch_cost: 1.6484, avg_ips: 58.2377.
Type : toothbrush Train [ Epoch 95/500 ], loss: 0.1557, avg_reader_cost: 1.2623 avg_batch_cost: 1.5966, avg_ips: 60.1289.
Type : toothbrush Train [ Epoch 96/500 ], loss: 0.2102, avg_reader_cost: 1.2375 avg_batch_cost: 1.5755, avg_ips: 60.9331.
Type : toothbrush Train [ Epoch 97/500 ], loss: 0.1878, avg_reader_cost: 1.2728 avg_batch_cost: 1.4563, avg_ips: 65.9220.
Type : toothbrush Train [ Epoch 98/500 ], loss: 0.1647, avg_reader_cost: 1.2825 avg_batch_cost: 1.6243, avg_ips: 59.1023.
Type : toothbrush Train [ Epoch 99/500 ], loss: 0.1366, avg_reader_cost: 1.2750 avg_batch_cost: 1.4117, avg_ips: 68.0016.
Type : toothbrush Train [ Epoch 100/500 ], loss: 0.1826, avg_reader_cost: 1.2619 avg_batch_cost: 1.6050, avg_ips: 59.8140.
loading images
loaded 60 images
using density estimation GaussianDensityPaddle
Type : toothbrush Val [ Epoch 100/500 ] max_auc: 0.9861 roc_auc : 0.977778.
Type : toothbrush Train [ Epoch 101/500 ], loss: 0.1598, avg_reader_cost: 4.1783 avg_batch_cost: 4.6265, avg_ips: 20.7502.
Type : toothbrush Train [ Epoch 102/500 ], loss: 0.1524, avg_reader_cost: 0.0002 avg_batch_cost: 0.3461, avg_ips: 277.3558.
Type : toothbrush Train [ Epoch 103/500 ], loss: 0.1824, avg_reader_cost: 0.5079 avg_batch_cost: 0.8428, avg_ips: 113.9103.
Type : toothbrush Train [ Epoch 104/500 ], loss: 0.1585, avg_reader_cost: 1.2771 avg_batch_cost: 1.6201, avg_ips: 59.2543.
Type : toothbrush Train [ Epoch 105/500 ], loss: 0.2258, avg_reader_cost: 1.2462 avg_batch_cost: 1.3856, avg_ips: 69.2864.
Type : toothbrush Train [ Epoch 106/500 ], loss: 0.1719, avg_reader_cost: 1.2916 avg_batch_cost: 1.6285, avg_ips: 58.9507.
Type : toothbrush Train [ Epoch 107/500 ], loss: 0.2224, avg_reader_cost: 1.2493 avg_batch_cost: 1.4023, avg_ips: 68.4589.
Type : toothbrush Train [ Epoch 108/500 ], loss: 0.1165, avg_reader_cost: 1.2580 avg_batch_cost: 1.3989, avg_ips: 68.6261.
Type : toothbrush Train [ Epoch 109/500 ], loss: 0.1110, avg_reader_cost: 1.2809 avg_batch_cost: 1.4358, avg_ips: 66.8619.
Type : toothbrush Train [ Epoch 110/500 ], loss: 0.1774, avg_reader_cost: 1.2814 avg_batch_cost: 1.6229, avg_ips: 59.1537.
loading images
loaded 60 images
using density estimation GaussianDensityPaddle
Type : toothbrush Val [ Epoch 110/500 ] max_auc: 0.9861 roc_auc : 0.919444.
Type : toothbrush Train [ Epoch 111/500 ], loss: 0.1479, avg_reader_cost: 4.2103 avg_batch_cost: 4.5983, avg_ips: 20.8775.
Type : toothbrush Train [ Epoch 112/500 ], loss: 0.1825, avg_reader_cost: 0.0005 avg_batch_cost: 0.3444, avg_ips: 278.7241.
Type : toothbrush Train [ Epoch 113/500 ], loss: 0.1175, avg_reader_cost: 0.6395 avg_batch_cost: 0.7834, avg_ips: 122.5384.
Type : toothbrush Train [ Epoch 114/500 ], loss: 0.1628, avg_reader_cost: 1.2321 avg_batch_cost: 1.4082, avg_ips: 68.1701.
Type : toothbrush Train [ Epoch 115/500 ], loss: 0.1673, avg_reader_cost: 1.2774 avg_batch_cost: 1.4312, avg_ips: 67.0770.
Type : toothbrush Train [ Epoch 116/500 ], loss: 0.1776, avg_reader_cost: 1.2493 avg_batch_cost: 1.5847, avg_ips: 60.5781.
Type : toothbrush Train [ Epoch 117/500 ], loss: 0.1280, avg_reader_cost: 1.2390 avg_batch_cost: 1.5748, avg_ips: 60.9608.
Type : toothbrush Train [ Epoch 118/500 ], loss: 0.1522, avg_reader_cost: 1.2247 avg_batch_cost: 1.4056, avg_ips: 68.3000.
Type : toothbrush Train [ Epoch 119/500 ], loss: 0.2145, avg_reader_cost: 1.7927 avg_batch_cost: 1.8994, avg_ips: 50.5410.
Type : toothbrush Train [ Epoch 120/500 ], loss: 0.1260, avg_reader_cost: 1.7306 avg_batch_cost: 2.0794, avg_ips: 46.1662.
loading images
loaded 60 images
using density estimation GaussianDensityPaddle
Type : toothbrush Val [ Epoch 120/500 ] max_auc: 0.9861 roc_auc : 0.894444.
Type : toothbrush Train [ Epoch 121/500 ], loss: 0.1530, avg_reader_cost: 4.3942 avg_batch_cost: 4.8175, avg_ips: 19.9273.
Type : toothbrush Train [ Epoch 122/500 ], loss: 0.1937, avg_reader_cost: 0.0004 avg_batch_cost: 0.3449, avg_ips: 278.3740.
Type : toothbrush Train [ Epoch 123/500 ], loss: 0.2508, avg_reader_cost: 0.4165 avg_batch_cost: 0.7657, avg_ips: 125.3727.
Type : toothbrush Train [ Epoch 124/500 ], loss: 0.1212, avg_reader_cost: 1.2439 avg_batch_cost: 1.3605, avg_ips: 70.5630.
Type : toothbrush Train [ Epoch 125/500 ], loss: 0.1450, avg_reader_cost: 1.2775 avg_batch_cost: 1.6356, avg_ips: 58.6935.
Type : toothbrush Train [ Epoch 126/500 ], loss: 0.1261, avg_reader_cost: 1.2236 avg_batch_cost: 1.5763, avg_ips: 60.9035.
Type : toothbrush Train [ Epoch 127/500 ], loss: 0.1630, avg_reader_cost: 1.1993 avg_batch_cost: 1.5393, avg_ips: 62.3677.
Type : toothbrush Train [ Epoch 128/500 ], loss: 0.1298, avg_reader_cost: 1.2077 avg_batch_cost: 1.3515, avg_ips: 71.0333.
Type : toothbrush Train [ Epoch 129/500 ], loss: 0.1558, avg_reader_cost: 1.2076 avg_batch_cost: 1.5469, avg_ips: 62.0591.
Type : toothbrush Train [ Epoch 130/500 ], loss: 0.1906, avg_reader_cost: 1.2078 avg_batch_cost: 1.3500, avg_ips: 71.1088.
loading images
loaded 60 images
using density estimation GaussianDensityPaddle
Type : toothbrush Val [ Epoch 130/500 ] max_auc: 0.9861 roc_auc : 0.861111.
Type : toothbrush Train [ Epoch 131/500 ], loss: 0.1698, avg_reader_cost: 4.5089 avg_batch_cost: 4.9562, avg_ips: 19.3697.
Type : toothbrush Train [ Epoch 132/500 ], loss: 0.1227, avg_reader_cost: 0.0002 avg_batch_cost: 0.3409, avg_ips: 281.6235.
Type : toothbrush Train [ Epoch 133/500 ], loss: 0.1463, avg_reader_cost: 0.3290 avg_batch_cost: 0.5385, avg_ips: 178.2712.
Type : toothbrush Train [ Epoch 134/500 ], loss: 0.1112, avg_reader_cost: 1.2581 avg_batch_cost: 1.6329, avg_ips: 58.7910.
Type : toothbrush Train [ Epoch 135/500 ], loss: 0.1028, avg_reader_cost: 1.2412 avg_batch_cost: 1.5845, avg_ips: 60.5876.
Type : toothbrush Train [ Epoch 136/500 ], loss: 0.1068, avg_reader_cost: 1.3117 avg_batch_cost: 1.4586, avg_ips: 65.8187.
Type : toothbrush Train [ Epoch 137/500 ], loss: 0.1303, avg_reader_cost: 2.2088 avg_batch_cost: 2.5480, avg_ips: 37.6773.
Type : toothbrush Train [ Epoch 138/500 ], loss: 0.1168, avg_reader_cost: 1.2637 avg_batch_cost: 1.4025, avg_ips: 68.4490.
Type : toothbrush Train [ Epoch 139/500 ], loss: 0.1506, avg_reader_cost: 1.2351 avg_batch_cost: 1.5713, avg_ips: 61.0948.
Type : toothbrush Train [ Epoch 140/500 ], loss: 0.2003, avg_reader_cost: 1.3224 avg_batch_cost: 1.7024, avg_ips: 56.3918.
loading images
loaded 60 images
using density estimation GaussianDensityPaddle
Type : toothbrush Val [ Epoch 140/500 ] max_auc: 0.9861 roc_auc : 0.888889.
Type : toothbrush Train [ Epoch 141/500 ], loss: 0.1156, avg_reader_cost: 5.0422 avg_batch_cost: 5.4755, avg_ips: 17.5326.
Type : toothbrush Train [ Epoch 142/500 ], loss: 0.1935, avg_reader_cost: 0.0002 avg_batch_cost: 0.3431, avg_ips: 279.8021.
Type : toothbrush Train [ Epoch 143/500 ], loss: 0.1673, avg_reader_cost: 0.1257 avg_batch_cost: 0.4745, avg_ips: 202.3038.
Type : toothbrush Train [ Epoch 144/500 ], loss: 0.1619, avg_reader_cost: 1.2720 avg_batch_cost: 1.6323, avg_ips: 58.8114.
Type : toothbrush Train [ Epoch 145/500 ], loss: 0.1708, avg_reader_cost: 1.2274 avg_batch_cost: 1.3610, avg_ips: 70.5388.
Type : toothbrush Train [ Epoch 146/500 ], loss: 0.1651, avg_reader_cost: 1.2741 avg_batch_cost: 1.6484, avg_ips: 58.2380.
Type : toothbrush Train [ Epoch 147/500 ], loss: 0.1711, avg_reader_cost: 1.2594 avg_batch_cost: 1.4048, avg_ips: 68.3361.
Type : toothbrush Train [ Epoch 148/500 ], loss: 0.1980, avg_reader_cost: 1.3026 avg_batch_cost: 1.6461, avg_ips: 58.3208.
Type : toothbrush Train [ Epoch 149/500 ], loss: 0.1242, avg_reader_cost: 1.3599 avg_batch_cost: 1.7552, avg_ips: 54.6945.
Type : toothbrush Train [ Epoch 150/500 ], loss: 0.1557, avg_reader_cost: 1.1807 avg_batch_cost: 1.5194, avg_ips: 63.1823.
loading images
loaded 60 images
using density estimation GaussianDensityPaddle
Type : toothbrush Val [ Epoch 150/500 ] max_auc: 0.9861 roc_auc : 0.922222.
Type : toothbrush Train [ Epoch 151/500 ], loss: 0.1847, avg_reader_cost: 4.2904 avg_batch_cost: 4.7186, avg_ips: 20.3452.
Type : toothbrush Train [ Epoch 152/500 ], loss: 0.1691, avg_reader_cost: 0.0002 avg_batch_cost: 0.3362, avg_ips: 285.5508.
Type : toothbrush Train [ Epoch 153/500 ], loss: 0.1438, avg_reader_cost: 0.4377 avg_batch_cost: 0.5782, avg_ips: 166.0369.
Type : toothbrush Train [ Epoch 154/500 ], loss: 0.1697, avg_reader_cost: 1.2248 avg_batch_cost: 1.5573, avg_ips: 61.6470.
Type : toothbrush Train [ Epoch 155/500 ], loss: 0.1348, avg_reader_cost: 1.2442 avg_batch_cost: 1.3474, avg_ips: 71.2473.
Type : toothbrush Train [ Epoch 156/500 ], loss: 0.1033, avg_reader_cost: 1.2863 avg_batch_cost: 1.4301, avg_ips: 67.1273.
Type : toothbrush Train [ Epoch 157/500 ], loss: 0.1716, avg_reader_cost: 1.2381 avg_batch_cost: 1.5859, avg_ips: 60.5317.
Type : toothbrush Train [ Epoch 158/500 ], loss: 0.1248, avg_reader_cost: 1.2240 avg_batch_cost: 1.6434, avg_ips: 58.4140.
Type : toothbrush Train [ Epoch 159/500 ], loss: 0.1057, avg_reader_cost: 1.1455 avg_batch_cost: 1.4838, avg_ips: 64.6977.
Type : toothbrush Train [ Epoch 160/500 ], loss: 0.1542, avg_reader_cost: 1.2245 avg_batch_cost: 1.5644, avg_ips: 61.3673.
loading images
loaded 60 images
using density estimation GaussianDensityPaddle
Type : toothbrush Val [ Epoch 160/500 ] max_auc: 0.9861 roc_auc : 0.975000.
Type : toothbrush Train [ Epoch 161/500 ], loss: 0.1674, avg_reader_cost: 4.2273 avg_batch_cost: 4.6528, avg_ips: 20.6329.
Type : toothbrush Train [ Epoch 162/500 ], loss: 0.0895, avg_reader_cost: 0.0002 avg_batch_cost: 0.1525, avg_ips: 629.5282.
Type : toothbrush Train [ Epoch 163/500 ], loss: 0.1911, avg_reader_cost: 0.3967 avg_batch_cost: 0.7415, avg_ips: 129.4678.
Type : toothbrush Train [ Epoch 164/500 ], loss: 0.1371, avg_reader_cost: 1.5913 avg_batch_cost: 1.7859, avg_ips: 53.7534.
Type : toothbrush Train [ Epoch 165/500 ], loss: 0.1207, avg_reader_cost: 1.4721 avg_batch_cost: 1.8164, avg_ips: 52.8522.
Type : toothbrush Train [ Epoch 166/500 ], loss: 0.1693, avg_reader_cost: 1.6338 avg_batch_cost: 1.9754, avg_ips: 48.5976.
Type : toothbrush Train [ Epoch 167/500 ], loss: 0.1450, avg_reader_cost: 1.4724 avg_batch_cost: 1.6563, avg_ips: 57.9612.
Type : toothbrush Train [ Epoch 168/500 ], loss: 0.1538, avg_reader_cost: 1.2491 avg_batch_cost: 1.4162, avg_ips: 67.7856.
Type : toothbrush Train [ Epoch 169/500 ], loss: 0.1074, avg_reader_cost: 1.2429 avg_batch_cost: 1.5781, avg_ips: 60.8338.
Type : toothbrush Train [ Epoch 170/500 ], loss: 0.1536, avg_reader_cost: 1.2297 avg_batch_cost: 1.4033, avg_ips: 68.4110.
loading images
loaded 60 images
using density estimation GaussianDensityPaddle
Type : toothbrush Val [ Epoch 170/500 ] max_auc: 0.9861 roc_auc : 0.941667.
Type : toothbrush Train [ Epoch 171/500 ], loss: 0.1329, avg_reader_cost: 4.2495 avg_batch_cost: 4.6767, avg_ips: 20.5274.
Type : toothbrush Train [ Epoch 172/500 ], loss: 0.1093, avg_reader_cost: 0.0003 avg_batch_cost: 0.1646, avg_ips: 583.2789.
Type : toothbrush Train [ Epoch 173/500 ], loss: 0.1045, avg_reader_cost: 0.9913 avg_batch_cost: 1.0973, avg_ips: 87.4850.
Type : toothbrush Train [ Epoch 174/500 ], loss: 0.1475, avg_reader_cost: 2.5179 avg_batch_cost: 2.8627, avg_ips: 33.5350.
Type : toothbrush Train [ Epoch 175/500 ], loss: 0.1024, avg_reader_cost: 1.2456 avg_batch_cost: 1.5840, avg_ips: 60.6046.
Type : toothbrush Train [ Epoch 176/500 ], loss: 0.1342, avg_reader_cost: 1.2403 avg_batch_cost: 1.3826, avg_ips: 69.4324.
Type : toothbrush Train [ Epoch 177/500 ], loss: 0.1324, avg_reader_cost: 1.2322 avg_batch_cost: 1.5658, avg_ips: 61.3122.
Type : toothbrush Train [ Epoch 178/500 ], loss: 0.0888, avg_reader_cost: 1.2562 avg_batch_cost: 1.5950, avg_ips: 60.1891.
Type : toothbrush Train [ Epoch 179/500 ], loss: 0.1482, avg_reader_cost: 1.2776 avg_batch_cost: 1.4223, avg_ips: 67.4971.
Type : toothbrush Train [ Epoch 180/500 ], loss: 0.1502, avg_reader_cost: 1.2767 avg_batch_cost: 1.6163, avg_ips: 59.3960.
loading images
loaded 60 images
using density estimation GaussianDensityPaddle
Type : toothbrush Val [ Epoch 180/500 ] max_auc: 0.9861 roc_auc : 0.877778.
Type : toothbrush Train [ Epoch 181/500 ], loss: 0.1739, avg_reader_cost: 4.3094 avg_batch_cost: 4.7203, avg_ips: 20.3379.
Type : toothbrush Train [ Epoch 182/500 ], loss: 0.1101, avg_reader_cost: 0.0003 avg_batch_cost: 0.2550, avg_ips: 376.5035.
Type : toothbrush Train [ Epoch 183/500 ], loss: 0.1672, avg_reader_cost: 0.6299 avg_batch_cost: 0.7758, avg_ips: 123.7423.
Type : toothbrush Train [ Epoch 184/500 ], loss: 0.1170, avg_reader_cost: 1.2097 avg_batch_cost: 1.3632, avg_ips: 70.4249.
Type : toothbrush Train [ Epoch 185/500 ], loss: 0.1603, avg_reader_cost: 1.2090 avg_batch_cost: 1.3610, avg_ips: 70.5358.
Type : toothbrush Train [ Epoch 186/500 ], loss: 0.1583, avg_reader_cost: 1.2028 avg_batch_cost: 1.3062, avg_ips: 73.4974.
Type : toothbrush Train [ Epoch 187/500 ], loss: 0.1966, avg_reader_cost: 1.3182 avg_batch_cost: 1.5264, avg_ips: 62.8935.
Type : toothbrush Train [ Epoch 188/500 ], loss: 0.1847, avg_reader_cost: 1.4580 avg_batch_cost: 1.6683, avg_ips: 57.5441.
Type : toothbrush Train [ Epoch 189/500 ], loss: 0.1378, avg_reader_cost: 1.2543 avg_batch_cost: 1.4354, avg_ips: 66.8787.
Type : toothbrush Train [ Epoch 190/500 ], loss: 0.1043, avg_reader_cost: 1.4762 avg_batch_cost: 1.8136, avg_ips: 52.9335.
loading images
loaded 60 images
using density estimation GaussianDensityPaddle
Type : toothbrush Val [ Epoch 190/500 ] max_auc: 0.9861 roc_auc : 0.900000.
Type : toothbrush Train [ Epoch 191/500 ], loss: 0.1792, avg_reader_cost: 4.2253 avg_batch_cost: 4.3948, avg_ips: 21.8441.
Type : toothbrush Train [ Epoch 192/500 ], loss: 0.1390, avg_reader_cost: 0.0004 avg_batch_cost: 0.3440, avg_ips: 279.0674.
Type : toothbrush Train [ Epoch 193/500 ], loss: 0.1448, avg_reader_cost: 0.5132 avg_batch_cost: 0.6750, avg_ips: 142.2187.
Type : toothbrush Train [ Epoch 194/500 ], loss: 0.1371, avg_reader_cost: 1.2611 avg_batch_cost: 1.4017, avg_ips: 68.4906.
Type : toothbrush Train [ Epoch 195/500 ], loss: 0.1448, avg_reader_cost: 1.2437 avg_batch_cost: 1.5804, avg_ips: 60.7445.
Type : toothbrush Train [ Epoch 196/500 ], loss: 0.1218, avg_reader_cost: 1.2695 avg_batch_cost: 1.6096, avg_ips: 59.6423.
Type : toothbrush Train [ Epoch 197/500 ], loss: 0.1429, avg_reader_cost: 1.3008 avg_batch_cost: 1.6415, avg_ips: 58.4814.
Type : toothbrush Train [ Epoch 198/500 ], loss: 0.0741, avg_reader_cost: 1.2936 avg_batch_cost: 1.6338, avg_ips: 58.7589.
Type : toothbrush Train [ Epoch 199/500 ], loss: 0.1896, avg_reader_cost: 1.2785 avg_batch_cost: 1.6220, avg_ips: 59.1878.
Type : toothbrush Train [ Epoch 200/500 ], loss: 0.1460, avg_reader_cost: 1.2709 avg_batch_cost: 1.6060, avg_ips: 59.7748.
loading images
loaded 60 images
using density estimation GaussianDensityPaddle
Type : toothbrush Val [ Epoch 200/500 ] max_auc: 0.9861 roc_auc : 0.975000.
Type : toothbrush Train [ Epoch 201/500 ], loss: 0.1451, avg_reader_cost: 4.2433 avg_batch_cost: 4.5803, avg_ips: 20.9592.
Type : toothbrush Train [ Epoch 202/500 ], loss: 0.1403, avg_reader_cost: 0.0007 avg_batch_cost: 0.3435, avg_ips: 279.4609.
Type : toothbrush Train [ Epoch 203/500 ], loss: 0.1589, avg_reader_cost: 0.4130 avg_batch_cost: 0.7471, avg_ips: 128.4959.
Type : toothbrush Train [ Epoch 204/500 ], loss: 0.1383, avg_reader_cost: 1.2456 avg_batch_cost: 1.5881, avg_ips: 60.4484.
Type : toothbrush Train [ Epoch 205/500 ], loss: 0.1660, avg_reader_cost: 1.2368 avg_batch_cost: 1.4033, avg_ips: 68.4100.
Type : toothbrush Train [ Epoch 206/500 ], loss: 0.1288, avg_reader_cost: 1.2497 avg_batch_cost: 1.5896, avg_ips: 60.3912.
Type : toothbrush Train [ Epoch 207/500 ], loss: 0.1293, avg_reader_cost: 1.2478 avg_batch_cost: 1.5889, avg_ips: 60.4207.
Type : toothbrush Train [ Epoch 208/500 ], loss: 0.1601, avg_reader_cost: 1.2326 avg_batch_cost: 1.5759, avg_ips: 60.9188.
Type : toothbrush Train [ Epoch 209/500 ], loss: 0.1068, avg_reader_cost: 1.2242 avg_batch_cost: 1.3604, avg_ips: 70.5692.
Type : toothbrush Train [ Epoch 210/500 ], loss: 0.1016, avg_reader_cost: 1.2290 avg_batch_cost: 1.3983, avg_ips: 68.6554.
loading images
loaded 60 images
using density estimation GaussianDensityPaddle
Type : toothbrush Val [ Epoch 210/500 ] max_auc: 0.9861 roc_auc : 0.933333.
Type : toothbrush Train [ Epoch 211/500 ], loss: 0.1422, avg_reader_cost: 4.4439 avg_batch_cost: 4.7991, avg_ips: 20.0039.
Type : toothbrush Train [ Epoch 212/500 ], loss: 0.0892, avg_reader_cost: 0.0002 avg_batch_cost: 0.3361, avg_ips: 285.6561.
Type : toothbrush Train [ Epoch 213/500 ], loss: 0.1413, avg_reader_cost: 0.2913 avg_batch_cost: 0.6329, avg_ips: 151.6806.
Type : toothbrush Train [ Epoch 214/500 ], loss: 0.1080, avg_reader_cost: 1.2003 avg_batch_cost: 1.5371, avg_ips: 62.4545.
Type : toothbrush Train [ Epoch 215/500 ], loss: 0.1006, avg_reader_cost: 1.2144 avg_batch_cost: 1.5492, avg_ips: 61.9659.
Type : toothbrush Train [ Epoch 216/500 ], loss: 0.0864, avg_reader_cost: 1.2099 avg_batch_cost: 1.3458, avg_ips: 71.3350.
Type : toothbrush Train [ Epoch 217/500 ], loss: 0.1453, avg_reader_cost: 1.2107 avg_batch_cost: 1.3144, avg_ips: 73.0346.
Type : toothbrush Train [ Epoch 218/500 ], loss: 0.1084, avg_reader_cost: 1.3288 avg_batch_cost: 1.4726, avg_ips: 65.1889.
Type : toothbrush Train [ Epoch 219/500 ], loss: 0.1862, avg_reader_cost: 1.2439 avg_batch_cost: 1.3959, avg_ips: 68.7731.
Type : toothbrush Train [ Epoch 220/500 ], loss: 0.1299, avg_reader_cost: 1.2877 avg_batch_cost: 1.4322, avg_ips: 67.0317.
loading images
loaded 60 images
using density estimation GaussianDensityPaddle
Type : toothbrush Val [ Epoch 220/500 ] max_auc: 0.9861 roc_auc : 0.972222.
Type : toothbrush Train [ Epoch 221/500 ], loss: 0.1349, avg_reader_cost: 4.4414 avg_batch_cost: 4.8012, avg_ips: 19.9951.
Type : toothbrush Train [ Epoch 222/500 ], loss: 0.1331, avg_reader_cost: 0.0007 avg_batch_cost: 0.3452, avg_ips: 278.0965.
Type : toothbrush Train [ Epoch 223/500 ], loss: 0.1137, avg_reader_cost: 0.3921 avg_batch_cost: 0.7406, avg_ips: 129.6182.
Type : toothbrush Train [ Epoch 224/500 ], loss: 0.1502, avg_reader_cost: 1.2273 avg_batch_cost: 1.5678, avg_ips: 61.2320.
Type : toothbrush Train [ Epoch 225/500 ], loss: 0.1738, avg_reader_cost: 1.2207 avg_batch_cost: 1.3839, avg_ips: 69.3715.
Type : toothbrush Train [ Epoch 226/500 ], loss: 0.1716, avg_reader_cost: 1.2256 avg_batch_cost: 1.5633, avg_ips: 61.4079.
Type : toothbrush Train [ Epoch 227/500 ], loss: 0.1537, avg_reader_cost: 1.2795 avg_batch_cost: 1.6189, avg_ips: 59.2990.
Type : toothbrush Train [ Epoch 228/500 ], loss: 0.1681, avg_reader_cost: 1.2490 avg_batch_cost: 1.5934, avg_ips: 60.2475.
Type : toothbrush Train [ Epoch 229/500 ], loss: 0.2045, avg_reader_cost: 1.2322 avg_batch_cost: 1.3746, avg_ips: 69.8369.
Type : toothbrush Train [ Epoch 230/500 ], loss: 0.1163, avg_reader_cost: 1.2328 avg_batch_cost: 1.5725, avg_ips: 61.0490.
loading images
loaded 60 images
using density estimation GaussianDensityPaddle
Type : toothbrush Val [ Epoch 230/500 ] max_auc: 0.9861 roc_auc : 0.969444.
Type : toothbrush Train [ Epoch 231/500 ], loss: 0.1161, avg_reader_cost: 4.2126 avg_batch_cost: 4.6398, avg_ips: 20.6908.
Type : toothbrush Train [ Epoch 232/500 ], loss: 0.1107, avg_reader_cost: 0.0003 avg_batch_cost: 0.1373, avg_ips: 699.3724.
Type : toothbrush Train [ Epoch 233/500 ], loss: 0.1465, avg_reader_cost: 0.5863 avg_batch_cost: 0.9226, avg_ips: 104.0550.
Type : toothbrush Train [ Epoch 234/500 ], loss: 0.1270, avg_reader_cost: 1.2601 avg_batch_cost: 1.3993, avg_ips: 68.6059.
Type : toothbrush Train [ Epoch 235/500 ], loss: 0.1421, avg_reader_cost: 1.3893 avg_batch_cost: 1.6104, avg_ips: 59.6139.
Type : toothbrush Train [ Epoch 236/500 ], loss: 0.0803, avg_reader_cost: 1.2585 avg_batch_cost: 1.3932, avg_ips: 68.9078.
Type : toothbrush Train [ Epoch 237/500 ], loss: 0.0830, avg_reader_cost: 1.2504 avg_batch_cost: 1.3904, avg_ips: 69.0425.
Type : toothbrush Train [ Epoch 238/500 ], loss: 0.0935, avg_reader_cost: 1.2400 avg_batch_cost: 1.4128, avg_ips: 67.9484.
Type : toothbrush Train [ Epoch 239/500 ], loss: 0.1157, avg_reader_cost: 1.2422 avg_batch_cost: 1.3810, avg_ips: 69.5134.
Type : toothbrush Train [ Epoch 240/500 ], loss: 0.1253, avg_reader_cost: 1.2449 avg_batch_cost: 1.5804, avg_ips: 60.7440.
loading images
loaded 60 images
using density estimation GaussianDensityPaddle
Type : toothbrush Val [ Epoch 240/500 ] max_auc: 0.9861 roc_auc : 0.908333.
Type : toothbrush Train [ Epoch 241/500 ], loss: 0.1707, avg_reader_cost: 4.2096 avg_batch_cost: 4.6560, avg_ips: 20.6185.
Type : toothbrush Train [ Epoch 242/500 ], loss: 0.1991, avg_reader_cost: 0.0002 avg_batch_cost: 0.3348, avg_ips: 286.7543.
Type : toothbrush Train [ Epoch 243/500 ], loss: 0.1515, avg_reader_cost: 0.3566 avg_batch_cost: 0.5005, avg_ips: 191.8247.
Type : toothbrush Train [ Epoch 244/500 ], loss: 0.1539, avg_reader_cost: 1.2265 avg_batch_cost: 1.3711, avg_ips: 70.0161.
Type : toothbrush Train [ Epoch 245/500 ], loss: 0.1637, avg_reader_cost: 1.2225 avg_batch_cost: 1.3844, avg_ips: 69.3462.
Type : toothbrush Train [ Epoch 246/500 ], loss: 0.1505, avg_reader_cost: 1.2140 avg_batch_cost: 1.5491, avg_ips: 61.9715.
Type : toothbrush Train [ Epoch 247/500 ], loss: 0.1298, avg_reader_cost: 1.2201 avg_batch_cost: 1.5549, avg_ips: 61.7420.
Type : toothbrush Train [ Epoch 248/500 ], loss: 0.1226, avg_reader_cost: 1.2320 avg_batch_cost: 1.3355, avg_ips: 71.8829.
Type : toothbrush Train [ Epoch 249/500 ], loss: 0.1180, avg_reader_cost: 1.2729 avg_batch_cost: 1.4360, avg_ips: 66.8534.
Type : toothbrush Train [ Epoch 250/500 ], loss: 0.1279, avg_reader_cost: 1.2118 avg_batch_cost: 1.3575, avg_ips: 70.7195.
loading images
loaded 60 images
using density estimation GaussianDensityPaddle
Type : toothbrush Val [ Epoch 250/500 ] max_auc: 0.9861 roc_auc : 0.825000.
Type : toothbrush Train [ Epoch 251/500 ], loss: 0.1312, avg_reader_cost: 4.2072 avg_batch_cost: 4.6824, avg_ips: 20.5023.
Type : toothbrush Train [ Epoch 252/500 ], loss: 0.1284, avg_reader_cost: 0.0004 avg_batch_cost: 0.3404, avg_ips: 282.0158.
Type : toothbrush Train [ Epoch 253/500 ], loss: 0.1784, avg_reader_cost: 0.3520 avg_batch_cost: 0.6932, avg_ips: 138.4840.
Type : toothbrush Train [ Epoch 254/500 ], loss: 0.1136, avg_reader_cost: 1.2087 avg_batch_cost: 1.5551, avg_ips: 61.7338.
Type : toothbrush Train [ Epoch 255/500 ], loss: 0.1965, avg_reader_cost: 1.2094 avg_batch_cost: 1.3706, avg_ips: 70.0418.
Type : toothbrush Train [ Epoch 256/500 ], loss: 0.1216, avg_reader_cost: 1.2210 avg_batch_cost: 1.5474, avg_ips: 62.0380.
Type : toothbrush Train [ Epoch 257/500 ], loss: 0.1377, avg_reader_cost: 1.2142 avg_batch_cost: 1.3492, avg_ips: 71.1541.
Type : toothbrush Train [ Epoch 258/500 ], loss: 0.1780, avg_reader_cost: 1.2144 avg_batch_cost: 1.5484, avg_ips: 61.9982.
Type : toothbrush Train [ Epoch 259/500 ], loss: 0.1297, avg_reader_cost: 1.2155 avg_batch_cost: 1.3773, avg_ips: 69.7017.
Type : toothbrush Train [ Epoch 260/500 ], loss: 0.0968, avg_reader_cost: 1.2362 avg_batch_cost: 1.5719, avg_ips: 61.0741.
loading images
loaded 60 images
using density estimation GaussianDensityPaddle
Type : toothbrush Val [ Epoch 260/500 ] max_auc: 0.9861 roc_auc : 0.875000.
Type : toothbrush Train [ Epoch 261/500 ], loss: 0.0949, avg_reader_cost: 4.4927 avg_batch_cost: 4.9021, avg_ips: 19.5835.
Type : toothbrush Train [ Epoch 262/500 ], loss: 0.1736, avg_reader_cost: 0.0002 avg_batch_cost: 0.3480, avg_ips: 275.8809.
Type : toothbrush Train [ Epoch 263/500 ], loss: 0.1352, avg_reader_cost: 0.3188 avg_batch_cost: 0.6668, avg_ips: 143.9790.
Type : toothbrush Train [ Epoch 264/500 ], loss: 0.1196, avg_reader_cost: 1.2898 avg_batch_cost: 1.4264, avg_ips: 67.3004.
Type : toothbrush Train [ Epoch 265/500 ], loss: 0.0825, avg_reader_cost: 1.2850 avg_batch_cost: 1.4272, avg_ips: 67.2642.
Type : toothbrush Train [ Epoch 266/500 ], loss: 0.0964, avg_reader_cost: 1.2794 avg_batch_cost: 1.6147, avg_ips: 59.4541.
Type : toothbrush Train [ Epoch 267/500 ], loss: 0.1041, avg_reader_cost: 1.2674 avg_batch_cost: 1.6030, avg_ips: 59.8889.
Type : toothbrush Train [ Epoch 268/500 ], loss: 0.1534, avg_reader_cost: 1.3602 avg_batch_cost: 1.5288, avg_ips: 62.7951.
Type : toothbrush Train [ Epoch 269/500 ], loss: 0.1351, avg_reader_cost: 1.3186 avg_batch_cost: 1.6635, avg_ips: 57.7113.
Type : toothbrush Train [ Epoch 270/500 ], loss: 0.0636, avg_reader_cost: 1.2798 avg_batch_cost: 1.6247, avg_ips: 59.0872.
loading images
loaded 60 images
using density estimation GaussianDensityPaddle
Type : toothbrush Val [ Epoch 270/500 ] max_auc: 0.9861 roc_auc : 0.886111.
Type : toothbrush Train [ Epoch 271/500 ], loss: 0.0706, avg_reader_cost: 4.3267 avg_batch_cost: 4.7407, avg_ips: 20.2501.
Type : toothbrush Train [ Epoch 272/500 ], loss: 0.1178, avg_reader_cost: 0.0004 avg_batch_cost: 0.3542, avg_ips: 271.0277.
Type : toothbrush Train [ Epoch 273/500 ], loss: 0.1428, avg_reader_cost: 0.4964 avg_batch_cost: 0.8422, avg_ips: 113.9835.
Type : toothbrush Train [ Epoch 274/500 ], loss: 0.1164, avg_reader_cost: 1.2382 avg_batch_cost: 1.3760, avg_ips: 69.7658.
Type : toothbrush Train [ Epoch 275/500 ], loss: 0.0955, avg_reader_cost: 1.2226 avg_batch_cost: 1.3869, avg_ips: 69.2196.
Type : toothbrush Train [ Epoch 276/500 ], loss: 0.1139, avg_reader_cost: 1.2109 avg_batch_cost: 1.3558, avg_ips: 70.8058.
Type : toothbrush Train [ Epoch 277/500 ], loss: 0.1168, avg_reader_cost: 1.2198 avg_batch_cost: 1.5659, avg_ips: 61.3054.
Type : toothbrush Train [ Epoch 278/500 ], loss: 0.0923, avg_reader_cost: 1.2273 avg_batch_cost: 1.5680, avg_ips: 61.2253.
Type : toothbrush Train [ Epoch 279/500 ], loss: 0.1265, avg_reader_cost: 1.2288 avg_batch_cost: 1.3379, avg_ips: 71.7540.
Type : toothbrush Train [ Epoch 280/500 ], loss: 0.1129, avg_reader_cost: 1.2699 avg_batch_cost: 1.6027, avg_ips: 59.9001.
loading images
loaded 60 images
using density estimation GaussianDensityPaddle
Type : toothbrush Val [ Epoch 280/500 ] max_auc: 0.9861 roc_auc : 0.891667.
Type : toothbrush Train [ Epoch 281/500 ], loss: 0.1141, avg_reader_cost: 4.4192 avg_batch_cost: 4.7942, avg_ips: 20.0243.
Type : toothbrush Train [ Epoch 282/500 ], loss: 0.0876, avg_reader_cost: 0.0004 avg_batch_cost: 0.3422, avg_ips: 280.5066.
Type : toothbrush Train [ Epoch 283/500 ], loss: 0.1181, avg_reader_cost: 0.3689 avg_batch_cost: 0.7018, avg_ips: 136.7932.
Type : toothbrush Train [ Epoch 284/500 ], loss: 0.0807, avg_reader_cost: 1.2178 avg_batch_cost: 1.5572, avg_ips: 61.6494.
Type : toothbrush Train [ Epoch 285/500 ], loss: 0.1130, avg_reader_cost: 1.2270 avg_batch_cost: 1.5694, avg_ips: 61.1703.
Type : toothbrush Train [ Epoch 286/500 ], loss: 0.0929, avg_reader_cost: 1.2327 avg_batch_cost: 1.5679, avg_ips: 61.2295.
Type : toothbrush Train [ Epoch 287/500 ], loss: 0.1056, avg_reader_cost: 1.2117 avg_batch_cost: 1.3723, avg_ips: 69.9544.
Type : toothbrush Train [ Epoch 288/500 ], loss: 0.0668, avg_reader_cost: 1.2073 avg_batch_cost: 1.3424, avg_ips: 71.5123.
Type : toothbrush Train [ Epoch 289/500 ], loss: 0.0859, avg_reader_cost: 1.2557 avg_batch_cost: 1.5601, avg_ips: 61.5333.
Type : toothbrush Train [ Epoch 290/500 ], loss: 0.0615, avg_reader_cost: 1.2361 avg_batch_cost: 1.5738, avg_ips: 60.9983.
loading images
loaded 60 images
using density estimation GaussianDensityPaddle
Type : toothbrush Val [ Epoch 290/500 ] max_auc: 0.9861 roc_auc : 0.900000.
Type : toothbrush Train [ Epoch 291/500 ], loss: 0.0711, avg_reader_cost: 4.3294 avg_batch_cost: 4.7307, avg_ips: 20.2931.
Type : toothbrush Train [ Epoch 292/500 ], loss: 0.0675, avg_reader_cost: 0.0003 avg_batch_cost: 0.1541, avg_ips: 622.7825.
Type : toothbrush Train [ Epoch 293/500 ], loss: 0.0759, avg_reader_cost: 0.3666 avg_batch_cost: 0.5114, avg_ips: 187.7367.
Type : toothbrush Train [ Epoch 294/500 ], loss: 0.0766, avg_reader_cost: 1.2570 avg_batch_cost: 1.3970, avg_ips: 68.7168.
Type : toothbrush Train [ Epoch 295/500 ], loss: 0.0975, avg_reader_cost: 1.2481 avg_batch_cost: 1.3917, avg_ips: 68.9784.
Type : toothbrush Train [ Epoch 296/500 ], loss: 0.0773, avg_reader_cost: 1.2503 avg_batch_cost: 1.4597, avg_ips: 65.7652.
Type : toothbrush Train [ Epoch 297/500 ], loss: 0.1342, avg_reader_cost: 1.2363 avg_batch_cost: 1.5729, avg_ips: 61.0353.
Type : toothbrush Train [ Epoch 298/500 ], loss: 0.1086, avg_reader_cost: 1.2476 avg_batch_cost: 1.5372, avg_ips: 62.4504.
Type : toothbrush Train [ Epoch 299/500 ], loss: 0.1264, avg_reader_cost: 1.2305 avg_batch_cost: 1.3714, avg_ips: 69.9990.
Type : toothbrush Train [ Epoch 300/500 ], loss: 0.0688, avg_reader_cost: 1.2659 avg_batch_cost: 1.4092, avg_ips: 68.1253.
loading images
loaded 60 images
using density estimation GaussianDensityPaddle
Type : toothbrush Val [ Epoch 300/500 ] max_auc: 0.9861 roc_auc : 0.919444.
Type : toothbrush Train [ Epoch 301/500 ], loss: 0.0847, avg_reader_cost: 4.3849 avg_batch_cost: 4.5874, avg_ips: 20.9270.
Type : toothbrush Train [ Epoch 302/500 ], loss: 0.0716, avg_reader_cost: 0.0004 avg_batch_cost: 0.3377, avg_ips: 284.2512.
Type : toothbrush Train [ Epoch 303/500 ], loss: 0.0841, avg_reader_cost: 0.4201 avg_batch_cost: 0.5750, avg_ips: 166.9461.
Type : toothbrush Train [ Epoch 304/500 ], loss: 0.1334, avg_reader_cost: 1.2284 avg_batch_cost: 1.3628, avg_ips: 70.4419.
Type : toothbrush Train [ Epoch 305/500 ], loss: 0.1581, avg_reader_cost: 1.2056 avg_batch_cost: 1.3687, avg_ips: 70.1401.
Type : toothbrush Train [ Epoch 306/500 ], loss: 0.0644, avg_reader_cost: 1.2144 avg_batch_cost: 1.3745, avg_ips: 69.8447.
Type : toothbrush Train [ Epoch 307/500 ], loss: 0.1306, avg_reader_cost: 1.2040 avg_batch_cost: 1.5379, avg_ips: 62.4234.
Type : toothbrush Train [ Epoch 308/500 ], loss: 0.0968, avg_reader_cost: 1.2101 avg_batch_cost: 1.3467, avg_ips: 71.2868.
Type : toothbrush Train [ Epoch 309/500 ], loss: 0.1050, avg_reader_cost: 1.2129 avg_batch_cost: 1.5495, avg_ips: 61.9535.
Type : toothbrush Train [ Epoch 310/500 ], loss: 0.0748, avg_reader_cost: 1.2061 avg_batch_cost: 1.3091, avg_ips: 73.3325.
loading images
loaded 60 images
using density estimation GaussianDensityPaddle
Type : toothbrush Val [ Epoch 310/500 ] max_auc: 0.9861 roc_auc : 0.916667.
Type : toothbrush Train [ Epoch 311/500 ], loss: 0.0828, avg_reader_cost: 4.7445 avg_batch_cost: 4.9186, avg_ips: 19.5178.
Type : toothbrush Train [ Epoch 312/500 ], loss: 0.0722, avg_reader_cost: 1.2112 avg_batch_cost: 1.3506, avg_ips: 71.0773.
Type : toothbrush Train [ Epoch 313/500 ], loss: 0.0922, avg_reader_cost: 1.2221 avg_batch_cost: 1.5584, avg_ips: 61.5997.
Type : toothbrush Train [ Epoch 314/500 ], loss: 0.1025, avg_reader_cost: 1.2237 avg_batch_cost: 1.3586, avg_ips: 70.6597.
Type : toothbrush Train [ Epoch 315/500 ], loss: 0.1223, avg_reader_cost: 1.2204 avg_batch_cost: 1.5609, avg_ips: 61.5046.
Type : toothbrush Train [ Epoch 316/500 ], loss: 0.1082, avg_reader_cost: 1.2094 avg_batch_cost: 1.5419, avg_ips: 62.2619.
Type : toothbrush Train [ Epoch 317/500 ], loss: 0.1078, avg_reader_cost: 1.2149 avg_batch_cost: 1.3556, avg_ips: 70.8175.
Type : toothbrush Train [ Epoch 318/500 ], loss: 0.0611, avg_reader_cost: 1.2299 avg_batch_cost: 1.3768, avg_ips: 69.7282.
Type : toothbrush Train [ Epoch 319/500 ], loss: 0.0695, avg_reader_cost: 1.2334 avg_batch_cost: 1.3687, avg_ips: 70.1387.
Type : toothbrush Train [ Epoch 320/500 ], loss: 0.0782, avg_reader_cost: 1.2073 avg_batch_cost: 1.5410, avg_ips: 62.2978.
loading images
loaded 60 images
using density estimation GaussianDensityPaddle
Type : toothbrush Val [ Epoch 320/500 ] max_auc: 0.9861 roc_auc : 0.869444.
Type : toothbrush Train [ Epoch 321/500 ], loss: 0.0886, avg_reader_cost: 4.2304 avg_batch_cost: 4.6448, avg_ips: 20.6685.
Type : toothbrush Train [ Epoch 322/500 ], loss: 0.0949, avg_reader_cost: 0.0002 avg_batch_cost: 0.1524, avg_ips: 630.0069.
Type : toothbrush Train [ Epoch 323/500 ], loss: 0.0751, avg_reader_cost: 0.4062 avg_batch_cost: 0.5433, avg_ips: 176.6894.
Type : toothbrush Train [ Epoch 324/500 ], loss: 0.0818, avg_reader_cost: 1.2442 avg_batch_cost: 1.5834, avg_ips: 60.6305.
Type : toothbrush Train [ Epoch 325/500 ], loss: 0.1571, avg_reader_cost: 1.2751 avg_batch_cost: 1.4282, avg_ips: 67.2153.
Type : toothbrush Train [ Epoch 326/500 ], loss: 0.1128, avg_reader_cost: 1.2757 avg_batch_cost: 1.4391, avg_ips: 66.7065.
Type : toothbrush Train [ Epoch 327/500 ], loss: 0.0727, avg_reader_cost: 1.2457 avg_batch_cost: 1.4292, avg_ips: 67.1722.
Type : toothbrush Train [ Epoch 328/500 ], loss: 0.1716, avg_reader_cost: 1.2493 avg_batch_cost: 1.4025, avg_ips: 68.4511.
Type : toothbrush Train [ Epoch 329/500 ], loss: 0.0911, avg_reader_cost: 1.2611 avg_batch_cost: 1.5974, avg_ips: 60.0975.
Type : toothbrush Train [ Epoch 330/500 ], loss: 0.0993, avg_reader_cost: 1.2715 avg_batch_cost: 1.6067, avg_ips: 59.7502.
loading images
loaded 60 images
using density estimation GaussianDensityPaddle
Type : toothbrush Val [ Epoch 330/500 ] max_auc: 0.9861 roc_auc : 0.883333.
Type : toothbrush Train [ Epoch 331/500 ], loss: 0.1283, avg_reader_cost: 4.3223 avg_batch_cost: 4.6927, avg_ips: 20.4574.
Type : toothbrush Train [ Epoch 332/500 ], loss: 0.0803, avg_reader_cost: 0.0002 avg_batch_cost: 0.3378, avg_ips: 284.1553.
Type : toothbrush Train [ Epoch 333/500 ], loss: 0.1364, avg_reader_cost: 0.4867 avg_batch_cost: 0.6202, avg_ips: 154.7899.
Type : toothbrush Train [ Epoch 334/500 ], loss: 0.0755, avg_reader_cost: 1.2535 avg_batch_cost: 1.5866, avg_ips: 60.5052.
Type : toothbrush Train [ Epoch 335/500 ], loss: 0.1142, avg_reader_cost: 1.2522 avg_batch_cost: 1.4879, avg_ips: 64.5203.
Type : toothbrush Train [ Epoch 336/500 ], loss: 0.1291, avg_reader_cost: 1.2449 avg_batch_cost: 1.3895, avg_ips: 69.0914.
Type : toothbrush Train [ Epoch 337/500 ], loss: 0.1095, avg_reader_cost: 1.2682 avg_batch_cost: 1.6089, avg_ips: 59.6700.
Type : toothbrush Train [ Epoch 338/500 ], loss: 0.0540, avg_reader_cost: 1.2537 avg_batch_cost: 1.3931, avg_ips: 68.9092.
Type : toothbrush Train [ Epoch 339/500 ], loss: 0.1211, avg_reader_cost: 1.2360 avg_batch_cost: 1.3723, avg_ips: 69.9556.
Type : toothbrush Train [ Epoch 340/500 ], loss: 0.0706, avg_reader_cost: 1.2245 avg_batch_cost: 1.3881, avg_ips: 69.1570.
loading images
loaded 60 images
using density estimation GaussianDensityPaddle
Type : toothbrush Val [ Epoch 340/500 ] max_auc: 0.9861 roc_auc : 0.916667.
Type : toothbrush Train [ Epoch 341/500 ], loss: 0.0759, avg_reader_cost: 3.5942 avg_batch_cost: 3.7045, avg_ips: 25.9146.
Type : toothbrush Train [ Epoch 342/500 ], loss: 0.0764, avg_reader_cost: 1.3533 avg_batch_cost: 1.4964, avg_ips: 64.1551.
Type : toothbrush Train [ Epoch 343/500 ], loss: 0.1033, avg_reader_cost: 1.2552 avg_batch_cost: 1.4173, avg_ips: 67.7331.
Type : toothbrush Train [ Epoch 344/500 ], loss: 0.1205, avg_reader_cost: 1.2393 avg_batch_cost: 1.5756, avg_ips: 60.9273.
Type : toothbrush Train [ Epoch 345/500 ], loss: 0.0548, avg_reader_cost: 1.2283 avg_batch_cost: 1.3726, avg_ips: 69.9422.
Type : toothbrush Train [ Epoch 346/500 ], loss: 0.1026, avg_reader_cost: 1.2491 avg_batch_cost: 1.4120, avg_ips: 67.9909.
Type : toothbrush Train [ Epoch 347/500 ], loss: 0.1088, avg_reader_cost: 1.2521 avg_batch_cost: 1.5893, avg_ips: 60.4030.
Type : toothbrush Train [ Epoch 348/500 ], loss: 0.0782, avg_reader_cost: 1.2667 avg_batch_cost: 1.4297, avg_ips: 67.1448.
Type : toothbrush Train [ Epoch 349/500 ], loss: 0.0583, avg_reader_cost: 1.2627 avg_batch_cost: 1.6004, avg_ips: 59.9850.
Type : toothbrush Train [ Epoch 350/500 ], loss: 0.0811, avg_reader_cost: 1.2542 avg_batch_cost: 1.4074, avg_ips: 68.2130.
loading images
loaded 60 images
using density estimation GaussianDensityPaddle
Type : toothbrush Val [ Epoch 350/500 ] max_auc: 0.9861 roc_auc : 0.888889.
Type : toothbrush Train [ Epoch 351/500 ], loss: 0.0979, avg_reader_cost: 4.4936 avg_batch_cost: 4.8727, avg_ips: 19.7017.
Type : toothbrush Train [ Epoch 352/500 ], loss: 0.0530, avg_reader_cost: 0.0003 avg_batch_cost: 0.1835, avg_ips: 523.1144.
Type : toothbrush Train [ Epoch 353/500 ], loss: 0.0487, avg_reader_cost: 0.5788 avg_batch_cost: 0.7210, avg_ips: 133.1498.
Type : toothbrush Train [ Epoch 354/500 ], loss: 0.1325, avg_reader_cost: 1.2150 avg_batch_cost: 1.5169, avg_ips: 63.2865.
Type : toothbrush Train [ Epoch 355/500 ], loss: 0.1312, avg_reader_cost: 1.2253 avg_batch_cost: 1.5641, avg_ips: 61.3756.
Type : toothbrush Train [ Epoch 356/500 ], loss: 0.0291, avg_reader_cost: 1.2145 avg_batch_cost: 1.3574, avg_ips: 70.7219.
Type : toothbrush Train [ Epoch 357/500 ], loss: 0.0892, avg_reader_cost: 1.2576 avg_batch_cost: 1.4076, avg_ips: 68.2029.
Type : toothbrush Train [ Epoch 358/500 ], loss: 0.0791, avg_reader_cost: 1.2717 avg_batch_cost: 1.6155, avg_ips: 59.4255.
Type : toothbrush Train [ Epoch 359/500 ], loss: 0.0756, avg_reader_cost: 1.2293 avg_batch_cost: 1.5636, avg_ips: 61.3977.
Type : toothbrush Train [ Epoch 360/500 ], loss: 0.0680, avg_reader_cost: 1.2505 avg_batch_cost: 1.4430, avg_ips: 66.5258.
loading images
loaded 60 images
using density estimation GaussianDensityPaddle
Type : toothbrush Val [ Epoch 360/500 ] max_auc: 0.9861 roc_auc : 0.927778.
Type : toothbrush Train [ Epoch 361/500 ], loss: 0.0476, avg_reader_cost: 4.4372 avg_batch_cost: 4.8742, avg_ips: 19.6955.
Type : toothbrush Train [ Epoch 362/500 ], loss: 0.1194, avg_reader_cost: 0.0002 avg_batch_cost: 0.3406, avg_ips: 281.8492.
Type : toothbrush Train [ Epoch 363/500 ], loss: 0.0597, avg_reader_cost: 0.2412 avg_batch_cost: 0.3953, avg_ips: 242.8722.
Type : toothbrush Train [ Epoch 364/500 ], loss: 0.1162, avg_reader_cost: 1.2617 avg_batch_cost: 1.6008, avg_ips: 59.9709.
Type : toothbrush Train [ Epoch 365/500 ], loss: 0.0775, avg_reader_cost: 1.2547 avg_batch_cost: 1.4076, avg_ips: 68.2014.
Type : toothbrush Train [ Epoch 366/500 ], loss: 0.0589, avg_reader_cost: 1.3260 avg_batch_cost: 1.6618, avg_ips: 57.7673.
Type : toothbrush Train [ Epoch 367/500 ], loss: 0.0961, avg_reader_cost: 1.4403 avg_batch_cost: 1.7819, avg_ips: 53.8757.
Type : toothbrush Train [ Epoch 368/500 ], loss: 0.0794, avg_reader_cost: 1.3465 avg_batch_cost: 1.4910, avg_ips: 64.3879.
Type : toothbrush Train [ Epoch 369/500 ], loss: 0.0588, avg_reader_cost: 1.2518 avg_batch_cost: 1.6037, avg_ips: 59.8623.
Type : toothbrush Train [ Epoch 370/500 ], loss: 0.0598, avg_reader_cost: 1.2264 avg_batch_cost: 1.5623, avg_ips: 61.4491.
loading images
loaded 60 images
using density estimation GaussianDensityPaddle
Type : toothbrush Val [ Epoch 370/500 ] max_auc: 0.9861 roc_auc : 0.919444.
Type : toothbrush Train [ Epoch 371/500 ], loss: 0.1025, avg_reader_cost: 4.1615 avg_batch_cost: 4.2732, avg_ips: 22.4655.
Type : toothbrush Train [ Epoch 372/500 ], loss: 0.0518, avg_reader_cost: 0.0003 avg_batch_cost: 0.1040, avg_ips: 923.0952.
Type : toothbrush Train [ Epoch 373/500 ], loss: 0.1065, avg_reader_cost: 1.2741 avg_batch_cost: 1.4494, avg_ips: 66.2350.
Type : toothbrush Train [ Epoch 374/500 ], loss: 0.0873, avg_reader_cost: 1.2375 avg_batch_cost: 1.6292, avg_ips: 58.9232.
Type : toothbrush Train [ Epoch 375/500 ], loss: 0.0510, avg_reader_cost: 1.1964 avg_batch_cost: 1.5333, avg_ips: 62.6116.
Type : toothbrush Train [ Epoch 376/500 ], loss: 0.0920, avg_reader_cost: 1.2353 avg_batch_cost: 1.4103, avg_ips: 68.0723.
Type : toothbrush Train [ Epoch 377/500 ], loss: 0.0463, avg_reader_cost: 1.2288 avg_batch_cost: 1.4017, avg_ips: 68.4859.
Type : toothbrush Train [ Epoch 378/500 ], loss: 0.0598, avg_reader_cost: 1.2607 avg_batch_cost: 1.5929, avg_ips: 60.2683.
Type : toothbrush Train [ Epoch 379/500 ], loss: 0.0557, avg_reader_cost: 1.3119 avg_batch_cost: 1.4564, avg_ips: 65.9139.
Type : toothbrush Train [ Epoch 380/500 ], loss: 0.0925, avg_reader_cost: 1.2322 avg_batch_cost: 1.4035, avg_ips: 68.4016.
loading images
loaded 60 images
using density estimation GaussianDensityPaddle
Type : toothbrush Val [ Epoch 380/500 ] max_auc: 0.9861 roc_auc : 0.922222.
Type : toothbrush Train [ Epoch 381/500 ], loss: 0.0788, avg_reader_cost: 4.4116 avg_batch_cost: 4.8005, avg_ips: 19.9979.
Type : toothbrush Train [ Epoch 382/500 ], loss: 0.0535, avg_reader_cost: 0.0002 avg_batch_cost: 0.3487, avg_ips: 275.3184.
Type : toothbrush Train [ Epoch 383/500 ], loss: 0.0710, avg_reader_cost: 0.5047 avg_batch_cost: 0.6756, avg_ips: 142.0979.
Type : toothbrush Train [ Epoch 384/500 ], loss: 0.0964, avg_reader_cost: 1.2425 avg_batch_cost: 1.4141, avg_ips: 67.8867.
Type : toothbrush Train [ Epoch 385/500 ], loss: 0.1505, avg_reader_cost: 1.2374 avg_batch_cost: 1.3735, avg_ips: 69.8951.
Type : toothbrush Train [ Epoch 386/500 ], loss: 0.1274, avg_reader_cost: 1.2329 avg_batch_cost: 1.5690, avg_ips: 61.1862.
Type : toothbrush Train [ Epoch 387/500 ], loss: 0.1485, avg_reader_cost: 1.2418 avg_batch_cost: 1.5315, avg_ips: 62.6839.
Type : toothbrush Train [ Epoch 388/500 ], loss: 0.1554, avg_reader_cost: 1.2514 avg_batch_cost: 1.3951, avg_ips: 68.8129.
Type : toothbrush Train [ Epoch 389/500 ], loss: 0.1240, avg_reader_cost: 1.2333 avg_batch_cost: 1.5742, avg_ips: 60.9840.
Type : toothbrush Train [ Epoch 390/500 ], loss: 0.1419, avg_reader_cost: 1.2377 avg_batch_cost: 1.5714, avg_ips: 61.0902.
loading images
loaded 60 images
using density estimation GaussianDensityPaddle
Type : toothbrush Val [ Epoch 390/500 ] max_auc: 0.9861 roc_auc : 0.911111.
Type : toothbrush Train [ Epoch 391/500 ], loss: 0.1300, avg_reader_cost: 4.2908 avg_batch_cost: 4.4948, avg_ips: 21.3578.
Type : toothbrush Train [ Epoch 392/500 ], loss: 0.1306, avg_reader_cost: 0.0009 avg_batch_cost: 0.3471, avg_ips: 276.6070.
Type : toothbrush Train [ Epoch 393/500 ], loss: 0.0832, avg_reader_cost: 0.4869 avg_batch_cost: 0.8310, avg_ips: 115.5204.
Type : toothbrush Train [ Epoch 394/500 ], loss: 0.0999, avg_reader_cost: 1.2214 avg_batch_cost: 1.5570, avg_ips: 61.6566.
Type : toothbrush Train [ Epoch 395/500 ], loss: 0.1061, avg_reader_cost: 1.2161 avg_batch_cost: 1.3582, avg_ips: 70.6815.
Type : toothbrush Train [ Epoch 396/500 ], loss: 0.0874, avg_reader_cost: 1.2157 avg_batch_cost: 1.3594, avg_ips: 70.6187.
Type : toothbrush Train [ Epoch 397/500 ], loss: 0.1146, avg_reader_cost: 1.2037 avg_batch_cost: 1.5462, avg_ips: 62.0891.
Type : toothbrush Train [ Epoch 398/500 ], loss: 0.0863, avg_reader_cost: 1.2031 avg_batch_cost: 1.5401, avg_ips: 62.3355.
Type : toothbrush Train [ Epoch 399/500 ], loss: 0.0722, avg_reader_cost: 1.2102 avg_batch_cost: 1.5478, avg_ips: 62.0240.
Type : toothbrush Train [ Epoch 400/500 ], loss: 0.0632, avg_reader_cost: 1.2068 avg_batch_cost: 1.5515, avg_ips: 61.8760.
loading images
loaded 60 images
using density estimation GaussianDensityPaddle
Type : toothbrush Val [ Epoch 400/500 ] max_auc: 0.9861 roc_auc : 0.977778.
Type : toothbrush Train [ Epoch 401/500 ], loss: 0.0682, avg_reader_cost: 4.2090 avg_batch_cost: 4.6303, avg_ips: 20.7332.
Type : toothbrush Train [ Epoch 402/500 ], loss: 0.0934, avg_reader_cost: 0.0005 avg_batch_cost: 0.3414, avg_ips: 281.1983.
Type : toothbrush Train [ Epoch 403/500 ], loss: 0.1337, avg_reader_cost: 0.4910 avg_batch_cost: 0.5947, avg_ips: 161.4333.
Type : toothbrush Train [ Epoch 404/500 ], loss: 0.1391, avg_reader_cost: 1.2534 avg_batch_cost: 1.3903, avg_ips: 69.0482.
Type : toothbrush Train [ Epoch 405/500 ], loss: 0.0864, avg_reader_cost: 1.2407 avg_batch_cost: 1.5753, avg_ips: 60.9412.
Type : toothbrush Train [ Epoch 406/500 ], loss: 0.1210, avg_reader_cost: 1.2401 avg_batch_cost: 1.3805, avg_ips: 69.5406.
Type : toothbrush Train [ Epoch 407/500 ], loss: 0.0980, avg_reader_cost: 1.2268 avg_batch_cost: 1.3660, avg_ips: 70.2783.
Type : toothbrush Train [ Epoch 408/500 ], loss: 0.0984, avg_reader_cost: 1.2182 avg_batch_cost: 1.5561, avg_ips: 61.6942.
Type : toothbrush Train [ Epoch 409/500 ], loss: 0.0867, avg_reader_cost: 1.2132 avg_batch_cost: 1.3549, avg_ips: 70.8542.
Type : toothbrush Train [ Epoch 410/500 ], loss: 0.1223, avg_reader_cost: 1.2300 avg_batch_cost: 1.5931, avg_ips: 60.2614.
loading images
loaded 60 images
using density estimation GaussianDensityPaddle
Type : toothbrush Val [ Epoch 410/500 ] max_auc: 0.9861 roc_auc : 0.916667.
Type : toothbrush Train [ Epoch 411/500 ], loss: 0.0909, avg_reader_cost: 4.1339 avg_batch_cost: 4.3835, avg_ips: 21.9002.
Type : toothbrush Train [ Epoch 412/500 ], loss: 0.1466, avg_reader_cost: 0.0003 avg_batch_cost: 0.3529, avg_ips: 272.0354.
Type : toothbrush Train [ Epoch 413/500 ], loss: 0.1165, avg_reader_cost: 0.4227 avg_batch_cost: 0.5610, avg_ips: 171.1078.
Type : toothbrush Train [ Epoch 414/500 ], loss: 0.1396, avg_reader_cost: 1.2402 avg_batch_cost: 1.3811, avg_ips: 69.5104.
Type : toothbrush Train [ Epoch 415/500 ], loss: 0.0710, avg_reader_cost: 1.3958 avg_batch_cost: 1.7382, avg_ips: 55.2301.
Type : toothbrush Train [ Epoch 416/500 ], loss: 0.1618, avg_reader_cost: 1.2874 avg_batch_cost: 1.4390, avg_ips: 66.7141.
Type : toothbrush Train [ Epoch 417/500 ], loss: 0.0872, avg_reader_cost: 1.2419 avg_batch_cost: 1.5773, avg_ips: 60.8618.
Type : toothbrush Train [ Epoch 418/500 ], loss: 0.0621, avg_reader_cost: 1.2417 avg_batch_cost: 1.5802, avg_ips: 60.7508.
Type : toothbrush Train [ Epoch 419/500 ], loss: 0.1023, avg_reader_cost: 1.2854 avg_batch_cost: 1.4964, avg_ips: 64.1543.
Type : toothbrush Train [ Epoch 420/500 ], loss: 0.0543, avg_reader_cost: 1.2456 avg_batch_cost: 1.3826, avg_ips: 69.4362.
loading images
loaded 60 images
using density estimation GaussianDensityPaddle
Type : toothbrush Val [ Epoch 420/500 ] max_auc: 0.9917 roc_auc : 0.991667.
Type : toothbrush Train [ Epoch 421/500 ], loss: 0.1224, avg_reader_cost: 5.2156 avg_batch_cost: 5.5586, avg_ips: 17.2704.
Type : toothbrush Train [ Epoch 422/500 ], loss: 0.0938, avg_reader_cost: 0.0002 avg_batch_cost: 0.3368, avg_ips: 285.0567.
Type : toothbrush Train [ Epoch 423/500 ], loss: 0.1334, avg_reader_cost: 0.0002 avg_batch_cost: 0.3481, avg_ips: 275.7470.
Type : toothbrush Train [ Epoch 424/500 ], loss: 0.0684, avg_reader_cost: 0.9218 avg_batch_cost: 1.2615, avg_ips: 76.0984.
Type : toothbrush Train [ Epoch 425/500 ], loss: 0.0927, avg_reader_cost: 1.2118 avg_batch_cost: 1.3567, avg_ips: 70.7596.
Type : toothbrush Train [ Epoch 426/500 ], loss: 0.0831, avg_reader_cost: 1.2141 avg_batch_cost: 1.3656, avg_ips: 70.2966.
Type : toothbrush Train [ Epoch 427/500 ], loss: 0.1205, avg_reader_cost: 1.2062 avg_batch_cost: 1.3507, avg_ips: 71.0755.
Type : toothbrush Train [ Epoch 428/500 ], loss: 0.0951, avg_reader_cost: 1.2863 avg_batch_cost: 1.6198, avg_ips: 59.2677.
Type : toothbrush Train [ Epoch 429/500 ], loss: 0.0900, avg_reader_cost: 1.2609 avg_batch_cost: 1.4417, avg_ips: 66.5885.
Type : toothbrush Train [ Epoch 430/500 ], loss: 0.1175, avg_reader_cost: 1.2666 avg_batch_cost: 1.6040, avg_ips: 59.8494.
loading images
loaded 60 images
using density estimation GaussianDensityPaddle
Type : toothbrush Val [ Epoch 430/500 ] max_auc: 0.9917 roc_auc : 0.977778.
Type : toothbrush Train [ Epoch 431/500 ], loss: 0.1810, avg_reader_cost: 4.1987 avg_batch_cost: 4.6388, avg_ips: 20.6949.
Type : toothbrush Train [ Epoch 432/500 ], loss: 0.1065, avg_reader_cost: 0.0002 avg_batch_cost: 0.1444, avg_ips: 664.6328.
Type : toothbrush Train [ Epoch 433/500 ], loss: 0.0811, avg_reader_cost: 0.7392 avg_batch_cost: 1.0767, avg_ips: 89.1625.
Type : toothbrush Train [ Epoch 434/500 ], loss: 0.1009, avg_reader_cost: 1.2404 avg_batch_cost: 1.3452, avg_ips: 71.3632.
Type : toothbrush Train [ Epoch 435/500 ], loss: 0.0670, avg_reader_cost: 1.3262 avg_batch_cost: 1.5359, avg_ips: 62.5043.
Type : toothbrush Train [ Epoch 436/500 ], loss: 0.1427, avg_reader_cost: 1.2583 avg_batch_cost: 1.4554, avg_ips: 65.9596.
Type : toothbrush Train [ Epoch 437/500 ], loss: 0.0736, avg_reader_cost: 1.2382 avg_batch_cost: 1.5719, avg_ips: 61.0722.
Type : toothbrush Train [ Epoch 438/500 ], loss: 0.1113, avg_reader_cost: 1.2133 avg_batch_cost: 1.5529, avg_ips: 61.8184.
Type : toothbrush Train [ Epoch 439/500 ], loss: 0.0875, avg_reader_cost: 1.2163 avg_batch_cost: 1.5525, avg_ips: 61.8360.
Type : toothbrush Train [ Epoch 440/500 ], loss: 0.1008, avg_reader_cost: 1.2133 avg_batch_cost: 1.3461, avg_ips: 71.3150.
loading images
loaded 60 images
using density estimation GaussianDensityPaddle
Type : toothbrush Val [ Epoch 440/500 ] max_auc: 0.9944 roc_auc : 0.994444.
Type : toothbrush Train [ Epoch 441/500 ], loss: 0.1438, avg_reader_cost: 4.7410 avg_batch_cost: 5.0874, avg_ips: 18.8700.
Type : toothbrush Train [ Epoch 442/500 ], loss: 0.0838, avg_reader_cost: 0.0002 avg_batch_cost: 0.3400, avg_ips: 282.3178.
Type : toothbrush Train [ Epoch 443/500 ], loss: 0.1285, avg_reader_cost: 0.0180 avg_batch_cost: 0.1526, avg_ips: 629.1210.
Type : toothbrush Train [ Epoch 444/500 ], loss: 0.0562, avg_reader_cost: 1.2278 avg_batch_cost: 1.5687, avg_ips: 61.1962.
Type : toothbrush Train [ Epoch 445/500 ], loss: 0.1191, avg_reader_cost: 1.2240 avg_batch_cost: 1.4084, avg_ips: 68.1640.
Type : toothbrush Train [ Epoch 446/500 ], loss: 0.0586, avg_reader_cost: 1.2211 avg_batch_cost: 1.5620, avg_ips: 61.4597.
Type : toothbrush Train [ Epoch 447/500 ], loss: 0.1002, avg_reader_cost: 1.2248 avg_batch_cost: 1.3949, avg_ips: 68.8220.
Type : toothbrush Train [ Epoch 448/500 ], loss: 0.0416, avg_reader_cost: 1.2295 avg_batch_cost: 1.3932, avg_ips: 68.9060.
Type : toothbrush Train [ Epoch 449/500 ], loss: 0.0484, avg_reader_cost: 1.2197 avg_batch_cost: 1.5534, avg_ips: 61.8010.
Type : toothbrush Train [ Epoch 450/500 ], loss: 0.1036, avg_reader_cost: 1.2250 avg_batch_cost: 1.5595, avg_ips: 61.5567.
loading images
loaded 60 images
using density estimation GaussianDensityPaddle
Type : toothbrush Val [ Epoch 450/500 ] max_auc: 0.9944 roc_auc : 0.969444.
Type : toothbrush Train [ Epoch 451/500 ], loss: 0.0778, avg_reader_cost: 4.2812 avg_batch_cost: 4.5327, avg_ips: 21.1795.
Type : toothbrush Train [ Epoch 452/500 ], loss: 0.0873, avg_reader_cost: 0.0002 avg_batch_cost: 0.1526, avg_ips: 629.1790.
Type : toothbrush Train [ Epoch 453/500 ], loss: 0.0745, avg_reader_cost: 0.4393 avg_batch_cost: 0.7799, avg_ips: 123.0982.
Type : toothbrush Train [ Epoch 454/500 ], loss: 0.0537, avg_reader_cost: 1.2434 avg_batch_cost: 1.5923, avg_ips: 60.2901.
Type : toothbrush Train [ Epoch 455/500 ], loss: 0.0616, avg_reader_cost: 1.2364 avg_batch_cost: 1.5720, avg_ips: 61.0706.
Type : toothbrush Train [ Epoch 456/500 ], loss: 0.0875, avg_reader_cost: 1.2419 avg_batch_cost: 1.3867, avg_ips: 69.2292.
Type : toothbrush Train [ Epoch 457/500 ], loss: 0.0740, avg_reader_cost: 1.2493 avg_batch_cost: 1.5871, avg_ips: 60.4891.
Type : toothbrush Train [ Epoch 458/500 ], loss: 0.1192, avg_reader_cost: 1.2481 avg_batch_cost: 1.3903, avg_ips: 69.0479.
Type : toothbrush Train [ Epoch 459/500 ], loss: 0.0472, avg_reader_cost: 1.3174 avg_batch_cost: 1.6544, avg_ips: 58.0271.
Type : toothbrush Train [ Epoch 460/500 ], loss: 0.1144, avg_reader_cost: 1.7570 avg_batch_cost: 2.1033, avg_ips: 45.6417.
loading images
loaded 60 images
using density estimation GaussianDensityPaddle
Type : toothbrush Val [ Epoch 460/500 ] max_auc: 0.9944 roc_auc : 0.872222.
Type : toothbrush Train [ Epoch 461/500 ], loss: 0.0815, avg_reader_cost: 4.2096 avg_batch_cost: 4.6582, avg_ips: 20.6089.
Type : toothbrush Train [ Epoch 462/500 ], loss: 0.1179, avg_reader_cost: 0.0010 avg_batch_cost: 0.3437, avg_ips: 279.3037.
Type : toothbrush Train [ Epoch 463/500 ], loss: 0.0988, avg_reader_cost: 0.5114 avg_batch_cost: 0.8459, avg_ips: 113.4939.
Type : toothbrush Train [ Epoch 464/500 ], loss: 0.1507, avg_reader_cost: 1.2286 avg_batch_cost: 1.5645, avg_ips: 61.3621.
Type : toothbrush Train [ Epoch 465/500 ], loss: 0.0947, avg_reader_cost: 1.2246 avg_batch_cost: 1.3277, avg_ips: 72.3080.
Type : toothbrush Train [ Epoch 466/500 ], loss: 0.0951, avg_reader_cost: 1.2767 avg_batch_cost: 1.4288, avg_ips: 67.1881.
Type : toothbrush Train [ Epoch 467/500 ], loss: 0.1359, avg_reader_cost: 1.2590 avg_batch_cost: 1.5945, avg_ips: 60.2063.
Type : toothbrush Train [ Epoch 468/500 ], loss: 0.0613, avg_reader_cost: 1.2599 avg_batch_cost: 1.5972, avg_ips: 60.1056.
Type : toothbrush Train [ Epoch 469/500 ], loss: 0.1007, avg_reader_cost: 1.2350 avg_batch_cost: 1.3701, avg_ips: 70.0692.
Type : toothbrush Train [ Epoch 470/500 ], loss: 0.0615, avg_reader_cost: 1.2455 avg_batch_cost: 1.5823, avg_ips: 60.6703.
loading images
loaded 60 images
using density estimation GaussianDensityPaddle
Type : toothbrush Val [ Epoch 470/500 ] max_auc: 0.9944 roc_auc : 0.833333.
Type : toothbrush Train [ Epoch 471/500 ], loss: 0.0876, avg_reader_cost: 4.1835 avg_batch_cost: 4.6015, avg_ips: 20.8628.
Type : toothbrush Train [ Epoch 472/500 ], loss: 0.0517, avg_reader_cost: 0.0003 avg_batch_cost: 0.1738, avg_ips: 552.3053.
Type : toothbrush Train [ Epoch 473/500 ], loss: 0.0797, avg_reader_cost: 0.5283 avg_batch_cost: 0.6698, avg_ips: 143.3348.
Type : toothbrush Train [ Epoch 474/500 ], loss: 0.0975, avg_reader_cost: 1.2449 avg_batch_cost: 1.3859, avg_ips: 69.2696.
Type : toothbrush Train [ Epoch 475/500 ], loss: 0.0656, avg_reader_cost: 1.2200 avg_batch_cost: 1.5534, avg_ips: 61.8008.
Type : toothbrush Train [ Epoch 476/500 ], loss: 0.0611, avg_reader_cost: 1.2385 avg_batch_cost: 1.3922, avg_ips: 68.9558.
Type : toothbrush Train [ Epoch 477/500 ], loss: 0.0365, avg_reader_cost: 1.2315 avg_batch_cost: 1.3701, avg_ips: 70.0682.
Type : toothbrush Train [ Epoch 478/500 ], loss: 0.0833, avg_reader_cost: 1.2665 avg_batch_cost: 1.4115, avg_ips: 68.0120.
Type : toothbrush Train [ Epoch 479/500 ], loss: 0.0525, avg_reader_cost: 1.2365 avg_batch_cost: 1.3714, avg_ips: 70.0019.
Type : toothbrush Train [ Epoch 480/500 ], loss: 0.1216, avg_reader_cost: 1.2578 avg_batch_cost: 1.5944, avg_ips: 60.2125.
loading images
loaded 60 images
using density estimation GaussianDensityPaddle
Type : toothbrush Val [ Epoch 480/500 ] max_auc: 0.9944 roc_auc : 0.850000.
Type : toothbrush Train [ Epoch 481/500 ], loss: 0.0770, avg_reader_cost: 4.5473 avg_batch_cost: 4.7411, avg_ips: 20.2484.
Type : toothbrush Train [ Epoch 482/500 ], loss: 0.0794, avg_reader_cost: 0.0003 avg_batch_cost: 0.3417, avg_ips: 280.9321.
Type : toothbrush Train [ Epoch 483/500 ], loss: 0.0769, avg_reader_cost: 0.4064 avg_batch_cost: 0.7497, avg_ips: 128.0494.
Type : toothbrush Train [ Epoch 484/500 ], loss: 0.0339, avg_reader_cost: 1.2801 avg_batch_cost: 1.6190, avg_ips: 59.2958.
Type : toothbrush Train [ Epoch 485/500 ], loss: 0.1605, avg_reader_cost: 1.2349 avg_batch_cost: 1.4077, avg_ips: 68.1956.
Type : toothbrush Train [ Epoch 486/500 ], loss: 0.1137, avg_reader_cost: 1.2344 avg_batch_cost: 1.5723, avg_ips: 61.0577.
Type : toothbrush Train [ Epoch 487/500 ], loss: 0.1090, avg_reader_cost: 1.2474 avg_batch_cost: 1.5865, avg_ips: 60.5104.
Type : toothbrush Train [ Epoch 488/500 ], loss: 0.0918, avg_reader_cost: 1.2477 avg_batch_cost: 1.4449, avg_ips: 66.4407.
Type : toothbrush Train [ Epoch 489/500 ], loss: 0.0667, avg_reader_cost: 1.2828 avg_batch_cost: 1.4275, avg_ips: 67.2502.
Type : toothbrush Train [ Epoch 490/500 ], loss: 0.0982, avg_reader_cost: 1.2606 avg_batch_cost: 1.3964, avg_ips: 68.7465.
loading images
loaded 60 images
using density estimation GaussianDensityPaddle
Type : toothbrush Val [ Epoch 490/500 ] max_auc: 0.9944 roc_auc : 0.894444.
Type : toothbrush Train [ Epoch 491/500 ], loss: 0.0946, avg_reader_cost: 4.3647 avg_batch_cost: 4.7456, avg_ips: 20.2291.
Type : toothbrush Train [ Epoch 492/500 ], loss: 0.1042, avg_reader_cost: 0.0003 avg_batch_cost: 0.1629, avg_ips: 589.4240.
Type : toothbrush Train [ Epoch 493/500 ], loss: 0.0645, avg_reader_cost: 0.3649 avg_batch_cost: 0.6983, avg_ips: 137.4755.
Type : toothbrush Train [ Epoch 494/500 ], loss: 0.0498, avg_reader_cost: 1.2505 avg_batch_cost: 1.5960, avg_ips: 60.1501.
Type : toothbrush Train [ Epoch 495/500 ], loss: 0.1115, avg_reader_cost: 1.2350 avg_batch_cost: 1.3814, avg_ips: 69.4962.
Type : toothbrush Train [ Epoch 496/500 ], loss: 0.1296, avg_reader_cost: 1.2818 avg_batch_cost: 1.3863, avg_ips: 69.2470.
Type : toothbrush Train [ Epoch 497/500 ], loss: 0.0988, avg_reader_cost: 1.2811 avg_batch_cost: 1.6224, avg_ips: 59.1711.
Type : toothbrush Train [ Epoch 498/500 ], loss: 0.0862, avg_reader_cost: 1.2308 avg_batch_cost: 1.5733, avg_ips: 61.0170.
Type : toothbrush Train [ Epoch 499/500 ], loss: 0.1006, avg_reader_cost: 1.2539 avg_batch_cost: 1.3968, avg_ips: 68.7295.
Type : toothbrush Train [ Epoch 500/500 ], loss: 0.0964, avg_reader_cost: 1.2415 avg_batch_cost: 1.5775, avg_ips: 60.8541.
loading images
loaded 60 images
using density estimation GaussianDensityPaddle
Type : toothbrush Val [ Epoch 500/500 ] max_auc: 0.9944 roc_auc : 0.911111.
