Type : bottle Train [ Epoch 1/500 ], loss: 1.3189, avg_reader_cost: 1.1823 avg_batch_cost: 2.6993, avg_ips: 35.5645.
Type : bottle Train [ Epoch 2/500 ], loss: 1.1735, avg_reader_cost: 0.9797 avg_batch_cost: 1.0891, avg_ips: 88.1425.
Type : bottle Train [ Epoch 3/500 ], loss: 0.9480, avg_reader_cost: 1.1166 avg_batch_cost: 1.2480, avg_ips: 76.9220.
Type : bottle Train [ Epoch 4/500 ], loss: 0.8343, avg_reader_cost: 1.1058 avg_batch_cost: 1.2289, avg_ips: 78.1215.
Type : bottle Train [ Epoch 5/500 ], loss: 0.7916, avg_reader_cost: 1.2286 avg_batch_cost: 1.3642, avg_ips: 70.3693.
Type : bottle Train [ Epoch 6/500 ], loss: 0.6833, avg_reader_cost: 1.1661 avg_batch_cost: 1.2782, avg_ips: 75.1072.
Type : bottle Train [ Epoch 7/500 ], loss: 0.6464, avg_reader_cost: 1.1271 avg_batch_cost: 1.2514, avg_ips: 76.7127.
Type : bottle Train [ Epoch 8/500 ], loss: 0.6233, avg_reader_cost: 1.1004 avg_batch_cost: 1.2232, avg_ips: 78.4846.
Type : bottle Train [ Epoch 9/500 ], loss: 0.6214, avg_reader_cost: 1.1001 avg_batch_cost: 1.2072, avg_ips: 79.5239.
Type : bottle Train [ Epoch 10/500 ], loss: 0.6129, avg_reader_cost: 1.1470 avg_batch_cost: 1.2678, avg_ips: 75.7201.
loading images
loaded 209 images
using density estimation GaussianDensityPaddle
Type : bottle Val [ Epoch 10/500 ] max_auc: 0.9952 roc_auc : 0.995238.
Type : bottle Train [ Epoch 11/500 ], loss: 0.6151, avg_reader_cost: 7.1032 avg_batch_cost: 7.2398, avg_ips: 13.2600.
Type : bottle Train [ Epoch 12/500 ], loss: 0.6246, avg_reader_cost: 0.0005 avg_batch_cost: 0.1267, avg_ips: 757.7585.
Type : bottle Train [ Epoch 13/500 ], loss: 0.5966, avg_reader_cost: 0.0002 avg_batch_cost: 0.1275, avg_ips: 752.7424.
Type : bottle Train [ Epoch 14/500 ], loss: 0.6141, avg_reader_cost: 0.0006 avg_batch_cost: 0.1030, avg_ips: 932.1841.
Type : bottle Train [ Epoch 15/500 ], loss: 0.6024, avg_reader_cost: 1.2030 avg_batch_cost: 1.3269, avg_ips: 72.3482.
Type : bottle Train [ Epoch 16/500 ], loss: 0.6266, avg_reader_cost: 1.0840 avg_batch_cost: 1.2167, avg_ips: 78.9045.
Type : bottle Train [ Epoch 17/500 ], loss: 0.5608, avg_reader_cost: 1.1284 avg_batch_cost: 1.2411, avg_ips: 77.3489.
Type : bottle Train [ Epoch 18/500 ], loss: 0.5452, avg_reader_cost: 1.0849 avg_batch_cost: 1.2106, avg_ips: 79.3021.
Type : bottle Train [ Epoch 19/500 ], loss: 0.5495, avg_reader_cost: 1.0822 avg_batch_cost: 1.2067, avg_ips: 79.5552.
Type : bottle Train [ Epoch 20/500 ], loss: 0.5296, avg_reader_cost: 1.1047 avg_batch_cost: 1.2256, avg_ips: 78.3280.
loading images
loaded 209 images
using density estimation GaussianDensityPaddle
Type : bottle Val [ Epoch 20/500 ] max_auc: 0.9952 roc_auc : 0.991270.
Type : bottle Train [ Epoch 21/500 ], loss: 0.5230, avg_reader_cost: 7.1766 avg_batch_cost: 7.5359, avg_ips: 12.7389.
Type : bottle Train [ Epoch 22/500 ], loss: 0.5589, avg_reader_cost: 0.0005 avg_batch_cost: 0.3438, avg_ips: 279.2630.
Type : bottle Train [ Epoch 23/500 ], loss: 0.4660, avg_reader_cost: 0.0003 avg_batch_cost: 0.3441, avg_ips: 278.9717.
Type : bottle Train [ Epoch 24/500 ], loss: 0.3871, avg_reader_cost: 0.0702 avg_batch_cost: 0.4124, avg_ips: 232.8027.
Type : bottle Train [ Epoch 25/500 ], loss: 0.3549, avg_reader_cost: 1.0823 avg_batch_cost: 1.4258, avg_ips: 67.3310.
Type : bottle Train [ Epoch 26/500 ], loss: 0.3313, avg_reader_cost: 1.0848 avg_batch_cost: 1.4286, avg_ips: 67.2007.
Type : bottle Train [ Epoch 27/500 ], loss: 0.2933, avg_reader_cost: 1.0835 avg_batch_cost: 1.4232, avg_ips: 67.4528.
Type : bottle Train [ Epoch 28/500 ], loss: 0.2951, avg_reader_cost: 1.0843 avg_batch_cost: 1.4283, avg_ips: 67.2124.
Type : bottle Train [ Epoch 29/500 ], loss: 0.2750, avg_reader_cost: 1.0780 avg_batch_cost: 1.4202, avg_ips: 67.5982.
Type : bottle Train [ Epoch 30/500 ], loss: 0.2408, avg_reader_cost: 1.0845 avg_batch_cost: 1.4221, avg_ips: 67.5070.
loading images
loaded 209 images
using density estimation GaussianDensityPaddle
Type : bottle Val [ Epoch 30/500 ] max_auc: 0.9992 roc_auc : 0.999206.
Type : bottle Train [ Epoch 31/500 ], loss: 0.2642, avg_reader_cost: 6.2045 avg_batch_cost: 6.3112, avg_ips: 15.2111.
Type : bottle Train [ Epoch 32/500 ], loss: 0.2278, avg_reader_cost: 1.1318 avg_batch_cost: 1.4765, avg_ips: 65.0199.
Type : bottle Train [ Epoch 33/500 ], loss: 0.2614, avg_reader_cost: 1.0891 avg_batch_cost: 1.4330, avg_ips: 66.9922.
Type : bottle Train [ Epoch 34/500 ], loss: 0.2228, avg_reader_cost: 1.0782 avg_batch_cost: 1.4235, avg_ips: 67.4412.
Type : bottle Train [ Epoch 35/500 ], loss: 0.2031, avg_reader_cost: 1.0990 avg_batch_cost: 1.4447, avg_ips: 66.4475.
Type : bottle Train [ Epoch 36/500 ], loss: 0.1686, avg_reader_cost: 1.0811 avg_batch_cost: 1.4247, avg_ips: 67.3848.
Type : bottle Train [ Epoch 37/500 ], loss: 0.2286, avg_reader_cost: 1.0839 avg_batch_cost: 1.4253, avg_ips: 67.3541.
Type : bottle Train [ Epoch 38/500 ], loss: 0.1377, avg_reader_cost: 1.0812 avg_batch_cost: 1.4124, avg_ips: 67.9713.
Type : bottle Train [ Epoch 39/500 ], loss: 0.1383, avg_reader_cost: 1.0871 avg_batch_cost: 1.4328, avg_ips: 67.0006.
Type : bottle Train [ Epoch 40/500 ], loss: 0.2040, avg_reader_cost: 1.0934 avg_batch_cost: 1.4411, avg_ips: 66.6165.
loading images
loaded 209 images
using density estimation GaussianDensityPaddle
Type : bottle Val [ Epoch 40/500 ] max_auc: 1.0000 roc_auc : 1.000000.
Type : bottle Train [ Epoch 41/500 ], loss: 0.1240, avg_reader_cost: 7.2891 avg_batch_cost: 7.6467, avg_ips: 12.5544.
Type : bottle Train [ Epoch 42/500 ], loss: 0.1107, avg_reader_cost: 0.0003 avg_batch_cost: 0.3478, avg_ips: 276.0411.
Type : bottle Train [ Epoch 43/500 ], loss: 0.1181, avg_reader_cost: 0.0002 avg_batch_cost: 0.3431, avg_ips: 279.8159.
Type : bottle Train [ Epoch 44/500 ], loss: 0.1063, avg_reader_cost: 0.0002 avg_batch_cost: 0.3442, avg_ips: 278.8745.
Type : bottle Train [ Epoch 45/500 ], loss: 0.1426, avg_reader_cost: 0.7260 avg_batch_cost: 1.0755, avg_ips: 89.2624.
Type : bottle Train [ Epoch 46/500 ], loss: 0.1219, avg_reader_cost: 1.0857 avg_batch_cost: 1.4310, avg_ips: 67.0846.
Type : bottle Train [ Epoch 47/500 ], loss: 0.0813, avg_reader_cost: 1.0932 avg_batch_cost: 1.4401, avg_ips: 66.6599.
Type : bottle Train [ Epoch 48/500 ], loss: 0.0861, avg_reader_cost: 1.0958 avg_batch_cost: 1.4392, avg_ips: 66.7060.
Type : bottle Train [ Epoch 49/500 ], loss: 0.0959, avg_reader_cost: 1.0955 avg_batch_cost: 1.4437, avg_ips: 66.4952.
Type : bottle Train [ Epoch 50/500 ], loss: 0.0644, avg_reader_cost: 1.0901 avg_batch_cost: 1.4337, avg_ips: 66.9601.
loading images
loaded 209 images
using density estimation GaussianDensityPaddle
Type : bottle Val [ Epoch 50/500 ] max_auc: 1.0000 roc_auc : 1.000000.
Type : bottle Train [ Epoch 51/500 ], loss: 0.1456, avg_reader_cost: 7.2624 avg_batch_cost: 7.6036, avg_ips: 12.6257.
Type : bottle Train [ Epoch 52/500 ], loss: 0.0757, avg_reader_cost: 0.0003 avg_batch_cost: 0.3427, avg_ips: 280.0882.
Type : bottle Train [ Epoch 53/500 ], loss: 0.0690, avg_reader_cost: 0.0002 avg_batch_cost: 0.3414, avg_ips: 281.1865.
Type : bottle Train [ Epoch 54/500 ], loss: 0.1148, avg_reader_cost: 0.0002 avg_batch_cost: 0.3388, avg_ips: 283.3947.
Type : bottle Train [ Epoch 55/500 ], loss: 0.1243, avg_reader_cost: 0.7830 avg_batch_cost: 1.1265, avg_ips: 85.2200.
Type : bottle Train [ Epoch 56/500 ], loss: 0.1269, avg_reader_cost: 1.0854 avg_batch_cost: 1.4282, avg_ips: 67.2179.
Type : bottle Train [ Epoch 57/500 ], loss: 0.0714, avg_reader_cost: 1.0856 avg_batch_cost: 1.4223, avg_ips: 67.4986.
Type : bottle Train [ Epoch 58/500 ], loss: 0.1519, avg_reader_cost: 1.0922 avg_batch_cost: 1.4433, avg_ips: 66.5133.
Type : bottle Train [ Epoch 59/500 ], loss: 0.0485, avg_reader_cost: 1.1031 avg_batch_cost: 1.4398, avg_ips: 66.6753.
Type : bottle Train [ Epoch 60/500 ], loss: 0.0626, avg_reader_cost: 1.0957 avg_batch_cost: 1.4375, avg_ips: 66.7848.
loading images
loaded 209 images
using density estimation GaussianDensityPaddle
Type : bottle Val [ Epoch 60/500 ] max_auc: 1.0000 roc_auc : 0.998413.
Type : bottle Train [ Epoch 61/500 ], loss: 0.1141, avg_reader_cost: 5.7772 avg_batch_cost: 5.8965, avg_ips: 16.2809.
Type : bottle Train [ Epoch 62/500 ], loss: 0.1183, avg_reader_cost: 0.0002 avg_batch_cost: 0.1021, avg_ips: 940.3017.
Type : bottle Train [ Epoch 63/500 ], loss: 0.1057, avg_reader_cost: 1.1243 avg_batch_cost: 1.4630, avg_ips: 65.6169.
Type : bottle Train [ Epoch 64/500 ], loss: 0.1469, avg_reader_cost: 1.1100 avg_batch_cost: 1.4570, avg_ips: 65.8869.
Type : bottle Train [ Epoch 65/500 ], loss: 0.1527, avg_reader_cost: 1.0859 avg_batch_cost: 1.4327, avg_ips: 67.0052.
Type : bottle Train [ Epoch 66/500 ], loss: 0.1115, avg_reader_cost: 1.0734 avg_batch_cost: 1.4076, avg_ips: 68.2014.
Type : bottle Train [ Epoch 67/500 ], loss: 0.1122, avg_reader_cost: 1.1883 avg_batch_cost: 1.5319, avg_ips: 62.6666.
Type : bottle Train [ Epoch 68/500 ], loss: 0.0726, avg_reader_cost: 1.0792 avg_batch_cost: 1.4238, avg_ips: 67.4241.
Type : bottle Train [ Epoch 69/500 ], loss: 0.1297, avg_reader_cost: 1.0752 avg_batch_cost: 1.4223, avg_ips: 67.4953.
Type : bottle Train [ Epoch 70/500 ], loss: 0.1020, avg_reader_cost: 1.0892 avg_batch_cost: 1.4333, avg_ips: 66.9761.
loading images
loaded 209 images
using density estimation GaussianDensityPaddle
Type : bottle Val [ Epoch 70/500 ] max_auc: 1.0000 roc_auc : 1.000000.
Type : bottle Train [ Epoch 71/500 ], loss: 0.1306, avg_reader_cost: 7.3896 avg_batch_cost: 7.7628, avg_ips: 12.3666.
Type : bottle Train [ Epoch 72/500 ], loss: 0.1346, avg_reader_cost: 0.0003 avg_batch_cost: 0.3455, avg_ips: 277.8440.
Type : bottle Train [ Epoch 73/500 ], loss: 0.0761, avg_reader_cost: 0.0003 avg_batch_cost: 0.3446, avg_ips: 278.5475.
Type : bottle Train [ Epoch 74/500 ], loss: 0.0932, avg_reader_cost: 0.0002 avg_batch_cost: 0.3439, avg_ips: 279.1538.
Type : bottle Train [ Epoch 75/500 ], loss: 0.1311, avg_reader_cost: 0.8215 avg_batch_cost: 1.1585, avg_ips: 82.8664.
Type : bottle Train [ Epoch 76/500 ], loss: 0.0682, avg_reader_cost: 1.1015 avg_batch_cost: 1.4443, avg_ips: 66.4679.
Type : bottle Train [ Epoch 77/500 ], loss: 0.1138, avg_reader_cost: 1.1029 avg_batch_cost: 1.4458, avg_ips: 66.3995.
Type : bottle Train [ Epoch 78/500 ], loss: 0.0810, avg_reader_cost: 1.1428 avg_batch_cost: 1.4809, avg_ips: 64.8270.
Type : bottle Train [ Epoch 79/500 ], loss: 0.1557, avg_reader_cost: 1.1623 avg_batch_cost: 1.5082, avg_ips: 63.6503.
Type : bottle Train [ Epoch 80/500 ], loss: 0.0765, avg_reader_cost: 1.1073 avg_batch_cost: 1.4574, avg_ips: 65.8725.
loading images
loaded 209 images
using density estimation GaussianDensityPaddle
Type : bottle Val [ Epoch 80/500 ] max_auc: 1.0000 roc_auc : 1.000000.
Type : bottle Train [ Epoch 81/500 ], loss: 0.0783, avg_reader_cost: 7.2934 avg_batch_cost: 7.6343, avg_ips: 12.5748.
Type : bottle Train [ Epoch 82/500 ], loss: 0.0617, avg_reader_cost: 0.0002 avg_batch_cost: 0.3323, avg_ips: 288.9215.
Type : bottle Train [ Epoch 83/500 ], loss: 0.0464, avg_reader_cost: 0.0004 avg_batch_cost: 0.3451, avg_ips: 278.1517.
Type : bottle Train [ Epoch 84/500 ], loss: 0.0585, avg_reader_cost: 0.0002 avg_batch_cost: 0.3489, avg_ips: 275.1794.
Type : bottle Train [ Epoch 85/500 ], loss: 0.0981, avg_reader_cost: 0.6933 avg_batch_cost: 1.0391, avg_ips: 92.3848.
Type : bottle Train [ Epoch 86/500 ], loss: 0.0919, avg_reader_cost: 1.0929 avg_batch_cost: 1.4402, avg_ips: 66.6586.
Type : bottle Train [ Epoch 87/500 ], loss: 0.0768, avg_reader_cost: 1.0921 avg_batch_cost: 1.4380, avg_ips: 66.7585.
Type : bottle Train [ Epoch 88/500 ], loss: 0.0485, avg_reader_cost: 1.0914 avg_batch_cost: 1.4400, avg_ips: 66.6644.
Type : bottle Train [ Epoch 89/500 ], loss: 0.0777, avg_reader_cost: 1.0891 avg_batch_cost: 1.4356, avg_ips: 66.8723.
Type : bottle Train [ Epoch 90/500 ], loss: 0.1101, avg_reader_cost: 1.0884 avg_batch_cost: 1.4259, avg_ips: 67.3239.
loading images
loaded 209 images
using density estimation GaussianDensityPaddle
Type : bottle Val [ Epoch 90/500 ] max_auc: 1.0000 roc_auc : 0.997619.
Type : bottle Train [ Epoch 91/500 ], loss: 0.1281, avg_reader_cost: 6.1764 avg_batch_cost: 6.3055, avg_ips: 15.2248.
Type : bottle Train [ Epoch 92/500 ], loss: 0.0510, avg_reader_cost: 0.0003 avg_batch_cost: 0.1038, avg_ips: 924.7955.
Type : bottle Train [ Epoch 93/500 ], loss: 0.0552, avg_reader_cost: 0.0003 avg_batch_cost: 0.1030, avg_ips: 932.3870.
Type : bottle Train [ Epoch 94/500 ], loss: 0.0970, avg_reader_cost: 1.1669 avg_batch_cost: 1.5151, avg_ips: 63.3642.
Type : bottle Train [ Epoch 95/500 ], loss: 0.0705, avg_reader_cost: 1.1048 avg_batch_cost: 1.4420, avg_ips: 66.5721.
Type : bottle Train [ Epoch 96/500 ], loss: 0.0763, avg_reader_cost: 1.1437 avg_batch_cost: 1.4837, avg_ips: 64.7042.
Type : bottle Train [ Epoch 97/500 ], loss: 0.0943, avg_reader_cost: 1.1324 avg_batch_cost: 1.4754, avg_ips: 65.0680.
Type : bottle Train [ Epoch 98/500 ], loss: 0.0750, avg_reader_cost: 1.1082 avg_batch_cost: 1.4474, avg_ips: 66.3244.
Type : bottle Train [ Epoch 99/500 ], loss: 0.1043, avg_reader_cost: 1.0948 avg_batch_cost: 1.4417, avg_ips: 66.5897.
Type : bottle Train [ Epoch 100/500 ], loss: 0.0422, avg_reader_cost: 1.1136 avg_batch_cost: 1.4487, avg_ips: 66.2678.
loading images
loaded 209 images
using density estimation GaussianDensityPaddle
Type : bottle Val [ Epoch 100/500 ] max_auc: 1.0000 roc_auc : 0.997619.
Type : bottle Train [ Epoch 101/500 ], loss: 0.0874, avg_reader_cost: 6.5486 avg_batch_cost: 7.0510, avg_ips: 13.6150.
Type : bottle Train [ Epoch 102/500 ], loss: 0.0916, avg_reader_cost: 0.0003 avg_batch_cost: 0.3436, avg_ips: 279.3931.
Type : bottle Train [ Epoch 103/500 ], loss: 0.0773, avg_reader_cost: 0.0002 avg_batch_cost: 0.3425, avg_ips: 280.3053.
Type : bottle Train [ Epoch 104/500 ], loss: 0.0500, avg_reader_cost: 0.0837 avg_batch_cost: 0.4285, avg_ips: 224.0467.
Type : bottle Train [ Epoch 105/500 ], loss: 0.1107, avg_reader_cost: 1.0914 avg_batch_cost: 1.4340, avg_ips: 66.9460.
Type : bottle Train [ Epoch 106/500 ], loss: 0.1184, avg_reader_cost: 1.0882 avg_batch_cost: 1.4323, avg_ips: 67.0249.
Type : bottle Train [ Epoch 107/500 ], loss: 0.0919, avg_reader_cost: 1.0872 avg_batch_cost: 1.4325, avg_ips: 67.0155.
Type : bottle Train [ Epoch 108/500 ], loss: 0.0847, avg_reader_cost: 1.0999 avg_batch_cost: 1.4457, avg_ips: 66.4037.
Type : bottle Train [ Epoch 109/500 ], loss: 0.0949, avg_reader_cost: 1.1073 avg_batch_cost: 1.4541, avg_ips: 66.0191.
Type : bottle Train [ Epoch 110/500 ], loss: 0.0482, avg_reader_cost: 1.0912 avg_batch_cost: 1.4388, avg_ips: 66.7204.
loading images
loaded 209 images
using density estimation GaussianDensityPaddle
Type : bottle Val [ Epoch 110/500 ] max_auc: 1.0000 roc_auc : 0.998413.
Type : bottle Train [ Epoch 111/500 ], loss: 0.0856, avg_reader_cost: 6.6213 avg_batch_cost: 7.0428, avg_ips: 13.6310.
Type : bottle Train [ Epoch 112/500 ], loss: 0.0683, avg_reader_cost: 0.0003 avg_batch_cost: 0.1146, avg_ips: 837.7020.
Type : bottle Train [ Epoch 113/500 ], loss: 0.0740, avg_reader_cost: 0.0004 avg_batch_cost: 0.3385, avg_ips: 283.5855.
Type : bottle Train [ Epoch 114/500 ], loss: 0.0620, avg_reader_cost: 0.1005 avg_batch_cost: 0.4491, avg_ips: 213.7675.
Type : bottle Train [ Epoch 115/500 ], loss: 0.0956, avg_reader_cost: 1.1052 avg_batch_cost: 1.4472, avg_ips: 66.3358.
Type : bottle Train [ Epoch 116/500 ], loss: 0.0650, avg_reader_cost: 1.1222 avg_batch_cost: 1.4652, avg_ips: 65.5198.
Type : bottle Train [ Epoch 117/500 ], loss: 0.0463, avg_reader_cost: 1.0925 avg_batch_cost: 1.4344, avg_ips: 66.9260.
Type : bottle Train [ Epoch 118/500 ], loss: 0.0599, avg_reader_cost: 1.1152 avg_batch_cost: 1.4484, avg_ips: 66.2819.
Type : bottle Train [ Epoch 119/500 ], loss: 0.0931, avg_reader_cost: 1.1119 avg_batch_cost: 1.4566, avg_ips: 65.9069.
Type : bottle Train [ Epoch 120/500 ], loss: 0.0606, avg_reader_cost: 1.1153 avg_batch_cost: 1.4628, avg_ips: 65.6253.
loading images
loaded 209 images
using density estimation GaussianDensityPaddle
Type : bottle Val [ Epoch 120/500 ] max_auc: 1.0000 roc_auc : 0.998413.
Type : bottle Train [ Epoch 121/500 ], loss: 0.0677, avg_reader_cost: 6.6530 avg_batch_cost: 7.0828, avg_ips: 13.5540.
Type : bottle Train [ Epoch 122/500 ], loss: 0.0871, avg_reader_cost: 0.0003 avg_batch_cost: 0.3454, avg_ips: 277.9535.
Type : bottle Train [ Epoch 123/500 ], loss: 0.0811, avg_reader_cost: 0.0002 avg_batch_cost: 0.3452, avg_ips: 278.1046.
Type : bottle Train [ Epoch 124/500 ], loss: 0.1061, avg_reader_cost: 0.0567 avg_batch_cost: 0.1601, avg_ips: 599.6190.
Type : bottle Train [ Epoch 125/500 ], loss: 0.1104, avg_reader_cost: 1.1437 avg_batch_cost: 1.4876, avg_ips: 64.5327.
Type : bottle Train [ Epoch 126/500 ], loss: 0.0734, avg_reader_cost: 1.0896 avg_batch_cost: 1.4331, avg_ips: 66.9886.
Type : bottle Train [ Epoch 127/500 ], loss: 0.0893, avg_reader_cost: 1.0900 avg_batch_cost: 1.4371, avg_ips: 66.8025.
Type : bottle Train [ Epoch 128/500 ], loss: 0.0646, avg_reader_cost: 1.1107 avg_batch_cost: 1.4533, avg_ips: 66.0556.
Type : bottle Train [ Epoch 129/500 ], loss: 0.0830, avg_reader_cost: 1.1234 avg_batch_cost: 1.4666, avg_ips: 65.4592.
Type : bottle Train [ Epoch 130/500 ], loss: 0.0969, avg_reader_cost: 1.0952 avg_batch_cost: 1.2400, avg_ips: 77.4180.
loading images
loaded 209 images
using density estimation GaussianDensityPaddle
Type : bottle Val [ Epoch 130/500 ] max_auc: 1.0000 roc_auc : 0.998413.
Type : bottle Train [ Epoch 131/500 ], loss: 0.0562, avg_reader_cost: 6.6796 avg_batch_cost: 7.0911, avg_ips: 13.5380.
Type : bottle Train [ Epoch 132/500 ], loss: 0.0663, avg_reader_cost: 0.0003 avg_batch_cost: 0.3519, avg_ips: 272.8141.
Type : bottle Train [ Epoch 133/500 ], loss: 0.0540, avg_reader_cost: 0.0003 avg_batch_cost: 0.3492, avg_ips: 274.8824.
Type : bottle Train [ Epoch 134/500 ], loss: 0.0847, avg_reader_cost: 0.0699 avg_batch_cost: 0.4204, avg_ips: 228.3584.
Type : bottle Train [ Epoch 135/500 ], loss: 0.0720, avg_reader_cost: 1.0881 avg_batch_cost: 1.4399, avg_ips: 66.6700.
Type : bottle Train [ Epoch 136/500 ], loss: 0.0851, avg_reader_cost: 1.0918 avg_batch_cost: 1.4433, avg_ips: 66.5121.
Type : bottle Train [ Epoch 137/500 ], loss: 0.0831, avg_reader_cost: 1.0918 avg_batch_cost: 1.4455, avg_ips: 66.4134.
Type : bottle Train [ Epoch 138/500 ], loss: 0.0665, avg_reader_cost: 1.1034 avg_batch_cost: 1.4490, avg_ips: 66.2527.
Type : bottle Train [ Epoch 139/500 ], loss: 0.0600, avg_reader_cost: 1.0940 avg_batch_cost: 1.4397, avg_ips: 66.6796.
Type : bottle Train [ Epoch 140/500 ], loss: 0.0703, avg_reader_cost: 1.0934 avg_batch_cost: 1.4271, avg_ips: 67.2689.
loading images
loaded 209 images
using density estimation GaussianDensityPaddle
Type : bottle Val [ Epoch 140/500 ] max_auc: 1.0000 roc_auc : 0.997619.
Type : bottle Train [ Epoch 141/500 ], loss: 0.1355, avg_reader_cost: 6.5170 avg_batch_cost: 6.9061, avg_ips: 13.9007.
Type : bottle Train [ Epoch 142/500 ], loss: 0.0757, avg_reader_cost: 0.0006 avg_batch_cost: 0.3451, avg_ips: 278.1928.
Type : bottle Train [ Epoch 143/500 ], loss: 0.1312, avg_reader_cost: 0.0003 avg_batch_cost: 0.3467, avg_ips: 276.9117.
Type : bottle Train [ Epoch 144/500 ], loss: 0.0534, avg_reader_cost: 0.0940 avg_batch_cost: 0.4397, avg_ips: 218.3080.
Type : bottle Train [ Epoch 145/500 ], loss: 0.1198, avg_reader_cost: 1.1027 avg_batch_cost: 1.4509, avg_ips: 66.1660.
Type : bottle Train [ Epoch 146/500 ], loss: 0.0690, avg_reader_cost: 1.1068 avg_batch_cost: 1.4516, avg_ips: 66.1339.
Type : bottle Train [ Epoch 147/500 ], loss: 0.1098, avg_reader_cost: 1.0943 avg_batch_cost: 1.4391, avg_ips: 66.7076.
Type : bottle Train [ Epoch 148/500 ], loss: 0.1478, avg_reader_cost: 1.0957 avg_batch_cost: 1.4326, avg_ips: 67.0120.
Type : bottle Train [ Epoch 149/500 ], loss: 0.1182, avg_reader_cost: 1.1030 avg_batch_cost: 1.4501, avg_ips: 66.2032.
Type : bottle Train [ Epoch 150/500 ], loss: 0.0554, avg_reader_cost: 1.0843 avg_batch_cost: 1.4293, avg_ips: 67.1672.
loading images
loaded 209 images
using density estimation GaussianDensityPaddle
Type : bottle Val [ Epoch 150/500 ] max_auc: 1.0000 roc_auc : 1.000000.
Type : bottle Train [ Epoch 151/500 ], loss: 0.0882, avg_reader_cost: 7.3550 avg_batch_cost: 7.7002, avg_ips: 12.4673.
Type : bottle Train [ Epoch 152/500 ], loss: 0.0907, avg_reader_cost: 0.0003 avg_batch_cost: 0.3478, avg_ips: 276.0385.
Type : bottle Train [ Epoch 153/500 ], loss: 0.1174, avg_reader_cost: 0.0003 avg_batch_cost: 0.3449, avg_ips: 278.3557.
Type : bottle Train [ Epoch 154/500 ], loss: 0.0590, avg_reader_cost: 0.0003 avg_batch_cost: 0.3444, avg_ips: 278.7430.
Type : bottle Train [ Epoch 155/500 ], loss: 0.0597, avg_reader_cost: 0.5934 avg_batch_cost: 0.6969, avg_ips: 137.7495.
Type : bottle Train [ Epoch 156/500 ], loss: 0.1032, avg_reader_cost: 1.1336 avg_batch_cost: 1.4820, avg_ips: 64.7775.
Type : bottle Train [ Epoch 157/500 ], loss: 0.0869, avg_reader_cost: 1.0842 avg_batch_cost: 1.4303, avg_ips: 67.1180.
Type : bottle Train [ Epoch 158/500 ], loss: 0.0724, avg_reader_cost: 1.0907 avg_batch_cost: 1.4278, avg_ips: 67.2361.
Type : bottle Train [ Epoch 159/500 ], loss: 0.0610, avg_reader_cost: 1.1009 avg_batch_cost: 1.4821, avg_ips: 64.7720.
Type : bottle Train [ Epoch 160/500 ], loss: 0.0750, avg_reader_cost: 1.0590 avg_batch_cost: 1.4074, avg_ips: 68.2086.
loading images
loaded 209 images
using density estimation GaussianDensityPaddle
Type : bottle Val [ Epoch 160/500 ] max_auc: 1.0000 roc_auc : 0.998413.
Type : bottle Train [ Epoch 161/500 ], loss: 0.0807, avg_reader_cost: 6.5348 avg_batch_cost: 6.8999, avg_ips: 13.9132.
Type : bottle Train [ Epoch 162/500 ], loss: 0.1166, avg_reader_cost: 0.0003 avg_batch_cost: 0.3454, avg_ips: 277.9587.
Type : bottle Train [ Epoch 163/500 ], loss: 0.0707, avg_reader_cost: 0.0002 avg_batch_cost: 0.3462, avg_ips: 277.3132.
Type : bottle Train [ Epoch 164/500 ], loss: 0.0437, avg_reader_cost: 0.0233 avg_batch_cost: 0.3682, avg_ips: 260.7449.
Type : bottle Train [ Epoch 165/500 ], loss: 0.0651, avg_reader_cost: 1.1686 avg_batch_cost: 1.5139, avg_ips: 63.4133.
Type : bottle Train [ Epoch 166/500 ], loss: 0.0736, avg_reader_cost: 1.1349 avg_batch_cost: 1.4776, avg_ips: 64.9715.
Type : bottle Train [ Epoch 167/500 ], loss: 0.0602, avg_reader_cost: 1.1066 avg_batch_cost: 1.4545, avg_ips: 66.0022.
Type : bottle Train [ Epoch 168/500 ], loss: 0.1168, avg_reader_cost: 1.1145 avg_batch_cost: 1.4616, avg_ips: 65.6814.
Type : bottle Train [ Epoch 169/500 ], loss: 0.0640, avg_reader_cost: 1.1271 avg_batch_cost: 1.4741, avg_ips: 65.1248.
Type : bottle Train [ Epoch 170/500 ], loss: 0.1469, avg_reader_cost: 1.1029 avg_batch_cost: 1.4488, avg_ips: 66.2600.
loading images
loaded 209 images
using density estimation GaussianDensityPaddle
Type : bottle Val [ Epoch 170/500 ] max_auc: 1.0000 roc_auc : 0.996032.
Type : bottle Train [ Epoch 171/500 ], loss: 0.0716, avg_reader_cost: 6.6380 avg_batch_cost: 6.9997, avg_ips: 13.7149.
Type : bottle Train [ Epoch 172/500 ], loss: 0.0640, avg_reader_cost: 0.0003 avg_batch_cost: 0.3398, avg_ips: 282.5591.
Type : bottle Train [ Epoch 173/500 ], loss: 0.0404, avg_reader_cost: 0.0006 avg_batch_cost: 0.2902, avg_ips: 330.8417.
Type : bottle Train [ Epoch 174/500 ], loss: 0.0813, avg_reader_cost: 0.0233 avg_batch_cost: 0.3716, avg_ips: 258.3633.
Type : bottle Train [ Epoch 175/500 ], loss: 0.0775, avg_reader_cost: 1.1232 avg_batch_cost: 1.4735, avg_ips: 65.1520.
Type : bottle Train [ Epoch 176/500 ], loss: 0.0382, avg_reader_cost: 1.0858 avg_batch_cost: 1.4353, avg_ips: 66.8873.
Type : bottle Train [ Epoch 177/500 ], loss: 0.0611, avg_reader_cost: 1.1070 avg_batch_cost: 1.4455, avg_ips: 66.4150.
Type : bottle Train [ Epoch 178/500 ], loss: 0.0729, avg_reader_cost: 1.1098 avg_batch_cost: 1.4587, avg_ips: 65.8098.
Type : bottle Train [ Epoch 179/500 ], loss: 0.0929, avg_reader_cost: 1.1109 avg_batch_cost: 1.4552, avg_ips: 65.9682.
Type : bottle Train [ Epoch 180/500 ], loss: 0.0998, avg_reader_cost: 1.1046 avg_batch_cost: 1.4519, avg_ips: 66.1205.
loading images
loaded 209 images
using density estimation GaussianDensityPaddle
Type : bottle Val [ Epoch 180/500 ] max_auc: 1.0000 roc_auc : 0.994444.
Type : bottle Train [ Epoch 181/500 ], loss: 0.0647, avg_reader_cost: 7.1687 avg_batch_cost: 7.5273, avg_ips: 12.7536.
Type : bottle Train [ Epoch 182/500 ], loss: 0.0494, avg_reader_cost: 0.0003 avg_batch_cost: 0.3456, avg_ips: 277.7714.
Type : bottle Train [ Epoch 183/500 ], loss: 0.0407, avg_reader_cost: 0.0003 avg_batch_cost: 0.3479, avg_ips: 275.9223.
Type : bottle Train [ Epoch 184/500 ], loss: 0.0679, avg_reader_cost: 0.0002 avg_batch_cost: 0.3439, avg_ips: 279.1531.
Type : bottle Train [ Epoch 185/500 ], loss: 0.0536, avg_reader_cost: 1.0918 avg_batch_cost: 1.4408, avg_ips: 66.6274.
Type : bottle Train [ Epoch 186/500 ], loss: 0.1031, avg_reader_cost: 1.0884 avg_batch_cost: 1.1925, avg_ips: 80.5032.
Type : bottle Train [ Epoch 187/500 ], loss: 0.1137, avg_reader_cost: 1.1464 avg_batch_cost: 1.4960, avg_ips: 64.1712.
Type : bottle Train [ Epoch 188/500 ], loss: 0.0648, avg_reader_cost: 1.0865 avg_batch_cost: 1.4333, avg_ips: 66.9794.
Type : bottle Train [ Epoch 189/500 ], loss: 0.0460, avg_reader_cost: 1.0789 avg_batch_cost: 1.4217, avg_ips: 67.5253.
Type : bottle Train [ Epoch 190/500 ], loss: 0.0553, avg_reader_cost: 1.0828 avg_batch_cost: 1.4236, avg_ips: 67.4324.
loading images
loaded 209 images
using density estimation GaussianDensityPaddle
Type : bottle Val [ Epoch 190/500 ] max_auc: 1.0000 roc_auc : 0.996825.
Type : bottle Train [ Epoch 191/500 ], loss: 0.0340, avg_reader_cost: 6.6740 avg_batch_cost: 7.0055, avg_ips: 13.7035.
Type : bottle Train [ Epoch 192/500 ], loss: 0.0402, avg_reader_cost: 0.0005 avg_batch_cost: 0.3480, avg_ips: 275.8669.
Type : bottle Train [ Epoch 193/500 ], loss: 0.0639, avg_reader_cost: 0.0012 avg_batch_cost: 0.3496, avg_ips: 274.6057.
Type : bottle Train [ Epoch 194/500 ], loss: 0.0694, avg_reader_cost: 0.0002 avg_batch_cost: 0.3458, avg_ips: 277.6072.
Type : bottle Train [ Epoch 195/500 ], loss: 0.0676, avg_reader_cost: 1.0702 avg_batch_cost: 1.4152, avg_ips: 67.8360.
Type : bottle Train [ Epoch 196/500 ], loss: 0.0431, avg_reader_cost: 1.0762 avg_batch_cost: 1.4200, avg_ips: 67.6049.
Type : bottle Train [ Epoch 197/500 ], loss: 0.0441, avg_reader_cost: 1.0828 avg_batch_cost: 1.4266, avg_ips: 67.2950.
Type : bottle Train [ Epoch 198/500 ], loss: 0.0674, avg_reader_cost: 1.0838 avg_batch_cost: 1.4242, avg_ips: 67.4081.
Type : bottle Train [ Epoch 199/500 ], loss: 0.0503, avg_reader_cost: 1.0828 avg_batch_cost: 1.4285, avg_ips: 67.2039.
Type : bottle Train [ Epoch 200/500 ], loss: 0.0651, avg_reader_cost: 1.0777 avg_batch_cost: 1.4228, avg_ips: 67.4735.
loading images
loaded 209 images
using density estimation GaussianDensityPaddle
Type : bottle Val [ Epoch 200/500 ] max_auc: 1.0000 roc_auc : 0.997619.
Type : bottle Train [ Epoch 201/500 ], loss: 0.0706, avg_reader_cost: 6.7840 avg_batch_cost: 7.1995, avg_ips: 13.3343.
Type : bottle Train [ Epoch 202/500 ], loss: 0.0440, avg_reader_cost: 0.0003 avg_batch_cost: 0.3490, avg_ips: 275.0748.
Type : bottle Train [ Epoch 203/500 ], loss: 0.0585, avg_reader_cost: 0.0003 avg_batch_cost: 0.3488, avg_ips: 275.2591.
Type : bottle Train [ Epoch 204/500 ], loss: 0.0873, avg_reader_cost: 0.0003 avg_batch_cost: 0.3461, avg_ips: 277.3437.
Type : bottle Train [ Epoch 205/500 ], loss: 0.0720, avg_reader_cost: 1.0461 avg_batch_cost: 1.3898, avg_ips: 69.0753.
Type : bottle Train [ Epoch 206/500 ], loss: 0.0446, avg_reader_cost: 1.0896 avg_batch_cost: 1.4366, avg_ips: 66.8267.
Type : bottle Train [ Epoch 207/500 ], loss: 0.0816, avg_reader_cost: 1.0990 avg_batch_cost: 1.4473, avg_ips: 66.3290.
Type : bottle Train [ Epoch 208/500 ], loss: 0.1093, avg_reader_cost: 1.0953 avg_batch_cost: 1.4411, avg_ips: 66.6162.
Type : bottle Train [ Epoch 209/500 ], loss: 0.0729, avg_reader_cost: 1.0778 avg_batch_cost: 1.4247, avg_ips: 67.3835.
Type : bottle Train [ Epoch 210/500 ], loss: 0.1028, avg_reader_cost: 1.0872 avg_batch_cost: 1.4315, avg_ips: 67.0637.
loading images
loaded 209 images
using density estimation GaussianDensityPaddle
Type : bottle Val [ Epoch 210/500 ] max_auc: 1.0000 roc_auc : 0.997619.
Type : bottle Train [ Epoch 211/500 ], loss: 0.0454, avg_reader_cost: 6.5654 avg_batch_cost: 6.9068, avg_ips: 13.8994.
Type : bottle Train [ Epoch 212/500 ], loss: 0.0793, avg_reader_cost: 0.0005 avg_batch_cost: 0.3448, avg_ips: 278.4123.
Type : bottle Train [ Epoch 213/500 ], loss: 0.0718, avg_reader_cost: 0.0002 avg_batch_cost: 0.3457, avg_ips: 277.6639.
Type : bottle Train [ Epoch 214/500 ], loss: 0.1030, avg_reader_cost: 0.1193 avg_batch_cost: 0.4547, avg_ips: 211.1479.
Type : bottle Train [ Epoch 215/500 ], loss: 0.0646, avg_reader_cost: 1.0920 avg_batch_cost: 1.4302, avg_ips: 67.1212.
Type : bottle Train [ Epoch 216/500 ], loss: 0.0388, avg_reader_cost: 1.0933 avg_batch_cost: 1.4389, avg_ips: 66.7157.
Type : bottle Train [ Epoch 217/500 ], loss: 0.0994, avg_reader_cost: 1.0810 avg_batch_cost: 1.1846, avg_ips: 81.0412.
Type : bottle Train [ Epoch 218/500 ], loss: 0.0398, avg_reader_cost: 1.1546 avg_batch_cost: 1.4978, avg_ips: 64.0955.
Type : bottle Train [ Epoch 219/500 ], loss: 0.0403, avg_reader_cost: 1.0923 avg_batch_cost: 1.4422, avg_ips: 66.5670.
Type : bottle Train [ Epoch 220/500 ], loss: 0.0914, avg_reader_cost: 1.1014 avg_batch_cost: 1.2458, avg_ips: 77.0585.
loading images
loaded 209 images
using density estimation GaussianDensityPaddle
Type : bottle Val [ Epoch 220/500 ] max_auc: 1.0000 roc_auc : 0.999206.
Type : bottle Train [ Epoch 221/500 ], loss: 0.0864, avg_reader_cost: 6.7540 avg_batch_cost: 7.1684, avg_ips: 13.3920.
Type : bottle Train [ Epoch 222/500 ], loss: 0.0598, avg_reader_cost: 0.0003 avg_batch_cost: 0.2684, avg_ips: 357.6453.
Type : bottle Train [ Epoch 223/500 ], loss: 0.0810, avg_reader_cost: 0.0006 avg_batch_cost: 0.3442, avg_ips: 278.8942.
Type : bottle Train [ Epoch 224/500 ], loss: 0.1079, avg_reader_cost: 0.1036 avg_batch_cost: 0.4401, avg_ips: 218.1124.
Type : bottle Train [ Epoch 225/500 ], loss: 0.0494, avg_reader_cost: 1.0869 avg_batch_cost: 1.4294, avg_ips: 67.1588.
Type : bottle Train [ Epoch 226/500 ], loss: 0.0564, avg_reader_cost: 1.0782 avg_batch_cost: 1.4234, avg_ips: 67.4444.
Type : bottle Train [ Epoch 227/500 ], loss: 0.0804, avg_reader_cost: 1.0742 avg_batch_cost: 1.4198, avg_ips: 67.6166.
Type : bottle Train [ Epoch 228/500 ], loss: 0.0654, avg_reader_cost: 1.0764 avg_batch_cost: 1.4216, avg_ips: 67.5281.
Type : bottle Train [ Epoch 229/500 ], loss: 0.0635, avg_reader_cost: 1.0804 avg_batch_cost: 1.4279, avg_ips: 67.2317.
Type : bottle Train [ Epoch 230/500 ], loss: 0.0543, avg_reader_cost: 1.0904 avg_batch_cost: 1.4386, avg_ips: 66.7305.
loading images
loaded 209 images
using density estimation GaussianDensityPaddle
Type : bottle Val [ Epoch 230/500 ] max_auc: 1.0000 roc_auc : 0.995238.
Type : bottle Train [ Epoch 231/500 ], loss: 0.0527, avg_reader_cost: 6.6817 avg_batch_cost: 7.1083, avg_ips: 13.5053.
Type : bottle Train [ Epoch 232/500 ], loss: 0.0478, avg_reader_cost: 0.0002 avg_batch_cost: 0.3447, avg_ips: 278.5066.
Type : bottle Train [ Epoch 233/500 ], loss: 0.0320, avg_reader_cost: 0.0002 avg_batch_cost: 0.3448, avg_ips: 278.4591.
Type : bottle Train [ Epoch 234/500 ], loss: 0.0790, avg_reader_cost: 0.1505 avg_batch_cost: 0.4917, avg_ips: 195.2566.
Type : bottle Train [ Epoch 235/500 ], loss: 0.0356, avg_reader_cost: 1.1002 avg_batch_cost: 1.4423, avg_ips: 66.5626.
Type : bottle Train [ Epoch 236/500 ], loss: 0.0880, avg_reader_cost: 1.0908 avg_batch_cost: 1.4343, avg_ips: 66.9335.
Type : bottle Train [ Epoch 237/500 ], loss: 0.0633, avg_reader_cost: 1.0937 avg_batch_cost: 1.4377, avg_ips: 66.7731.
Type : bottle Train [ Epoch 238/500 ], loss: 0.0625, avg_reader_cost: 1.1036 avg_batch_cost: 1.4436, avg_ips: 66.5008.
Type : bottle Train [ Epoch 239/500 ], loss: 0.0249, avg_reader_cost: 1.1890 avg_batch_cost: 1.5327, avg_ips: 62.6339.
Type : bottle Train [ Epoch 240/500 ], loss: 0.0354, avg_reader_cost: 1.1373 avg_batch_cost: 1.4820, avg_ips: 64.7793.
loading images
loaded 209 images
using density estimation GaussianDensityPaddle
Type : bottle Val [ Epoch 240/500 ] max_auc: 1.0000 roc_auc : 0.991270.
Type : bottle Train [ Epoch 241/500 ], loss: 0.0767, avg_reader_cost: 7.0096 avg_batch_cost: 7.3602, avg_ips: 13.0431.
Type : bottle Train [ Epoch 242/500 ], loss: 0.0935, avg_reader_cost: 0.0003 avg_batch_cost: 0.3471, avg_ips: 276.5659.
Type : bottle Train [ Epoch 243/500 ], loss: 0.0641, avg_reader_cost: 0.0002 avg_batch_cost: 0.3446, avg_ips: 278.5768.
Type : bottle Train [ Epoch 244/500 ], loss: 0.0354, avg_reader_cost: 0.1304 avg_batch_cost: 0.4804, avg_ips: 199.8297.
Type : bottle Train [ Epoch 245/500 ], loss: 0.0740, avg_reader_cost: 1.0958 avg_batch_cost: 1.4400, avg_ips: 66.6647.
Type : bottle Train [ Epoch 246/500 ], loss: 0.0790, avg_reader_cost: 1.1168 avg_batch_cost: 1.4656, avg_ips: 65.5032.
Type : bottle Train [ Epoch 247/500 ], loss: 0.0819, avg_reader_cost: 1.0976 avg_batch_cost: 1.4445, avg_ips: 66.4612.
Type : bottle Train [ Epoch 248/500 ], loss: 0.1155, avg_reader_cost: 1.1242 avg_batch_cost: 1.2290, avg_ips: 78.1141.
Type : bottle Train [ Epoch 249/500 ], loss: 0.1031, avg_reader_cost: 1.1370 avg_batch_cost: 1.4803, avg_ips: 64.8516.
Type : bottle Train [ Epoch 250/500 ], loss: 0.0616, avg_reader_cost: 1.0884 avg_batch_cost: 1.4332, avg_ips: 66.9834.
loading images
loaded 209 images
using density estimation GaussianDensityPaddle
Type : bottle Val [ Epoch 250/500 ] max_auc: 1.0000 roc_auc : 0.997619.
Type : bottle Train [ Epoch 251/500 ], loss: 0.0520, avg_reader_cost: 6.5608 avg_batch_cost: 6.9386, avg_ips: 13.8357.
Type : bottle Train [ Epoch 252/500 ], loss: 0.0821, avg_reader_cost: 0.0006 avg_batch_cost: 0.3469, avg_ips: 276.7096.
Type : bottle Train [ Epoch 253/500 ], loss: 0.0947, avg_reader_cost: 0.0003 avg_batch_cost: 0.3457, avg_ips: 277.7351.
Type : bottle Train [ Epoch 254/500 ], loss: 0.0573, avg_reader_cost: 0.0003 avg_batch_cost: 0.3447, avg_ips: 278.4739.
Type : bottle Train [ Epoch 255/500 ], loss: 0.0131, avg_reader_cost: 1.0895 avg_batch_cost: 1.4317, avg_ips: 67.0522.
Type : bottle Train [ Epoch 256/500 ], loss: 0.0616, avg_reader_cost: 1.0777 avg_batch_cost: 1.4243, avg_ips: 67.4001.
Type : bottle Train [ Epoch 257/500 ], loss: 0.0201, avg_reader_cost: 1.0998 avg_batch_cost: 1.4455, avg_ips: 66.4129.
Type : bottle Train [ Epoch 258/500 ], loss: 0.0351, avg_reader_cost: 1.0997 avg_batch_cost: 1.4566, avg_ips: 65.9060.
Type : bottle Train [ Epoch 259/500 ], loss: 0.0539, avg_reader_cost: 1.0815 avg_batch_cost: 1.4280, avg_ips: 67.2257.
Type : bottle Train [ Epoch 260/500 ], loss: 0.0770, avg_reader_cost: 1.0867 avg_batch_cost: 1.4313, avg_ips: 67.0737.
loading images
loaded 209 images
using density estimation GaussianDensityPaddle
Type : bottle Val [ Epoch 260/500 ] max_auc: 1.0000 roc_auc : 0.990476.
Type : bottle Train [ Epoch 261/500 ], loss: 0.0400, avg_reader_cost: 6.4723 avg_batch_cost: 6.8830, avg_ips: 13.9474.
Type : bottle Train [ Epoch 262/500 ], loss: 0.0363, avg_reader_cost: 0.0003 avg_batch_cost: 0.3492, avg_ips: 274.9481.
Type : bottle Train [ Epoch 263/500 ], loss: 0.0772, avg_reader_cost: 0.0003 avg_batch_cost: 0.3469, avg_ips: 276.7480.
Type : bottle Train [ Epoch 264/500 ], loss: 0.0375, avg_reader_cost: 0.0573 avg_batch_cost: 0.3922, avg_ips: 244.7441.
Type : bottle Train [ Epoch 265/500 ], loss: 0.1040, avg_reader_cost: 1.1014 avg_batch_cost: 1.4500, avg_ips: 66.2086.
Type : bottle Train [ Epoch 266/500 ], loss: 0.1107, avg_reader_cost: 1.1160 avg_batch_cost: 1.4612, avg_ips: 65.6997.
Type : bottle Train [ Epoch 267/500 ], loss: 0.1348, avg_reader_cost: 1.0969 avg_batch_cost: 1.4359, avg_ips: 66.8580.
Type : bottle Train [ Epoch 268/500 ], loss: 0.0904, avg_reader_cost: 1.1645 avg_batch_cost: 1.5085, avg_ips: 63.6407.
Type : bottle Train [ Epoch 269/500 ], loss: 0.0563, avg_reader_cost: 1.0955 avg_batch_cost: 1.4394, avg_ips: 66.6946.
Type : bottle Train [ Epoch 270/500 ], loss: 0.0838, avg_reader_cost: 1.0924 avg_batch_cost: 1.4407, avg_ips: 66.6328.
loading images
loaded 209 images
using density estimation GaussianDensityPaddle
Type : bottle Val [ Epoch 270/500 ] max_auc: 1.0000 roc_auc : 0.996032.
Type : bottle Train [ Epoch 271/500 ], loss: 0.1034, avg_reader_cost: 6.7525 avg_batch_cost: 7.1803, avg_ips: 13.3699.
Type : bottle Train [ Epoch 272/500 ], loss: 0.0474, avg_reader_cost: 0.0003 avg_batch_cost: 0.3435, avg_ips: 279.4807.
Type : bottle Train [ Epoch 273/500 ], loss: 0.0975, avg_reader_cost: 0.0002 avg_batch_cost: 0.3477, avg_ips: 276.0869.
Type : bottle Train [ Epoch 274/500 ], loss: 0.0500, avg_reader_cost: 0.0011 avg_batch_cost: 0.3463, avg_ips: 277.2555.
Type : bottle Train [ Epoch 275/500 ], loss: 0.1005, avg_reader_cost: 1.0873 avg_batch_cost: 1.4353, avg_ips: 66.8866.
Type : bottle Train [ Epoch 276/500 ], loss: 0.0491, avg_reader_cost: 1.0982 avg_batch_cost: 1.4442, avg_ips: 66.4708.
Type : bottle Train [ Epoch 277/500 ], loss: 0.0669, avg_reader_cost: 1.0866 avg_batch_cost: 1.4342, avg_ips: 66.9353.
Type : bottle Train [ Epoch 278/500 ], loss: 0.0685, avg_reader_cost: 1.0809 avg_batch_cost: 1.4301, avg_ips: 67.1290.
Type : bottle Train [ Epoch 279/500 ], loss: 0.0524, avg_reader_cost: 1.0693 avg_batch_cost: 1.1740, avg_ips: 81.7736.
Type : bottle Train [ Epoch 280/500 ], loss: 0.0415, avg_reader_cost: 1.1313 avg_batch_cost: 1.4785, avg_ips: 64.9317.
loading images
loaded 209 images
using density estimation GaussianDensityPaddle
Type : bottle Val [ Epoch 280/500 ] max_auc: 1.0000 roc_auc : 0.996825.
Type : bottle Train [ Epoch 281/500 ], loss: 0.0524, avg_reader_cost: 6.7210 avg_batch_cost: 7.1625, avg_ips: 13.4032.
Type : bottle Train [ Epoch 282/500 ], loss: 0.0444, avg_reader_cost: 0.0002 avg_batch_cost: 0.3462, avg_ips: 277.2891.
Type : bottle Train [ Epoch 283/500 ], loss: 0.0623, avg_reader_cost: 0.0002 avg_batch_cost: 0.3419, avg_ips: 280.8118.
Type : bottle Train [ Epoch 284/500 ], loss: 0.0810, avg_reader_cost: 0.0602 avg_batch_cost: 0.4004, avg_ips: 239.7670.
Type : bottle Train [ Epoch 285/500 ], loss: 0.0483, avg_reader_cost: 1.1109 avg_batch_cost: 1.4594, avg_ips: 65.7788.
Type : bottle Train [ Epoch 286/500 ], loss: 0.0438, avg_reader_cost: 1.0884 avg_batch_cost: 1.4387, avg_ips: 66.7268.
Type : bottle Train [ Epoch 287/500 ], loss: 0.0423, avg_reader_cost: 1.1073 avg_batch_cost: 1.4518, avg_ips: 66.1247.
Type : bottle Train [ Epoch 288/500 ], loss: 0.0941, avg_reader_cost: 1.0968 avg_batch_cost: 1.4447, avg_ips: 66.4497.
Type : bottle Train [ Epoch 289/500 ], loss: 0.0747, avg_reader_cost: 1.1128 avg_batch_cost: 1.4615, avg_ips: 65.6848.
Type : bottle Train [ Epoch 290/500 ], loss: 0.0552, avg_reader_cost: 1.0985 avg_batch_cost: 1.4367, avg_ips: 66.8176.
loading images
loaded 209 images
using density estimation GaussianDensityPaddle
Type : bottle Val [ Epoch 290/500 ] max_auc: 1.0000 roc_auc : 0.996825.
Type : bottle Train [ Epoch 291/500 ], loss: 0.0760, avg_reader_cost: 6.5809 avg_batch_cost: 7.0276, avg_ips: 13.6605.
Type : bottle Train [ Epoch 292/500 ], loss: 0.0251, avg_reader_cost: 0.0003 avg_batch_cost: 0.3485, avg_ips: 275.4646.
Type : bottle Train [ Epoch 293/500 ], loss: 0.0724, avg_reader_cost: 0.0006 avg_batch_cost: 0.3453, avg_ips: 277.9940.
Type : bottle Train [ Epoch 294/500 ], loss: 0.0668, avg_reader_cost: 0.1291 avg_batch_cost: 0.4743, avg_ips: 202.4042.
Type : bottle Train [ Epoch 295/500 ], loss: 0.0493, avg_reader_cost: 1.1125 avg_batch_cost: 1.4579, avg_ips: 65.8468.
Type : bottle Train [ Epoch 296/500 ], loss: 0.0371, avg_reader_cost: 1.0897 avg_batch_cost: 1.4359, avg_ips: 66.8591.
Type : bottle Train [ Epoch 297/500 ], loss: 0.0725, avg_reader_cost: 1.1351 avg_batch_cost: 1.4751, avg_ips: 65.0796.
Type : bottle Train [ Epoch 298/500 ], loss: 0.0305, avg_reader_cost: 1.1043 avg_batch_cost: 1.4499, avg_ips: 66.2124.
Type : bottle Train [ Epoch 299/500 ], loss: 0.0602, avg_reader_cost: 1.1057 avg_batch_cost: 1.4471, avg_ips: 66.3396.
Type : bottle Train [ Epoch 300/500 ], loss: 0.0497, avg_reader_cost: 1.1379 avg_batch_cost: 1.4735, avg_ips: 65.1509.
loading images
loaded 209 images
using density estimation GaussianDensityPaddle
Type : bottle Val [ Epoch 300/500 ] max_auc: 1.0000 roc_auc : 0.992857.
Type : bottle Train [ Epoch 301/500 ], loss: 0.0402, avg_reader_cost: 6.7335 avg_batch_cost: 7.1206, avg_ips: 13.4819.
Type : bottle Train [ Epoch 302/500 ], loss: 0.0552, avg_reader_cost: 0.0003 avg_batch_cost: 0.3471, avg_ips: 276.6148.
Type : bottle Train [ Epoch 303/500 ], loss: 0.0618, avg_reader_cost: 0.0002 avg_batch_cost: 0.3375, avg_ips: 284.4864.
Type : bottle Train [ Epoch 304/500 ], loss: 0.0867, avg_reader_cost: 0.0003 avg_batch_cost: 0.3431, avg_ips: 279.8218.
Type : bottle Train [ Epoch 305/500 ], loss: 0.0250, avg_reader_cost: 1.1012 avg_batch_cost: 1.4490, avg_ips: 66.2526.
Type : bottle Train [ Epoch 306/500 ], loss: 0.0912, avg_reader_cost: 1.0891 avg_batch_cost: 1.4354, avg_ips: 66.8814.
Type : bottle Train [ Epoch 307/500 ], loss: 0.0105, avg_reader_cost: 1.0927 avg_batch_cost: 1.4331, avg_ips: 66.9871.
Type : bottle Train [ Epoch 308/500 ], loss: 0.0609, avg_reader_cost: 1.1023 avg_batch_cost: 1.4501, avg_ips: 66.2021.
Type : bottle Train [ Epoch 309/500 ], loss: 0.0352, avg_reader_cost: 1.0898 avg_batch_cost: 1.4356, avg_ips: 66.8715.
Type : bottle Train [ Epoch 310/500 ], loss: 0.0706, avg_reader_cost: 1.0922 avg_batch_cost: 1.1965, avg_ips: 80.2337.
loading images
loaded 209 images
using density estimation GaussianDensityPaddle
Type : bottle Val [ Epoch 310/500 ] max_auc: 1.0000 roc_auc : 0.996032.
Type : bottle Train [ Epoch 311/500 ], loss: 0.0403, avg_reader_cost: 6.4773 avg_batch_cost: 6.8479, avg_ips: 14.0189.
Type : bottle Train [ Epoch 312/500 ], loss: 0.0523, avg_reader_cost: 1.0783 avg_batch_cost: 1.4227, avg_ips: 67.4764.
Type : bottle Train [ Epoch 313/500 ], loss: 0.0781, avg_reader_cost: 1.1158 avg_batch_cost: 1.4618, avg_ips: 65.6731.
Type : bottle Train [ Epoch 314/500 ], loss: 0.0714, avg_reader_cost: 1.0880 avg_batch_cost: 1.4332, avg_ips: 66.9815.
Type : bottle Train [ Epoch 315/500 ], loss: 0.0379, avg_reader_cost: 1.0931 avg_batch_cost: 1.4424, avg_ips: 66.5554.
Type : bottle Train [ Epoch 316/500 ], loss: 0.0490, avg_reader_cost: 1.1245 avg_batch_cost: 1.4718, avg_ips: 65.2247.
Type : bottle Train [ Epoch 317/500 ], loss: 0.0565, avg_reader_cost: 1.0958 avg_batch_cost: 1.4457, avg_ips: 66.4019.
Type : bottle Train [ Epoch 318/500 ], loss: 0.0256, avg_reader_cost: 1.0820 avg_batch_cost: 1.4233, avg_ips: 67.4506.
Type : bottle Train [ Epoch 319/500 ], loss: 0.0803, avg_reader_cost: 1.0803 avg_batch_cost: 1.4218, avg_ips: 67.5185.
Type : bottle Train [ Epoch 320/500 ], loss: 0.0756, avg_reader_cost: 1.0983 avg_batch_cost: 1.4307, avg_ips: 67.0995.
loading images
loaded 209 images
using density estimation GaussianDensityPaddle
Type : bottle Val [ Epoch 320/500 ] max_auc: 1.0000 roc_auc : 0.997619.
Type : bottle Train [ Epoch 321/500 ], loss: 0.0458, avg_reader_cost: 6.8607 avg_batch_cost: 7.2817, avg_ips: 13.1838.
Type : bottle Train [ Epoch 322/500 ], loss: 0.0759, avg_reader_cost: 0.0002 avg_batch_cost: 0.3485, avg_ips: 275.4497.
Type : bottle Train [ Epoch 323/500 ], loss: 0.0362, avg_reader_cost: 0.0003 avg_batch_cost: 0.3445, avg_ips: 278.6639.
Type : bottle Train [ Epoch 324/500 ], loss: 0.0591, avg_reader_cost: 0.0696 avg_batch_cost: 0.4152, avg_ips: 231.2325.
Type : bottle Train [ Epoch 325/500 ], loss: 0.0507, avg_reader_cost: 1.0896 avg_batch_cost: 1.4367, avg_ips: 66.8179.
Type : bottle Train [ Epoch 326/500 ], loss: 0.0648, avg_reader_cost: 1.0918 avg_batch_cost: 1.4366, avg_ips: 66.8255.
Type : bottle Train [ Epoch 327/500 ], loss: 0.0424, avg_reader_cost: 1.1009 avg_batch_cost: 1.4360, avg_ips: 66.8511.
Type : bottle Train [ Epoch 328/500 ], loss: 0.0567, avg_reader_cost: 1.1007 avg_batch_cost: 1.4443, avg_ips: 66.4671.
Type : bottle Train [ Epoch 329/500 ], loss: 0.0431, avg_reader_cost: 1.0924 avg_batch_cost: 1.4397, avg_ips: 66.6819.
Type : bottle Train [ Epoch 330/500 ], loss: 0.0490, avg_reader_cost: 1.0997 avg_batch_cost: 1.4477, avg_ips: 66.3112.
loading images
loaded 209 images
using density estimation GaussianDensityPaddle
Type : bottle Val [ Epoch 330/500 ] max_auc: 1.0000 roc_auc : 0.998413.
Type : bottle Train [ Epoch 331/500 ], loss: 0.0706, avg_reader_cost: 6.5281 avg_batch_cost: 6.9432, avg_ips: 13.8265.
Type : bottle Train [ Epoch 332/500 ], loss: 0.0527, avg_reader_cost: 0.0002 avg_batch_cost: 0.3428, avg_ips: 280.0107.
Type : bottle Train [ Epoch 333/500 ], loss: 0.0325, avg_reader_cost: 0.0002 avg_batch_cost: 0.3368, avg_ips: 284.9954.
Type : bottle Train [ Epoch 334/500 ], loss: 0.0743, avg_reader_cost: 0.0003 avg_batch_cost: 0.3395, avg_ips: 282.7778.
Type : bottle Train [ Epoch 335/500 ], loss: 0.0468, avg_reader_cost: 1.0501 avg_batch_cost: 1.3857, avg_ips: 69.2800.
Type : bottle Train [ Epoch 336/500 ], loss: 0.0240, avg_reader_cost: 1.0915 avg_batch_cost: 1.4348, avg_ips: 66.9089.
Type : bottle Train [ Epoch 337/500 ], loss: 0.0444, avg_reader_cost: 1.0980 avg_batch_cost: 1.4412, avg_ips: 66.6130.
Type : bottle Train [ Epoch 338/500 ], loss: 0.0210, avg_reader_cost: 1.0902 avg_batch_cost: 1.4357, avg_ips: 66.8664.
Type : bottle Train [ Epoch 339/500 ], loss: 0.0812, avg_reader_cost: 1.0995 avg_batch_cost: 1.4444, avg_ips: 66.4620.
Type : bottle Train [ Epoch 340/500 ], loss: 0.0390, avg_reader_cost: 1.0987 avg_batch_cost: 1.4502, avg_ips: 66.1968.
loading images
loaded 209 images
using density estimation GaussianDensityPaddle
Type : bottle Val [ Epoch 340/500 ] max_auc: 1.0000 roc_auc : 0.998413.
Type : bottle Train [ Epoch 341/500 ], loss: 0.0596, avg_reader_cost: 5.9630 avg_batch_cost: 6.0755, avg_ips: 15.8013.
Type : bottle Train [ Epoch 342/500 ], loss: 0.0829, avg_reader_cost: 1.1456 avg_batch_cost: 1.4923, avg_ips: 64.3311.
Type : bottle Train [ Epoch 343/500 ], loss: 0.0725, avg_reader_cost: 1.0886 avg_batch_cost: 1.4378, avg_ips: 66.7676.
Type : bottle Train [ Epoch 344/500 ], loss: 0.0439, avg_reader_cost: 1.0789 avg_batch_cost: 1.4354, avg_ips: 66.8817.
Type : bottle Train [ Epoch 345/500 ], loss: 0.0792, avg_reader_cost: 1.0751 avg_batch_cost: 1.4174, avg_ips: 67.7289.
Type : bottle Train [ Epoch 346/500 ], loss: 0.0686, avg_reader_cost: 1.0834 avg_batch_cost: 1.4185, avg_ips: 67.6790.
Type : bottle Train [ Epoch 347/500 ], loss: 0.0751, avg_reader_cost: 1.0854 avg_batch_cost: 1.4312, avg_ips: 67.0754.
Type : bottle Train [ Epoch 348/500 ], loss: 0.0631, avg_reader_cost: 1.0841 avg_batch_cost: 1.4293, avg_ips: 67.1638.
Type : bottle Train [ Epoch 349/500 ], loss: 0.0844, avg_reader_cost: 1.1080 avg_batch_cost: 1.4530, avg_ips: 66.0711.
Type : bottle Train [ Epoch 350/500 ], loss: 0.0478, avg_reader_cost: 1.1014 avg_batch_cost: 1.4496, avg_ips: 66.2252.
loading images
loaded 209 images
using density estimation GaussianDensityPaddle
Type : bottle Val [ Epoch 350/500 ] max_auc: 1.0000 roc_auc : 0.998413.
Type : bottle Train [ Epoch 351/500 ], loss: 0.0844, avg_reader_cost: 6.5874 avg_batch_cost: 6.7960, avg_ips: 14.1259.
Type : bottle Train [ Epoch 352/500 ], loss: 0.0594, avg_reader_cost: 0.0004 avg_batch_cost: 0.3452, avg_ips: 278.0871.
Type : bottle Train [ Epoch 353/500 ], loss: 0.0138, avg_reader_cost: 0.0002 avg_batch_cost: 0.3459, avg_ips: 277.5095.
Type : bottle Train [ Epoch 354/500 ], loss: 0.0503, avg_reader_cost: 0.1430 avg_batch_cost: 0.4869, avg_ips: 197.1748.
Type : bottle Train [ Epoch 355/500 ], loss: 0.1067, avg_reader_cost: 1.0822 avg_batch_cost: 1.4270, avg_ips: 67.2718.
Type : bottle Train [ Epoch 356/500 ], loss: 0.0347, avg_reader_cost: 1.0830 avg_batch_cost: 1.4314, avg_ips: 67.0650.
Type : bottle Train [ Epoch 357/500 ], loss: 0.0222, avg_reader_cost: 1.0815 avg_batch_cost: 1.4265, avg_ips: 67.2982.
Type : bottle Train [ Epoch 358/500 ], loss: 0.0746, avg_reader_cost: 1.0831 avg_batch_cost: 1.4301, avg_ips: 67.1262.
Type : bottle Train [ Epoch 359/500 ], loss: 0.0856, avg_reader_cost: 1.0859 avg_batch_cost: 1.4337, avg_ips: 66.9605.
Type : bottle Train [ Epoch 360/500 ], loss: 0.0217, avg_reader_cost: 1.0770 avg_batch_cost: 1.4167, avg_ips: 67.7643.
loading images
loaded 209 images
using density estimation GaussianDensityPaddle
Type : bottle Val [ Epoch 360/500 ] max_auc: 1.0000 roc_auc : 1.000000.
Type : bottle Train [ Epoch 361/500 ], loss: 0.0843, avg_reader_cost: 7.0779 avg_batch_cost: 7.4223, avg_ips: 12.9339.
Type : bottle Train [ Epoch 362/500 ], loss: 0.0918, avg_reader_cost: 0.0003 avg_batch_cost: 0.3460, avg_ips: 277.4234.
Type : bottle Train [ Epoch 363/500 ], loss: 0.0783, avg_reader_cost: 0.0003 avg_batch_cost: 0.3454, avg_ips: 277.9380.
Type : bottle Train [ Epoch 364/500 ], loss: 0.1033, avg_reader_cost: 0.0002 avg_batch_cost: 0.3475, avg_ips: 276.2781.
Type : bottle Train [ Epoch 365/500 ], loss: 0.0694, avg_reader_cost: 0.6923 avg_batch_cost: 1.0415, avg_ips: 92.1781.
Type : bottle Train [ Epoch 366/500 ], loss: 0.0303, avg_reader_cost: 1.1251 avg_batch_cost: 1.4707, avg_ips: 65.2752.
Type : bottle Train [ Epoch 367/500 ], loss: 0.0836, avg_reader_cost: 1.0910 avg_batch_cost: 1.4277, avg_ips: 67.2416.
Type : bottle Train [ Epoch 368/500 ], loss: 0.0582, avg_reader_cost: 1.1690 avg_batch_cost: 1.5159, avg_ips: 63.3285.
Type : bottle Train [ Epoch 369/500 ], loss: 0.0643, avg_reader_cost: 1.0881 avg_batch_cost: 1.4337, avg_ips: 66.9591.
Type : bottle Train [ Epoch 370/500 ], loss: 0.0927, avg_reader_cost: 1.1248 avg_batch_cost: 1.4709, avg_ips: 65.2641.
loading images
loaded 209 images
using density estimation GaussianDensityPaddle
Type : bottle Val [ Epoch 370/500 ] max_auc: 1.0000 roc_auc : 1.000000.
Type : bottle Train [ Epoch 371/500 ], loss: 0.0444, avg_reader_cost: 6.3501 avg_batch_cost: 6.4630, avg_ips: 14.8537.
Type : bottle Train [ Epoch 372/500 ], loss: 0.0529, avg_reader_cost: 0.0003 avg_batch_cost: 0.1039, avg_ips: 923.7093.
Type : bottle Train [ Epoch 373/500 ], loss: 0.0465, avg_reader_cost: 1.1401 avg_batch_cost: 1.4849, avg_ips: 64.6508.
Type : bottle Train [ Epoch 374/500 ], loss: 0.0563, avg_reader_cost: 1.0903 avg_batch_cost: 1.4244, avg_ips: 67.3949.
Type : bottle Train [ Epoch 375/500 ], loss: 0.0848, avg_reader_cost: 1.0848 avg_batch_cost: 1.4301, avg_ips: 67.1268.
Type : bottle Train [ Epoch 376/500 ], loss: 0.0765, avg_reader_cost: 1.1223 avg_batch_cost: 1.4659, avg_ips: 65.4909.
Type : bottle Train [ Epoch 377/500 ], loss: 0.0601, avg_reader_cost: 1.0792 avg_batch_cost: 1.2161, avg_ips: 78.9438.
Type : bottle Train [ Epoch 378/500 ], loss: 0.0764, avg_reader_cost: 1.1262 avg_batch_cost: 1.4678, avg_ips: 65.4024.
Type : bottle Train [ Epoch 379/500 ], loss: 0.0554, avg_reader_cost: 1.0895 avg_batch_cost: 1.4328, avg_ips: 67.0034.
Type : bottle Train [ Epoch 380/500 ], loss: 0.0609, avg_reader_cost: 1.0788 avg_batch_cost: 1.4224, avg_ips: 67.4907.
loading images
loaded 209 images
using density estimation GaussianDensityPaddle
Type : bottle Val [ Epoch 380/500 ] max_auc: 1.0000 roc_auc : 0.996032.
Type : bottle Train [ Epoch 381/500 ], loss: 0.0389, avg_reader_cost: 6.6277 avg_batch_cost: 7.0570, avg_ips: 13.6034.
Type : bottle Train [ Epoch 382/500 ], loss: 0.0726, avg_reader_cost: 0.0002 avg_batch_cost: 0.3443, avg_ips: 278.8277.
Type : bottle Train [ Epoch 383/500 ], loss: 0.0487, avg_reader_cost: 0.0002 avg_batch_cost: 0.3476, avg_ips: 276.1604.
Type : bottle Train [ Epoch 384/500 ], loss: 0.0322, avg_reader_cost: 0.0462 avg_batch_cost: 0.3819, avg_ips: 251.3602.
Type : bottle Train [ Epoch 385/500 ], loss: 0.0571, avg_reader_cost: 1.0988 avg_batch_cost: 1.4401, avg_ips: 66.6642.
Type : bottle Train [ Epoch 386/500 ], loss: 0.0186, avg_reader_cost: 1.0948 avg_batch_cost: 1.4313, avg_ips: 67.0731.
Type : bottle Train [ Epoch 387/500 ], loss: 0.0441, avg_reader_cost: 1.1030 avg_batch_cost: 1.4524, avg_ips: 66.0956.
Type : bottle Train [ Epoch 388/500 ], loss: 0.0356, avg_reader_cost: 1.0927 avg_batch_cost: 1.4401, avg_ips: 66.6621.
Type : bottle Train [ Epoch 389/500 ], loss: 0.0782, avg_reader_cost: 1.0921 avg_batch_cost: 1.4378, avg_ips: 66.7678.
Type : bottle Train [ Epoch 390/500 ], loss: 0.0522, avg_reader_cost: 1.0977 avg_batch_cost: 1.4467, avg_ips: 66.3566.
loading images
loaded 209 images
using density estimation GaussianDensityPaddle
Type : bottle Val [ Epoch 390/500 ] max_auc: 1.0000 roc_auc : 0.995238.
Type : bottle Train [ Epoch 391/500 ], loss: 0.0241, avg_reader_cost: 6.5419 avg_batch_cost: 6.8858, avg_ips: 13.9418.
Type : bottle Train [ Epoch 392/500 ], loss: 0.0630, avg_reader_cost: 0.0002 avg_batch_cost: 0.3446, avg_ips: 278.6016.
Type : bottle Train [ Epoch 393/500 ], loss: 0.0872, avg_reader_cost: 0.0002 avg_batch_cost: 0.3434, avg_ips: 279.5304.
Type : bottle Train [ Epoch 394/500 ], loss: 0.0532, avg_reader_cost: 0.1296 avg_batch_cost: 0.4724, avg_ips: 203.2180.
Type : bottle Train [ Epoch 395/500 ], loss: 0.0546, avg_reader_cost: 1.0973 avg_batch_cost: 1.4430, avg_ips: 66.5287.
Type : bottle Train [ Epoch 396/500 ], loss: 0.0715, avg_reader_cost: 1.0858 avg_batch_cost: 1.4309, avg_ips: 67.0899.
Type : bottle Train [ Epoch 397/500 ], loss: 0.0424, avg_reader_cost: 1.1017 avg_batch_cost: 1.4479, avg_ips: 66.3046.
Type : bottle Train [ Epoch 398/500 ], loss: 0.0424, avg_reader_cost: 1.0888 avg_batch_cost: 1.4303, avg_ips: 67.1187.
Type : bottle Train [ Epoch 399/500 ], loss: 0.0286, avg_reader_cost: 1.0864 avg_batch_cost: 1.4235, avg_ips: 67.4392.
Type : bottle Train [ Epoch 400/500 ], loss: 0.0567, avg_reader_cost: 1.0951 avg_batch_cost: 1.4293, avg_ips: 67.1673.
loading images
loaded 209 images
using density estimation GaussianDensityPaddle
Type : bottle Val [ Epoch 400/500 ] max_auc: 1.0000 roc_auc : 0.998413.
Type : bottle Train [ Epoch 401/500 ], loss: 0.0452, avg_reader_cost: 6.4827 avg_batch_cost: 6.5956, avg_ips: 14.5552.
Type : bottle Train [ Epoch 402/500 ], loss: 0.0619, avg_reader_cost: 0.0003 avg_batch_cost: 0.1035, avg_ips: 927.3663.
Type : bottle Train [ Epoch 403/500 ], loss: 0.0500, avg_reader_cost: 0.0005 avg_batch_cost: 0.1047, avg_ips: 917.1093.
Type : bottle Train [ Epoch 404/500 ], loss: 0.0695, avg_reader_cost: 1.1448 avg_batch_cost: 1.4904, avg_ips: 64.4109.
Type : bottle Train [ Epoch 405/500 ], loss: 0.0416, avg_reader_cost: 1.1034 avg_batch_cost: 1.4492, avg_ips: 66.2427.
Type : bottle Train [ Epoch 406/500 ], loss: 0.0405, avg_reader_cost: 1.1032 avg_batch_cost: 1.4497, avg_ips: 66.2222.
Type : bottle Train [ Epoch 407/500 ], loss: 0.0532, avg_reader_cost: 1.1066 avg_batch_cost: 1.4514, avg_ips: 66.1426.
Type : bottle Train [ Epoch 408/500 ], loss: 0.0336, avg_reader_cost: 1.0922 avg_batch_cost: 1.4314, avg_ips: 67.0691.
Type : bottle Train [ Epoch 409/500 ], loss: 0.0671, avg_reader_cost: 1.0944 avg_batch_cost: 1.4397, avg_ips: 66.6796.
Type : bottle Train [ Epoch 410/500 ], loss: 0.0562, avg_reader_cost: 1.0980 avg_batch_cost: 1.4424, avg_ips: 66.5560.
loading images
loaded 209 images
using density estimation GaussianDensityPaddle
Type : bottle Val [ Epoch 410/500 ] max_auc: 1.0000 roc_auc : 0.997619.
Type : bottle Train [ Epoch 411/500 ], loss: 0.0690, avg_reader_cost: 6.8458 avg_batch_cost: 7.1895, avg_ips: 13.3528.
Type : bottle Train [ Epoch 412/500 ], loss: 0.0591, avg_reader_cost: 0.0003 avg_batch_cost: 0.3449, avg_ips: 278.3039.
Type : bottle Train [ Epoch 413/500 ], loss: 0.0822, avg_reader_cost: 0.0010 avg_batch_cost: 0.3374, avg_ips: 284.5485.
Type : bottle Train [ Epoch 414/500 ], loss: 0.0463, avg_reader_cost: 0.0896 avg_batch_cost: 0.4327, avg_ips: 221.8626.
Type : bottle Train [ Epoch 415/500 ], loss: 0.0594, avg_reader_cost: 1.0932 avg_batch_cost: 1.4372, avg_ips: 66.7944.
Type : bottle Train [ Epoch 416/500 ], loss: 0.0270, avg_reader_cost: 1.0878 avg_batch_cost: 1.4291, avg_ips: 67.1738.
Type : bottle Train [ Epoch 417/500 ], loss: 0.0486, avg_reader_cost: 1.0951 avg_batch_cost: 1.4386, avg_ips: 66.7316.
Type : bottle Train [ Epoch 418/500 ], loss: 0.0780, avg_reader_cost: 1.0896 avg_batch_cost: 1.4342, avg_ips: 66.9375.
Type : bottle Train [ Epoch 419/500 ], loss: 0.0327, avg_reader_cost: 1.0945 avg_batch_cost: 1.4398, avg_ips: 66.6777.
Type : bottle Train [ Epoch 420/500 ], loss: 0.0897, avg_reader_cost: 1.0888 avg_batch_cost: 1.4359, avg_ips: 66.8579.
loading images
loaded 209 images
using density estimation GaussianDensityPaddle
Type : bottle Val [ Epoch 420/500 ] max_auc: 1.0000 roc_auc : 0.996825.
Type : bottle Train [ Epoch 421/500 ], loss: 0.0531, avg_reader_cost: 6.5342 avg_batch_cost: 6.9039, avg_ips: 13.9051.
Type : bottle Train [ Epoch 422/500 ], loss: 0.0834, avg_reader_cost: 0.0003 avg_batch_cost: 0.3520, avg_ips: 272.7310.
Type : bottle Train [ Epoch 423/500 ], loss: 0.0464, avg_reader_cost: 0.0002 avg_batch_cost: 0.3495, avg_ips: 274.7151.
Type : bottle Train [ Epoch 424/500 ], loss: 0.0397, avg_reader_cost: 0.1208 avg_batch_cost: 0.4667, avg_ips: 205.6903.
Type : bottle Train [ Epoch 425/500 ], loss: 0.0442, avg_reader_cost: 1.1042 avg_batch_cost: 1.4482, avg_ips: 66.2890.
Type : bottle Train [ Epoch 426/500 ], loss: 0.1000, avg_reader_cost: 1.1032 avg_batch_cost: 1.4516, avg_ips: 66.1361.
Type : bottle Train [ Epoch 427/500 ], loss: 0.0286, avg_reader_cost: 1.0886 avg_batch_cost: 1.4339, avg_ips: 66.9498.
Type : bottle Train [ Epoch 428/500 ], loss: 0.0868, avg_reader_cost: 1.0996 avg_batch_cost: 1.4473, avg_ips: 66.3315.
Type : bottle Train [ Epoch 429/500 ], loss: 0.0399, avg_reader_cost: 1.1196 avg_batch_cost: 1.4672, avg_ips: 65.4301.
Type : bottle Train [ Epoch 430/500 ], loss: 0.0530, avg_reader_cost: 1.1009 avg_batch_cost: 1.4445, avg_ips: 66.4596.
loading images
loaded 209 images
using density estimation GaussianDensityPaddle
Type : bottle Val [ Epoch 430/500 ] max_auc: 1.0000 roc_auc : 0.996825.
Type : bottle Train [ Epoch 431/500 ], loss: 0.0629, avg_reader_cost: 6.6670 avg_batch_cost: 7.0337, avg_ips: 13.6486.
Type : bottle Train [ Epoch 432/500 ], loss: 0.0690, avg_reader_cost: 0.0002 avg_batch_cost: 0.3393, avg_ips: 282.9648.
Type : bottle Train [ Epoch 433/500 ], loss: 0.0862, avg_reader_cost: 0.0002 avg_batch_cost: 0.3476, avg_ips: 276.1786.
Type : bottle Train [ Epoch 434/500 ], loss: 0.0622, avg_reader_cost: 0.0709 avg_batch_cost: 0.1749, avg_ips: 548.8924.
Type : bottle Train [ Epoch 435/500 ], loss: 0.0467, avg_reader_cost: 1.1243 avg_batch_cost: 1.4691, avg_ips: 65.3453.
Type : bottle Train [ Epoch 436/500 ], loss: 0.0398, avg_reader_cost: 1.0857 avg_batch_cost: 1.4338, avg_ips: 66.9545.
Type : bottle Train [ Epoch 437/500 ], loss: 0.0737, avg_reader_cost: 1.0828 avg_batch_cost: 1.4219, avg_ips: 67.5169.
Type : bottle Train [ Epoch 438/500 ], loss: 0.0638, avg_reader_cost: 1.1036 avg_batch_cost: 1.4472, avg_ips: 66.3340.
Type : bottle Train [ Epoch 439/500 ], loss: 0.0789, avg_reader_cost: 1.1026 avg_batch_cost: 1.4467, avg_ips: 66.3591.
Type : bottle Train [ Epoch 440/500 ], loss: 0.0712, avg_reader_cost: 1.1636 avg_batch_cost: 1.5092, avg_ips: 63.6092.
loading images
loaded 209 images
using density estimation GaussianDensityPaddle
Type : bottle Val [ Epoch 440/500 ] max_auc: 1.0000 roc_auc : 0.995238.
Type : bottle Train [ Epoch 441/500 ], loss: 0.0579, avg_reader_cost: 6.7132 avg_batch_cost: 7.0792, avg_ips: 13.5609.
Type : bottle Train [ Epoch 442/500 ], loss: 0.0378, avg_reader_cost: 0.0002 avg_batch_cost: 0.3459, avg_ips: 277.5646.
Type : bottle Train [ Epoch 443/500 ], loss: 0.0506, avg_reader_cost: 0.0003 avg_batch_cost: 0.3464, avg_ips: 277.1328.
Type : bottle Train [ Epoch 444/500 ], loss: 0.0894, avg_reader_cost: 0.0233 avg_batch_cost: 0.3677, avg_ips: 261.0637.
Type : bottle Train [ Epoch 445/500 ], loss: 0.0379, avg_reader_cost: 1.0929 avg_batch_cost: 1.4324, avg_ips: 67.0197.
Type : bottle Train [ Epoch 446/500 ], loss: 0.0733, avg_reader_cost: 1.0870 avg_batch_cost: 1.4279, avg_ips: 67.2328.
Type : bottle Train [ Epoch 447/500 ], loss: 0.0540, avg_reader_cost: 1.0918 avg_batch_cost: 1.4369, avg_ips: 66.8127.
Type : bottle Train [ Epoch 448/500 ], loss: 0.0298, avg_reader_cost: 1.0997 avg_batch_cost: 1.4432, avg_ips: 66.5195.
Type : bottle Train [ Epoch 449/500 ], loss: 0.0419, avg_reader_cost: 1.0977 avg_batch_cost: 1.4388, avg_ips: 66.7238.
Type : bottle Train [ Epoch 450/500 ], loss: 0.0902, avg_reader_cost: 1.0990 avg_batch_cost: 1.4447, avg_ips: 66.4510.
loading images
loaded 209 images
using density estimation GaussianDensityPaddle
Type : bottle Val [ Epoch 450/500 ] max_auc: 1.0000 roc_auc : 0.996032.
Type : bottle Train [ Epoch 451/500 ], loss: 0.0502, avg_reader_cost: 6.6442 avg_batch_cost: 7.0783, avg_ips: 13.5626.
Type : bottle Train [ Epoch 452/500 ], loss: 0.0237, avg_reader_cost: 0.0003 avg_batch_cost: 0.3737, avg_ips: 256.9077.
Type : bottle Train [ Epoch 453/500 ], loss: 0.0625, avg_reader_cost: 0.0003 avg_batch_cost: 0.3411, avg_ips: 281.4318.
Type : bottle Train [ Epoch 454/500 ], loss: 0.0834, avg_reader_cost: 0.0002 avg_batch_cost: 0.3410, avg_ips: 281.5412.
Type : bottle Train [ Epoch 455/500 ], loss: 0.0548, avg_reader_cost: 0.9453 avg_batch_cost: 1.2898, avg_ips: 74.4291.
Type : bottle Train [ Epoch 456/500 ], loss: 0.0194, avg_reader_cost: 1.0881 avg_batch_cost: 1.4298, avg_ips: 67.1407.
Type : bottle Train [ Epoch 457/500 ], loss: 0.0413, avg_reader_cost: 1.0960 avg_batch_cost: 1.4406, avg_ips: 66.6407.
Type : bottle Train [ Epoch 458/500 ], loss: 0.0245, avg_reader_cost: 1.1053 avg_batch_cost: 1.4504, avg_ips: 66.1878.
Type : bottle Train [ Epoch 459/500 ], loss: 0.0570, avg_reader_cost: 1.1984 avg_batch_cost: 1.5454, avg_ips: 62.1182.
Type : bottle Train [ Epoch 460/500 ], loss: 0.0629, avg_reader_cost: 1.0994 avg_batch_cost: 1.4462, avg_ips: 66.3805.
loading images
loaded 209 images
using density estimation GaussianDensityPaddle
Type : bottle Val [ Epoch 460/500 ] max_auc: 1.0000 roc_auc : 0.996032.
Type : bottle Train [ Epoch 461/500 ], loss: 0.0320, avg_reader_cost: 6.7134 avg_batch_cost: 7.1374, avg_ips: 13.4504.
Type : bottle Train [ Epoch 462/500 ], loss: 0.0586, avg_reader_cost: 0.0003 avg_batch_cost: 0.3433, avg_ips: 279.6453.
Type : bottle Train [ Epoch 463/500 ], loss: 0.0599, avg_reader_cost: 0.0002 avg_batch_cost: 0.3439, avg_ips: 279.1378.
Type : bottle Train [ Epoch 464/500 ], loss: 0.0564, avg_reader_cost: 0.0465 avg_batch_cost: 0.3895, avg_ips: 246.4782.
Type : bottle Train [ Epoch 465/500 ], loss: 0.0879, avg_reader_cost: 1.0868 avg_batch_cost: 1.1913, avg_ips: 80.5835.
Type : bottle Train [ Epoch 466/500 ], loss: 0.0520, avg_reader_cost: 1.1299 avg_batch_cost: 1.4781, avg_ips: 64.9486.
Type : bottle Train [ Epoch 467/500 ], loss: 0.0518, avg_reader_cost: 1.0856 avg_batch_cost: 1.4285, avg_ips: 67.2048.
Type : bottle Train [ Epoch 468/500 ], loss: 0.0269, avg_reader_cost: 1.0941 avg_batch_cost: 1.4384, avg_ips: 66.7407.
Type : bottle Train [ Epoch 469/500 ], loss: 0.0838, avg_reader_cost: 1.0843 avg_batch_cost: 1.4284, avg_ips: 67.2073.
Type : bottle Train [ Epoch 470/500 ], loss: 0.0542, avg_reader_cost: 1.0884 avg_batch_cost: 1.4345, avg_ips: 66.9226.
loading images
loaded 209 images
using density estimation GaussianDensityPaddle
Type : bottle Val [ Epoch 470/500 ] max_auc: 1.0000 roc_auc : 0.996825.
Type : bottle Train [ Epoch 471/500 ], loss: 0.1095, avg_reader_cost: 6.4820 avg_batch_cost: 6.8751, avg_ips: 13.9634.
Type : bottle Train [ Epoch 472/500 ], loss: 0.0555, avg_reader_cost: 0.0003 avg_batch_cost: 0.3446, avg_ips: 278.5770.
Type : bottle Train [ Epoch 473/500 ], loss: 0.1199, avg_reader_cost: 0.0002 avg_batch_cost: 0.3457, avg_ips: 277.6610.
Type : bottle Train [ Epoch 474/500 ], loss: 0.0554, avg_reader_cost: 0.0108 avg_batch_cost: 0.3566, avg_ips: 269.1831.
Type : bottle Train [ Epoch 475/500 ], loss: 0.0424, avg_reader_cost: 1.1002 avg_batch_cost: 1.4472, avg_ips: 66.3351.
Type : bottle Train [ Epoch 476/500 ], loss: 0.0439, avg_reader_cost: 1.1095 avg_batch_cost: 1.4593, avg_ips: 65.7837.
Type : bottle Train [ Epoch 477/500 ], loss: 0.0525, avg_reader_cost: 1.0847 avg_batch_cost: 1.4307, avg_ips: 67.0984.
Type : bottle Train [ Epoch 478/500 ], loss: 0.0527, avg_reader_cost: 1.0915 avg_batch_cost: 1.4378, avg_ips: 66.7707.
Type : bottle Train [ Epoch 479/500 ], loss: 0.0590, avg_reader_cost: 1.0995 avg_batch_cost: 1.4428, avg_ips: 66.5358.
Type : bottle Train [ Epoch 480/500 ], loss: 0.0388, avg_reader_cost: 1.1035 avg_batch_cost: 1.4515, avg_ips: 66.1374.
loading images
loaded 209 images
using density estimation GaussianDensityPaddle
Type : bottle Val [ Epoch 480/500 ] max_auc: 1.0000 roc_auc : 0.994444.
Type : bottle Train [ Epoch 481/500 ], loss: 0.0578, avg_reader_cost: 6.4830 avg_batch_cost: 6.8791, avg_ips: 13.9553.
Type : bottle Train [ Epoch 482/500 ], loss: 0.0432, avg_reader_cost: 0.0002 avg_batch_cost: 0.3598, avg_ips: 266.7899.
Type : bottle Train [ Epoch 483/500 ], loss: 0.0217, avg_reader_cost: 0.0002 avg_batch_cost: 0.3476, avg_ips: 276.1973.
Type : bottle Train [ Epoch 484/500 ], loss: 0.0522, avg_reader_cost: 0.0003 avg_batch_cost: 0.3471, avg_ips: 276.5416.
Type : bottle Train [ Epoch 485/500 ], loss: 0.0276, avg_reader_cost: 1.0814 avg_batch_cost: 1.4211, avg_ips: 67.5512.
Type : bottle Train [ Epoch 486/500 ], loss: 0.1072, avg_reader_cost: 1.0890 avg_batch_cost: 1.4282, avg_ips: 67.2185.
Type : bottle Train [ Epoch 487/500 ], loss: 0.0989, avg_reader_cost: 1.0934 avg_batch_cost: 1.4307, avg_ips: 67.1010.
Type : bottle Train [ Epoch 488/500 ], loss: 0.0765, avg_reader_cost: 1.0874 avg_batch_cost: 1.4261, avg_ips: 67.3150.
Type : bottle Train [ Epoch 489/500 ], loss: 0.0551, avg_reader_cost: 1.0830 avg_batch_cost: 1.4182, avg_ips: 67.6913.
Type : bottle Train [ Epoch 490/500 ], loss: 0.0611, avg_reader_cost: 1.0861 avg_batch_cost: 1.4208, avg_ips: 67.5655.
loading images
loaded 209 images
using density estimation GaussianDensityPaddle
Type : bottle Val [ Epoch 490/500 ] max_auc: 1.0000 roc_auc : 0.998413.
Type : bottle Train [ Epoch 491/500 ], loss: 0.0387, avg_reader_cost: 6.5952 avg_batch_cost: 6.9591, avg_ips: 13.7949.
Type : bottle Train [ Epoch 492/500 ], loss: 0.0531, avg_reader_cost: 0.0002 avg_batch_cost: 0.3436, avg_ips: 279.4076.
Type : bottle Train [ Epoch 493/500 ], loss: 0.0410, avg_reader_cost: 0.0002 avg_batch_cost: 0.3426, avg_ips: 280.2502.
Type : bottle Train [ Epoch 494/500 ], loss: 0.0734, avg_reader_cost: 0.0002 avg_batch_cost: 0.3447, avg_ips: 278.4953.
Type : bottle Train [ Epoch 495/500 ], loss: 0.0861, avg_reader_cost: 1.0730 avg_batch_cost: 1.4184, avg_ips: 67.6824.
Type : bottle Train [ Epoch 496/500 ], loss: 0.0562, avg_reader_cost: 1.0959 avg_batch_cost: 1.2004, avg_ips: 79.9766.
Type : bottle Train [ Epoch 497/500 ], loss: 0.0614, avg_reader_cost: 1.1307 avg_batch_cost: 1.4734, avg_ips: 65.1566.
Type : bottle Train [ Epoch 498/500 ], loss: 0.0282, avg_reader_cost: 1.0776 avg_batch_cost: 1.4230, avg_ips: 67.4620.
Type : bottle Train [ Epoch 499/500 ], loss: 0.0154, avg_reader_cost: 1.0929 avg_batch_cost: 1.4379, avg_ips: 66.7660.
Type : bottle Train [ Epoch 500/500 ], loss: 0.0373, avg_reader_cost: 1.1035 avg_batch_cost: 1.4491, avg_ips: 66.2470.
loading images
loaded 209 images
using density estimation GaussianDensityPaddle
Type : bottle Val [ Epoch 500/500 ] max_auc: 1.0000 roc_auc : 0.998413.
