Type : hazelnut Train [ Epoch 1/500 ], loss: 1.3018, avg_reader_cost: 1.2770 avg_batch_cost: 1.4139, avg_ips: 67.8967.
Type : hazelnut Train [ Epoch 2/500 ], loss: 1.2236, avg_reader_cost: 1.2312 avg_batch_cost: 1.3579, avg_ips: 70.6955.
Type : hazelnut Train [ Epoch 3/500 ], loss: 1.1964, avg_reader_cost: 1.2291 avg_batch_cost: 1.3554, avg_ips: 70.8260.
Type : hazelnut Train [ Epoch 4/500 ], loss: 1.0678, avg_reader_cost: 1.2260 avg_batch_cost: 1.3473, avg_ips: 71.2541.
Type : hazelnut Train [ Epoch 5/500 ], loss: 1.0355, avg_reader_cost: 1.2308 avg_batch_cost: 1.3534, avg_ips: 70.9333.
Type : hazelnut Train [ Epoch 6/500 ], loss: 0.9933, avg_reader_cost: 1.2332 avg_batch_cost: 1.3576, avg_ips: 70.7121.
Type : hazelnut Train [ Epoch 7/500 ], loss: 0.9177, avg_reader_cost: 1.2381 avg_batch_cost: 1.3586, avg_ips: 70.6620.
Type : hazelnut Train [ Epoch 8/500 ], loss: 0.8778, avg_reader_cost: 1.2389 avg_batch_cost: 1.3645, avg_ips: 70.3558.
Type : hazelnut Train [ Epoch 9/500 ], loss: 0.8659, avg_reader_cost: 1.2349 avg_batch_cost: 1.3555, avg_ips: 70.8250.
Type : hazelnut Train [ Epoch 10/500 ], loss: 0.8784, avg_reader_cost: 1.2403 avg_batch_cost: 1.3624, avg_ips: 70.4663.
loading images
loaded 391 images
using density estimation GaussianDensityPaddle
Type : hazelnut Val [ Epoch 10/500 ] max_auc: 0.8975 roc_auc : 0.897500.
Type : hazelnut Train [ Epoch 11/500 ], loss: 0.8572, avg_reader_cost: 14.9634 avg_batch_cost: 15.0919, avg_ips: 6.3610.
Type : hazelnut Train [ Epoch 12/500 ], loss: 0.8630, avg_reader_cost: 0.0002 avg_batch_cost: 0.1231, avg_ips: 779.8293.
Type : hazelnut Train [ Epoch 13/500 ], loss: 0.8723, avg_reader_cost: 0.0002 avg_batch_cost: 0.1261, avg_ips: 761.4859.
Type : hazelnut Train [ Epoch 14/500 ], loss: 0.8599, avg_reader_cost: 0.0002 avg_batch_cost: 0.1250, avg_ips: 767.8477.
Type : hazelnut Train [ Epoch 15/500 ], loss: 0.8644, avg_reader_cost: 0.0003 avg_batch_cost: 0.1242, avg_ips: 773.1763.
Type : hazelnut Train [ Epoch 16/500 ], loss: 0.8337, avg_reader_cost: 1.1540 avg_batch_cost: 1.2776, avg_ips: 75.1421.
Type : hazelnut Train [ Epoch 17/500 ], loss: 0.8214, avg_reader_cost: 1.2458 avg_batch_cost: 1.3696, avg_ips: 70.0955.
Type : hazelnut Train [ Epoch 18/500 ], loss: 0.8036, avg_reader_cost: 1.2452 avg_batch_cost: 1.3707, avg_ips: 70.0359.
Type : hazelnut Train [ Epoch 19/500 ], loss: 0.7456, avg_reader_cost: 1.2397 avg_batch_cost: 1.3636, avg_ips: 70.3996.
Type : hazelnut Train [ Epoch 20/500 ], loss: 0.7849, avg_reader_cost: 1.2576 avg_batch_cost: 1.3807, avg_ips: 69.5309.
loading images
loaded 391 images
using density estimation GaussianDensityPaddle
Type : hazelnut Val [ Epoch 20/500 ] max_auc: 0.8975 roc_auc : 0.889286.
Type : hazelnut Train [ Epoch 21/500 ], loss: 0.7096, avg_reader_cost: 14.3115 avg_batch_cost: 14.7850, avg_ips: 6.4931.
Type : hazelnut Train [ Epoch 22/500 ], loss: 0.6451, avg_reader_cost: 0.0006 avg_batch_cost: 0.3424, avg_ips: 280.3420.
Type : hazelnut Train [ Epoch 23/500 ], loss: 0.6422, avg_reader_cost: 0.0003 avg_batch_cost: 0.3390, avg_ips: 283.1649.
Type : hazelnut Train [ Epoch 24/500 ], loss: 0.6852, avg_reader_cost: 0.0011 avg_batch_cost: 0.3400, avg_ips: 282.3689.
Type : hazelnut Train [ Epoch 25/500 ], loss: 0.6043, avg_reader_cost: 0.0011 avg_batch_cost: 0.3369, avg_ips: 284.9335.
Type : hazelnut Train [ Epoch 26/500 ], loss: 0.6537, avg_reader_cost: 1.0756 avg_batch_cost: 1.4076, avg_ips: 68.2014.
Type : hazelnut Train [ Epoch 27/500 ], loss: 0.6021, avg_reader_cost: 1.2317 avg_batch_cost: 1.3841, avg_ips: 69.3583.
Type : hazelnut Train [ Epoch 28/500 ], loss: 0.5715, avg_reader_cost: 1.2356 avg_batch_cost: 1.3883, avg_ips: 69.1506.
Type : hazelnut Train [ Epoch 29/500 ], loss: 0.5335, avg_reader_cost: 1.2292 avg_batch_cost: 1.5641, avg_ips: 61.3771.
Type : hazelnut Train [ Epoch 30/500 ], loss: 0.5334, avg_reader_cost: 1.2388 avg_batch_cost: 1.5763, avg_ips: 60.9036.
loading images
loaded 391 images
using density estimation GaussianDensityPaddle
Type : hazelnut Val [ Epoch 30/500 ] max_auc: 0.9329 roc_auc : 0.932857.
Type : hazelnut Train [ Epoch 31/500 ], loss: 0.5350, avg_reader_cost: 13.1988 avg_batch_cost: 13.3043, avg_ips: 7.2157.
Type : hazelnut Train [ Epoch 32/500 ], loss: 0.5393, avg_reader_cost: 1.2755 avg_batch_cost: 1.6114, avg_ips: 59.5765.
Type : hazelnut Train [ Epoch 33/500 ], loss: 0.5595, avg_reader_cost: 1.2318 avg_batch_cost: 1.3753, avg_ips: 69.8013.
Type : hazelnut Train [ Epoch 34/500 ], loss: 0.5339, avg_reader_cost: 1.2316 avg_batch_cost: 1.3772, avg_ips: 69.7041.
Type : hazelnut Train [ Epoch 35/500 ], loss: 0.4664, avg_reader_cost: 1.2349 avg_batch_cost: 1.5660, avg_ips: 61.3010.
Type : hazelnut Train [ Epoch 36/500 ], loss: 0.4931, avg_reader_cost: 1.2268 avg_batch_cost: 1.5599, avg_ips: 61.5421.
Type : hazelnut Train [ Epoch 37/500 ], loss: 0.4518, avg_reader_cost: 1.2316 avg_batch_cost: 1.3747, avg_ips: 69.8351.
Type : hazelnut Train [ Epoch 38/500 ], loss: 0.4411, avg_reader_cost: 1.2513 avg_batch_cost: 1.5828, avg_ips: 60.6539.
Type : hazelnut Train [ Epoch 39/500 ], loss: 0.4575, avg_reader_cost: 1.2519 avg_batch_cost: 1.5855, avg_ips: 60.5474.
Type : hazelnut Train [ Epoch 40/500 ], loss: 0.3619, avg_reader_cost: 1.2548 avg_batch_cost: 1.4003, avg_ips: 68.5588.
loading images
loaded 391 images
using density estimation GaussianDensityPaddle
Type : hazelnut Val [ Epoch 40/500 ] max_auc: 0.9329 roc_auc : 0.902857.
Type : hazelnut Train [ Epoch 41/500 ], loss: 0.3758, avg_reader_cost: 13.9673 avg_batch_cost: 14.4231, avg_ips: 6.6560.
Type : hazelnut Train [ Epoch 42/500 ], loss: 0.3825, avg_reader_cost: 0.0004 avg_batch_cost: 0.3494, avg_ips: 274.7498.
Type : hazelnut Train [ Epoch 43/500 ], loss: 0.3253, avg_reader_cost: 0.0003 avg_batch_cost: 0.3455, avg_ips: 277.8852.
Type : hazelnut Train [ Epoch 44/500 ], loss: 0.3265, avg_reader_cost: 0.0003 avg_batch_cost: 0.3452, avg_ips: 278.1050.
Type : hazelnut Train [ Epoch 45/500 ], loss: 0.3101, avg_reader_cost: 0.0003 avg_batch_cost: 0.3486, avg_ips: 275.3629.
Type : hazelnut Train [ Epoch 46/500 ], loss: 0.3104, avg_reader_cost: 1.0684 avg_batch_cost: 1.4025, avg_ips: 68.4514.
Type : hazelnut Train [ Epoch 47/500 ], loss: 0.3070, avg_reader_cost: 1.2377 avg_batch_cost: 1.5771, avg_ips: 60.8708.
Type : hazelnut Train [ Epoch 48/500 ], loss: 0.2884, avg_reader_cost: 1.2439 avg_batch_cost: 1.5802, avg_ips: 60.7532.
Type : hazelnut Train [ Epoch 49/500 ], loss: 0.3303, avg_reader_cost: 1.2331 avg_batch_cost: 1.5771, avg_ips: 60.8715.
Type : hazelnut Train [ Epoch 50/500 ], loss: 0.3111, avg_reader_cost: 1.2208 avg_batch_cost: 1.5562, avg_ips: 61.6905.
loading images
loaded 391 images
using density estimation GaussianDensityPaddle
Type : hazelnut Val [ Epoch 50/500 ] max_auc: 0.9329 roc_auc : 0.870357.
Type : hazelnut Train [ Epoch 51/500 ], loss: 0.3520, avg_reader_cost: 14.2467 avg_batch_cost: 14.4364, avg_ips: 6.6498.
Type : hazelnut Train [ Epoch 52/500 ], loss: 0.3024, avg_reader_cost: 0.0007 avg_batch_cost: 0.3470, avg_ips: 276.6267.
Type : hazelnut Train [ Epoch 53/500 ], loss: 0.3313, avg_reader_cost: 0.0007 avg_batch_cost: 0.3421, avg_ips: 280.6366.
Type : hazelnut Train [ Epoch 54/500 ], loss: 0.3074, avg_reader_cost: 0.0002 avg_batch_cost: 0.3390, avg_ips: 283.1713.
Type : hazelnut Train [ Epoch 55/500 ], loss: 0.3361, avg_reader_cost: 0.0003 avg_batch_cost: 0.3371, avg_ips: 284.7999.
Type : hazelnut Train [ Epoch 56/500 ], loss: 0.2694, avg_reader_cost: 1.1011 avg_batch_cost: 1.4351, avg_ips: 66.8965.
Type : hazelnut Train [ Epoch 57/500 ], loss: 0.2983, avg_reader_cost: 1.2609 avg_batch_cost: 1.4055, avg_ips: 68.3042.
Type : hazelnut Train [ Epoch 58/500 ], loss: 0.2922, avg_reader_cost: 1.2486 avg_batch_cost: 1.5811, avg_ips: 60.7182.
Type : hazelnut Train [ Epoch 59/500 ], loss: 0.2872, avg_reader_cost: 1.2462 avg_batch_cost: 1.5806, avg_ips: 60.7368.
Type : hazelnut Train [ Epoch 60/500 ], loss: 0.2557, avg_reader_cost: 1.2485 avg_batch_cost: 1.5805, avg_ips: 60.7402.
loading images
loaded 391 images
using density estimation GaussianDensityPaddle
Type : hazelnut Val [ Epoch 60/500 ] max_auc: 0.9968 roc_auc : 0.996786.
Type : hazelnut Train [ Epoch 61/500 ], loss: 0.2331, avg_reader_cost: 13.6435 avg_batch_cost: 13.7573, avg_ips: 6.9781.
Type : hazelnut Train [ Epoch 62/500 ], loss: 0.2604, avg_reader_cost: 0.0004 avg_batch_cost: 0.1045, avg_ips: 918.2513.
Type : hazelnut Train [ Epoch 63/500 ], loss: 0.2571, avg_reader_cost: 1.2899 avg_batch_cost: 1.6234, avg_ips: 59.1347.
Type : hazelnut Train [ Epoch 64/500 ], loss: 0.2675, avg_reader_cost: 1.2397 avg_batch_cost: 1.5801, avg_ips: 60.7559.
Type : hazelnut Train [ Epoch 65/500 ], loss: 0.1528, avg_reader_cost: 1.2446 avg_batch_cost: 1.3857, avg_ips: 69.2799.
Type : hazelnut Train [ Epoch 66/500 ], loss: 0.2387, avg_reader_cost: 1.2289 avg_batch_cost: 1.5727, avg_ips: 61.0403.
Type : hazelnut Train [ Epoch 67/500 ], loss: 0.2576, avg_reader_cost: 1.2297 avg_batch_cost: 1.5677, avg_ips: 61.2374.
Type : hazelnut Train [ Epoch 68/500 ], loss: 0.2278, avg_reader_cost: 1.2306 avg_batch_cost: 1.5695, avg_ips: 61.1664.
Type : hazelnut Train [ Epoch 69/500 ], loss: 0.2024, avg_reader_cost: 1.2278 avg_batch_cost: 1.3709, avg_ips: 70.0283.
Type : hazelnut Train [ Epoch 70/500 ], loss: 0.2127, avg_reader_cost: 1.2297 avg_batch_cost: 1.3716, avg_ips: 69.9894.
loading images
loaded 391 images
using density estimation GaussianDensityPaddle
Type : hazelnut Val [ Epoch 70/500 ] max_auc: 0.9968 roc_auc : 0.984643.
Type : hazelnut Train [ Epoch 71/500 ], loss: 0.2489, avg_reader_cost: 14.4828 avg_batch_cost: 14.9204, avg_ips: 6.4341.
Type : hazelnut Train [ Epoch 72/500 ], loss: 0.2025, avg_reader_cost: 0.0002 avg_batch_cost: 0.3345, avg_ips: 286.9979.
Type : hazelnut Train [ Epoch 73/500 ], loss: 0.2378, avg_reader_cost: 0.0003 avg_batch_cost: 0.3429, avg_ips: 279.9942.
Type : hazelnut Train [ Epoch 74/500 ], loss: 0.1921, avg_reader_cost: 0.0002 avg_batch_cost: 0.3362, avg_ips: 285.5198.
Type : hazelnut Train [ Epoch 75/500 ], loss: 0.2310, avg_reader_cost: 0.0007 avg_batch_cost: 0.3434, avg_ips: 279.5781.
Type : hazelnut Train [ Epoch 76/500 ], loss: 0.2518, avg_reader_cost: 1.1016 avg_batch_cost: 1.4353, avg_ips: 66.8831.
Type : hazelnut Train [ Epoch 77/500 ], loss: 0.2196, avg_reader_cost: 1.2480 avg_batch_cost: 1.5826, avg_ips: 60.6590.
Type : hazelnut Train [ Epoch 78/500 ], loss: 0.1631, avg_reader_cost: 1.2322 avg_batch_cost: 1.5651, avg_ips: 61.3367.
Type : hazelnut Train [ Epoch 79/500 ], loss: 0.1848, avg_reader_cost: 1.2330 avg_batch_cost: 1.5734, avg_ips: 61.0133.
Type : hazelnut Train [ Epoch 80/500 ], loss: 0.2046, avg_reader_cost: 1.2328 avg_batch_cost: 1.5839, avg_ips: 60.6087.
loading images
loaded 391 images
using density estimation GaussianDensityPaddle
Type : hazelnut Val [ Epoch 80/500 ] max_auc: 0.9968 roc_auc : 0.957143.
Type : hazelnut Train [ Epoch 81/500 ], loss: 0.2242, avg_reader_cost: 14.0576 avg_batch_cost: 14.4643, avg_ips: 6.6370.
Type : hazelnut Train [ Epoch 82/500 ], loss: 0.2590, avg_reader_cost: 0.0002 avg_batch_cost: 0.3338, avg_ips: 287.5913.
Type : hazelnut Train [ Epoch 83/500 ], loss: 0.1765, avg_reader_cost: 0.0005 avg_batch_cost: 0.3451, avg_ips: 278.1955.
Type : hazelnut Train [ Epoch 84/500 ], loss: 0.1917, avg_reader_cost: 0.0002 avg_batch_cost: 0.1425, avg_ips: 673.8875.
Type : hazelnut Train [ Epoch 85/500 ], loss: 0.1875, avg_reader_cost: 0.0003 avg_batch_cost: 0.3486, avg_ips: 275.3506.
Type : hazelnut Train [ Epoch 86/500 ], loss: 0.2090, avg_reader_cost: 1.1654 avg_batch_cost: 1.3105, avg_ips: 73.2558.
Type : hazelnut Train [ Epoch 87/500 ], loss: 0.1519, avg_reader_cost: 1.2785 avg_batch_cost: 1.6189, avg_ips: 59.3004.
Type : hazelnut Train [ Epoch 88/500 ], loss: 0.1854, avg_reader_cost: 1.2979 avg_batch_cost: 1.6440, avg_ips: 58.3929.
Type : hazelnut Train [ Epoch 89/500 ], loss: 0.2255, avg_reader_cost: 1.2430 avg_batch_cost: 1.5798, avg_ips: 60.7663.
Type : hazelnut Train [ Epoch 90/500 ], loss: 0.1566, avg_reader_cost: 1.2557 avg_batch_cost: 1.3931, avg_ips: 68.9088.
loading images
loaded 391 images
using density estimation GaussianDensityPaddle
Type : hazelnut Val [ Epoch 90/500 ] max_auc: 0.9968 roc_auc : 0.945714.
Type : hazelnut Train [ Epoch 91/500 ], loss: 0.1195, avg_reader_cost: 13.4993 avg_batch_cost: 13.6274, avg_ips: 7.0446.
Type : hazelnut Train [ Epoch 92/500 ], loss: 0.1688, avg_reader_cost: 0.0003 avg_batch_cost: 0.1041, avg_ips: 922.1565.
Type : hazelnut Train [ Epoch 93/500 ], loss: 0.1659, avg_reader_cost: 0.0003 avg_batch_cost: 0.1029, avg_ips: 932.7650.
Type : hazelnut Train [ Epoch 94/500 ], loss: 0.1954, avg_reader_cost: 1.2722 avg_batch_cost: 1.4241, avg_ips: 67.4096.
Type : hazelnut Train [ Epoch 95/500 ], loss: 0.1618, avg_reader_cost: 1.2319 avg_batch_cost: 1.5708, avg_ips: 61.1153.
Type : hazelnut Train [ Epoch 96/500 ], loss: 0.1386, avg_reader_cost: 1.2240 avg_batch_cost: 1.5613, avg_ips: 61.4868.
Type : hazelnut Train [ Epoch 97/500 ], loss: 0.1659, avg_reader_cost: 1.2205 avg_batch_cost: 1.5595, avg_ips: 61.5586.
Type : hazelnut Train [ Epoch 98/500 ], loss: 0.1317, avg_reader_cost: 1.2215 avg_batch_cost: 1.5528, avg_ips: 61.8241.
Type : hazelnut Train [ Epoch 99/500 ], loss: 0.1550, avg_reader_cost: 1.2231 avg_batch_cost: 1.3595, avg_ips: 70.6131.
Type : hazelnut Train [ Epoch 100/500 ], loss: 0.1800, avg_reader_cost: 1.2346 avg_batch_cost: 1.5731, avg_ips: 61.0273.
loading images
loaded 391 images
using density estimation GaussianDensityPaddle
Type : hazelnut Val [ Epoch 100/500 ] max_auc: 0.9968 roc_auc : 0.975714.
Type : hazelnut Train [ Epoch 101/500 ], loss: 0.1119, avg_reader_cost: 14.3140 avg_batch_cost: 14.4921, avg_ips: 6.6243.
Type : hazelnut Train [ Epoch 102/500 ], loss: 0.1160, avg_reader_cost: 0.0004 avg_batch_cost: 0.3415, avg_ips: 281.1496.
Type : hazelnut Train [ Epoch 103/500 ], loss: 0.1592, avg_reader_cost: 0.0006 avg_batch_cost: 0.3435, avg_ips: 279.4811.
Type : hazelnut Train [ Epoch 104/500 ], loss: 0.1908, avg_reader_cost: 0.0011 avg_batch_cost: 0.1620, avg_ips: 592.6765.
Type : hazelnut Train [ Epoch 105/500 ], loss: 0.1703, avg_reader_cost: 0.0004 avg_batch_cost: 0.3479, avg_ips: 275.9394.
Type : hazelnut Train [ Epoch 106/500 ], loss: 0.1141, avg_reader_cost: 1.1178 avg_batch_cost: 1.4515, avg_ips: 66.1398.
Type : hazelnut Train [ Epoch 107/500 ], loss: 0.1791, avg_reader_cost: 1.2364 avg_batch_cost: 1.5803, avg_ips: 60.7486.
Type : hazelnut Train [ Epoch 108/500 ], loss: 0.1410, avg_reader_cost: 1.2330 avg_batch_cost: 1.3707, avg_ips: 70.0357.
Type : hazelnut Train [ Epoch 109/500 ], loss: 0.1403, avg_reader_cost: 1.2383 avg_batch_cost: 1.3791, avg_ips: 69.6092.
Type : hazelnut Train [ Epoch 110/500 ], loss: 0.1760, avg_reader_cost: 1.2328 avg_batch_cost: 1.5682, avg_ips: 61.2173.
loading images
loaded 391 images
using density estimation GaussianDensityPaddle
Type : hazelnut Val [ Epoch 110/500 ] max_auc: 0.9968 roc_auc : 0.966429.
Type : hazelnut Train [ Epoch 111/500 ], loss: 0.1459, avg_reader_cost: 13.9243 avg_batch_cost: 14.1277, avg_ips: 6.7952.
Type : hazelnut Train [ Epoch 112/500 ], loss: 0.1204, avg_reader_cost: 0.0005 avg_batch_cost: 0.3411, avg_ips: 281.4351.
Type : hazelnut Train [ Epoch 113/500 ], loss: 0.1161, avg_reader_cost: 0.0003 avg_batch_cost: 0.3335, avg_ips: 287.8500.
Type : hazelnut Train [ Epoch 114/500 ], loss: 0.1377, avg_reader_cost: 0.0003 avg_batch_cost: 0.3441, avg_ips: 278.9802.
Type : hazelnut Train [ Epoch 115/500 ], loss: 0.1479, avg_reader_cost: 0.0002 avg_batch_cost: 0.3432, avg_ips: 279.7491.
Type : hazelnut Train [ Epoch 116/500 ], loss: 0.1259, avg_reader_cost: 1.1064 avg_batch_cost: 1.4544, avg_ips: 66.0053.
Type : hazelnut Train [ Epoch 117/500 ], loss: 0.1343, avg_reader_cost: 1.2533 avg_batch_cost: 1.3917, avg_ips: 68.9803.
Type : hazelnut Train [ Epoch 118/500 ], loss: 0.1487, avg_reader_cost: 1.2356 avg_batch_cost: 1.3808, avg_ips: 69.5228.
Type : hazelnut Train [ Epoch 119/500 ], loss: 0.1316, avg_reader_cost: 1.2694 avg_batch_cost: 1.4082, avg_ips: 68.1743.
Type : hazelnut Train [ Epoch 120/500 ], loss: 0.1433, avg_reader_cost: 1.2417 avg_batch_cost: 1.3833, avg_ips: 69.3972.
loading images
loaded 391 images
using density estimation GaussianDensityPaddle
Type : hazelnut Val [ Epoch 120/500 ] max_auc: 0.9968 roc_auc : 0.975000.
Type : hazelnut Train [ Epoch 121/500 ], loss: 0.1280, avg_reader_cost: 13.9467 avg_batch_cost: 14.0776, avg_ips: 6.8193.
Type : hazelnut Train [ Epoch 122/500 ], loss: 0.1132, avg_reader_cost: 0.0004 avg_batch_cost: 0.1056, avg_ips: 908.9606.
Type : hazelnut Train [ Epoch 123/500 ], loss: 0.1208, avg_reader_cost: 0.0003 avg_batch_cost: 0.1039, avg_ips: 923.9509.
Type : hazelnut Train [ Epoch 124/500 ], loss: 0.2248, avg_reader_cost: 0.0003 avg_batch_cost: 0.1046, avg_ips: 917.8954.
Type : hazelnut Train [ Epoch 125/500 ], loss: 0.1548, avg_reader_cost: 1.2915 avg_batch_cost: 1.6271, avg_ips: 59.0002.
Type : hazelnut Train [ Epoch 126/500 ], loss: 0.1221, avg_reader_cost: 1.2288 avg_batch_cost: 1.5649, avg_ips: 61.3440.
Type : hazelnut Train [ Epoch 127/500 ], loss: 0.1794, avg_reader_cost: 1.2278 avg_batch_cost: 1.5608, avg_ips: 61.5079.
Type : hazelnut Train [ Epoch 128/500 ], loss: 0.1595, avg_reader_cost: 1.2312 avg_batch_cost: 1.5641, avg_ips: 61.3763.
Type : hazelnut Train [ Epoch 129/500 ], loss: 0.1599, avg_reader_cost: 1.2338 avg_batch_cost: 1.3763, avg_ips: 69.7507.
Type : hazelnut Train [ Epoch 130/500 ], loss: 0.1602, avg_reader_cost: 1.2353 avg_batch_cost: 1.5826, avg_ips: 60.6595.
loading images
loaded 391 images
using density estimation GaussianDensityPaddle
Type : hazelnut Val [ Epoch 130/500 ] max_auc: 0.9968 roc_auc : 0.975000.
Type : hazelnut Train [ Epoch 131/500 ], loss: 0.1376, avg_reader_cost: 14.1797 avg_batch_cost: 14.5458, avg_ips: 6.5998.
Type : hazelnut Train [ Epoch 132/500 ], loss: 0.1516, avg_reader_cost: 0.0005 avg_batch_cost: 0.3439, avg_ips: 279.1734.
Type : hazelnut Train [ Epoch 133/500 ], loss: 0.1449, avg_reader_cost: 0.0002 avg_batch_cost: 0.1409, avg_ips: 681.3855.
Type : hazelnut Train [ Epoch 134/500 ], loss: 0.0966, avg_reader_cost: 0.0004 avg_batch_cost: 0.3429, avg_ips: 279.9813.
Type : hazelnut Train [ Epoch 135/500 ], loss: 0.1073, avg_reader_cost: 0.0012 avg_batch_cost: 0.1436, avg_ips: 668.4760.
Type : hazelnut Train [ Epoch 136/500 ], loss: 0.1192, avg_reader_cost: 1.0993 avg_batch_cost: 1.4381, avg_ips: 66.7542.
Type : hazelnut Train [ Epoch 137/500 ], loss: 0.1217, avg_reader_cost: 1.2384 avg_batch_cost: 1.3778, avg_ips: 69.6743.
Type : hazelnut Train [ Epoch 138/500 ], loss: 0.0640, avg_reader_cost: 1.2499 avg_batch_cost: 1.3922, avg_ips: 68.9572.
Type : hazelnut Train [ Epoch 139/500 ], loss: 0.1499, avg_reader_cost: 1.5745 avg_batch_cost: 1.9167, avg_ips: 50.0860.
Type : hazelnut Train [ Epoch 140/500 ], loss: 0.1046, avg_reader_cost: 1.2320 avg_batch_cost: 1.5712, avg_ips: 61.0993.
loading images
loaded 391 images
using density estimation GaussianDensityPaddle
Type : hazelnut Val [ Epoch 140/500 ] max_auc: 0.9968 roc_auc : 0.981429.
Type : hazelnut Train [ Epoch 141/500 ], loss: 0.1834, avg_reader_cost: 14.9112 avg_batch_cost: 15.2827, avg_ips: 6.2816.
Type : hazelnut Train [ Epoch 142/500 ], loss: 0.1355, avg_reader_cost: 0.0003 avg_batch_cost: 0.3351, avg_ips: 286.5225.
Type : hazelnut Train [ Epoch 143/500 ], loss: 0.1034, avg_reader_cost: 0.0006 avg_batch_cost: 0.3436, avg_ips: 279.3710.
Type : hazelnut Train [ Epoch 144/500 ], loss: 0.1601, avg_reader_cost: 0.0002 avg_batch_cost: 0.3488, avg_ips: 275.2680.
Type : hazelnut Train [ Epoch 145/500 ], loss: 0.2085, avg_reader_cost: 0.0002 avg_batch_cost: 0.1371, avg_ips: 700.3772.
Type : hazelnut Train [ Epoch 146/500 ], loss: 0.0919, avg_reader_cost: 1.1447 avg_batch_cost: 1.4786, avg_ips: 64.9250.
Type : hazelnut Train [ Epoch 147/500 ], loss: 0.1486, avg_reader_cost: 1.2781 avg_batch_cost: 1.6141, avg_ips: 59.4752.
Type : hazelnut Train [ Epoch 148/500 ], loss: 0.1087, avg_reader_cost: 1.2351 avg_batch_cost: 1.3738, avg_ips: 69.8778.
Type : hazelnut Train [ Epoch 149/500 ], loss: 0.1315, avg_reader_cost: 1.2559 avg_batch_cost: 1.5991, avg_ips: 60.0331.
Type : hazelnut Train [ Epoch 150/500 ], loss: 0.1354, avg_reader_cost: 1.2370 avg_batch_cost: 1.3712, avg_ips: 70.0127.
loading images
loaded 391 images
using density estimation GaussianDensityPaddle
Type : hazelnut Val [ Epoch 150/500 ] max_auc: 0.9968 roc_auc : 0.980000.
Type : hazelnut Train [ Epoch 151/500 ], loss: 0.1590, avg_reader_cost: 14.0287 avg_batch_cost: 14.1462, avg_ips: 6.7863.
Type : hazelnut Train [ Epoch 152/500 ], loss: 0.1756, avg_reader_cost: 0.0002 avg_batch_cost: 0.1028, avg_ips: 933.6236.
Type : hazelnut Train [ Epoch 153/500 ], loss: 0.1182, avg_reader_cost: 0.0002 avg_batch_cost: 0.1021, avg_ips: 939.8650.
Type : hazelnut Train [ Epoch 154/500 ], loss: 0.1597, avg_reader_cost: 0.0002 avg_batch_cost: 0.1021, avg_ips: 940.3127.
Type : hazelnut Train [ Epoch 155/500 ], loss: 0.1219, avg_reader_cost: 0.0003 avg_batch_cost: 0.1031, avg_ips: 930.8824.
Type : hazelnut Train [ Epoch 156/500 ], loss: 0.0910, avg_reader_cost: 1.2741 avg_batch_cost: 1.6089, avg_ips: 59.6680.
Type : hazelnut Train [ Epoch 157/500 ], loss: 0.0855, avg_reader_cost: 1.2584 avg_batch_cost: 1.5932, avg_ips: 60.2548.
Type : hazelnut Train [ Epoch 158/500 ], loss: 0.1172, avg_reader_cost: 1.2253 avg_batch_cost: 1.3631, avg_ips: 70.4273.
Type : hazelnut Train [ Epoch 159/500 ], loss: 0.1165, avg_reader_cost: 1.2463 avg_batch_cost: 1.5029, avg_ips: 63.8758.
Type : hazelnut Train [ Epoch 160/500 ], loss: 0.0894, avg_reader_cost: 1.2378 avg_batch_cost: 1.3982, avg_ips: 68.6584.
loading images
loaded 391 images
using density estimation GaussianDensityPaddle
Type : hazelnut Val [ Epoch 160/500 ] max_auc: 0.9968 roc_auc : 0.979643.
Type : hazelnut Train [ Epoch 161/500 ], loss: 0.0826, avg_reader_cost: 14.0641 avg_batch_cost: 14.5450, avg_ips: 6.6002.
Type : hazelnut Train [ Epoch 162/500 ], loss: 0.1188, avg_reader_cost: 0.0004 avg_batch_cost: 0.3417, avg_ips: 280.9638.
Type : hazelnut Train [ Epoch 163/500 ], loss: 0.1307, avg_reader_cost: 0.0006 avg_batch_cost: 0.1405, avg_ips: 683.3931.
Type : hazelnut Train [ Epoch 164/500 ], loss: 0.1427, avg_reader_cost: 0.0004 avg_batch_cost: 0.3474, avg_ips: 276.3518.
Type : hazelnut Train [ Epoch 165/500 ], loss: 0.1837, avg_reader_cost: 0.0002 avg_batch_cost: 0.3398, avg_ips: 282.4806.
Type : hazelnut Train [ Epoch 166/500 ], loss: 0.0902, avg_reader_cost: 1.0945 avg_batch_cost: 1.4284, avg_ips: 67.2074.
Type : hazelnut Train [ Epoch 167/500 ], loss: 0.1564, avg_reader_cost: 1.2315 avg_batch_cost: 1.5638, avg_ips: 61.3897.
Type : hazelnut Train [ Epoch 168/500 ], loss: 0.1010, avg_reader_cost: 1.2359 avg_batch_cost: 1.5674, avg_ips: 61.2488.
Type : hazelnut Train [ Epoch 169/500 ], loss: 0.1183, avg_reader_cost: 1.2348 avg_batch_cost: 1.5730, avg_ips: 61.0282.
Type : hazelnut Train [ Epoch 170/500 ], loss: 0.0997, avg_reader_cost: 1.2231 avg_batch_cost: 1.3638, avg_ips: 70.3902.
loading images
loaded 391 images
using density estimation GaussianDensityPaddle
Type : hazelnut Val [ Epoch 170/500 ] max_auc: 0.9968 roc_auc : 0.990000.
Type : hazelnut Train [ Epoch 171/500 ], loss: 0.1049, avg_reader_cost: 14.0473 avg_batch_cost: 14.4468, avg_ips: 6.6451.
Type : hazelnut Train [ Epoch 172/500 ], loss: 0.0815, avg_reader_cost: 0.0003 avg_batch_cost: 0.3433, avg_ips: 279.6677.
Type : hazelnut Train [ Epoch 173/500 ], loss: 0.1243, avg_reader_cost: 0.0002 avg_batch_cost: 0.3376, avg_ips: 284.3783.
Type : hazelnut Train [ Epoch 174/500 ], loss: 0.1215, avg_reader_cost: 0.0003 avg_batch_cost: 0.3451, avg_ips: 278.1449.
Type : hazelnut Train [ Epoch 175/500 ], loss: 0.1470, avg_reader_cost: 0.0003 avg_batch_cost: 0.3607, avg_ips: 266.1301.
Type : hazelnut Train [ Epoch 176/500 ], loss: 0.1235, avg_reader_cost: 1.0730 avg_batch_cost: 1.2272, avg_ips: 78.2266.
Type : hazelnut Train [ Epoch 177/500 ], loss: 0.1569, avg_reader_cost: 1.2253 avg_batch_cost: 1.3583, avg_ips: 70.6771.
Type : hazelnut Train [ Epoch 178/500 ], loss: 0.0828, avg_reader_cost: 1.2482 avg_batch_cost: 1.5833, avg_ips: 60.6319.
Type : hazelnut Train [ Epoch 179/500 ], loss: 0.1207, avg_reader_cost: 1.2380 avg_batch_cost: 1.3990, avg_ips: 68.6193.
Type : hazelnut Train [ Epoch 180/500 ], loss: 0.0593, avg_reader_cost: 1.2354 avg_batch_cost: 1.5705, avg_ips: 61.1256.
loading images
loaded 391 images
using density estimation GaussianDensityPaddle
Type : hazelnut Val [ Epoch 180/500 ] max_auc: 0.9968 roc_auc : 0.970357.
Type : hazelnut Train [ Epoch 181/500 ], loss: 0.1125, avg_reader_cost: 14.1287 avg_batch_cost: 14.5857, avg_ips: 6.5818.
Type : hazelnut Train [ Epoch 182/500 ], loss: 0.1417, avg_reader_cost: 0.0003 avg_batch_cost: 0.3432, avg_ips: 279.7605.
Type : hazelnut Train [ Epoch 183/500 ], loss: 0.1086, avg_reader_cost: 0.0002 avg_batch_cost: 0.3357, avg_ips: 285.9578.
Type : hazelnut Train [ Epoch 184/500 ], loss: 0.1546, avg_reader_cost: 0.0006 avg_batch_cost: 0.3446, avg_ips: 278.5515.
Type : hazelnut Train [ Epoch 185/500 ], loss: 0.0712, avg_reader_cost: 0.0002 avg_batch_cost: 0.3322, avg_ips: 288.9993.
Type : hazelnut Train [ Epoch 186/500 ], loss: 0.1480, avg_reader_cost: 1.0974 avg_batch_cost: 1.2017, avg_ips: 79.8867.
Type : hazelnut Train [ Epoch 187/500 ], loss: 0.1458, avg_reader_cost: 1.2822 avg_batch_cost: 1.4222, avg_ips: 67.5021.
Type : hazelnut Train [ Epoch 188/500 ], loss: 0.1213, avg_reader_cost: 1.2428 avg_batch_cost: 1.5828, avg_ips: 60.6507.
Type : hazelnut Train [ Epoch 189/500 ], loss: 0.1326, avg_reader_cost: 1.2396 avg_batch_cost: 1.3788, avg_ips: 69.6276.
Type : hazelnut Train [ Epoch 190/500 ], loss: 0.1246, avg_reader_cost: 1.2279 avg_batch_cost: 1.5610, avg_ips: 61.4977.
loading images
loaded 391 images
using density estimation GaussianDensityPaddle
Type : hazelnut Val [ Epoch 190/500 ] max_auc: 0.9968 roc_auc : 0.963929.
Type : hazelnut Train [ Epoch 191/500 ], loss: 0.1180, avg_reader_cost: 13.9436 avg_batch_cost: 14.4587, avg_ips: 6.6396.
Type : hazelnut Train [ Epoch 192/500 ], loss: 0.0768, avg_reader_cost: 0.0002 avg_batch_cost: 0.3374, avg_ips: 284.5101.
Type : hazelnut Train [ Epoch 193/500 ], loss: 0.0918, avg_reader_cost: 0.0006 avg_batch_cost: 0.1577, avg_ips: 608.7404.
Type : hazelnut Train [ Epoch 194/500 ], loss: 0.0938, avg_reader_cost: 0.0004 avg_batch_cost: 0.3473, avg_ips: 276.4281.
Type : hazelnut Train [ Epoch 195/500 ], loss: 0.1051, avg_reader_cost: 0.0002 avg_batch_cost: 0.3442, avg_ips: 278.9289.
Type : hazelnut Train [ Epoch 196/500 ], loss: 0.1660, avg_reader_cost: 1.0774 avg_batch_cost: 1.4101, avg_ips: 68.0782.
Type : hazelnut Train [ Epoch 197/500 ], loss: 0.1222, avg_reader_cost: 1.2402 avg_batch_cost: 1.5795, avg_ips: 60.7803.
Type : hazelnut Train [ Epoch 198/500 ], loss: 0.0886, avg_reader_cost: 1.2267 avg_batch_cost: 1.5641, avg_ips: 61.3780.
Type : hazelnut Train [ Epoch 199/500 ], loss: 0.2137, avg_reader_cost: 1.2142 avg_batch_cost: 1.3527, avg_ips: 70.9673.
Type : hazelnut Train [ Epoch 200/500 ], loss: 0.0767, avg_reader_cost: 1.2289 avg_batch_cost: 1.4161, avg_ips: 67.7920.
loading images
loaded 391 images
using density estimation GaussianDensityPaddle
Type : hazelnut Val [ Epoch 200/500 ] max_auc: 0.9968 roc_auc : 0.978929.
Type : hazelnut Train [ Epoch 201/500 ], loss: 0.1333, avg_reader_cost: 14.3370 avg_batch_cost: 14.5969, avg_ips: 6.5767.
Type : hazelnut Train [ Epoch 202/500 ], loss: 0.1326, avg_reader_cost: 0.0006 avg_batch_cost: 0.3510, avg_ips: 273.5016.
Type : hazelnut Train [ Epoch 203/500 ], loss: 0.1948, avg_reader_cost: 0.0003 avg_batch_cost: 0.1468, avg_ips: 654.1409.
Type : hazelnut Train [ Epoch 204/500 ], loss: 0.1391, avg_reader_cost: 0.0005 avg_batch_cost: 0.3417, avg_ips: 280.9807.
Type : hazelnut Train [ Epoch 205/500 ], loss: 0.1052, avg_reader_cost: 0.0005 avg_batch_cost: 0.3480, avg_ips: 275.8741.
Type : hazelnut Train [ Epoch 206/500 ], loss: 0.1402, avg_reader_cost: 1.1060 avg_batch_cost: 1.3299, avg_ips: 72.1847.
Type : hazelnut Train [ Epoch 207/500 ], loss: 0.1266, avg_reader_cost: 1.2273 avg_batch_cost: 1.5705, avg_ips: 61.1267.
Type : hazelnut Train [ Epoch 208/500 ], loss: 0.1257, avg_reader_cost: 1.3487 avg_batch_cost: 1.6910, avg_ips: 56.7715.
Type : hazelnut Train [ Epoch 209/500 ], loss: 0.1597, avg_reader_cost: 1.2380 avg_batch_cost: 1.5822, avg_ips: 60.6768.
Type : hazelnut Train [ Epoch 210/500 ], loss: 0.1538, avg_reader_cost: 1.2476 avg_batch_cost: 1.5861, avg_ips: 60.5253.
loading images
loaded 391 images
using density estimation GaussianDensityPaddle
Type : hazelnut Val [ Epoch 210/500 ] max_auc: 0.9968 roc_auc : 0.919643.
Type : hazelnut Train [ Epoch 211/500 ], loss: 0.1658, avg_reader_cost: 14.1992 avg_batch_cost: 14.6389, avg_ips: 6.5579.
Type : hazelnut Train [ Epoch 212/500 ], loss: 0.1776, avg_reader_cost: 0.0002 avg_batch_cost: 0.1375, avg_ips: 698.1622.
Type : hazelnut Train [ Epoch 213/500 ], loss: 0.1570, avg_reader_cost: 0.0007 avg_batch_cost: 0.3480, avg_ips: 275.8305.
Type : hazelnut Train [ Epoch 214/500 ], loss: 0.1238, avg_reader_cost: 0.0003 avg_batch_cost: 0.1409, avg_ips: 681.5066.
Type : hazelnut Train [ Epoch 215/500 ], loss: 0.1363, avg_reader_cost: 0.0004 avg_batch_cost: 0.3465, avg_ips: 277.0495.
Type : hazelnut Train [ Epoch 216/500 ], loss: 0.1483, avg_reader_cost: 1.0881 avg_batch_cost: 1.4263, avg_ips: 67.3080.
Type : hazelnut Train [ Epoch 217/500 ], loss: 0.1169, avg_reader_cost: 1.2396 avg_batch_cost: 1.3432, avg_ips: 71.4703.
Type : hazelnut Train [ Epoch 218/500 ], loss: 0.1177, avg_reader_cost: 1.2872 avg_batch_cost: 1.4296, avg_ips: 67.1535.
Type : hazelnut Train [ Epoch 219/500 ], loss: 0.1248, avg_reader_cost: 1.2265 avg_batch_cost: 1.3645, avg_ips: 70.3540.
Type : hazelnut Train [ Epoch 220/500 ], loss: 0.1082, avg_reader_cost: 1.2244 avg_batch_cost: 1.5596, avg_ips: 61.5530.
loading images
loaded 391 images
using density estimation GaussianDensityPaddle
Type : hazelnut Val [ Epoch 220/500 ] max_auc: 0.9968 roc_auc : 0.944286.
Type : hazelnut Train [ Epoch 221/500 ], loss: 0.1315, avg_reader_cost: 14.9825 avg_batch_cost: 15.4121, avg_ips: 6.2289.
Type : hazelnut Train [ Epoch 222/500 ], loss: 0.1152, avg_reader_cost: 0.0006 avg_batch_cost: 0.3408, avg_ips: 281.6978.
Type : hazelnut Train [ Epoch 223/500 ], loss: 0.1205, avg_reader_cost: 0.0006 avg_batch_cost: 0.3414, avg_ips: 281.2360.
Type : hazelnut Train [ Epoch 224/500 ], loss: 0.1323, avg_reader_cost: 0.0006 avg_batch_cost: 0.3468, avg_ips: 276.8426.
Type : hazelnut Train [ Epoch 225/500 ], loss: 0.1650, avg_reader_cost: 0.0003 avg_batch_cost: 0.3348, avg_ips: 286.7096.
Type : hazelnut Train [ Epoch 226/500 ], loss: 0.0794, avg_reader_cost: 1.1859 avg_batch_cost: 1.4590, avg_ips: 65.7981.
Type : hazelnut Train [ Epoch 227/500 ], loss: 0.1105, avg_reader_cost: 1.2351 avg_batch_cost: 1.5796, avg_ips: 60.7736.
Type : hazelnut Train [ Epoch 228/500 ], loss: 0.1021, avg_reader_cost: 1.2299 avg_batch_cost: 1.5688, avg_ips: 61.1923.
Type : hazelnut Train [ Epoch 229/500 ], loss: 0.0880, avg_reader_cost: 1.2411 avg_batch_cost: 1.5813, avg_ips: 60.7095.
Type : hazelnut Train [ Epoch 230/500 ], loss: 0.0950, avg_reader_cost: 1.2300 avg_batch_cost: 1.5685, avg_ips: 61.2037.
loading images
loaded 391 images
using density estimation GaussianDensityPaddle
Type : hazelnut Val [ Epoch 230/500 ] max_auc: 0.9968 roc_auc : 0.922500.
Type : hazelnut Train [ Epoch 231/500 ], loss: 0.0778, avg_reader_cost: 14.0786 avg_batch_cost: 14.5112, avg_ips: 6.6156.
Type : hazelnut Train [ Epoch 232/500 ], loss: 0.1092, avg_reader_cost: 0.0003 avg_batch_cost: 0.3420, avg_ips: 280.6822.
Type : hazelnut Train [ Epoch 233/500 ], loss: 0.0996, avg_reader_cost: 0.0002 avg_batch_cost: 0.3399, avg_ips: 282.4142.
Type : hazelnut Train [ Epoch 234/500 ], loss: 0.1083, avg_reader_cost: 0.0003 avg_batch_cost: 0.3421, avg_ips: 280.5871.
Type : hazelnut Train [ Epoch 235/500 ], loss: 0.1062, avg_reader_cost: 0.0002 avg_batch_cost: 0.3347, avg_ips: 286.8006.
Type : hazelnut Train [ Epoch 236/500 ], loss: 0.0835, avg_reader_cost: 1.0792 avg_batch_cost: 1.4224, avg_ips: 67.4913.
Type : hazelnut Train [ Epoch 237/500 ], loss: 0.0868, avg_reader_cost: 1.2180 avg_batch_cost: 1.5595, avg_ips: 61.5601.
Type : hazelnut Train [ Epoch 238/500 ], loss: 0.1558, avg_reader_cost: 1.2166 avg_batch_cost: 1.3520, avg_ips: 71.0054.
Type : hazelnut Train [ Epoch 239/500 ], loss: 0.0837, avg_reader_cost: 1.2302 avg_batch_cost: 1.5713, avg_ips: 61.0972.
Type : hazelnut Train [ Epoch 240/500 ], loss: 0.0999, avg_reader_cost: 1.2256 avg_batch_cost: 1.5659, avg_ips: 61.3064.
loading images
loaded 391 images
using density estimation GaussianDensityPaddle
Type : hazelnut Val [ Epoch 240/500 ] max_auc: 0.9968 roc_auc : 0.930357.
Type : hazelnut Train [ Epoch 241/500 ], loss: 0.0789, avg_reader_cost: 14.0405 avg_batch_cost: 14.4945, avg_ips: 6.6232.
Type : hazelnut Train [ Epoch 242/500 ], loss: 0.0799, avg_reader_cost: 0.0003 avg_batch_cost: 0.2832, avg_ips: 339.0392.
Type : hazelnut Train [ Epoch 243/500 ], loss: 0.1035, avg_reader_cost: 0.0002 avg_batch_cost: 0.1427, avg_ips: 672.7818.
Type : hazelnut Train [ Epoch 244/500 ], loss: 0.1405, avg_reader_cost: 0.0004 avg_batch_cost: 0.3455, avg_ips: 277.8810.
Type : hazelnut Train [ Epoch 245/500 ], loss: 0.1283, avg_reader_cost: 0.0003 avg_batch_cost: 0.3343, avg_ips: 287.1784.
Type : hazelnut Train [ Epoch 246/500 ], loss: 0.1262, avg_reader_cost: 1.1076 avg_batch_cost: 1.2419, avg_ips: 77.2979.
Type : hazelnut Train [ Epoch 247/500 ], loss: 0.1482, avg_reader_cost: 1.2443 avg_batch_cost: 1.5798, avg_ips: 60.7677.
Type : hazelnut Train [ Epoch 248/500 ], loss: 0.1047, avg_reader_cost: 1.2607 avg_batch_cost: 1.3650, avg_ips: 70.3279.
Type : hazelnut Train [ Epoch 249/500 ], loss: 0.0970, avg_reader_cost: 1.2805 avg_batch_cost: 1.6203, avg_ips: 59.2500.
Type : hazelnut Train [ Epoch 250/500 ], loss: 0.0990, avg_reader_cost: 1.2364 avg_batch_cost: 1.5718, avg_ips: 61.0764.
loading images
loaded 391 images
using density estimation GaussianDensityPaddle
Type : hazelnut Val [ Epoch 250/500 ] max_auc: 0.9968 roc_auc : 0.950714.
Type : hazelnut Train [ Epoch 251/500 ], loss: 0.1128, avg_reader_cost: 14.1758 avg_batch_cost: 14.6037, avg_ips: 6.5737.
Type : hazelnut Train [ Epoch 252/500 ], loss: 0.1424, avg_reader_cost: 0.0002 avg_batch_cost: 0.3451, avg_ips: 278.1882.
Type : hazelnut Train [ Epoch 253/500 ], loss: 0.1132, avg_reader_cost: 0.0002 avg_batch_cost: 0.1382, avg_ips: 694.5206.
Type : hazelnut Train [ Epoch 254/500 ], loss: 0.0975, avg_reader_cost: 0.0006 avg_batch_cost: 0.3474, avg_ips: 276.3395.
Type : hazelnut Train [ Epoch 255/500 ], loss: 0.1243, avg_reader_cost: 0.0003 avg_batch_cost: 0.1430, avg_ips: 671.2330.
Type : hazelnut Train [ Epoch 256/500 ], loss: 0.1116, avg_reader_cost: 1.1069 avg_batch_cost: 1.2494, avg_ips: 76.8367.
Type : hazelnut Train [ Epoch 257/500 ], loss: 0.0792, avg_reader_cost: 1.2504 avg_batch_cost: 1.5864, avg_ips: 60.5152.
Type : hazelnut Train [ Epoch 258/500 ], loss: 0.0856, avg_reader_cost: 1.2386 avg_batch_cost: 1.4012, avg_ips: 68.5137.
Type : hazelnut Train [ Epoch 259/500 ], loss: 0.0774, avg_reader_cost: 1.2387 avg_batch_cost: 1.3795, avg_ips: 69.5889.
Type : hazelnut Train [ Epoch 260/500 ], loss: 0.1265, avg_reader_cost: 1.2436 avg_batch_cost: 1.5763, avg_ips: 60.9009.
loading images
loaded 391 images
using density estimation GaussianDensityPaddle
Type : hazelnut Val [ Epoch 260/500 ] max_auc: 0.9968 roc_auc : 0.965357.
Type : hazelnut Train [ Epoch 261/500 ], loss: 0.1449, avg_reader_cost: 14.1738 avg_batch_cost: 14.6123, avg_ips: 6.5698.
Type : hazelnut Train [ Epoch 262/500 ], loss: 0.1043, avg_reader_cost: 0.0003 avg_batch_cost: 0.3329, avg_ips: 288.3507.
Type : hazelnut Train [ Epoch 263/500 ], loss: 0.1104, avg_reader_cost: 0.0004 avg_batch_cost: 0.3429, avg_ips: 279.9430.
Type : hazelnut Train [ Epoch 264/500 ], loss: 0.1445, avg_reader_cost: 0.0002 avg_batch_cost: 0.3393, avg_ips: 282.9272.
Type : hazelnut Train [ Epoch 265/500 ], loss: 0.1108, avg_reader_cost: 0.0003 avg_batch_cost: 0.3383, avg_ips: 283.7616.
Type : hazelnut Train [ Epoch 266/500 ], loss: 0.0883, avg_reader_cost: 1.0848 avg_batch_cost: 1.4196, avg_ips: 67.6270.
Type : hazelnut Train [ Epoch 267/500 ], loss: 0.0649, avg_reader_cost: 1.2297 avg_batch_cost: 1.5623, avg_ips: 61.4466.
Type : hazelnut Train [ Epoch 268/500 ], loss: 0.1205, avg_reader_cost: 1.2338 avg_batch_cost: 1.3714, avg_ips: 70.0023.
Type : hazelnut Train [ Epoch 269/500 ], loss: 0.1014, avg_reader_cost: 1.2479 avg_batch_cost: 1.3868, avg_ips: 69.2264.
Type : hazelnut Train [ Epoch 270/500 ], loss: 0.1559, avg_reader_cost: 1.2358 avg_batch_cost: 1.3896, avg_ips: 69.0839.
loading images
loaded 391 images
using density estimation GaussianDensityPaddle
Type : hazelnut Val [ Epoch 270/500 ] max_auc: 0.9968 roc_auc : 0.958214.
Type : hazelnut Train [ Epoch 271/500 ], loss: 0.0939, avg_reader_cost: 13.9131 avg_batch_cost: 14.3355, avg_ips: 6.6967.
Type : hazelnut Train [ Epoch 272/500 ], loss: 0.0983, avg_reader_cost: 0.0002 avg_batch_cost: 0.3330, avg_ips: 288.2842.
Type : hazelnut Train [ Epoch 273/500 ], loss: 0.1073, avg_reader_cost: 0.0006 avg_batch_cost: 0.3431, avg_ips: 279.8117.
Type : hazelnut Train [ Epoch 274/500 ], loss: 0.1003, avg_reader_cost: 0.0006 avg_batch_cost: 0.1396, avg_ips: 687.4605.
Type : hazelnut Train [ Epoch 275/500 ], loss: 0.1546, avg_reader_cost: 0.0008 avg_batch_cost: 0.3464, avg_ips: 277.1696.
Type : hazelnut Train [ Epoch 276/500 ], loss: 0.1161, avg_reader_cost: 1.1076 avg_batch_cost: 1.4453, avg_ips: 66.4240.
Type : hazelnut Train [ Epoch 277/500 ], loss: 0.0620, avg_reader_cost: 1.2327 avg_batch_cost: 1.5671, avg_ips: 61.2578.
Type : hazelnut Train [ Epoch 278/500 ], loss: 0.1054, avg_reader_cost: 1.2457 avg_batch_cost: 1.5877, avg_ips: 60.4661.
Type : hazelnut Train [ Epoch 279/500 ], loss: 0.1116, avg_reader_cost: 1.2559 avg_batch_cost: 1.3593, avg_ips: 70.6254.
Type : hazelnut Train [ Epoch 280/500 ], loss: 0.1062, avg_reader_cost: 1.2755 avg_batch_cost: 1.6131, avg_ips: 59.5141.
loading images
loaded 391 images
using density estimation GaussianDensityPaddle
Type : hazelnut Val [ Epoch 280/500 ] max_auc: 0.9968 roc_auc : 0.967143.
Type : hazelnut Train [ Epoch 281/500 ], loss: 0.0410, avg_reader_cost: 14.3215 avg_batch_cost: 14.7627, avg_ips: 6.5029.
Type : hazelnut Train [ Epoch 282/500 ], loss: 0.1071, avg_reader_cost: 0.0007 avg_batch_cost: 0.3496, avg_ips: 274.6341.
Type : hazelnut Train [ Epoch 283/500 ], loss: 0.0690, avg_reader_cost: 0.0002 avg_batch_cost: 0.2094, avg_ips: 458.4101.
Type : hazelnut Train [ Epoch 284/500 ], loss: 0.0671, avg_reader_cost: 0.0006 avg_batch_cost: 0.3451, avg_ips: 278.1624.
Type : hazelnut Train [ Epoch 285/500 ], loss: 0.1066, avg_reader_cost: 0.0006 avg_batch_cost: 0.3432, avg_ips: 279.7114.
Type : hazelnut Train [ Epoch 286/500 ], loss: 0.1020, avg_reader_cost: 1.0939 avg_batch_cost: 1.4375, avg_ips: 66.7849.
Type : hazelnut Train [ Epoch 287/500 ], loss: 0.1189, avg_reader_cost: 1.3604 avg_batch_cost: 1.6960, avg_ips: 56.6034.
Type : hazelnut Train [ Epoch 288/500 ], loss: 0.0876, avg_reader_cost: 1.2537 avg_batch_cost: 1.5960, avg_ips: 60.1505.
Type : hazelnut Train [ Epoch 289/500 ], loss: 0.0631, avg_reader_cost: 1.2399 avg_batch_cost: 1.5775, avg_ips: 60.8566.
Type : hazelnut Train [ Epoch 290/500 ], loss: 0.1457, avg_reader_cost: 1.2264 avg_batch_cost: 1.5580, avg_ips: 61.6161.
loading images
loaded 391 images
using density estimation GaussianDensityPaddle
Type : hazelnut Val [ Epoch 290/500 ] max_auc: 0.9968 roc_auc : 0.957143.
Type : hazelnut Train [ Epoch 291/500 ], loss: 0.0573, avg_reader_cost: 14.2188 avg_batch_cost: 14.6629, avg_ips: 6.5471.
Type : hazelnut Train [ Epoch 292/500 ], loss: 0.1283, avg_reader_cost: 0.0007 avg_batch_cost: 0.3429, avg_ips: 279.9381.
Type : hazelnut Train [ Epoch 293/500 ], loss: 0.0660, avg_reader_cost: 0.0002 avg_batch_cost: 0.1428, avg_ips: 672.1675.
Type : hazelnut Train [ Epoch 294/500 ], loss: 0.0979, avg_reader_cost: 0.0006 avg_batch_cost: 0.3466, avg_ips: 276.9618.
Type : hazelnut Train [ Epoch 295/500 ], loss: 0.0818, avg_reader_cost: 0.0002 avg_batch_cost: 0.1720, avg_ips: 558.1135.
Type : hazelnut Train [ Epoch 296/500 ], loss: 0.0662, avg_reader_cost: 1.0919 avg_batch_cost: 1.2344, avg_ips: 77.7708.
Type : hazelnut Train [ Epoch 297/500 ], loss: 0.1032, avg_reader_cost: 1.2362 avg_batch_cost: 1.5696, avg_ips: 61.1609.
Type : hazelnut Train [ Epoch 298/500 ], loss: 0.0805, avg_reader_cost: 1.2295 avg_batch_cost: 1.3703, avg_ips: 70.0593.
Type : hazelnut Train [ Epoch 299/500 ], loss: 0.0649, avg_reader_cost: 1.2361 avg_batch_cost: 1.5723, avg_ips: 61.0576.
Type : hazelnut Train [ Epoch 300/500 ], loss: 0.0846, avg_reader_cost: 1.2294 avg_batch_cost: 1.5668, avg_ips: 61.2705.
loading images
loaded 391 images
using density estimation GaussianDensityPaddle
Type : hazelnut Val [ Epoch 300/500 ] max_auc: 0.9968 roc_auc : 0.943929.
Type : hazelnut Train [ Epoch 301/500 ], loss: 0.0742, avg_reader_cost: 14.5045 avg_batch_cost: 14.9654, avg_ips: 6.4148.
Type : hazelnut Train [ Epoch 302/500 ], loss: 0.0996, avg_reader_cost: 0.0006 avg_batch_cost: 0.3482, avg_ips: 275.7037.
Type : hazelnut Train [ Epoch 303/500 ], loss: 0.0631, avg_reader_cost: 0.0003 avg_batch_cost: 0.1553, avg_ips: 618.2395.
Type : hazelnut Train [ Epoch 304/500 ], loss: 0.0987, avg_reader_cost: 0.0007 avg_batch_cost: 0.1345, avg_ips: 713.6912.
Type : hazelnut Train [ Epoch 305/500 ], loss: 0.1095, avg_reader_cost: 0.0004 avg_batch_cost: 0.3400, avg_ips: 282.3489.
Type : hazelnut Train [ Epoch 306/500 ], loss: 0.1111, avg_reader_cost: 1.1152 avg_batch_cost: 1.4603, avg_ips: 65.7382.
Type : hazelnut Train [ Epoch 307/500 ], loss: 0.0825, avg_reader_cost: 1.2226 avg_batch_cost: 1.5606, avg_ips: 61.5141.
Type : hazelnut Train [ Epoch 308/500 ], loss: 0.0999, avg_reader_cost: 1.2199 avg_batch_cost: 1.3550, avg_ips: 70.8468.
Type : hazelnut Train [ Epoch 309/500 ], loss: 0.0564, avg_reader_cost: 1.2460 avg_batch_cost: 1.5878, avg_ips: 60.4593.
Type : hazelnut Train [ Epoch 310/500 ], loss: 0.0964, avg_reader_cost: 1.2220 avg_batch_cost: 1.3281, avg_ips: 72.2829.
loading images
loaded 391 images
using density estimation GaussianDensityPaddle
Type : hazelnut Val [ Epoch 310/500 ] max_auc: 0.9968 roc_auc : 0.955000.
Type : hazelnut Train [ Epoch 311/500 ], loss: 0.1024, avg_reader_cost: 13.6169 avg_batch_cost: 13.9491, avg_ips: 6.8821.
Type : hazelnut Train [ Epoch 312/500 ], loss: 0.0740, avg_reader_cost: 1.2279 avg_batch_cost: 1.5644, avg_ips: 61.3662.
Type : hazelnut Train [ Epoch 313/500 ], loss: 0.1043, avg_reader_cost: 1.2233 avg_batch_cost: 1.5590, avg_ips: 61.5762.
Type : hazelnut Train [ Epoch 314/500 ], loss: 0.0690, avg_reader_cost: 1.2227 avg_batch_cost: 1.3596, avg_ips: 70.6077.
Type : hazelnut Train [ Epoch 315/500 ], loss: 0.0625, avg_reader_cost: 1.2247 avg_batch_cost: 1.5664, avg_ips: 61.2882.
Type : hazelnut Train [ Epoch 316/500 ], loss: 0.0978, avg_reader_cost: 1.2273 avg_batch_cost: 1.5655, avg_ips: 61.3212.
Type : hazelnut Train [ Epoch 317/500 ], loss: 0.0547, avg_reader_cost: 1.2261 avg_batch_cost: 1.5628, avg_ips: 61.4265.
Type : hazelnut Train [ Epoch 318/500 ], loss: 0.0713, avg_reader_cost: 1.2246 avg_batch_cost: 1.3601, avg_ips: 70.5809.
Type : hazelnut Train [ Epoch 319/500 ], loss: 0.1007, avg_reader_cost: 1.2316 avg_batch_cost: 1.3953, avg_ips: 68.8002.
Type : hazelnut Train [ Epoch 320/500 ], loss: 0.0990, avg_reader_cost: 1.2435 avg_batch_cost: 1.5844, avg_ips: 60.5892.
loading images
loaded 391 images
using density estimation GaussianDensityPaddle
Type : hazelnut Val [ Epoch 320/500 ] max_auc: 0.9968 roc_auc : 0.965000.
Type : hazelnut Train [ Epoch 321/500 ], loss: 0.0907, avg_reader_cost: 13.9259 avg_batch_cost: 14.2985, avg_ips: 6.7140.
Type : hazelnut Train [ Epoch 322/500 ], loss: 0.0892, avg_reader_cost: 0.0012 avg_batch_cost: 0.1387, avg_ips: 692.2400.
Type : hazelnut Train [ Epoch 323/500 ], loss: 0.1015, avg_reader_cost: 0.0004 avg_batch_cost: 0.3468, avg_ips: 276.7791.
Type : hazelnut Train [ Epoch 324/500 ], loss: 0.0671, avg_reader_cost: 0.0010 avg_batch_cost: 0.3372, avg_ips: 284.6815.
Type : hazelnut Train [ Epoch 325/500 ], loss: 0.0613, avg_reader_cost: 0.0006 avg_batch_cost: 0.3439, avg_ips: 279.1672.
Type : hazelnut Train [ Epoch 326/500 ], loss: 0.0708, avg_reader_cost: 1.1000 avg_batch_cost: 1.2381, avg_ips: 77.5401.
Type : hazelnut Train [ Epoch 327/500 ], loss: 0.1131, avg_reader_cost: 1.2428 avg_batch_cost: 1.5780, avg_ips: 60.8376.
Type : hazelnut Train [ Epoch 328/500 ], loss: 0.0702, avg_reader_cost: 1.2365 avg_batch_cost: 1.5722, avg_ips: 61.0601.
Type : hazelnut Train [ Epoch 329/500 ], loss: 0.0855, avg_reader_cost: 1.2347 avg_batch_cost: 1.5740, avg_ips: 60.9907.
Type : hazelnut Train [ Epoch 330/500 ], loss: 0.0877, avg_reader_cost: 1.2292 avg_batch_cost: 1.5624, avg_ips: 61.4427.
loading images
loaded 391 images
using density estimation GaussianDensityPaddle
Type : hazelnut Val [ Epoch 330/500 ] max_auc: 0.9968 roc_auc : 0.959286.
Type : hazelnut Train [ Epoch 331/500 ], loss: 0.1368, avg_reader_cost: 13.9493 avg_batch_cost: 14.2040, avg_ips: 6.7587.
Type : hazelnut Train [ Epoch 332/500 ], loss: 0.0802, avg_reader_cost: 0.0008 avg_batch_cost: 0.3458, avg_ips: 277.6185.
Type : hazelnut Train [ Epoch 333/500 ], loss: 0.0890, avg_reader_cost: 0.0003 avg_batch_cost: 0.3394, avg_ips: 282.8262.
Type : hazelnut Train [ Epoch 334/500 ], loss: 0.1204, avg_reader_cost: 0.0003 avg_batch_cost: 0.3405, avg_ips: 281.9086.
Type : hazelnut Train [ Epoch 335/500 ], loss: 0.0700, avg_reader_cost: 0.0003 avg_batch_cost: 0.3464, avg_ips: 277.1238.
Type : hazelnut Train [ Epoch 336/500 ], loss: 0.0945, avg_reader_cost: 1.1662 avg_batch_cost: 1.5145, avg_ips: 63.3867.
Type : hazelnut Train [ Epoch 337/500 ], loss: 0.0517, avg_reader_cost: 1.2721 avg_batch_cost: 1.6184, avg_ips: 59.3188.
Type : hazelnut Train [ Epoch 338/500 ], loss: 0.1007, avg_reader_cost: 1.2201 avg_batch_cost: 1.5572, avg_ips: 61.6508.
Type : hazelnut Train [ Epoch 339/500 ], loss: 0.0863, avg_reader_cost: 1.2283 avg_batch_cost: 1.5655, avg_ips: 61.3217.
Type : hazelnut Train [ Epoch 340/500 ], loss: 0.0785, avg_reader_cost: 1.2240 avg_batch_cost: 1.5614, avg_ips: 61.4827.
loading images
loaded 391 images
using density estimation GaussianDensityPaddle
Type : hazelnut Val [ Epoch 340/500 ] max_auc: 0.9968 roc_auc : 0.977500.
Type : hazelnut Train [ Epoch 341/500 ], loss: 0.0979, avg_reader_cost: 12.5801 avg_batch_cost: 12.6996, avg_ips: 7.5593.
Type : hazelnut Train [ Epoch 342/500 ], loss: 0.1495, avg_reader_cost: 1.2881 avg_batch_cost: 1.6230, avg_ips: 59.1507.
Type : hazelnut Train [ Epoch 343/500 ], loss: 0.1118, avg_reader_cost: 1.2241 avg_batch_cost: 1.5584, avg_ips: 61.6034.
Type : hazelnut Train [ Epoch 344/500 ], loss: 0.0519, avg_reader_cost: 1.2303 avg_batch_cost: 1.5677, avg_ips: 61.2373.
Type : hazelnut Train [ Epoch 345/500 ], loss: 0.0891, avg_reader_cost: 1.2450 avg_batch_cost: 1.5581, avg_ips: 61.6126.
Type : hazelnut Train [ Epoch 346/500 ], loss: 0.1086, avg_reader_cost: 1.2130 avg_batch_cost: 1.5490, avg_ips: 61.9765.
Type : hazelnut Train [ Epoch 347/500 ], loss: 0.1041, avg_reader_cost: 1.3355 avg_batch_cost: 1.4968, avg_ips: 64.1374.
Type : hazelnut Train [ Epoch 348/500 ], loss: 0.0730, avg_reader_cost: 1.2292 avg_batch_cost: 1.5617, avg_ips: 61.4732.
Type : hazelnut Train [ Epoch 349/500 ], loss: 0.0574, avg_reader_cost: 1.2438 avg_batch_cost: 1.5793, avg_ips: 60.7864.
Type : hazelnut Train [ Epoch 350/500 ], loss: 0.1007, avg_reader_cost: 1.2212 avg_batch_cost: 1.3557, avg_ips: 70.8110.
loading images
loaded 391 images
using density estimation GaussianDensityPaddle
Type : hazelnut Val [ Epoch 350/500 ] max_auc: 0.9968 roc_auc : 0.924643.
Type : hazelnut Train [ Epoch 351/500 ], loss: 0.1529, avg_reader_cost: 14.3852 avg_batch_cost: 14.8277, avg_ips: 6.4744.
Type : hazelnut Train [ Epoch 352/500 ], loss: 0.1108, avg_reader_cost: 0.0003 avg_batch_cost: 0.3395, avg_ips: 282.7480.
Type : hazelnut Train [ Epoch 353/500 ], loss: 0.1035, avg_reader_cost: 0.0005 avg_batch_cost: 0.3354, avg_ips: 286.2591.
Type : hazelnut Train [ Epoch 354/500 ], loss: 0.0726, avg_reader_cost: 0.0003 avg_batch_cost: 0.3458, avg_ips: 277.6001.
Type : hazelnut Train [ Epoch 355/500 ], loss: 0.0758, avg_reader_cost: 0.0002 avg_batch_cost: 0.1629, avg_ips: 589.3739.
Type : hazelnut Train [ Epoch 356/500 ], loss: 0.0633, avg_reader_cost: 1.0930 avg_batch_cost: 1.2432, avg_ips: 77.2206.
Type : hazelnut Train [ Epoch 357/500 ], loss: 0.0934, avg_reader_cost: 1.2535 avg_batch_cost: 1.5908, avg_ips: 60.3461.
Type : hazelnut Train [ Epoch 358/500 ], loss: 0.1163, avg_reader_cost: 1.2374 avg_batch_cost: 1.5791, avg_ips: 60.7931.
Type : hazelnut Train [ Epoch 359/500 ], loss: 0.0633, avg_reader_cost: 1.2579 avg_batch_cost: 1.6018, avg_ips: 59.9309.
Type : hazelnut Train [ Epoch 360/500 ], loss: 0.0497, avg_reader_cost: 1.2483 avg_batch_cost: 1.4025, avg_ips: 68.4493.
loading images
loaded 391 images
using density estimation GaussianDensityPaddle
Type : hazelnut Val [ Epoch 360/500 ] max_auc: 0.9968 roc_auc : 0.911786.
Type : hazelnut Train [ Epoch 361/500 ], loss: 0.0790, avg_reader_cost: 14.2243 avg_batch_cost: 14.4089, avg_ips: 6.6626.
Type : hazelnut Train [ Epoch 362/500 ], loss: 0.0409, avg_reader_cost: 0.0003 avg_batch_cost: 0.3378, avg_ips: 284.1978.
Type : hazelnut Train [ Epoch 363/500 ], loss: 0.0660, avg_reader_cost: 0.0002 avg_batch_cost: 0.3411, avg_ips: 281.4310.
Type : hazelnut Train [ Epoch 364/500 ], loss: 0.0853, avg_reader_cost: 0.0003 avg_batch_cost: 0.3402, avg_ips: 282.2212.
Type : hazelnut Train [ Epoch 365/500 ], loss: 0.0743, avg_reader_cost: 0.0002 avg_batch_cost: 0.3398, avg_ips: 282.5089.
Type : hazelnut Train [ Epoch 366/500 ], loss: 0.1324, avg_reader_cost: 1.1068 avg_batch_cost: 1.2422, avg_ips: 77.2794.
Type : hazelnut Train [ Epoch 367/500 ], loss: 0.0975, avg_reader_cost: 1.2553 avg_batch_cost: 1.3975, avg_ips: 68.6956.
Type : hazelnut Train [ Epoch 368/500 ], loss: 0.0590, avg_reader_cost: 1.2259 avg_batch_cost: 1.3603, avg_ips: 70.5721.
Type : hazelnut Train [ Epoch 369/500 ], loss: 0.1300, avg_reader_cost: 1.2738 avg_batch_cost: 1.6060, avg_ips: 59.7765.
Type : hazelnut Train [ Epoch 370/500 ], loss: 0.0812, avg_reader_cost: 1.2611 avg_batch_cost: 1.6069, avg_ips: 59.7442.
loading images
loaded 391 images
using density estimation GaussianDensityPaddle
Type : hazelnut Val [ Epoch 370/500 ] max_auc: 0.9968 roc_auc : 0.947143.
Type : hazelnut Train [ Epoch 371/500 ], loss: 0.0650, avg_reader_cost: 12.8557 avg_batch_cost: 12.9754, avg_ips: 7.3986.
Type : hazelnut Train [ Epoch 372/500 ], loss: 0.0872, avg_reader_cost: 0.0003 avg_batch_cost: 0.1029, avg_ips: 932.8082.
Type : hazelnut Train [ Epoch 373/500 ], loss: 0.0973, avg_reader_cost: 1.2674 avg_batch_cost: 1.4038, avg_ips: 68.3842.
Type : hazelnut Train [ Epoch 374/500 ], loss: 0.0757, avg_reader_cost: 1.2393 avg_batch_cost: 1.5833, avg_ips: 60.6315.
Type : hazelnut Train [ Epoch 375/500 ], loss: 0.1341, avg_reader_cost: 1.2223 avg_batch_cost: 1.5557, avg_ips: 61.7098.
Type : hazelnut Train [ Epoch 376/500 ], loss: 0.0901, avg_reader_cost: 1.2390 avg_batch_cost: 1.5818, avg_ips: 60.6918.
Type : hazelnut Train [ Epoch 377/500 ], loss: 0.1276, avg_reader_cost: 1.2338 avg_batch_cost: 1.3805, avg_ips: 69.5379.
Type : hazelnut Train [ Epoch 378/500 ], loss: 0.0640, avg_reader_cost: 1.2455 avg_batch_cost: 1.5812, avg_ips: 60.7138.
Type : hazelnut Train [ Epoch 379/500 ], loss: 0.0660, avg_reader_cost: 1.2336 avg_batch_cost: 1.5657, avg_ips: 61.3156.
Type : hazelnut Train [ Epoch 380/500 ], loss: 0.0972, avg_reader_cost: 1.2315 avg_batch_cost: 1.5726, avg_ips: 61.0456.
loading images
loaded 391 images
using density estimation GaussianDensityPaddle
Type : hazelnut Val [ Epoch 380/500 ] max_auc: 0.9968 roc_auc : 0.953929.
Type : hazelnut Train [ Epoch 381/500 ], loss: 0.0855, avg_reader_cost: 13.9218 avg_batch_cost: 14.3328, avg_ips: 6.6979.
Type : hazelnut Train [ Epoch 382/500 ], loss: 0.0866, avg_reader_cost: 0.0006 avg_batch_cost: 0.3448, avg_ips: 278.4261.
Type : hazelnut Train [ Epoch 383/500 ], loss: 0.1033, avg_reader_cost: 0.0003 avg_batch_cost: 0.1527, avg_ips: 628.8341.
Type : hazelnut Train [ Epoch 384/500 ], loss: 0.1302, avg_reader_cost: 0.0011 avg_batch_cost: 0.3390, avg_ips: 283.1468.
Type : hazelnut Train [ Epoch 385/500 ], loss: 0.0709, avg_reader_cost: 0.0007 avg_batch_cost: 0.3453, avg_ips: 278.0591.
Type : hazelnut Train [ Epoch 386/500 ], loss: 0.1084, avg_reader_cost: 1.1009 avg_batch_cost: 1.2376, avg_ips: 77.5695.
Type : hazelnut Train [ Epoch 387/500 ], loss: 0.0455, avg_reader_cost: 1.2432 avg_batch_cost: 1.5752, avg_ips: 60.9435.
Type : hazelnut Train [ Epoch 388/500 ], loss: 0.1366, avg_reader_cost: 1.2532 avg_batch_cost: 1.5885, avg_ips: 60.4348.
Type : hazelnut Train [ Epoch 389/500 ], loss: 0.0598, avg_reader_cost: 1.2331 avg_batch_cost: 1.5881, avg_ips: 60.4510.
Type : hazelnut Train [ Epoch 390/500 ], loss: 0.0583, avg_reader_cost: 1.2439 avg_batch_cost: 1.4061, avg_ips: 68.2720.
loading images
loaded 391 images
using density estimation GaussianDensityPaddle
Type : hazelnut Val [ Epoch 390/500 ] max_auc: 0.9968 roc_auc : 0.963214.
Type : hazelnut Train [ Epoch 391/500 ], loss: 0.0590, avg_reader_cost: 14.1581 avg_batch_cost: 14.3368, avg_ips: 6.6961.
Type : hazelnut Train [ Epoch 392/500 ], loss: 0.0809, avg_reader_cost: 0.0004 avg_batch_cost: 0.3431, avg_ips: 279.8126.
Type : hazelnut Train [ Epoch 393/500 ], loss: 0.0832, avg_reader_cost: 0.0011 avg_batch_cost: 0.3397, avg_ips: 282.6239.
Type : hazelnut Train [ Epoch 394/500 ], loss: 0.0964, avg_reader_cost: 0.0003 avg_batch_cost: 0.3354, avg_ips: 286.2554.
Type : hazelnut Train [ Epoch 395/500 ], loss: 0.0569, avg_reader_cost: 0.0006 avg_batch_cost: 0.3419, avg_ips: 280.7789.
Type : hazelnut Train [ Epoch 396/500 ], loss: 0.1280, avg_reader_cost: 1.0891 avg_batch_cost: 1.2443, avg_ips: 77.1499.
Type : hazelnut Train [ Epoch 397/500 ], loss: 0.0688, avg_reader_cost: 1.2291 avg_batch_cost: 1.5636, avg_ips: 61.3966.
Type : hazelnut Train [ Epoch 398/500 ], loss: 0.1151, avg_reader_cost: 1.2355 avg_batch_cost: 1.3706, avg_ips: 70.0434.
Type : hazelnut Train [ Epoch 399/500 ], loss: 0.0403, avg_reader_cost: 1.2344 avg_batch_cost: 1.5748, avg_ips: 60.9594.
Type : hazelnut Train [ Epoch 400/500 ], loss: 0.0780, avg_reader_cost: 1.2348 avg_batch_cost: 1.5751, avg_ips: 60.9485.
loading images
loaded 391 images
using density estimation GaussianDensityPaddle
Type : hazelnut Val [ Epoch 400/500 ] max_auc: 0.9968 roc_auc : 0.950714.
Type : hazelnut Train [ Epoch 401/500 ], loss: 0.0448, avg_reader_cost: 13.4674 avg_batch_cost: 13.5834, avg_ips: 7.0675.
Type : hazelnut Train [ Epoch 402/500 ], loss: 0.0490, avg_reader_cost: 0.0003 avg_batch_cost: 0.1048, avg_ips: 915.9869.
Type : hazelnut Train [ Epoch 403/500 ], loss: 0.0543, avg_reader_cost: 0.0003 avg_batch_cost: 0.1039, avg_ips: 924.1842.
Type : hazelnut Train [ Epoch 404/500 ], loss: 0.1608, avg_reader_cost: 1.2757 avg_batch_cost: 1.4191, avg_ips: 67.6490.
Type : hazelnut Train [ Epoch 405/500 ], loss: 0.1221, avg_reader_cost: 1.2290 avg_batch_cost: 1.5661, avg_ips: 61.2980.
Type : hazelnut Train [ Epoch 406/500 ], loss: 0.0606, avg_reader_cost: 1.2603 avg_batch_cost: 1.6028, avg_ips: 59.8961.
Type : hazelnut Train [ Epoch 407/500 ], loss: 0.0569, avg_reader_cost: 1.2182 avg_batch_cost: 1.5514, avg_ips: 61.8787.
Type : hazelnut Train [ Epoch 408/500 ], loss: 0.0685, avg_reader_cost: 1.2236 avg_batch_cost: 1.3653, avg_ips: 70.3124.
Type : hazelnut Train [ Epoch 409/500 ], loss: 0.0651, avg_reader_cost: 1.2260 avg_batch_cost: 1.3631, avg_ips: 70.4267.
Type : hazelnut Train [ Epoch 410/500 ], loss: 0.0810, avg_reader_cost: 1.2166 avg_batch_cost: 1.5517, avg_ips: 61.8660.
loading images
loaded 391 images
using density estimation GaussianDensityPaddle
Type : hazelnut Val [ Epoch 410/500 ] max_auc: 0.9968 roc_auc : 0.960714.
Type : hazelnut Train [ Epoch 411/500 ], loss: 0.0526, avg_reader_cost: 14.5919 avg_batch_cost: 15.0382, avg_ips: 6.3837.
Type : hazelnut Train [ Epoch 412/500 ], loss: 0.0420, avg_reader_cost: 0.0002 avg_batch_cost: 0.3348, avg_ips: 286.7200.
Type : hazelnut Train [ Epoch 413/500 ], loss: 0.0931, avg_reader_cost: 0.0006 avg_batch_cost: 0.3445, avg_ips: 278.6795.
Type : hazelnut Train [ Epoch 414/500 ], loss: 0.0494, avg_reader_cost: 0.0002 avg_batch_cost: 0.1617, avg_ips: 593.5922.
Type : hazelnut Train [ Epoch 415/500 ], loss: 0.0906, avg_reader_cost: 0.0002 avg_batch_cost: 0.3380, avg_ips: 284.0012.
Type : hazelnut Train [ Epoch 416/500 ], loss: 0.0821, avg_reader_cost: 1.1106 avg_batch_cost: 1.2555, avg_ips: 76.4633.
Type : hazelnut Train [ Epoch 417/500 ], loss: 0.0767, avg_reader_cost: 1.2561 avg_batch_cost: 1.5910, avg_ips: 60.3411.
Type : hazelnut Train [ Epoch 418/500 ], loss: 0.0523, avg_reader_cost: 1.2709 avg_batch_cost: 1.6091, avg_ips: 59.6606.
Type : hazelnut Train [ Epoch 419/500 ], loss: 0.0474, avg_reader_cost: 1.2468 avg_batch_cost: 1.5860, avg_ips: 60.5284.
Type : hazelnut Train [ Epoch 420/500 ], loss: 0.0373, avg_reader_cost: 1.2441 avg_batch_cost: 1.5850, avg_ips: 60.5691.
loading images
loaded 391 images
using density estimation GaussianDensityPaddle
Type : hazelnut Val [ Epoch 420/500 ] max_auc: 0.9968 roc_auc : 0.947857.
Type : hazelnut Train [ Epoch 421/500 ], loss: 0.0809, avg_reader_cost: 13.9943 avg_batch_cost: 14.2659, avg_ips: 6.7293.
Type : hazelnut Train [ Epoch 422/500 ], loss: 0.0765, avg_reader_cost: 0.0005 avg_batch_cost: 0.3441, avg_ips: 278.9862.
Type : hazelnut Train [ Epoch 423/500 ], loss: 0.0673, avg_reader_cost: 0.0002 avg_batch_cost: 0.1691, avg_ips: 567.6720.
Type : hazelnut Train [ Epoch 424/500 ], loss: 0.0693, avg_reader_cost: 0.0003 avg_batch_cost: 0.3415, avg_ips: 281.0766.
Type : hazelnut Train [ Epoch 425/500 ], loss: 0.0900, avg_reader_cost: 0.0003 avg_batch_cost: 0.3446, avg_ips: 278.5687.
Type : hazelnut Train [ Epoch 426/500 ], loss: 0.1046, avg_reader_cost: 1.1084 avg_batch_cost: 1.4484, avg_ips: 66.2783.
Type : hazelnut Train [ Epoch 427/500 ], loss: 0.0957, avg_reader_cost: 1.2513 avg_batch_cost: 1.3863, avg_ips: 69.2511.
Type : hazelnut Train [ Epoch 428/500 ], loss: 0.0724, avg_reader_cost: 1.2942 avg_batch_cost: 1.6301, avg_ips: 58.8909.
Type : hazelnut Train [ Epoch 429/500 ], loss: 0.0511, avg_reader_cost: 1.2635 avg_batch_cost: 1.6082, avg_ips: 59.6940.
Type : hazelnut Train [ Epoch 430/500 ], loss: 0.0968, avg_reader_cost: 1.2241 avg_batch_cost: 1.5627, avg_ips: 61.4341.
loading images
loaded 391 images
using density estimation GaussianDensityPaddle
Type : hazelnut Val [ Epoch 430/500 ] max_auc: 0.9968 roc_auc : 0.951429.
Type : hazelnut Train [ Epoch 431/500 ], loss: 0.0787, avg_reader_cost: 14.2254 avg_batch_cost: 14.3406, avg_ips: 6.6943.
Type : hazelnut Train [ Epoch 432/500 ], loss: 0.0785, avg_reader_cost: 0.0003 avg_batch_cost: 0.1043, avg_ips: 920.0957.
Type : hazelnut Train [ Epoch 433/500 ], loss: 0.0925, avg_reader_cost: 0.0003 avg_batch_cost: 0.1036, avg_ips: 926.5575.
Type : hazelnut Train [ Epoch 434/500 ], loss: 0.0561, avg_reader_cost: 0.0003 avg_batch_cost: 0.1046, avg_ips: 917.3789.
Type : hazelnut Train [ Epoch 435/500 ], loss: 0.0543, avg_reader_cost: 1.2965 avg_batch_cost: 1.6310, avg_ips: 58.8604.
Type : hazelnut Train [ Epoch 436/500 ], loss: 0.0856, avg_reader_cost: 1.2488 avg_batch_cost: 1.5895, avg_ips: 60.3945.
Type : hazelnut Train [ Epoch 437/500 ], loss: 0.0980, avg_reader_cost: 1.2568 avg_batch_cost: 1.5925, avg_ips: 60.2827.
Type : hazelnut Train [ Epoch 438/500 ], loss: 0.0702, avg_reader_cost: 1.2366 avg_batch_cost: 1.3814, avg_ips: 69.4962.
Type : hazelnut Train [ Epoch 439/500 ], loss: 0.0654, avg_reader_cost: 1.2481 avg_batch_cost: 1.5810, avg_ips: 60.7228.
Type : hazelnut Train [ Epoch 440/500 ], loss: 0.0941, avg_reader_cost: 1.2585 avg_batch_cost: 1.6001, avg_ips: 59.9967.
loading images
loaded 391 images
using density estimation GaussianDensityPaddle
Type : hazelnut Val [ Epoch 440/500 ] max_auc: 0.9968 roc_auc : 0.961429.
Type : hazelnut Train [ Epoch 441/500 ], loss: 0.0697, avg_reader_cost: 14.0157 avg_batch_cost: 14.4594, avg_ips: 6.6393.
Type : hazelnut Train [ Epoch 442/500 ], loss: 0.0883, avg_reader_cost: 0.0003 avg_batch_cost: 0.3461, avg_ips: 277.3919.
Type : hazelnut Train [ Epoch 443/500 ], loss: 0.0435, avg_reader_cost: 0.0003 avg_batch_cost: 0.3313, avg_ips: 289.7757.
Type : hazelnut Train [ Epoch 444/500 ], loss: 0.0589, avg_reader_cost: 0.0002 avg_batch_cost: 0.1188, avg_ips: 807.7782.
Type : hazelnut Train [ Epoch 445/500 ], loss: 0.0902, avg_reader_cost: 0.0004 avg_batch_cost: 0.3454, avg_ips: 277.9107.
Type : hazelnut Train [ Epoch 446/500 ], loss: 0.0444, avg_reader_cost: 1.1180 avg_batch_cost: 1.2641, avg_ips: 75.9425.
Type : hazelnut Train [ Epoch 447/500 ], loss: 0.0975, avg_reader_cost: 1.2536 avg_batch_cost: 1.3965, avg_ips: 68.7446.
Type : hazelnut Train [ Epoch 448/500 ], loss: 0.0737, avg_reader_cost: 1.2322 avg_batch_cost: 1.3719, avg_ips: 69.9770.
Type : hazelnut Train [ Epoch 449/500 ], loss: 0.0586, avg_reader_cost: 1.2349 avg_batch_cost: 1.5677, avg_ips: 61.2375.
Type : hazelnut Train [ Epoch 450/500 ], loss: 0.1069, avg_reader_cost: 1.2306 avg_batch_cost: 1.5623, avg_ips: 61.4466.
loading images
loaded 391 images
using density estimation GaussianDensityPaddle
Type : hazelnut Val [ Epoch 450/500 ] max_auc: 0.9968 roc_auc : 0.963214.
Type : hazelnut Train [ Epoch 451/500 ], loss: 0.1118, avg_reader_cost: 14.3740 avg_batch_cost: 14.8254, avg_ips: 6.4754.
Type : hazelnut Train [ Epoch 452/500 ], loss: 0.0512, avg_reader_cost: 0.0004 avg_batch_cost: 0.3420, avg_ips: 280.7055.
Type : hazelnut Train [ Epoch 453/500 ], loss: 0.0796, avg_reader_cost: 0.0003 avg_batch_cost: 0.1723, avg_ips: 557.0579.
Type : hazelnut Train [ Epoch 454/500 ], loss: 0.1484, avg_reader_cost: 0.0003 avg_batch_cost: 0.3467, avg_ips: 276.9224.
Type : hazelnut Train [ Epoch 455/500 ], loss: 0.0644, avg_reader_cost: 0.0003 avg_batch_cost: 0.3355, avg_ips: 286.1218.
Type : hazelnut Train [ Epoch 456/500 ], loss: 0.0750, avg_reader_cost: 1.1037 avg_batch_cost: 1.4367, avg_ips: 66.8188.
Type : hazelnut Train [ Epoch 457/500 ], loss: 0.0532, avg_reader_cost: 1.2440 avg_batch_cost: 1.3859, avg_ips: 69.2684.
Type : hazelnut Train [ Epoch 458/500 ], loss: 0.1112, avg_reader_cost: 1.2292 avg_batch_cost: 1.3648, avg_ips: 70.3397.
Type : hazelnut Train [ Epoch 459/500 ], loss: 0.0395, avg_reader_cost: 1.2289 avg_batch_cost: 1.5671, avg_ips: 61.2593.
Type : hazelnut Train [ Epoch 460/500 ], loss: 0.0647, avg_reader_cost: 1.2231 avg_batch_cost: 1.3676, avg_ips: 70.1946.
loading images
loaded 391 images
using density estimation GaussianDensityPaddle
Type : hazelnut Val [ Epoch 460/500 ] max_auc: 0.9968 roc_auc : 0.955000.
Type : hazelnut Train [ Epoch 461/500 ], loss: 0.0983, avg_reader_cost: 13.9867 avg_batch_cost: 14.1061, avg_ips: 6.8056.
Type : hazelnut Train [ Epoch 462/500 ], loss: 0.0626, avg_reader_cost: 0.0003 avg_batch_cost: 0.1051, avg_ips: 913.1037.
Type : hazelnut Train [ Epoch 463/500 ], loss: 0.1214, avg_reader_cost: 0.0003 avg_batch_cost: 0.1038, avg_ips: 924.7976.
Type : hazelnut Train [ Epoch 464/500 ], loss: 0.1292, avg_reader_cost: 0.0003 avg_batch_cost: 0.1042, avg_ips: 921.1270.
Type : hazelnut Train [ Epoch 465/500 ], loss: 0.1036, avg_reader_cost: 0.0003 avg_batch_cost: 0.1040, avg_ips: 923.4169.
Type : hazelnut Train [ Epoch 466/500 ], loss: 0.1060, avg_reader_cost: 1.3010 avg_batch_cost: 1.4410, avg_ips: 66.6209.
Type : hazelnut Train [ Epoch 467/500 ], loss: 0.0858, avg_reader_cost: 1.2627 avg_batch_cost: 1.4317, avg_ips: 67.0536.
Type : hazelnut Train [ Epoch 468/500 ], loss: 0.0961, avg_reader_cost: 1.2465 avg_batch_cost: 1.5882, avg_ips: 60.4450.
Type : hazelnut Train [ Epoch 469/500 ], loss: 0.0673, avg_reader_cost: 1.2295 avg_batch_cost: 1.3690, avg_ips: 70.1251.
Type : hazelnut Train [ Epoch 470/500 ], loss: 0.1362, avg_reader_cost: 1.2453 avg_batch_cost: 1.5858, avg_ips: 60.5379.
loading images
loaded 391 images
using density estimation GaussianDensityPaddle
Type : hazelnut Val [ Epoch 470/500 ] max_auc: 0.9968 roc_auc : 0.953214.
Type : hazelnut Train [ Epoch 471/500 ], loss: 0.0742, avg_reader_cost: 14.0618 avg_batch_cost: 14.4589, avg_ips: 6.6395.
Type : hazelnut Train [ Epoch 472/500 ], loss: 0.1196, avg_reader_cost: 0.0003 avg_batch_cost: 0.1447, avg_ips: 663.2479.
Type : hazelnut Train [ Epoch 473/500 ], loss: 0.0620, avg_reader_cost: 0.0004 avg_batch_cost: 0.3481, avg_ips: 275.8027.
Type : hazelnut Train [ Epoch 474/500 ], loss: 0.0652, avg_reader_cost: 0.0003 avg_batch_cost: 0.3337, avg_ips: 287.6468.
Type : hazelnut Train [ Epoch 475/500 ], loss: 0.0527, avg_reader_cost: 0.0006 avg_batch_cost: 0.3475, avg_ips: 276.2978.
Type : hazelnut Train [ Epoch 476/500 ], loss: 0.1430, avg_reader_cost: 1.1170 avg_batch_cost: 1.2609, avg_ips: 76.1366.
Type : hazelnut Train [ Epoch 477/500 ], loss: 0.0483, avg_reader_cost: 1.2311 avg_batch_cost: 1.3827, avg_ips: 69.4292.
Type : hazelnut Train [ Epoch 478/500 ], loss: 0.0792, avg_reader_cost: 1.2350 avg_batch_cost: 1.3760, avg_ips: 69.7675.
Type : hazelnut Train [ Epoch 479/500 ], loss: 0.1039, avg_reader_cost: 1.2369 avg_batch_cost: 1.3752, avg_ips: 69.8105.
Type : hazelnut Train [ Epoch 480/500 ], loss: 0.0596, avg_reader_cost: 1.2606 avg_batch_cost: 1.6185, avg_ips: 59.3147.
loading images
loaded 391 images
using density estimation GaussianDensityPaddle
Type : hazelnut Val [ Epoch 480/500 ] max_auc: 0.9968 roc_auc : 0.970714.
Type : hazelnut Train [ Epoch 481/500 ], loss: 0.1569, avg_reader_cost: 14.0666 avg_batch_cost: 14.5211, avg_ips: 6.6111.
Type : hazelnut Train [ Epoch 482/500 ], loss: 0.0786, avg_reader_cost: 0.0003 avg_batch_cost: 0.1604, avg_ips: 598.3502.
Type : hazelnut Train [ Epoch 483/500 ], loss: 0.1061, avg_reader_cost: 0.0011 avg_batch_cost: 0.3402, avg_ips: 282.2121.
Type : hazelnut Train [ Epoch 484/500 ], loss: 0.0937, avg_reader_cost: 0.0003 avg_batch_cost: 0.3376, avg_ips: 284.3220.
Type : hazelnut Train [ Epoch 485/500 ], loss: 0.1185, avg_reader_cost: 0.0002 avg_batch_cost: 0.1394, avg_ips: 688.7741.
Type : hazelnut Train [ Epoch 486/500 ], loss: 0.0729, avg_reader_cost: 1.1273 avg_batch_cost: 1.4601, avg_ips: 65.7498.
Type : hazelnut Train [ Epoch 487/500 ], loss: 0.0724, avg_reader_cost: 1.3838 avg_batch_cost: 1.7287, avg_ips: 55.5325.
Type : hazelnut Train [ Epoch 488/500 ], loss: 0.1175, avg_reader_cost: 1.2178 avg_batch_cost: 1.5567, avg_ips: 61.6705.
Type : hazelnut Train [ Epoch 489/500 ], loss: 0.0927, avg_reader_cost: 1.2232 avg_batch_cost: 1.5660, avg_ips: 61.3008.
Type : hazelnut Train [ Epoch 490/500 ], loss: 0.1106, avg_reader_cost: 1.2200 avg_batch_cost: 1.5534, avg_ips: 61.8017.
loading images
loaded 391 images
using density estimation GaussianDensityPaddle
Type : hazelnut Val [ Epoch 490/500 ] max_auc: 0.9968 roc_auc : 0.951786.
Type : hazelnut Train [ Epoch 491/500 ], loss: 0.0982, avg_reader_cost: 14.9305 avg_batch_cost: 15.2933, avg_ips: 6.2772.
Type : hazelnut Train [ Epoch 492/500 ], loss: 0.1090, avg_reader_cost: 0.0006 avg_batch_cost: 0.3383, avg_ips: 283.7586.
Type : hazelnut Train [ Epoch 493/500 ], loss: 0.0527, avg_reader_cost: 0.0002 avg_batch_cost: 0.1439, avg_ips: 666.9513.
Type : hazelnut Train [ Epoch 494/500 ], loss: 0.1212, avg_reader_cost: 0.0004 avg_batch_cost: 0.3477, avg_ips: 276.0731.
Type : hazelnut Train [ Epoch 495/500 ], loss: 0.0495, avg_reader_cost: 0.0002 avg_batch_cost: 0.3413, avg_ips: 281.2388.
Type : hazelnut Train [ Epoch 496/500 ], loss: 0.0741, avg_reader_cost: 1.0900 avg_batch_cost: 1.1955, avg_ips: 80.3042.
Type : hazelnut Train [ Epoch 497/500 ], loss: 0.0994, avg_reader_cost: 1.2791 avg_batch_cost: 1.6142, avg_ips: 59.4722.
Type : hazelnut Train [ Epoch 498/500 ], loss: 0.0931, avg_reader_cost: 1.2239 avg_batch_cost: 1.5542, avg_ips: 61.7697.
Type : hazelnut Train [ Epoch 499/500 ], loss: 0.0692, avg_reader_cost: 1.2229 avg_batch_cost: 1.5598, avg_ips: 61.5456.
Type : hazelnut Train [ Epoch 500/500 ], loss: 0.0566, avg_reader_cost: 1.2336 avg_batch_cost: 1.5693, avg_ips: 61.1737.
loading images
loaded 391 images
using density estimation GaussianDensityPaddle
Type : hazelnut Val [ Epoch 500/500 ] max_auc: 0.9968 roc_auc : 0.961071.
