Type : carpet Train [ Epoch 1/500 ], loss: 1.2954, avg_reader_cost: 1.3284 avg_batch_cost: 1.6788, avg_ips: 57.1826.
Type : carpet Train [ Epoch 2/500 ], loss: 1.2924, avg_reader_cost: 1.2763 avg_batch_cost: 1.6209, avg_ips: 59.2278.
Type : carpet Train [ Epoch 3/500 ], loss: 1.2409, avg_reader_cost: 1.2888 avg_batch_cost: 1.4304, avg_ips: 67.1149.
Type : carpet Train [ Epoch 4/500 ], loss: 1.2228, avg_reader_cost: 1.2990 avg_batch_cost: 1.4532, avg_ips: 66.0597.
Type : carpet Train [ Epoch 5/500 ], loss: 1.1911, avg_reader_cost: 1.2872 avg_batch_cost: 1.6296, avg_ips: 58.9088.
Type : carpet Train [ Epoch 6/500 ], loss: 1.2079, avg_reader_cost: 1.2939 avg_batch_cost: 1.4608, avg_ips: 65.7158.
Type : carpet Train [ Epoch 7/500 ], loss: 1.2255, avg_reader_cost: 1.4525 avg_batch_cost: 1.8039, avg_ips: 53.2168.
Type : carpet Train [ Epoch 8/500 ], loss: 1.2233, avg_reader_cost: 1.3543 avg_batch_cost: 1.4915, avg_ips: 64.3628.
Type : carpet Train [ Epoch 9/500 ], loss: 1.2078, avg_reader_cost: 1.2906 avg_batch_cost: 1.6350, avg_ips: 58.7164.
Type : carpet Train [ Epoch 10/500 ], loss: 1.1703, avg_reader_cost: 1.2960 avg_batch_cost: 1.6419, avg_ips: 58.4695.
loading images
loaded 280 images
using density estimation GaussianDensityPaddle
Type : carpet Val [ Epoch 10/500 ] max_auc: 0.7099 roc_auc : 0.709872.
Type : carpet Train [ Epoch 11/500 ], loss: 1.1709, avg_reader_cost: 15.2004 avg_batch_cost: 15.5601, avg_ips: 6.1696.
Type : carpet Train [ Epoch 12/500 ], loss: 1.1871, avg_reader_cost: 0.0003 avg_batch_cost: 0.1877, avg_ips: 511.3952.
Type : carpet Train [ Epoch 13/500 ], loss: 1.2072, avg_reader_cost: 0.0005 avg_batch_cost: 0.3509, avg_ips: 273.5637.
Type : carpet Train [ Epoch 14/500 ], loss: 1.1725, avg_reader_cost: 0.0003 avg_batch_cost: 0.3515, avg_ips: 273.0789.
Type : carpet Train [ Epoch 15/500 ], loss: 1.1750, avg_reader_cost: 0.0003 avg_batch_cost: 0.3459, avg_ips: 277.5123.
Type : carpet Train [ Epoch 16/500 ], loss: 1.1827, avg_reader_cost: 1.1723 avg_batch_cost: 1.3307, avg_ips: 72.1418.
Type : carpet Train [ Epoch 17/500 ], loss: 1.1448, avg_reader_cost: 1.3166 avg_batch_cost: 1.6608, avg_ips: 57.8027.
Type : carpet Train [ Epoch 18/500 ], loss: 1.1343, avg_reader_cost: 1.5372 avg_batch_cost: 1.8834, avg_ips: 50.9703.
Type : carpet Train [ Epoch 19/500 ], loss: 1.1248, avg_reader_cost: 1.7643 avg_batch_cost: 2.0109, avg_ips: 47.7402.
Type : carpet Train [ Epoch 20/500 ], loss: 1.1417, avg_reader_cost: 1.2922 avg_batch_cost: 1.6316, avg_ips: 58.8365.
loading images
loaded 280 images
using density estimation GaussianDensityPaddle
Type : carpet Val [ Epoch 20/500 ] max_auc: 0.7099 roc_auc : 0.415329.
Type : carpet Train [ Epoch 21/500 ], loss: 1.1368, avg_reader_cost: 14.7721 avg_batch_cost: 15.2972, avg_ips: 6.2757.
Type : carpet Train [ Epoch 22/500 ], loss: 1.0997, avg_reader_cost: 0.0003 avg_batch_cost: 0.3509, avg_ips: 273.5616.
Type : carpet Train [ Epoch 23/500 ], loss: 1.1067, avg_reader_cost: 0.0003 avg_batch_cost: 0.1443, avg_ips: 665.0588.
Type : carpet Train [ Epoch 24/500 ], loss: 1.0266, avg_reader_cost: 0.0013 avg_batch_cost: 0.3638, avg_ips: 263.8516.
Type : carpet Train [ Epoch 25/500 ], loss: 1.0948, avg_reader_cost: 0.0003 avg_batch_cost: 0.3470, avg_ips: 276.6419.
Type : carpet Train [ Epoch 26/500 ], loss: 1.0472, avg_reader_cost: 1.1446 avg_batch_cost: 1.4934, avg_ips: 64.2828.
Type : carpet Train [ Epoch 27/500 ], loss: 1.0120, avg_reader_cost: 1.2806 avg_batch_cost: 1.4239, avg_ips: 67.4203.
Type : carpet Train [ Epoch 28/500 ], loss: 1.0927, avg_reader_cost: 1.3006 avg_batch_cost: 1.5102, avg_ips: 63.5686.
Type : carpet Train [ Epoch 29/500 ], loss: 1.0700, avg_reader_cost: 1.3117 avg_batch_cost: 1.4756, avg_ips: 65.0591.
Type : carpet Train [ Epoch 30/500 ], loss: 1.0227, avg_reader_cost: 1.2958 avg_batch_cost: 1.4358, avg_ips: 66.8620.
loading images
loaded 280 images
using density estimation GaussianDensityPaddle
Type : carpet Val [ Epoch 30/500 ] max_auc: 0.7099 roc_auc : 0.444222.
Type : carpet Train [ Epoch 31/500 ], loss: 1.0118, avg_reader_cost: 15.0369 avg_batch_cost: 15.2394, avg_ips: 6.2995.
Type : carpet Train [ Epoch 32/500 ], loss: 0.9847, avg_reader_cost: 1.3255 avg_batch_cost: 1.6691, avg_ips: 57.5169.
Type : carpet Train [ Epoch 33/500 ], loss: 1.0219, avg_reader_cost: 1.2794 avg_batch_cost: 1.6381, avg_ips: 58.6056.
Type : carpet Train [ Epoch 34/500 ], loss: 1.0374, avg_reader_cost: 1.2681 avg_batch_cost: 1.6116, avg_ips: 59.5666.
Type : carpet Train [ Epoch 35/500 ], loss: 1.0260, avg_reader_cost: 1.2935 avg_batch_cost: 1.4340, avg_ips: 66.9469.
Type : carpet Train [ Epoch 36/500 ], loss: 1.0123, avg_reader_cost: 1.2951 avg_batch_cost: 1.6383, avg_ips: 58.5968.
Type : carpet Train [ Epoch 37/500 ], loss: 1.0017, avg_reader_cost: 1.2745 avg_batch_cost: 1.4163, avg_ips: 67.7817.
Type : carpet Train [ Epoch 38/500 ], loss: 0.9619, avg_reader_cost: 1.2925 avg_batch_cost: 1.4517, avg_ips: 66.1282.
Type : carpet Train [ Epoch 39/500 ], loss: 0.9156, avg_reader_cost: 1.2881 avg_batch_cost: 1.6388, avg_ips: 58.5796.
Type : carpet Train [ Epoch 40/500 ], loss: 0.9257, avg_reader_cost: 1.2758 avg_batch_cost: 1.6204, avg_ips: 59.2435.
loading images
loaded 280 images
using density estimation GaussianDensityPaddle
Type : carpet Val [ Epoch 40/500 ] max_auc: 0.7099 roc_auc : 0.253210.
Type : carpet Train [ Epoch 41/500 ], loss: 0.8818, avg_reader_cost: 14.6683 avg_batch_cost: 15.0249, avg_ips: 6.3894.
Type : carpet Train [ Epoch 42/500 ], loss: 0.8581, avg_reader_cost: 0.0004 avg_batch_cost: 0.3530, avg_ips: 271.9492.
Type : carpet Train [ Epoch 43/500 ], loss: 0.7996, avg_reader_cost: 0.0003 avg_batch_cost: 0.3457, avg_ips: 277.6978.
Type : carpet Train [ Epoch 44/500 ], loss: 0.8106, avg_reader_cost: 0.0005 avg_batch_cost: 0.3534, avg_ips: 271.6100.
Type : carpet Train [ Epoch 45/500 ], loss: 0.8997, avg_reader_cost: 0.0003 avg_batch_cost: 0.1477, avg_ips: 650.0666.
Type : carpet Train [ Epoch 46/500 ], loss: 1.0737, avg_reader_cost: 1.1385 avg_batch_cost: 1.2876, avg_ips: 74.5580.
Type : carpet Train [ Epoch 47/500 ], loss: 0.8658, avg_reader_cost: 1.2876 avg_batch_cost: 1.4277, avg_ips: 67.2390.
Type : carpet Train [ Epoch 48/500 ], loss: 0.7741, avg_reader_cost: 1.2800 avg_batch_cost: 1.4217, avg_ips: 67.5248.
Type : carpet Train [ Epoch 49/500 ], loss: 0.7774, avg_reader_cost: 1.2820 avg_batch_cost: 1.6302, avg_ips: 58.8894.
Type : carpet Train [ Epoch 50/500 ], loss: 0.7975, avg_reader_cost: 1.2712 avg_batch_cost: 1.6122, avg_ips: 59.5453.
loading images
loaded 280 images
using density estimation GaussianDensityPaddle
Type : carpet Val [ Epoch 50/500 ] max_auc: 0.7099 roc_auc : 0.404494.
Type : carpet Train [ Epoch 51/500 ], loss: 0.7887, avg_reader_cost: 15.8003 avg_batch_cost: 16.0577, avg_ips: 5.9785.
Type : carpet Train [ Epoch 52/500 ], loss: 0.7943, avg_reader_cost: 0.0006 avg_batch_cost: 0.3537, avg_ips: 271.4368.
Type : carpet Train [ Epoch 53/500 ], loss: 0.7590, avg_reader_cost: 0.0011 avg_batch_cost: 0.3429, avg_ips: 279.9844.
Type : carpet Train [ Epoch 54/500 ], loss: 0.7634, avg_reader_cost: 0.0003 avg_batch_cost: 0.3529, avg_ips: 272.0089.
Type : carpet Train [ Epoch 55/500 ], loss: 0.6998, avg_reader_cost: 0.0003 avg_batch_cost: 0.3511, avg_ips: 273.4427.
Type : carpet Train [ Epoch 56/500 ], loss: 0.6447, avg_reader_cost: 1.1443 avg_batch_cost: 1.4977, avg_ips: 64.1002.
Type : carpet Train [ Epoch 57/500 ], loss: 0.8002, avg_reader_cost: 1.2704 avg_batch_cost: 1.6169, avg_ips: 59.3712.
Type : carpet Train [ Epoch 58/500 ], loss: 0.8807, avg_reader_cost: 1.2837 avg_batch_cost: 1.4223, avg_ips: 67.4946.
Type : carpet Train [ Epoch 59/500 ], loss: 0.7552, avg_reader_cost: 1.2797 avg_batch_cost: 1.6232, avg_ips: 59.1428.
Type : carpet Train [ Epoch 60/500 ], loss: 0.6600, avg_reader_cost: 1.2761 avg_batch_cost: 1.4174, avg_ips: 67.7276.
loading images
loaded 280 images
using density estimation GaussianDensityPaddle
Type : carpet Val [ Epoch 60/500 ] max_auc: 0.7099 roc_auc : 0.673756.
Type : carpet Train [ Epoch 61/500 ], loss: 0.5528, avg_reader_cost: 13.4541 avg_batch_cost: 13.5641, avg_ips: 7.0775.
Type : carpet Train [ Epoch 62/500 ], loss: 0.5376, avg_reader_cost: 0.0005 avg_batch_cost: 0.1072, avg_ips: 895.8419.
Type : carpet Train [ Epoch 63/500 ], loss: 0.3949, avg_reader_cost: 1.5022 avg_batch_cost: 1.8430, avg_ips: 52.0887.
Type : carpet Train [ Epoch 64/500 ], loss: 0.4608, avg_reader_cost: 1.3062 avg_batch_cost: 1.6478, avg_ips: 58.2588.
Type : carpet Train [ Epoch 65/500 ], loss: 0.3960, avg_reader_cost: 1.3231 avg_batch_cost: 1.6708, avg_ips: 57.4586.
Type : carpet Train [ Epoch 66/500 ], loss: 0.3550, avg_reader_cost: 1.4314 avg_batch_cost: 1.7812, avg_ips: 53.8948.
Type : carpet Train [ Epoch 67/500 ], loss: 0.3738, avg_reader_cost: 1.3316 avg_batch_cost: 1.6776, avg_ips: 57.2231.
Type : carpet Train [ Epoch 68/500 ], loss: 0.2962, avg_reader_cost: 1.3248 avg_batch_cost: 1.4629, avg_ips: 65.6224.
Type : carpet Train [ Epoch 69/500 ], loss: 0.3445, avg_reader_cost: 1.3090 avg_batch_cost: 1.6571, avg_ips: 57.9340.
Type : carpet Train [ Epoch 70/500 ], loss: 0.2485, avg_reader_cost: 1.3419 avg_batch_cost: 1.4876, avg_ips: 64.5354.
loading images
loaded 280 images
using density estimation GaussianDensityPaddle
Type : carpet Val [ Epoch 70/500 ] max_auc: 0.7588 roc_auc : 0.758828.
Type : carpet Train [ Epoch 71/500 ], loss: 0.2435, avg_reader_cost: 15.7067 avg_batch_cost: 16.0663, avg_ips: 5.9752.
Type : carpet Train [ Epoch 72/500 ], loss: 0.3147, avg_reader_cost: 0.0007 avg_batch_cost: 0.1276, avg_ips: 752.5862.
Type : carpet Train [ Epoch 73/500 ], loss: 0.3053, avg_reader_cost: 0.0005 avg_batch_cost: 0.3447, avg_ips: 278.5340.
Type : carpet Train [ Epoch 74/500 ], loss: 0.3045, avg_reader_cost: 0.0003 avg_batch_cost: 0.1464, avg_ips: 655.9376.
Type : carpet Train [ Epoch 75/500 ], loss: 0.2450, avg_reader_cost: 0.0005 avg_batch_cost: 0.1679, avg_ips: 571.7053.
Type : carpet Train [ Epoch 76/500 ], loss: 0.2090, avg_reader_cost: 1.1938 avg_batch_cost: 1.3602, avg_ips: 70.5789.
Type : carpet Train [ Epoch 77/500 ], loss: 0.2147, avg_reader_cost: 1.3112 avg_batch_cost: 1.4498, avg_ips: 66.2169.
Type : carpet Train [ Epoch 78/500 ], loss: 0.2113, avg_reader_cost: 1.7841 avg_batch_cost: 1.9501, avg_ips: 49.2290.
Type : carpet Train [ Epoch 79/500 ], loss: 0.2313, avg_reader_cost: 1.4539 avg_batch_cost: 1.8999, avg_ips: 50.5282.
Type : carpet Train [ Epoch 80/500 ], loss: 0.2888, avg_reader_cost: 1.1815 avg_batch_cost: 1.5352, avg_ips: 62.5331.
loading images
loaded 280 images
using density estimation GaussianDensityPaddle
Type : carpet Val [ Epoch 80/500 ] max_auc: 0.7588 roc_auc : 0.587881.
Type : carpet Train [ Epoch 81/500 ], loss: 0.2714, avg_reader_cost: 15.1271 avg_batch_cost: 15.4998, avg_ips: 6.1936.
Type : carpet Train [ Epoch 82/500 ], loss: 0.2686, avg_reader_cost: 0.0020 avg_batch_cost: 0.3538, avg_ips: 271.3240.
Type : carpet Train [ Epoch 83/500 ], loss: 0.2381, avg_reader_cost: 0.0003 avg_batch_cost: 0.3470, avg_ips: 276.6353.
Type : carpet Train [ Epoch 84/500 ], loss: 0.1975, avg_reader_cost: 0.0011 avg_batch_cost: 0.1550, avg_ips: 619.5246.
Type : carpet Train [ Epoch 85/500 ], loss: 0.2261, avg_reader_cost: 0.0005 avg_batch_cost: 0.3451, avg_ips: 278.1605.
Type : carpet Train [ Epoch 86/500 ], loss: 0.2236, avg_reader_cost: 1.1390 avg_batch_cost: 1.2789, avg_ips: 75.0673.
Type : carpet Train [ Epoch 87/500 ], loss: 0.1769, avg_reader_cost: 1.2811 avg_batch_cost: 1.6222, avg_ips: 59.1798.
Type : carpet Train [ Epoch 88/500 ], loss: 0.1684, avg_reader_cost: 1.2771 avg_batch_cost: 1.6154, avg_ips: 59.4263.
Type : carpet Train [ Epoch 89/500 ], loss: 0.2032, avg_reader_cost: 1.2899 avg_batch_cost: 1.4654, avg_ips: 65.5122.
Type : carpet Train [ Epoch 90/500 ], loss: 0.1754, avg_reader_cost: 1.2847 avg_batch_cost: 1.4260, avg_ips: 67.3215.
loading images
loaded 280 images
using density estimation GaussianDensityPaddle
Type : carpet Val [ Epoch 90/500 ] max_auc: 0.7588 roc_auc : 0.713884.
Type : carpet Train [ Epoch 91/500 ], loss: 0.2139, avg_reader_cost: 14.2019 avg_batch_cost: 14.3216, avg_ips: 6.7032.
Type : carpet Train [ Epoch 92/500 ], loss: 0.1651, avg_reader_cost: 0.0004 avg_batch_cost: 0.1064, avg_ips: 901.9241.
Type : carpet Train [ Epoch 93/500 ], loss: 0.1869, avg_reader_cost: 0.0003 avg_batch_cost: 0.1061, avg_ips: 905.0603.
Type : carpet Train [ Epoch 94/500 ], loss: 0.1882, avg_reader_cost: 1.3376 avg_batch_cost: 1.4791, avg_ips: 64.9023.
Type : carpet Train [ Epoch 95/500 ], loss: 0.2404, avg_reader_cost: 1.4964 avg_batch_cost: 1.8486, avg_ips: 51.9315.
Type : carpet Train [ Epoch 96/500 ], loss: 0.1759, avg_reader_cost: 1.6871 avg_batch_cost: 2.0316, avg_ips: 47.2544.
Type : carpet Train [ Epoch 97/500 ], loss: 0.1253, avg_reader_cost: 1.3750 avg_batch_cost: 1.7217, avg_ips: 55.7597.
Type : carpet Train [ Epoch 98/500 ], loss: 0.1261, avg_reader_cost: 1.5069 avg_batch_cost: 1.8558, avg_ips: 51.7287.
Type : carpet Train [ Epoch 99/500 ], loss: 0.1423, avg_reader_cost: 1.3290 avg_batch_cost: 1.6756, avg_ips: 57.2922.
Type : carpet Train [ Epoch 100/500 ], loss: 0.1623, avg_reader_cost: 1.6698 avg_batch_cost: 2.0209, avg_ips: 47.5046.
loading images
loaded 280 images
using density estimation GaussianDensityPaddle
Type : carpet Val [ Epoch 100/500 ] max_auc: 0.7588 roc_auc : 0.747592.
Type : carpet Train [ Epoch 101/500 ], loss: 0.1065, avg_reader_cost: 15.9502 avg_batch_cost: 16.4003, avg_ips: 5.8535.
Type : carpet Train [ Epoch 102/500 ], loss: 0.1659, avg_reader_cost: 0.0003 avg_batch_cost: 0.3542, avg_ips: 271.0035.
Type : carpet Train [ Epoch 103/500 ], loss: 0.1374, avg_reader_cost: 0.0003 avg_batch_cost: 0.3481, avg_ips: 275.8055.
Type : carpet Train [ Epoch 104/500 ], loss: 0.1180, avg_reader_cost: 0.0003 avg_batch_cost: 0.3485, avg_ips: 275.4459.
Type : carpet Train [ Epoch 105/500 ], loss: 0.0589, avg_reader_cost: 0.0003 avg_batch_cost: 0.1399, avg_ips: 686.4222.
Type : carpet Train [ Epoch 106/500 ], loss: 0.1780, avg_reader_cost: 1.1373 avg_batch_cost: 1.4816, avg_ips: 64.7944.
Type : carpet Train [ Epoch 107/500 ], loss: 0.1763, avg_reader_cost: 1.2949 avg_batch_cost: 1.6356, avg_ips: 58.6935.
Type : carpet Train [ Epoch 108/500 ], loss: 0.1066, avg_reader_cost: 1.2769 avg_batch_cost: 1.4503, avg_ips: 66.1911.
Type : carpet Train [ Epoch 109/500 ], loss: 0.1371, avg_reader_cost: 1.2873 avg_batch_cost: 1.6306, avg_ips: 58.8732.
Type : carpet Train [ Epoch 110/500 ], loss: 0.0845, avg_reader_cost: 1.2735 avg_batch_cost: 1.6120, avg_ips: 59.5521.
loading images
loaded 280 images
using density estimation GaussianDensityPaddle
Type : carpet Val [ Epoch 110/500 ] max_auc: 0.7769 roc_auc : 0.776886.
Type : carpet Train [ Epoch 111/500 ], loss: 0.0923, avg_reader_cost: 15.5453 avg_batch_cost: 15.9212, avg_ips: 6.0297.
Type : carpet Train [ Epoch 112/500 ], loss: 0.1049, avg_reader_cost: 0.0010 avg_batch_cost: 0.3517, avg_ips: 272.9388.
Type : carpet Train [ Epoch 113/500 ], loss: 0.1032, avg_reader_cost: 0.0003 avg_batch_cost: 0.3502, avg_ips: 274.1077.
Type : carpet Train [ Epoch 114/500 ], loss: 0.1624, avg_reader_cost: 0.0007 avg_batch_cost: 0.3523, avg_ips: 272.5322.
Type : carpet Train [ Epoch 115/500 ], loss: 0.1563, avg_reader_cost: 0.0003 avg_batch_cost: 0.3559, avg_ips: 269.7471.
Type : carpet Train [ Epoch 116/500 ], loss: 0.1269, avg_reader_cost: 1.1107 avg_batch_cost: 1.4639, avg_ips: 65.5761.
Type : carpet Train [ Epoch 117/500 ], loss: 0.1197, avg_reader_cost: 1.2708 avg_batch_cost: 1.4142, avg_ips: 67.8835.
Type : carpet Train [ Epoch 118/500 ], loss: 0.1621, avg_reader_cost: 1.2799 avg_batch_cost: 1.5428, avg_ips: 62.2246.
Type : carpet Train [ Epoch 119/500 ], loss: 0.1170, avg_reader_cost: 1.3179 avg_batch_cost: 1.4606, avg_ips: 65.7245.
Type : carpet Train [ Epoch 120/500 ], loss: 0.0901, avg_reader_cost: 1.3499 avg_batch_cost: 1.6930, avg_ips: 56.7026.
loading images
loaded 280 images
using density estimation GaussianDensityPaddle
Type : carpet Val [ Epoch 120/500 ] max_auc: 0.7994 roc_auc : 0.799358.
Type : carpet Train [ Epoch 121/500 ], loss: 0.1415, avg_reader_cost: 16.0523 avg_batch_cost: 16.1603, avg_ips: 5.9405.
Type : carpet Train [ Epoch 122/500 ], loss: 0.1282, avg_reader_cost: 0.0004 avg_batch_cost: 0.1084, avg_ips: 885.8204.
Type : carpet Train [ Epoch 123/500 ], loss: 0.1436, avg_reader_cost: 0.0004 avg_batch_cost: 0.1086, avg_ips: 883.9787.
Type : carpet Train [ Epoch 124/500 ], loss: 0.1532, avg_reader_cost: 0.0004 avg_batch_cost: 0.1090, avg_ips: 880.8517.
Type : carpet Train [ Epoch 125/500 ], loss: 0.1133, avg_reader_cost: 1.3336 avg_batch_cost: 1.4993, avg_ips: 64.0318.
Type : carpet Train [ Epoch 126/500 ], loss: 0.1056, avg_reader_cost: 1.2909 avg_batch_cost: 1.6314, avg_ips: 58.8445.
Type : carpet Train [ Epoch 127/500 ], loss: 0.1408, avg_reader_cost: 1.2753 avg_batch_cost: 1.4975, avg_ips: 64.1056.
Type : carpet Train [ Epoch 128/500 ], loss: 0.1008, avg_reader_cost: 1.2860 avg_batch_cost: 1.4263, avg_ips: 67.3071.
Type : carpet Train [ Epoch 129/500 ], loss: 0.1504, avg_reader_cost: 1.2810 avg_batch_cost: 1.4365, avg_ips: 66.8310.
Type : carpet Train [ Epoch 130/500 ], loss: 0.1192, avg_reader_cost: 1.2936 avg_batch_cost: 1.6331, avg_ips: 58.7855.
loading images
loaded 280 images
using density estimation GaussianDensityPaddle
Type : carpet Val [ Epoch 130/500 ] max_auc: 0.8307 roc_auc : 0.830658.
Type : carpet Train [ Epoch 131/500 ], loss: 0.1407, avg_reader_cost: 15.3496 avg_batch_cost: 15.7187, avg_ips: 6.1074.
Type : carpet Train [ Epoch 132/500 ], loss: 0.1096, avg_reader_cost: 0.0005 avg_batch_cost: 0.3544, avg_ips: 270.8877.
Type : carpet Train [ Epoch 133/500 ], loss: 0.1249, avg_reader_cost: 0.0003 avg_batch_cost: 0.3473, avg_ips: 276.4048.
Type : carpet Train [ Epoch 134/500 ], loss: 0.1260, avg_reader_cost: 0.0003 avg_batch_cost: 0.3481, avg_ips: 275.7978.
Type : carpet Train [ Epoch 135/500 ], loss: 0.0985, avg_reader_cost: 0.0003 avg_batch_cost: 0.3469, avg_ips: 276.7572.
Type : carpet Train [ Epoch 136/500 ], loss: 0.0783, avg_reader_cost: 1.2222 avg_batch_cost: 1.3661, avg_ips: 70.2739.
Type : carpet Train [ Epoch 137/500 ], loss: 0.1167, avg_reader_cost: 1.3323 avg_batch_cost: 1.6743, avg_ips: 57.3361.
Type : carpet Train [ Epoch 138/500 ], loss: 0.1584, avg_reader_cost: 1.3079 avg_batch_cost: 1.4451, avg_ips: 66.4326.
Type : carpet Train [ Epoch 139/500 ], loss: 0.0850, avg_reader_cost: 1.3499 avg_batch_cost: 1.6909, avg_ips: 56.7735.
Type : carpet Train [ Epoch 140/500 ], loss: 0.0680, avg_reader_cost: 1.2963 avg_batch_cost: 1.6384, avg_ips: 58.5939.
loading images
loaded 280 images
using density estimation GaussianDensityPaddle
Type : carpet Val [ Epoch 140/500 ] max_auc: 0.8535 roc_auc : 0.853531.
Type : carpet Train [ Epoch 141/500 ], loss: 0.0788, avg_reader_cost: 15.9475 avg_batch_cost: 16.1304, avg_ips: 5.9515.
Type : carpet Train [ Epoch 142/500 ], loss: 0.1057, avg_reader_cost: 0.0016 avg_batch_cost: 0.3551, avg_ips: 270.3561.
Type : carpet Train [ Epoch 143/500 ], loss: 0.1069, avg_reader_cost: 0.0003 avg_batch_cost: 0.1448, avg_ips: 662.7981.
Type : carpet Train [ Epoch 144/500 ], loss: 0.1038, avg_reader_cost: 0.0006 avg_batch_cost: 0.1657, avg_ips: 579.5164.
Type : carpet Train [ Epoch 145/500 ], loss: 0.1351, avg_reader_cost: 0.0014 avg_batch_cost: 0.3467, avg_ips: 276.9020.
Type : carpet Train [ Epoch 146/500 ], loss: 0.1173, avg_reader_cost: 1.1773 avg_batch_cost: 1.5263, avg_ips: 62.8979.
Type : carpet Train [ Epoch 147/500 ], loss: 0.1129, avg_reader_cost: 1.2975 avg_batch_cost: 1.4416, avg_ips: 66.5917.
Type : carpet Train [ Epoch 148/500 ], loss: 0.0972, avg_reader_cost: 1.2880 avg_batch_cost: 1.4453, avg_ips: 66.4225.
Type : carpet Train [ Epoch 149/500 ], loss: 0.1128, avg_reader_cost: 1.2901 avg_batch_cost: 1.4367, avg_ips: 66.8207.
Type : carpet Train [ Epoch 150/500 ], loss: 0.1288, avg_reader_cost: 1.3033 avg_batch_cost: 1.6627, avg_ips: 57.7369.
loading images
loaded 280 images
using density estimation GaussianDensityPaddle
Type : carpet Val [ Epoch 150/500 ] max_auc: 0.8535 roc_auc : 0.793740.
Type : carpet Train [ Epoch 151/500 ], loss: 0.1041, avg_reader_cost: 15.1565 avg_batch_cost: 15.3518, avg_ips: 6.2533.
Type : carpet Train [ Epoch 152/500 ], loss: 0.0960, avg_reader_cost: 0.0004 avg_batch_cost: 0.1079, avg_ips: 889.6172.
Type : carpet Train [ Epoch 153/500 ], loss: 0.1437, avg_reader_cost: 0.0004 avg_batch_cost: 0.1079, avg_ips: 889.6172.
Type : carpet Train [ Epoch 154/500 ], loss: 0.1278, avg_reader_cost: 0.0003 avg_batch_cost: 0.1072, avg_ips: 895.3718.
Type : carpet Train [ Epoch 155/500 ], loss: 0.1621, avg_reader_cost: 0.0004 avg_batch_cost: 0.1078, avg_ips: 890.2918.
Type : carpet Train [ Epoch 156/500 ], loss: 0.0716, avg_reader_cost: 1.3278 avg_batch_cost: 1.4679, avg_ips: 65.4010.
Type : carpet Train [ Epoch 157/500 ], loss: 0.1050, avg_reader_cost: 1.2840 avg_batch_cost: 1.6289, avg_ips: 58.9347.
Type : carpet Train [ Epoch 158/500 ], loss: 0.0944, avg_reader_cost: 1.2929 avg_batch_cost: 1.6447, avg_ips: 58.3705.
Type : carpet Train [ Epoch 159/500 ], loss: 0.0966, avg_reader_cost: 1.3018 avg_batch_cost: 1.6457, avg_ips: 58.3322.
Type : carpet Train [ Epoch 160/500 ], loss: 0.1050, avg_reader_cost: 1.3022 avg_batch_cost: 1.6435, avg_ips: 58.4128.
loading images
loaded 280 images
using density estimation GaussianDensityPaddle
Type : carpet Val [ Epoch 160/500 ] max_auc: 0.8535 roc_auc : 0.771669.
Type : carpet Train [ Epoch 161/500 ], loss: 0.0548, avg_reader_cost: 15.6134 avg_batch_cost: 15.8588, avg_ips: 6.0534.
Type : carpet Train [ Epoch 162/500 ], loss: 0.1036, avg_reader_cost: 0.0004 avg_batch_cost: 0.3509, avg_ips: 273.6064.
Type : carpet Train [ Epoch 163/500 ], loss: 0.0743, avg_reader_cost: 0.0003 avg_batch_cost: 0.1433, avg_ips: 670.1092.
Type : carpet Train [ Epoch 164/500 ], loss: 0.0769, avg_reader_cost: 0.0013 avg_batch_cost: 0.3533, avg_ips: 271.7585.
Type : carpet Train [ Epoch 165/500 ], loss: 0.1107, avg_reader_cost: 0.0002 avg_batch_cost: 0.3393, avg_ips: 282.9562.
Type : carpet Train [ Epoch 166/500 ], loss: 0.0703, avg_reader_cost: 1.1545 avg_batch_cost: 1.3094, avg_ips: 73.3172.
Type : carpet Train [ Epoch 167/500 ], loss: 0.0574, avg_reader_cost: 1.2924 avg_batch_cost: 1.4351, avg_ips: 66.8940.
Type : carpet Train [ Epoch 168/500 ], loss: 0.1105, avg_reader_cost: 1.2918 avg_batch_cost: 1.4555, avg_ips: 65.9550.
Type : carpet Train [ Epoch 169/500 ], loss: 0.1236, avg_reader_cost: 1.2939 avg_batch_cost: 1.4358, avg_ips: 66.8638.
Type : carpet Train [ Epoch 170/500 ], loss: 0.0909, avg_reader_cost: 1.2880 avg_batch_cost: 1.4847, avg_ips: 64.6615.
loading images
loaded 280 images
using density estimation GaussianDensityPaddle
Type : carpet Val [ Epoch 170/500 ] max_auc: 0.8535 roc_auc : 0.781300.
Type : carpet Train [ Epoch 171/500 ], loss: 0.1163, avg_reader_cost: 15.5519 avg_batch_cost: 15.8564, avg_ips: 6.0543.
Type : carpet Train [ Epoch 172/500 ], loss: 0.1102, avg_reader_cost: 0.0005 avg_batch_cost: 0.3573, avg_ips: 268.6916.
Type : carpet Train [ Epoch 173/500 ], loss: 0.0614, avg_reader_cost: 0.0002 avg_batch_cost: 0.1477, avg_ips: 650.0949.
Type : carpet Train [ Epoch 174/500 ], loss: 0.1212, avg_reader_cost: 0.0005 avg_batch_cost: 0.3535, avg_ips: 271.5655.
Type : carpet Train [ Epoch 175/500 ], loss: 0.0615, avg_reader_cost: 0.0003 avg_batch_cost: 0.3446, avg_ips: 278.5731.
Type : carpet Train [ Epoch 176/500 ], loss: 0.0887, avg_reader_cost: 1.6746 avg_batch_cost: 2.0318, avg_ips: 47.2490.
Type : carpet Train [ Epoch 177/500 ], loss: 0.1005, avg_reader_cost: 1.2959 avg_batch_cost: 1.4733, avg_ips: 65.1594.
Type : carpet Train [ Epoch 178/500 ], loss: 0.0982, avg_reader_cost: 1.3117 avg_batch_cost: 1.6604, avg_ips: 57.8157.
Type : carpet Train [ Epoch 179/500 ], loss: 0.0691, avg_reader_cost: 1.3016 avg_batch_cost: 1.6523, avg_ips: 58.1012.
Type : carpet Train [ Epoch 180/500 ], loss: 0.1308, avg_reader_cost: 1.2998 avg_batch_cost: 1.6435, avg_ips: 58.4137.
loading images
loaded 280 images
using density estimation GaussianDensityPaddle
Type : carpet Val [ Epoch 180/500 ] max_auc: 0.8535 roc_auc : 0.776886.
Type : carpet Train [ Epoch 181/500 ], loss: 0.0789, avg_reader_cost: 14.8847 avg_batch_cost: 15.3266, avg_ips: 6.2636.
Type : carpet Train [ Epoch 182/500 ], loss: 0.0829, avg_reader_cost: 0.0003 avg_batch_cost: 0.3501, avg_ips: 274.1976.
Type : carpet Train [ Epoch 183/500 ], loss: 0.1000, avg_reader_cost: 0.0003 avg_batch_cost: 0.3510, avg_ips: 273.4947.
Type : carpet Train [ Epoch 184/500 ], loss: 0.1297, avg_reader_cost: 0.0003 avg_batch_cost: 0.3470, avg_ips: 276.6338.
Type : carpet Train [ Epoch 185/500 ], loss: 0.0911, avg_reader_cost: 0.0004 avg_batch_cost: 0.3467, avg_ips: 276.8814.
Type : carpet Train [ Epoch 186/500 ], loss: 0.1210, avg_reader_cost: 1.1113 avg_batch_cost: 1.2161, avg_ips: 78.9441.
Type : carpet Train [ Epoch 187/500 ], loss: 0.0905, avg_reader_cost: 1.3690 avg_batch_cost: 1.7140, avg_ips: 56.0096.
Type : carpet Train [ Epoch 188/500 ], loss: 0.0780, avg_reader_cost: 1.2861 avg_batch_cost: 1.6247, avg_ips: 59.0866.
Type : carpet Train [ Epoch 189/500 ], loss: 0.0395, avg_reader_cost: 1.2957 avg_batch_cost: 1.6445, avg_ips: 58.3770.
Type : carpet Train [ Epoch 190/500 ], loss: 0.0906, avg_reader_cost: 1.2850 avg_batch_cost: 1.6729, avg_ips: 57.3865.
loading images
loaded 280 images
using density estimation GaussianDensityPaddle
Type : carpet Val [ Epoch 190/500 ] max_auc: 0.8535 roc_auc : 0.721910.
Type : carpet Train [ Epoch 191/500 ], loss: 0.0759, avg_reader_cost: 14.7697 avg_batch_cost: 15.1373, avg_ips: 6.3420.
Type : carpet Train [ Epoch 192/500 ], loss: 0.0927, avg_reader_cost: 0.0003 avg_batch_cost: 0.3498, avg_ips: 274.4241.
Type : carpet Train [ Epoch 193/500 ], loss: 0.0747, avg_reader_cost: 0.0003 avg_batch_cost: 0.1402, avg_ips: 684.6434.
Type : carpet Train [ Epoch 194/500 ], loss: 0.0547, avg_reader_cost: 0.0005 avg_batch_cost: 0.1733, avg_ips: 554.0364.
Type : carpet Train [ Epoch 195/500 ], loss: 0.0938, avg_reader_cost: 0.0010 avg_batch_cost: 0.2023, avg_ips: 474.4811.
Type : carpet Train [ Epoch 196/500 ], loss: 0.0843, avg_reader_cost: 1.1869 avg_batch_cost: 1.3338, avg_ips: 71.9774.
Type : carpet Train [ Epoch 197/500 ], loss: 0.1174, avg_reader_cost: 1.2977 avg_batch_cost: 1.6550, avg_ips: 58.0057.
Type : carpet Train [ Epoch 198/500 ], loss: 0.0853, avg_reader_cost: 1.3023 avg_batch_cost: 1.6484, avg_ips: 58.2399.
Type : carpet Train [ Epoch 199/500 ], loss: 0.1066, avg_reader_cost: 1.3040 avg_batch_cost: 1.6530, avg_ips: 58.0766.
Type : carpet Train [ Epoch 200/500 ], loss: 0.1190, avg_reader_cost: 1.2960 avg_batch_cost: 1.6378, avg_ips: 58.6152.
loading images
loaded 280 images
using density estimation GaussianDensityPaddle
Type : carpet Val [ Epoch 200/500 ] max_auc: 0.8535 roc_auc : 0.792937.
Type : carpet Train [ Epoch 201/500 ], loss: 0.0779, avg_reader_cost: 15.2104 avg_batch_cost: 15.5737, avg_ips: 6.1642.
Type : carpet Train [ Epoch 202/500 ], loss: 0.0666, avg_reader_cost: 0.0014 avg_batch_cost: 0.3543, avg_ips: 270.9572.
Type : carpet Train [ Epoch 203/500 ], loss: 0.0671, avg_reader_cost: 0.0005 avg_batch_cost: 0.3781, avg_ips: 253.8915.
Type : carpet Train [ Epoch 204/500 ], loss: 0.0648, avg_reader_cost: 0.0003 avg_batch_cost: 0.3599, avg_ips: 266.7533.
Type : carpet Train [ Epoch 205/500 ], loss: 0.0945, avg_reader_cost: 0.0012 avg_batch_cost: 0.3522, avg_ips: 272.5443.
Type : carpet Train [ Epoch 206/500 ], loss: 0.1446, avg_reader_cost: 1.6765 avg_batch_cost: 2.0269, avg_ips: 47.3641.
Type : carpet Train [ Epoch 207/500 ], loss: 0.0809, avg_reader_cost: 1.5367 avg_batch_cost: 1.8914, avg_ips: 50.7552.
Type : carpet Train [ Epoch 208/500 ], loss: 0.0852, avg_reader_cost: 1.3557 avg_batch_cost: 1.7042, avg_ips: 56.3313.
Type : carpet Train [ Epoch 209/500 ], loss: 0.0506, avg_reader_cost: 1.6405 avg_batch_cost: 1.9814, avg_ips: 48.4501.
Type : carpet Train [ Epoch 210/500 ], loss: 0.0677, avg_reader_cost: 1.7762 avg_batch_cost: 2.1295, avg_ips: 45.0809.
loading images
loaded 280 images
using density estimation GaussianDensityPaddle
Type : carpet Val [ Epoch 210/500 ] max_auc: 0.8535 roc_auc : 0.787721.
Type : carpet Train [ Epoch 211/500 ], loss: 0.0855, avg_reader_cost: 15.8616 avg_batch_cost: 16.2460, avg_ips: 5.9092.
Type : carpet Train [ Epoch 212/500 ], loss: 0.0484, avg_reader_cost: 0.0020 avg_batch_cost: 0.3563, avg_ips: 269.4612.
Type : carpet Train [ Epoch 213/500 ], loss: 0.0546, avg_reader_cost: 0.0012 avg_batch_cost: 0.1395, avg_ips: 688.0244.
Type : carpet Train [ Epoch 214/500 ], loss: 0.0837, avg_reader_cost: 0.0004 avg_batch_cost: 0.3469, avg_ips: 276.7612.
Type : carpet Train [ Epoch 215/500 ], loss: 0.0937, avg_reader_cost: 0.0003 avg_batch_cost: 0.3446, avg_ips: 278.5743.
Type : carpet Train [ Epoch 216/500 ], loss: 0.0860, avg_reader_cost: 1.1370 avg_batch_cost: 1.3029, avg_ips: 73.6802.
Type : carpet Train [ Epoch 217/500 ], loss: 0.0683, avg_reader_cost: 1.2860 avg_batch_cost: 1.3928, avg_ips: 68.9278.
Type : carpet Train [ Epoch 218/500 ], loss: 0.0307, avg_reader_cost: 1.3319 avg_batch_cost: 1.4866, avg_ips: 64.5768.
Type : carpet Train [ Epoch 219/500 ], loss: 0.1094, avg_reader_cost: 1.2830 avg_batch_cost: 1.6254, avg_ips: 59.0612.
Type : carpet Train [ Epoch 220/500 ], loss: 0.1020, avg_reader_cost: 1.2972 avg_batch_cost: 1.5903, avg_ips: 60.3655.
loading images
loaded 280 images
using density estimation GaussianDensityPaddle
Type : carpet Val [ Epoch 220/500 ] max_auc: 0.8535 roc_auc : 0.704254.
Type : carpet Train [ Epoch 221/500 ], loss: 0.1462, avg_reader_cost: 15.0077 avg_batch_cost: 15.3928, avg_ips: 6.2367.
Type : carpet Train [ Epoch 222/500 ], loss: 0.0958, avg_reader_cost: 0.0003 avg_batch_cost: 0.1487, avg_ips: 645.7329.
Type : carpet Train [ Epoch 223/500 ], loss: 0.0957, avg_reader_cost: 0.0005 avg_batch_cost: 0.3508, avg_ips: 273.6436.
Type : carpet Train [ Epoch 224/500 ], loss: 0.0609, avg_reader_cost: 0.0003 avg_batch_cost: 0.1443, avg_ips: 665.4930.
Type : carpet Train [ Epoch 225/500 ], loss: 0.1012, avg_reader_cost: 0.0006 avg_batch_cost: 0.3539, avg_ips: 271.2741.
Type : carpet Train [ Epoch 226/500 ], loss: 0.1997, avg_reader_cost: 1.3362 avg_batch_cost: 1.6878, avg_ips: 56.8774.
Type : carpet Train [ Epoch 227/500 ], loss: 0.1687, avg_reader_cost: 1.5635 avg_batch_cost: 1.9080, avg_ips: 50.3136.
Type : carpet Train [ Epoch 228/500 ], loss: 0.0808, avg_reader_cost: 1.3837 avg_batch_cost: 1.7256, avg_ips: 55.6338.
Type : carpet Train [ Epoch 229/500 ], loss: 0.0870, avg_reader_cost: 1.7144 avg_batch_cost: 2.0648, avg_ips: 46.4933.
Type : carpet Train [ Epoch 230/500 ], loss: 0.1402, avg_reader_cost: 1.3291 avg_batch_cost: 1.6813, avg_ips: 57.1000.
loading images
loaded 280 images
using density estimation GaussianDensityPaddle
Type : carpet Val [ Epoch 230/500 ] max_auc: 0.8852 roc_auc : 0.885233.
Type : carpet Train [ Epoch 231/500 ], loss: 0.0800, avg_reader_cost: 15.5222 avg_batch_cost: 15.8835, avg_ips: 6.0440.
Type : carpet Train [ Epoch 232/500 ], loss: 0.0960, avg_reader_cost: 0.0004 avg_batch_cost: 0.3461, avg_ips: 277.3556.
Type : carpet Train [ Epoch 233/500 ], loss: 0.1291, avg_reader_cost: 0.0005 avg_batch_cost: 0.3522, avg_ips: 272.5508.
Type : carpet Train [ Epoch 234/500 ], loss: 0.0849, avg_reader_cost: 0.0011 avg_batch_cost: 0.1479, avg_ips: 649.2333.
Type : carpet Train [ Epoch 235/500 ], loss: 0.0765, avg_reader_cost: 0.0012 avg_batch_cost: 0.3577, avg_ips: 268.3882.
Type : carpet Train [ Epoch 236/500 ], loss: 0.0641, avg_reader_cost: 1.1635 avg_batch_cost: 1.3040, avg_ips: 73.6197.
Type : carpet Train [ Epoch 237/500 ], loss: 0.0670, avg_reader_cost: 1.2873 avg_batch_cost: 1.6287, avg_ips: 58.9411.
Type : carpet Train [ Epoch 238/500 ], loss: 0.0658, avg_reader_cost: 1.2816 avg_batch_cost: 1.6256, avg_ips: 59.0565.
Type : carpet Train [ Epoch 239/500 ], loss: 0.0685, avg_reader_cost: 1.2983 avg_batch_cost: 1.6350, avg_ips: 58.7139.
Type : carpet Train [ Epoch 240/500 ], loss: 0.0513, avg_reader_cost: 1.2783 avg_batch_cost: 1.4192, avg_ips: 67.6450.
loading images
loaded 280 images
using density estimation GaussianDensityPaddle
Type : carpet Val [ Epoch 240/500 ] max_auc: 0.8852 roc_auc : 0.762039.
Type : carpet Train [ Epoch 241/500 ], loss: 0.0474, avg_reader_cost: 15.9720 avg_batch_cost: 16.4199, avg_ips: 5.8466.
Type : carpet Train [ Epoch 242/500 ], loss: 0.0519, avg_reader_cost: 0.0003 avg_batch_cost: 0.3482, avg_ips: 275.7339.
Type : carpet Train [ Epoch 243/500 ], loss: 0.0950, avg_reader_cost: 0.0002 avg_batch_cost: 0.1637, avg_ips: 586.6151.
Type : carpet Train [ Epoch 244/500 ], loss: 0.0987, avg_reader_cost: 0.0013 avg_batch_cost: 0.3514, avg_ips: 273.2193.
Type : carpet Train [ Epoch 245/500 ], loss: 0.0462, avg_reader_cost: 0.0002 avg_batch_cost: 0.3550, avg_ips: 270.4498.
Type : carpet Train [ Epoch 246/500 ], loss: 0.1202, avg_reader_cost: 1.1379 avg_batch_cost: 1.4784, avg_ips: 64.9364.
Type : carpet Train [ Epoch 247/500 ], loss: 0.1052, avg_reader_cost: 1.2956 avg_batch_cost: 1.6338, avg_ips: 58.7591.
Type : carpet Train [ Epoch 248/500 ], loss: 0.0182, avg_reader_cost: 1.2924 avg_batch_cost: 1.3980, avg_ips: 68.6708.
Type : carpet Train [ Epoch 249/500 ], loss: 0.0464, avg_reader_cost: 1.6592 avg_batch_cost: 1.9866, avg_ips: 48.3245.
Type : carpet Train [ Epoch 250/500 ], loss: 0.0723, avg_reader_cost: 1.4959 avg_batch_cost: 1.6927, avg_ips: 56.7139.
loading images
loaded 280 images
using density estimation GaussianDensityPaddle
Type : carpet Val [ Epoch 250/500 ] max_auc: 0.8852 roc_auc : 0.787319.
Type : carpet Train [ Epoch 251/500 ], loss: 0.0601, avg_reader_cost: 15.5728 avg_batch_cost: 15.9629, avg_ips: 6.0140.
Type : carpet Train [ Epoch 252/500 ], loss: 0.0751, avg_reader_cost: 0.0003 avg_batch_cost: 0.3197, avg_ips: 300.3010.
Type : carpet Train [ Epoch 253/500 ], loss: 0.0475, avg_reader_cost: 0.0003 avg_batch_cost: 0.3614, avg_ips: 265.6181.
Type : carpet Train [ Epoch 254/500 ], loss: 0.0540, avg_reader_cost: 0.0003 avg_batch_cost: 0.3520, avg_ips: 272.7203.
Type : carpet Train [ Epoch 255/500 ], loss: 0.0450, avg_reader_cost: 0.0003 avg_batch_cost: 0.3414, avg_ips: 281.2065.
Type : carpet Train [ Epoch 256/500 ], loss: 0.0396, avg_reader_cost: 1.2616 avg_batch_cost: 1.6090, avg_ips: 59.6634.
Type : carpet Train [ Epoch 257/500 ], loss: 0.0454, avg_reader_cost: 1.2874 avg_batch_cost: 1.5159, avg_ips: 63.3271.
Type : carpet Train [ Epoch 258/500 ], loss: 0.0423, avg_reader_cost: 1.4895 avg_batch_cost: 1.8373, avg_ips: 52.2495.
Type : carpet Train [ Epoch 259/500 ], loss: 0.0509, avg_reader_cost: 1.3635 avg_batch_cost: 1.7080, avg_ips: 56.2065.
Type : carpet Train [ Epoch 260/500 ], loss: 0.0711, avg_reader_cost: 1.5113 avg_batch_cost: 1.8577, avg_ips: 51.6766.
loading images
loaded 280 images
using density estimation GaussianDensityPaddle
Type : carpet Val [ Epoch 260/500 ] max_auc: 0.8852 roc_auc : 0.730738.
Type : carpet Train [ Epoch 261/500 ], loss: 0.0874, avg_reader_cost: 14.7963 avg_batch_cost: 15.2455, avg_ips: 6.2970.
Type : carpet Train [ Epoch 262/500 ], loss: 0.1200, avg_reader_cost: 0.0003 avg_batch_cost: 0.2762, avg_ips: 347.5958.
Type : carpet Train [ Epoch 263/500 ], loss: 0.0516, avg_reader_cost: 0.0004 avg_batch_cost: 0.2654, avg_ips: 361.6598.
Type : carpet Train [ Epoch 264/500 ], loss: 0.0862, avg_reader_cost: 0.0003 avg_batch_cost: 0.1875, avg_ips: 511.9434.
Type : carpet Train [ Epoch 265/500 ], loss: 0.0509, avg_reader_cost: 0.0006 avg_batch_cost: 0.1810, avg_ips: 530.2624.
Type : carpet Train [ Epoch 266/500 ], loss: 0.0556, avg_reader_cost: 1.2550 avg_batch_cost: 1.6053, avg_ips: 59.8027.
Type : carpet Train [ Epoch 267/500 ], loss: 0.0617, avg_reader_cost: 1.3141 avg_batch_cost: 1.6565, avg_ips: 57.9520.
Type : carpet Train [ Epoch 268/500 ], loss: 0.0428, avg_reader_cost: 1.6306 avg_batch_cost: 1.9794, avg_ips: 48.5006.
Type : carpet Train [ Epoch 269/500 ], loss: 0.0584, avg_reader_cost: 1.3064 avg_batch_cost: 1.6548, avg_ips: 58.0119.
Type : carpet Train [ Epoch 270/500 ], loss: 0.0488, avg_reader_cost: 1.4311 avg_batch_cost: 1.6080, avg_ips: 59.7033.
loading images
loaded 280 images
using density estimation GaussianDensityPaddle
Type : carpet Val [ Epoch 270/500 ] max_auc: 0.8852 roc_auc : 0.747994.
Type : carpet Train [ Epoch 271/500 ], loss: 0.0279, avg_reader_cost: 15.8904 avg_batch_cost: 16.4141, avg_ips: 5.8486.
Type : carpet Train [ Epoch 272/500 ], loss: 0.0135, avg_reader_cost: 0.0003 avg_batch_cost: 0.1259, avg_ips: 762.6267.
Type : carpet Train [ Epoch 273/500 ], loss: 0.0502, avg_reader_cost: 0.0004 avg_batch_cost: 0.3484, avg_ips: 275.5338.
Type : carpet Train [ Epoch 274/500 ], loss: 0.0936, avg_reader_cost: 0.0003 avg_batch_cost: 0.3920, avg_ips: 244.8987.
Type : carpet Train [ Epoch 275/500 ], loss: 0.0822, avg_reader_cost: 0.0003 avg_batch_cost: 0.5071, avg_ips: 189.3064.
Type : carpet Train [ Epoch 276/500 ], loss: 0.0612, avg_reader_cost: 0.8334 avg_batch_cost: 0.9963, avg_ips: 96.3604.
Type : carpet Train [ Epoch 277/500 ], loss: 0.0644, avg_reader_cost: 1.2814 avg_batch_cost: 1.4236, avg_ips: 67.4344.
Type : carpet Train [ Epoch 278/500 ], loss: 0.0547, avg_reader_cost: 1.2915 avg_batch_cost: 1.6335, avg_ips: 58.7682.
Type : carpet Train [ Epoch 279/500 ], loss: 0.0745, avg_reader_cost: 1.2793 avg_batch_cost: 1.3860, avg_ips: 69.2662.
Type : carpet Train [ Epoch 280/500 ], loss: 0.0711, avg_reader_cost: 1.5644 avg_batch_cost: 1.7131, avg_ips: 56.0403.
loading images
loaded 280 images
using density estimation GaussianDensityPaddle
Type : carpet Val [ Epoch 280/500 ] max_auc: 0.8852 roc_auc : 0.750000.
Type : carpet Train [ Epoch 281/500 ], loss: 0.0418, avg_reader_cost: 15.8543 avg_batch_cost: 16.3217, avg_ips: 5.8818.
Type : carpet Train [ Epoch 282/500 ], loss: 0.0549, avg_reader_cost: 0.0004 avg_batch_cost: 0.3550, avg_ips: 270.4254.
Type : carpet Train [ Epoch 283/500 ], loss: 0.0758, avg_reader_cost: 0.0012 avg_batch_cost: 0.3594, avg_ips: 267.1248.
Type : carpet Train [ Epoch 284/500 ], loss: 0.0620, avg_reader_cost: 0.0003 avg_batch_cost: 0.3435, avg_ips: 279.5005.
Type : carpet Train [ Epoch 285/500 ], loss: 0.0673, avg_reader_cost: 0.0003 avg_batch_cost: 0.3481, avg_ips: 275.7434.
Type : carpet Train [ Epoch 286/500 ], loss: 0.0532, avg_reader_cost: 1.1212 avg_batch_cost: 1.2579, avg_ips: 76.3152.
Type : carpet Train [ Epoch 287/500 ], loss: 0.0625, avg_reader_cost: 1.3072 avg_batch_cost: 1.6672, avg_ips: 57.5825.
Type : carpet Train [ Epoch 288/500 ], loss: 0.0776, avg_reader_cost: 1.2977 avg_batch_cost: 1.6517, avg_ips: 58.1230.
Type : carpet Train [ Epoch 289/500 ], loss: 0.0558, avg_reader_cost: 1.2848 avg_batch_cost: 1.6342, avg_ips: 58.7450.
Type : carpet Train [ Epoch 290/500 ], loss: 0.0245, avg_reader_cost: 1.2902 avg_batch_cost: 1.4680, avg_ips: 65.3949.
loading images
loaded 280 images
using density estimation GaussianDensityPaddle
Type : carpet Val [ Epoch 290/500 ] max_auc: 0.8852 roc_auc : 0.715891.
Type : carpet Train [ Epoch 291/500 ], loss: 0.1034, avg_reader_cost: 14.6697 avg_batch_cost: 15.0790, avg_ips: 6.3665.
Type : carpet Train [ Epoch 292/500 ], loss: 0.0525, avg_reader_cost: 0.0004 avg_batch_cost: 0.1427, avg_ips: 672.6245.
Type : carpet Train [ Epoch 293/500 ], loss: 0.0802, avg_reader_cost: 0.0005 avg_batch_cost: 0.3502, avg_ips: 274.1582.
Type : carpet Train [ Epoch 294/500 ], loss: 0.0411, avg_reader_cost: 0.0004 avg_batch_cost: 0.3470, avg_ips: 276.6545.
Type : carpet Train [ Epoch 295/500 ], loss: 0.0719, avg_reader_cost: 0.0003 avg_batch_cost: 0.3562, avg_ips: 269.5278.
Type : carpet Train [ Epoch 296/500 ], loss: 0.0382, avg_reader_cost: 1.4596 avg_batch_cost: 1.6280, avg_ips: 58.9675.
Type : carpet Train [ Epoch 297/500 ], loss: 0.1355, avg_reader_cost: 1.3055 avg_batch_cost: 1.4803, avg_ips: 64.8534.
Type : carpet Train [ Epoch 298/500 ], loss: 0.0615, avg_reader_cost: 1.3242 avg_batch_cost: 1.4732, avg_ips: 65.1655.
Type : carpet Train [ Epoch 299/500 ], loss: 0.0297, avg_reader_cost: 1.3133 avg_batch_cost: 1.6601, avg_ips: 57.8266.
Type : carpet Train [ Epoch 300/500 ], loss: 0.0591, avg_reader_cost: 1.3231 avg_batch_cost: 1.5529, avg_ips: 61.8210.
loading images
loaded 280 images
using density estimation GaussianDensityPaddle
Type : carpet Val [ Epoch 300/500 ] max_auc: 0.8852 roc_auc : 0.665329.
Type : carpet Train [ Epoch 301/500 ], loss: 0.0549, avg_reader_cost: 15.5645 avg_batch_cost: 16.0475, avg_ips: 5.9822.
Type : carpet Train [ Epoch 302/500 ], loss: 0.0557, avg_reader_cost: 0.0004 avg_batch_cost: 0.3443, avg_ips: 278.8395.
Type : carpet Train [ Epoch 303/500 ], loss: 0.0420, avg_reader_cost: 0.0009 avg_batch_cost: 0.3491, avg_ips: 274.9941.
Type : carpet Train [ Epoch 304/500 ], loss: 0.0620, avg_reader_cost: 0.0003 avg_batch_cost: 0.3561, avg_ips: 269.6028.
Type : carpet Train [ Epoch 305/500 ], loss: 0.0467, avg_reader_cost: 0.0003 avg_batch_cost: 0.3455, avg_ips: 277.8946.
Type : carpet Train [ Epoch 306/500 ], loss: 0.0352, avg_reader_cost: 1.1882 avg_batch_cost: 1.5297, avg_ips: 62.7589.
Type : carpet Train [ Epoch 307/500 ], loss: 0.0462, avg_reader_cost: 1.3304 avg_batch_cost: 1.6819, avg_ips: 57.0787.
Type : carpet Train [ Epoch 308/500 ], loss: 0.0282, avg_reader_cost: 1.3114 avg_batch_cost: 1.6511, avg_ips: 58.1437.
Type : carpet Train [ Epoch 309/500 ], loss: 0.0639, avg_reader_cost: 1.3208 avg_batch_cost: 1.6648, avg_ips: 57.6646.
Type : carpet Train [ Epoch 310/500 ], loss: 0.0994, avg_reader_cost: 1.3100 avg_batch_cost: 1.4169, avg_ips: 67.7531.
loading images
loaded 280 images
using density estimation GaussianDensityPaddle
Type : carpet Val [ Epoch 310/500 ] max_auc: 0.8852 roc_auc : 0.676565.
Type : carpet Train [ Epoch 311/500 ], loss: 0.0442, avg_reader_cost: 14.2687 avg_batch_cost: 14.6518, avg_ips: 6.5521.
Type : carpet Train [ Epoch 312/500 ], loss: 0.0344, avg_reader_cost: 1.3023 avg_batch_cost: 1.6438, avg_ips: 58.4005.
Type : carpet Train [ Epoch 313/500 ], loss: 0.0560, avg_reader_cost: 1.3190 avg_batch_cost: 1.6609, avg_ips: 57.7983.
Type : carpet Train [ Epoch 314/500 ], loss: 0.0549, avg_reader_cost: 1.3197 avg_batch_cost: 1.5454, avg_ips: 62.1202.
Type : carpet Train [ Epoch 315/500 ], loss: 0.0118, avg_reader_cost: 1.4807 avg_batch_cost: 1.8233, avg_ips: 52.6517.
Type : carpet Train [ Epoch 316/500 ], loss: 0.0536, avg_reader_cost: 1.3268 avg_batch_cost: 1.4633, avg_ips: 65.6062.
Type : carpet Train [ Epoch 317/500 ], loss: 0.0675, avg_reader_cost: 1.3413 avg_batch_cost: 1.4995, avg_ips: 64.0223.
Type : carpet Train [ Epoch 318/500 ], loss: 0.0957, avg_reader_cost: 1.3259 avg_batch_cost: 1.6753, avg_ips: 57.3028.
Type : carpet Train [ Epoch 319/500 ], loss: 0.0415, avg_reader_cost: 1.3331 avg_batch_cost: 1.6799, avg_ips: 57.1477.
Type : carpet Train [ Epoch 320/500 ], loss: 0.0705, avg_reader_cost: 1.3291 avg_batch_cost: 1.6796, avg_ips: 57.1548.
loading images
loaded 280 images
using density estimation GaussianDensityPaddle
Type : carpet Val [ Epoch 320/500 ] max_auc: 0.8852 roc_auc : 0.715490.
Type : carpet Train [ Epoch 321/500 ], loss: 0.0603, avg_reader_cost: 15.6183 avg_batch_cost: 16.0738, avg_ips: 5.9724.
Type : carpet Train [ Epoch 322/500 ], loss: 0.0127, avg_reader_cost: 0.0003 avg_batch_cost: 0.1422, avg_ips: 675.1429.
Type : carpet Train [ Epoch 323/500 ], loss: 0.0777, avg_reader_cost: 0.0004 avg_batch_cost: 0.3462, avg_ips: 277.2618.
Type : carpet Train [ Epoch 324/500 ], loss: 0.0526, avg_reader_cost: 0.0003 avg_batch_cost: 0.3444, avg_ips: 278.7436.
Type : carpet Train [ Epoch 325/500 ], loss: 0.0579, avg_reader_cost: 0.0003 avg_batch_cost: 0.1672, avg_ips: 573.9913.
Type : carpet Train [ Epoch 326/500 ], loss: 0.0519, avg_reader_cost: 1.1560 avg_batch_cost: 1.2895, avg_ips: 74.4486.
Type : carpet Train [ Epoch 327/500 ], loss: 0.0511, avg_reader_cost: 1.2954 avg_batch_cost: 1.6477, avg_ips: 58.2644.
Type : carpet Train [ Epoch 328/500 ], loss: 0.0215, avg_reader_cost: 1.2891 avg_batch_cost: 1.4443, avg_ips: 66.4676.
Type : carpet Train [ Epoch 329/500 ], loss: 0.0791, avg_reader_cost: 1.2997 avg_batch_cost: 1.6442, avg_ips: 58.3887.
Type : carpet Train [ Epoch 330/500 ], loss: 0.0377, avg_reader_cost: 1.4800 avg_batch_cost: 1.6408, avg_ips: 58.5082.
loading images
loaded 280 images
using density estimation GaussianDensityPaddle
Type : carpet Val [ Epoch 330/500 ] max_auc: 0.8852 roc_auc : 0.787721.
Type : carpet Train [ Epoch 331/500 ], loss: 0.0339, avg_reader_cost: 16.0386 avg_batch_cost: 16.4975, avg_ips: 5.8190.
Type : carpet Train [ Epoch 332/500 ], loss: 0.0453, avg_reader_cost: 0.0003 avg_batch_cost: 0.3417, avg_ips: 280.9893.
Type : carpet Train [ Epoch 333/500 ], loss: 0.0811, avg_reader_cost: 0.0003 avg_batch_cost: 0.3514, avg_ips: 273.1971.
Type : carpet Train [ Epoch 334/500 ], loss: 0.0748, avg_reader_cost: 0.0003 avg_batch_cost: 0.3440, avg_ips: 279.0368.
Type : carpet Train [ Epoch 335/500 ], loss: 0.0403, avg_reader_cost: 0.0004 avg_batch_cost: 0.3583, avg_ips: 267.9658.
Type : carpet Train [ Epoch 336/500 ], loss: 0.0590, avg_reader_cost: 1.1107 avg_batch_cost: 1.2492, avg_ips: 76.8466.
Type : carpet Train [ Epoch 337/500 ], loss: 0.0444, avg_reader_cost: 1.2971 avg_batch_cost: 1.6499, avg_ips: 58.1860.
Type : carpet Train [ Epoch 338/500 ], loss: 0.0625, avg_reader_cost: 1.2804 avg_batch_cost: 1.6253, avg_ips: 59.0650.
Type : carpet Train [ Epoch 339/500 ], loss: 0.0247, avg_reader_cost: 1.2753 avg_batch_cost: 1.6250, avg_ips: 59.0763.
Type : carpet Train [ Epoch 340/500 ], loss: 0.0586, avg_reader_cost: 1.2786 avg_batch_cost: 1.4420, avg_ips: 66.5724.
loading images
loaded 280 images
using density estimation GaussianDensityPaddle
Type : carpet Val [ Epoch 340/500 ] max_auc: 0.8852 roc_auc : 0.794141.
Type : carpet Train [ Epoch 341/500 ], loss: 0.0385, avg_reader_cost: 13.1780 avg_batch_cost: 13.2946, avg_ips: 7.2210.
Type : carpet Train [ Epoch 342/500 ], loss: 0.0580, avg_reader_cost: 1.3321 avg_batch_cost: 1.6793, avg_ips: 57.1673.
Type : carpet Train [ Epoch 343/500 ], loss: 0.0379, avg_reader_cost: 1.2756 avg_batch_cost: 1.4184, avg_ips: 67.6841.
Type : carpet Train [ Epoch 344/500 ], loss: 0.0614, avg_reader_cost: 1.2754 avg_batch_cost: 1.4114, avg_ips: 68.0197.
Type : carpet Train [ Epoch 345/500 ], loss: 0.1087, avg_reader_cost: 1.2871 avg_batch_cost: 1.6255, avg_ips: 59.0595.
Type : carpet Train [ Epoch 346/500 ], loss: 0.1523, avg_reader_cost: 1.2824 avg_batch_cost: 1.6358, avg_ips: 58.6861.
Type : carpet Train [ Epoch 347/500 ], loss: 0.0463, avg_reader_cost: 1.2735 avg_batch_cost: 1.4106, avg_ips: 68.0559.
Type : carpet Train [ Epoch 348/500 ], loss: 0.0381, avg_reader_cost: 1.2996 avg_batch_cost: 1.4418, avg_ips: 66.5812.
Type : carpet Train [ Epoch 349/500 ], loss: 0.0858, avg_reader_cost: 1.2841 avg_batch_cost: 1.4280, avg_ips: 67.2280.
Type : carpet Train [ Epoch 350/500 ], loss: 0.0599, avg_reader_cost: 1.2795 avg_batch_cost: 1.6205, avg_ips: 59.2395.
loading images
loaded 280 images
using density estimation GaussianDensityPaddle
Type : carpet Val [ Epoch 350/500 ] max_auc: 0.8852 roc_auc : 0.749599.
Type : carpet Train [ Epoch 351/500 ], loss: 0.0449, avg_reader_cost: 15.4899 avg_batch_cost: 15.9489, avg_ips: 6.0192.
Type : carpet Train [ Epoch 352/500 ], loss: 0.0359, avg_reader_cost: 0.0010 avg_batch_cost: 0.3534, avg_ips: 271.6762.
Type : carpet Train [ Epoch 353/500 ], loss: 0.0458, avg_reader_cost: 0.0006 avg_batch_cost: 0.3530, avg_ips: 271.9687.
Type : carpet Train [ Epoch 354/500 ], loss: 0.0812, avg_reader_cost: 0.0005 avg_batch_cost: 0.2120, avg_ips: 452.9282.
Type : carpet Train [ Epoch 355/500 ], loss: 0.0839, avg_reader_cost: 0.0004 avg_batch_cost: 0.1487, avg_ips: 645.7349.
Type : carpet Train [ Epoch 356/500 ], loss: 0.0446, avg_reader_cost: 1.2449 avg_batch_cost: 1.3909, avg_ips: 69.0224.
Type : carpet Train [ Epoch 357/500 ], loss: 0.0456, avg_reader_cost: 1.3465 avg_batch_cost: 1.4819, avg_ips: 64.7828.
Type : carpet Train [ Epoch 358/500 ], loss: 0.0693, avg_reader_cost: 1.3462 avg_batch_cost: 1.4913, avg_ips: 64.3725.
Type : carpet Train [ Epoch 359/500 ], loss: 0.0132, avg_reader_cost: 1.3614 avg_batch_cost: 1.5368, avg_ips: 62.4688.
Type : carpet Train [ Epoch 360/500 ], loss: 0.0751, avg_reader_cost: 1.6877 avg_batch_cost: 2.0363, avg_ips: 47.1453.
loading images
loaded 280 images
using density estimation GaussianDensityPaddle
Type : carpet Val [ Epoch 360/500 ] max_auc: 0.8852 roc_auc : 0.728732.
Type : carpet Train [ Epoch 361/500 ], loss: 0.0924, avg_reader_cost: 15.2504 avg_batch_cost: 15.6932, avg_ips: 6.1173.
Type : carpet Train [ Epoch 362/500 ], loss: 0.0283, avg_reader_cost: 0.0005 avg_batch_cost: 0.3536, avg_ips: 271.4862.
Type : carpet Train [ Epoch 363/500 ], loss: 0.0362, avg_reader_cost: 0.0003 avg_batch_cost: 0.3487, avg_ips: 275.2774.
Type : carpet Train [ Epoch 364/500 ], loss: 0.0235, avg_reader_cost: 0.0007 avg_batch_cost: 0.1118, avg_ips: 858.7571.
Type : carpet Train [ Epoch 365/500 ], loss: 0.1067, avg_reader_cost: 0.0004 avg_batch_cost: 0.3518, avg_ips: 272.8529.
Type : carpet Train [ Epoch 366/500 ], loss: 0.0928, avg_reader_cost: 1.1812 avg_batch_cost: 1.5233, avg_ips: 63.0197.
Type : carpet Train [ Epoch 367/500 ], loss: 0.0683, avg_reader_cost: 1.9128 avg_batch_cost: 2.2511, avg_ips: 42.6451.
Type : carpet Train [ Epoch 368/500 ], loss: 0.0391, avg_reader_cost: 1.3566 avg_batch_cost: 1.4940, avg_ips: 64.2566.
Type : carpet Train [ Epoch 369/500 ], loss: 0.0988, avg_reader_cost: 1.2747 avg_batch_cost: 1.6165, avg_ips: 59.3863.
Type : carpet Train [ Epoch 370/500 ], loss: 0.0147, avg_reader_cost: 1.2859 avg_batch_cost: 1.6257, avg_ips: 59.0518.
loading images
loaded 280 images
using density estimation GaussianDensityPaddle
Type : carpet Val [ Epoch 370/500 ] max_auc: 0.8852 roc_auc : 0.783708.
Type : carpet Train [ Epoch 371/500 ], loss: 0.1147, avg_reader_cost: 13.4702 avg_batch_cost: 13.6564, avg_ips: 7.0297.
Type : carpet Train [ Epoch 372/500 ], loss: 0.1029, avg_reader_cost: 0.0005 avg_batch_cost: 0.1076, avg_ips: 891.8991.
Type : carpet Train [ Epoch 373/500 ], loss: 0.0235, avg_reader_cost: 1.3347 avg_batch_cost: 1.6755, avg_ips: 57.2975.
Type : carpet Train [ Epoch 374/500 ], loss: 0.0827, avg_reader_cost: 1.3034 avg_batch_cost: 1.4762, avg_ips: 65.0330.
Type : carpet Train [ Epoch 375/500 ], loss: 0.0649, avg_reader_cost: 1.2865 avg_batch_cost: 1.6259, avg_ips: 59.0434.
Type : carpet Train [ Epoch 376/500 ], loss: 0.0791, avg_reader_cost: 1.2959 avg_batch_cost: 1.6518, avg_ips: 58.1176.
Type : carpet Train [ Epoch 377/500 ], loss: 0.0439, avg_reader_cost: 1.2826 avg_batch_cost: 1.4248, avg_ips: 67.3785.
Type : carpet Train [ Epoch 378/500 ], loss: 0.0303, avg_reader_cost: 1.2996 avg_batch_cost: 1.6483, avg_ips: 58.2427.
Type : carpet Train [ Epoch 379/500 ], loss: 0.0448, avg_reader_cost: 1.2723 avg_batch_cost: 1.4275, avg_ips: 67.2493.
Type : carpet Train [ Epoch 380/500 ], loss: 0.0666, avg_reader_cost: 1.2853 avg_batch_cost: 1.4525, avg_ips: 66.0945.
loading images
loaded 280 images
using density estimation GaussianDensityPaddle
Type : carpet Val [ Epoch 380/500 ] max_auc: 0.8852 roc_auc : 0.854334.
Type : carpet Train [ Epoch 381/500 ], loss: 0.0678, avg_reader_cost: 15.0340 avg_batch_cost: 15.4704, avg_ips: 6.2054.
Type : carpet Train [ Epoch 382/500 ], loss: 0.0522, avg_reader_cost: 0.0003 avg_batch_cost: 0.1883, avg_ips: 509.8166.
Type : carpet Train [ Epoch 383/500 ], loss: 0.0626, avg_reader_cost: 0.0005 avg_batch_cost: 0.3529, avg_ips: 272.0306.
Type : carpet Train [ Epoch 384/500 ], loss: 0.0960, avg_reader_cost: 0.0003 avg_batch_cost: 0.1418, avg_ips: 677.2232.
Type : carpet Train [ Epoch 385/500 ], loss: 0.0590, avg_reader_cost: 0.0006 avg_batch_cost: 0.3488, avg_ips: 275.2322.
Type : carpet Train [ Epoch 386/500 ], loss: 0.0730, avg_reader_cost: 1.1744 avg_batch_cost: 1.3199, avg_ips: 72.7301.
Type : carpet Train [ Epoch 387/500 ], loss: 0.0626, avg_reader_cost: 1.3078 avg_batch_cost: 1.4637, avg_ips: 65.5860.
Type : carpet Train [ Epoch 388/500 ], loss: 0.0458, avg_reader_cost: 1.3154 avg_batch_cost: 1.4598, avg_ips: 65.7621.
Type : carpet Train [ Epoch 389/500 ], loss: 0.0504, avg_reader_cost: 1.3167 avg_batch_cost: 1.4760, avg_ips: 65.0387.
Type : carpet Train [ Epoch 390/500 ], loss: 0.0160, avg_reader_cost: 1.3359 avg_batch_cost: 1.6175, avg_ips: 59.3519.
loading images
loaded 280 images
using density estimation GaussianDensityPaddle
Type : carpet Val [ Epoch 390/500 ] max_auc: 0.8852 roc_auc : 0.863965.
Type : carpet Train [ Epoch 391/500 ], loss: 0.0332, avg_reader_cost: 14.7235 avg_batch_cost: 15.1256, avg_ips: 6.3469.
Type : carpet Train [ Epoch 392/500 ], loss: 0.0599, avg_reader_cost: 0.0004 avg_batch_cost: 0.1452, avg_ips: 660.9529.
Type : carpet Train [ Epoch 393/500 ], loss: 0.0887, avg_reader_cost: 0.0013 avg_batch_cost: 0.3494, avg_ips: 274.7644.
Type : carpet Train [ Epoch 394/500 ], loss: 0.1064, avg_reader_cost: 0.0003 avg_batch_cost: 0.1915, avg_ips: 501.3368.
Type : carpet Train [ Epoch 395/500 ], loss: 0.0758, avg_reader_cost: 0.0013 avg_batch_cost: 0.3434, avg_ips: 279.5677.
Type : carpet Train [ Epoch 396/500 ], loss: 0.0762, avg_reader_cost: 1.1418 avg_batch_cost: 1.4853, avg_ips: 64.6319.
Type : carpet Train [ Epoch 397/500 ], loss: 0.0417, avg_reader_cost: 1.3029 avg_batch_cost: 1.4501, avg_ips: 66.2044.
Type : carpet Train [ Epoch 398/500 ], loss: 0.0686, avg_reader_cost: 1.2913 avg_batch_cost: 1.4250, avg_ips: 67.3686.
Type : carpet Train [ Epoch 399/500 ], loss: 0.0363, avg_reader_cost: 1.2847 avg_batch_cost: 1.6266, avg_ips: 59.0202.
Type : carpet Train [ Epoch 400/500 ], loss: 0.0714, avg_reader_cost: 1.3111 avg_batch_cost: 1.6721, avg_ips: 57.4119.
loading images
loaded 280 images
using density estimation GaussianDensityPaddle
Type : carpet Val [ Epoch 400/500 ] max_auc: 0.8852 roc_auc : 0.817817.
Type : carpet Train [ Epoch 401/500 ], loss: 0.0610, avg_reader_cost: 15.1689 avg_batch_cost: 15.3168, avg_ips: 6.2676.
Type : carpet Train [ Epoch 402/500 ], loss: 0.0663, avg_reader_cost: 0.0004 avg_batch_cost: 0.1066, avg_ips: 900.7015.
Type : carpet Train [ Epoch 403/500 ], loss: 0.0487, avg_reader_cost: 0.0005 avg_batch_cost: 0.1069, avg_ips: 898.2461.
Type : carpet Train [ Epoch 404/500 ], loss: 0.0513, avg_reader_cost: 1.3379 avg_batch_cost: 1.6962, avg_ips: 56.5987.
Type : carpet Train [ Epoch 405/500 ], loss: 0.0633, avg_reader_cost: 1.2749 avg_batch_cost: 1.6163, avg_ips: 59.3959.
Type : carpet Train [ Epoch 406/500 ], loss: 0.0367, avg_reader_cost: 1.3025 avg_batch_cost: 1.6459, avg_ips: 58.3272.
Type : carpet Train [ Epoch 407/500 ], loss: 0.0883, avg_reader_cost: 1.3220 avg_batch_cost: 1.4649, avg_ips: 65.5355.
Type : carpet Train [ Epoch 408/500 ], loss: 0.0818, avg_reader_cost: 1.3038 avg_batch_cost: 1.4433, avg_ips: 66.5138.
Type : carpet Train [ Epoch 409/500 ], loss: 0.0479, avg_reader_cost: 1.3722 avg_batch_cost: 1.6591, avg_ips: 57.8635.
Type : carpet Train [ Epoch 410/500 ], loss: 0.0508, avg_reader_cost: 1.4431 avg_batch_cost: 1.5816, avg_ips: 60.6973.
loading images
loaded 280 images
using density estimation GaussianDensityPaddle
Type : carpet Val [ Epoch 410/500 ] max_auc: 0.8852 roc_auc : 0.769663.
Type : carpet Train [ Epoch 411/500 ], loss: 0.0265, avg_reader_cost: 15.0908 avg_batch_cost: 15.5311, avg_ips: 6.1812.
Type : carpet Train [ Epoch 412/500 ], loss: 0.0402, avg_reader_cost: 0.0004 avg_batch_cost: 0.3646, avg_ips: 263.3092.
Type : carpet Train [ Epoch 413/500 ], loss: 0.0229, avg_reader_cost: 0.0008 avg_batch_cost: 0.3525, avg_ips: 272.3500.
Type : carpet Train [ Epoch 414/500 ], loss: 0.0424, avg_reader_cost: 0.0012 avg_batch_cost: 0.1392, avg_ips: 689.7368.
Type : carpet Train [ Epoch 415/500 ], loss: 0.0422, avg_reader_cost: 0.0005 avg_batch_cost: 0.1809, avg_ips: 530.5901.
Type : carpet Train [ Epoch 416/500 ], loss: 0.0555, avg_reader_cost: 1.1430 avg_batch_cost: 1.4846, avg_ips: 64.6660.
Type : carpet Train [ Epoch 417/500 ], loss: 0.0484, avg_reader_cost: 1.3104 avg_batch_cost: 1.6505, avg_ips: 58.1635.
Type : carpet Train [ Epoch 418/500 ], loss: 0.0476, avg_reader_cost: 1.3338 avg_batch_cost: 1.6759, avg_ips: 57.2819.
Type : carpet Train [ Epoch 419/500 ], loss: 0.0412, avg_reader_cost: 1.3148 avg_batch_cost: 1.6649, avg_ips: 57.6623.
Type : carpet Train [ Epoch 420/500 ], loss: 0.0422, avg_reader_cost: 1.3626 avg_batch_cost: 1.6189, avg_ips: 59.3007.
loading images
loaded 280 images
using density estimation GaussianDensityPaddle
Type : carpet Val [ Epoch 420/500 ] max_auc: 0.8852 roc_auc : 0.760032.
Type : carpet Train [ Epoch 421/500 ], loss: 0.0295, avg_reader_cost: 15.5961 avg_batch_cost: 16.1295, avg_ips: 5.9518.
Type : carpet Train [ Epoch 422/500 ], loss: 0.0856, avg_reader_cost: 0.0003 avg_batch_cost: 0.3425, avg_ips: 280.3224.
Type : carpet Train [ Epoch 423/500 ], loss: 0.0184, avg_reader_cost: 0.0009 avg_batch_cost: 0.3547, avg_ips: 270.6692.
Type : carpet Train [ Epoch 424/500 ], loss: 0.0412, avg_reader_cost: 0.0004 avg_batch_cost: 0.3436, avg_ips: 279.3549.
Type : carpet Train [ Epoch 425/500 ], loss: 0.0552, avg_reader_cost: 0.0007 avg_batch_cost: 0.3519, avg_ips: 272.8099.
Type : carpet Train [ Epoch 426/500 ], loss: 0.0491, avg_reader_cost: 1.1342 avg_batch_cost: 1.3473, avg_ips: 71.2553.
Type : carpet Train [ Epoch 427/500 ], loss: 0.0302, avg_reader_cost: 1.2828 avg_batch_cost: 1.5596, avg_ips: 61.5558.
Type : carpet Train [ Epoch 428/500 ], loss: 0.0577, avg_reader_cost: 1.2865 avg_batch_cost: 1.4262, avg_ips: 67.3123.
Type : carpet Train [ Epoch 429/500 ], loss: 0.0331, avg_reader_cost: 1.2844 avg_batch_cost: 1.6372, avg_ips: 58.6369.
Type : carpet Train [ Epoch 430/500 ], loss: 0.0762, avg_reader_cost: 2.1893 avg_batch_cost: 2.3315, avg_ips: 41.1759.
loading images
loaded 280 images
using density estimation GaussianDensityPaddle
Type : carpet Val [ Epoch 430/500 ] max_auc: 0.8852 roc_auc : 0.788925.
Type : carpet Train [ Epoch 431/500 ], loss: 0.0689, avg_reader_cost: 14.2801 avg_batch_cost: 14.4746, avg_ips: 6.6323.
Type : carpet Train [ Epoch 432/500 ], loss: 0.0711, avg_reader_cost: 0.0004 avg_batch_cost: 0.1054, avg_ips: 910.7040.
Type : carpet Train [ Epoch 433/500 ], loss: 0.0567, avg_reader_cost: 0.0003 avg_batch_cost: 0.1069, avg_ips: 898.1840.
Type : carpet Train [ Epoch 434/500 ], loss: 0.0309, avg_reader_cost: 0.0004 avg_batch_cost: 0.1070, avg_ips: 897.1214.
Type : carpet Train [ Epoch 435/500 ], loss: 0.0378, avg_reader_cost: 1.6897 avg_batch_cost: 1.8670, avg_ips: 51.4196.
Type : carpet Train [ Epoch 436/500 ], loss: 0.0278, avg_reader_cost: 1.7349 avg_batch_cost: 2.0809, avg_ips: 46.1334.
Type : carpet Train [ Epoch 437/500 ], loss: 0.0534, avg_reader_cost: 1.3495 avg_batch_cost: 1.5257, avg_ips: 62.9232.
Type : carpet Train [ Epoch 438/500 ], loss: 0.0559, avg_reader_cost: 1.3594 avg_batch_cost: 1.7056, avg_ips: 56.2867.
Type : carpet Train [ Epoch 439/500 ], loss: 0.0086, avg_reader_cost: 1.3588 avg_batch_cost: 1.5689, avg_ips: 61.1884.
Type : carpet Train [ Epoch 440/500 ], loss: 0.0397, avg_reader_cost: 1.3427 avg_batch_cost: 1.4909, avg_ips: 64.3887.
loading images
loaded 280 images
using density estimation GaussianDensityPaddle
Type : carpet Val [ Epoch 440/500 ] max_auc: 0.8852 roc_auc : 0.804173.
Type : carpet Train [ Epoch 441/500 ], loss: 0.0802, avg_reader_cost: 15.3756 avg_batch_cost: 15.7595, avg_ips: 6.0916.
Type : carpet Train [ Epoch 442/500 ], loss: 0.0074, avg_reader_cost: 0.0003 avg_batch_cost: 0.1901, avg_ips: 505.0279.
Type : carpet Train [ Epoch 443/500 ], loss: 0.0369, avg_reader_cost: 0.0005 avg_batch_cost: 0.1525, avg_ips: 629.6188.
Type : carpet Train [ Epoch 444/500 ], loss: 0.0419, avg_reader_cost: 0.0004 avg_batch_cost: 0.1708, avg_ips: 561.9441.
Type : carpet Train [ Epoch 445/500 ], loss: 0.0572, avg_reader_cost: 0.0014 avg_batch_cost: 0.3558, avg_ips: 269.8182.
Type : carpet Train [ Epoch 446/500 ], loss: 0.0194, avg_reader_cost: 1.2449 avg_batch_cost: 1.6012, avg_ips: 59.9555.
Type : carpet Train [ Epoch 447/500 ], loss: 0.0397, avg_reader_cost: 1.2965 avg_batch_cost: 1.6406, avg_ips: 58.5160.
Type : carpet Train [ Epoch 448/500 ], loss: 0.0677, avg_reader_cost: 1.3110 avg_batch_cost: 1.4470, avg_ips: 66.3459.
Type : carpet Train [ Epoch 449/500 ], loss: 0.0417, avg_reader_cost: 1.3358 avg_batch_cost: 1.6792, avg_ips: 57.1697.
Type : carpet Train [ Epoch 450/500 ], loss: 0.0104, avg_reader_cost: 1.4091 avg_batch_cost: 1.7524, avg_ips: 54.7825.
loading images
loaded 280 images
using density estimation GaussianDensityPaddle
Type : carpet Val [ Epoch 450/500 ] max_auc: 0.8852 roc_auc : 0.786918.
Type : carpet Train [ Epoch 451/500 ], loss: 0.0756, avg_reader_cost: 15.7048 avg_batch_cost: 15.9524, avg_ips: 6.0179.
Type : carpet Train [ Epoch 452/500 ], loss: 0.0444, avg_reader_cost: 0.0006 avg_batch_cost: 0.3565, avg_ips: 269.2578.
Type : carpet Train [ Epoch 453/500 ], loss: 0.0752, avg_reader_cost: 0.0003 avg_batch_cost: 0.3473, avg_ips: 276.4070.
Type : carpet Train [ Epoch 454/500 ], loss: 0.0400, avg_reader_cost: 0.0006 avg_batch_cost: 0.3468, avg_ips: 276.7975.
Type : carpet Train [ Epoch 455/500 ], loss: 0.0082, avg_reader_cost: 0.0003 avg_batch_cost: 0.3513, avg_ips: 273.2332.
Type : carpet Train [ Epoch 456/500 ], loss: 0.0589, avg_reader_cost: 1.1521 avg_batch_cost: 1.3056, avg_ips: 73.5267.
Type : carpet Train [ Epoch 457/500 ], loss: 0.0259, avg_reader_cost: 1.2907 avg_batch_cost: 1.4307, avg_ips: 67.1021.
Type : carpet Train [ Epoch 458/500 ], loss: 0.0258, avg_reader_cost: 1.2881 avg_batch_cost: 1.6363, avg_ips: 58.6707.
Type : carpet Train [ Epoch 459/500 ], loss: 0.0516, avg_reader_cost: 1.2881 avg_batch_cost: 1.4360, avg_ips: 66.8539.
Type : carpet Train [ Epoch 460/500 ], loss: 0.0549, avg_reader_cost: 1.2937 avg_batch_cost: 1.6513, avg_ips: 58.1352.
loading images
loaded 280 images
using density estimation GaussianDensityPaddle
Type : carpet Val [ Epoch 460/500 ] max_auc: 0.8852 roc_auc : 0.696228.
Type : carpet Train [ Epoch 461/500 ], loss: 0.0534, avg_reader_cost: 15.0119 avg_batch_cost: 15.1474, avg_ips: 6.3377.
Type : carpet Train [ Epoch 462/500 ], loss: 0.0421, avg_reader_cost: 0.0004 avg_batch_cost: 0.1072, avg_ips: 895.8180.
Type : carpet Train [ Epoch 463/500 ], loss: 0.0412, avg_reader_cost: 0.0004 avg_batch_cost: 0.1066, avg_ips: 900.4859.
Type : carpet Train [ Epoch 464/500 ], loss: 0.0574, avg_reader_cost: 0.0003 avg_batch_cost: 0.1081, avg_ips: 887.7793.
Type : carpet Train [ Epoch 465/500 ], loss: 0.1006, avg_reader_cost: 0.0004 avg_batch_cost: 0.1074, avg_ips: 893.8989.
Type : carpet Train [ Epoch 466/500 ], loss: 0.0308, avg_reader_cost: 1.3486 avg_batch_cost: 1.6966, avg_ips: 56.5850.
Type : carpet Train [ Epoch 467/500 ], loss: 0.0455, avg_reader_cost: 1.3010 avg_batch_cost: 1.6443, avg_ips: 58.3832.
Type : carpet Train [ Epoch 468/500 ], loss: 0.0481, avg_reader_cost: 1.3055 avg_batch_cost: 1.4481, avg_ips: 66.2945.
Type : carpet Train [ Epoch 469/500 ], loss: 0.0477, avg_reader_cost: 1.2980 avg_batch_cost: 1.6371, avg_ips: 58.6396.
Type : carpet Train [ Epoch 470/500 ], loss: 0.0540, avg_reader_cost: 1.2894 avg_batch_cost: 1.6383, avg_ips: 58.5973.
loading images
loaded 280 images
using density estimation GaussianDensityPaddle
Type : carpet Val [ Epoch 470/500 ] max_auc: 0.8852 roc_auc : 0.793740.
Type : carpet Train [ Epoch 471/500 ], loss: 0.0427, avg_reader_cost: 15.0497 avg_batch_cost: 15.5162, avg_ips: 6.1871.
Type : carpet Train [ Epoch 472/500 ], loss: 0.0743, avg_reader_cost: 0.0006 avg_batch_cost: 0.1374, avg_ips: 698.7729.
Type : carpet Train [ Epoch 473/500 ], loss: 0.0743, avg_reader_cost: 0.0005 avg_batch_cost: 0.3458, avg_ips: 277.6088.
Type : carpet Train [ Epoch 474/500 ], loss: 0.0780, avg_reader_cost: 0.0003 avg_batch_cost: 0.2212, avg_ips: 434.0764.
Type : carpet Train [ Epoch 475/500 ], loss: 0.0890, avg_reader_cost: 0.0005 avg_batch_cost: 0.3474, avg_ips: 276.3727.
Type : carpet Train [ Epoch 476/500 ], loss: 0.0557, avg_reader_cost: 1.1512 avg_batch_cost: 1.5529, avg_ips: 61.8194.
Type : carpet Train [ Epoch 477/500 ], loss: 0.0549, avg_reader_cost: 1.2320 avg_batch_cost: 1.3709, avg_ips: 70.0246.
Type : carpet Train [ Epoch 478/500 ], loss: 0.0604, avg_reader_cost: 1.2991 avg_batch_cost: 1.4366, avg_ips: 66.8244.
Type : carpet Train [ Epoch 479/500 ], loss: 0.0391, avg_reader_cost: 1.2850 avg_batch_cost: 1.5100, avg_ips: 63.5776.
Type : carpet Train [ Epoch 480/500 ], loss: 0.0589, avg_reader_cost: 1.2837 avg_batch_cost: 1.4192, avg_ips: 67.6436.
loading images
loaded 280 images
using density estimation GaussianDensityPaddle
Type : carpet Val [ Epoch 480/500 ] max_auc: 0.8852 roc_auc : 0.730337.
Type : carpet Train [ Epoch 481/500 ], loss: 0.0806, avg_reader_cost: 15.0302 avg_batch_cost: 15.4000, avg_ips: 6.2338.
Type : carpet Train [ Epoch 482/500 ], loss: 0.0314, avg_reader_cost: 0.0003 avg_batch_cost: 0.1369, avg_ips: 701.0772.
Type : carpet Train [ Epoch 483/500 ], loss: 0.0679, avg_reader_cost: 0.0007 avg_batch_cost: 0.3535, avg_ips: 271.5683.
Type : carpet Train [ Epoch 484/500 ], loss: 0.0652, avg_reader_cost: 0.0005 avg_batch_cost: 0.1652, avg_ips: 580.9713.
Type : carpet Train [ Epoch 485/500 ], loss: 0.0879, avg_reader_cost: 0.0014 avg_batch_cost: 0.3497, avg_ips: 274.5244.
Type : carpet Train [ Epoch 486/500 ], loss: 0.0826, avg_reader_cost: 1.2130 avg_batch_cost: 1.3500, avg_ips: 71.1100.
Type : carpet Train [ Epoch 487/500 ], loss: 0.0453, avg_reader_cost: 1.5396 avg_batch_cost: 1.7727, avg_ips: 54.1554.
Type : carpet Train [ Epoch 488/500 ], loss: 0.0406, avg_reader_cost: 1.5867 avg_batch_cost: 1.9427, avg_ips: 49.4166.
Type : carpet Train [ Epoch 489/500 ], loss: 0.0968, avg_reader_cost: 1.4557 avg_batch_cost: 1.7980, avg_ips: 53.3926.
Type : carpet Train [ Epoch 490/500 ], loss: 0.1036, avg_reader_cost: 1.4867 avg_batch_cost: 1.6286, avg_ips: 58.9456.
loading images
loaded 280 images
using density estimation GaussianDensityPaddle
Type : carpet Val [ Epoch 490/500 ] max_auc: 0.8852 roc_auc : 0.746790.
Type : carpet Train [ Epoch 491/500 ], loss: 0.0596, avg_reader_cost: 15.1472 avg_batch_cost: 15.3668, avg_ips: 6.2472.
Type : carpet Train [ Epoch 492/500 ], loss: 0.1074, avg_reader_cost: 0.0008 avg_batch_cost: 0.3524, avg_ips: 272.4234.
Type : carpet Train [ Epoch 493/500 ], loss: 0.0542, avg_reader_cost: 0.0003 avg_batch_cost: 0.1461, avg_ips: 657.2835.
Type : carpet Train [ Epoch 494/500 ], loss: 0.0627, avg_reader_cost: 0.0004 avg_batch_cost: 0.3511, avg_ips: 273.3999.
Type : carpet Train [ Epoch 495/500 ], loss: 0.0484, avg_reader_cost: 0.0003 avg_batch_cost: 0.3505, avg_ips: 273.8672.
Type : carpet Train [ Epoch 496/500 ], loss: 0.0528, avg_reader_cost: 1.3387 avg_batch_cost: 1.4452, avg_ips: 66.4256.
Type : carpet Train [ Epoch 497/500 ], loss: 0.0258, avg_reader_cost: 1.3617 avg_batch_cost: 1.7078, avg_ips: 56.2114.
Type : carpet Train [ Epoch 498/500 ], loss: 0.0486, avg_reader_cost: 1.3470 avg_batch_cost: 1.6914, avg_ips: 56.7569.
Type : carpet Train [ Epoch 499/500 ], loss: 0.0511, avg_reader_cost: 1.3293 avg_batch_cost: 1.4879, avg_ips: 64.5214.
Type : carpet Train [ Epoch 500/500 ], loss: 0.0220, avg_reader_cost: 1.3450 avg_batch_cost: 1.5093, avg_ips: 63.6045.
loading images
loaded 280 images
using density estimation GaussianDensityPaddle
Type : carpet Val [ Epoch 500/500 ] max_auc: 0.8852 roc_auc : 0.857945.
