Type : pill Train [ Epoch 1/500 ], loss: 1.2332, avg_reader_cost: 1.8829 avg_batch_cost: 2.2479, avg_ips: 42.7061.
Type : pill Train [ Epoch 2/500 ], loss: 1.0975, avg_reader_cost: 1.2114 avg_batch_cost: 1.3559, avg_ips: 70.8040.
Type : pill Train [ Epoch 3/500 ], loss: 0.9263, avg_reader_cost: 1.2311 avg_batch_cost: 1.5733, avg_ips: 61.0167.
Type : pill Train [ Epoch 4/500 ], loss: 0.7350, avg_reader_cost: 1.2287 avg_batch_cost: 1.5708, avg_ips: 61.1166.
Type : pill Train [ Epoch 5/500 ], loss: 0.7218, avg_reader_cost: 1.2336 avg_batch_cost: 1.5726, avg_ips: 61.0454.
Type : pill Train [ Epoch 6/500 ], loss: 0.6371, avg_reader_cost: 1.2360 avg_batch_cost: 1.5795, avg_ips: 60.7798.
Type : pill Train [ Epoch 7/500 ], loss: 0.5563, avg_reader_cost: 1.2386 avg_batch_cost: 1.5820, avg_ips: 60.6815.
Type : pill Train [ Epoch 8/500 ], loss: 0.6021, avg_reader_cost: 1.2289 avg_batch_cost: 1.5779, avg_ips: 60.8397.
Type : pill Train [ Epoch 9/500 ], loss: 0.5492, avg_reader_cost: 1.2260 avg_batch_cost: 1.5637, avg_ips: 61.3942.
Type : pill Train [ Epoch 10/500 ], loss: 0.5314, avg_reader_cost: 1.2345 avg_batch_cost: 1.5906, avg_ips: 60.3540.
loading images
loaded 267 images
using density estimation GaussianDensityPaddle
Type : pill Val [ Epoch 10/500 ] max_auc: 0.7924 roc_auc : 0.792417.
Type : pill Train [ Epoch 11/500 ], loss: 0.5467, avg_reader_cost: 10.8697 avg_batch_cost: 11.0407, avg_ips: 8.6951.
Type : pill Train [ Epoch 12/500 ], loss: 0.4893, avg_reader_cost: 0.0004 avg_batch_cost: 0.3540, avg_ips: 271.1703.
Type : pill Train [ Epoch 13/500 ], loss: 0.5301, avg_reader_cost: 0.0003 avg_batch_cost: 0.3520, avg_ips: 272.7007.
Type : pill Train [ Epoch 14/500 ], loss: 0.4937, avg_reader_cost: 0.0003 avg_batch_cost: 0.3378, avg_ips: 284.1808.
Type : pill Train [ Epoch 15/500 ], loss: 0.4924, avg_reader_cost: 0.0005 avg_batch_cost: 0.3534, avg_ips: 271.6086.
Type : pill Train [ Epoch 16/500 ], loss: 0.5096, avg_reader_cost: 1.1177 avg_batch_cost: 1.4570, avg_ips: 65.8900.
Type : pill Train [ Epoch 17/500 ], loss: 0.5194, avg_reader_cost: 1.2542 avg_batch_cost: 1.6002, avg_ips: 59.9933.
Type : pill Train [ Epoch 18/500 ], loss: 0.4557, avg_reader_cost: 1.2673 avg_batch_cost: 1.4936, avg_ips: 64.2726.
Type : pill Train [ Epoch 19/500 ], loss: 0.3888, avg_reader_cost: 1.2583 avg_batch_cost: 1.6060, avg_ips: 59.7768.
Type : pill Train [ Epoch 20/500 ], loss: 0.3837, avg_reader_cost: 1.2494 avg_batch_cost: 1.3931, avg_ips: 68.9127.
loading images
loaded 267 images
using density estimation GaussianDensityPaddle
Type : pill Val [ Epoch 20/500 ] max_auc: 0.8202 roc_auc : 0.820240.
Type : pill Train [ Epoch 21/500 ], loss: 0.3595, avg_reader_cost: 11.4479 avg_batch_cost: 11.7958, avg_ips: 8.1385.
Type : pill Train [ Epoch 22/500 ], loss: 0.3274, avg_reader_cost: 0.0005 avg_batch_cost: 0.3493, avg_ips: 274.8216.
Type : pill Train [ Epoch 23/500 ], loss: 0.3917, avg_reader_cost: 0.0006 avg_batch_cost: 0.1492, avg_ips: 643.2869.
Type : pill Train [ Epoch 24/500 ], loss: 0.3414, avg_reader_cost: 0.0004 avg_batch_cost: 0.3465, avg_ips: 277.0165.
Type : pill Train [ Epoch 25/500 ], loss: 0.3514, avg_reader_cost: 0.0003 avg_batch_cost: 0.3374, avg_ips: 284.5348.
Type : pill Train [ Epoch 26/500 ], loss: 0.2920, avg_reader_cost: 1.1243 avg_batch_cost: 1.2652, avg_ips: 75.8754.
Type : pill Train [ Epoch 27/500 ], loss: 0.3664, avg_reader_cost: 1.2763 avg_batch_cost: 1.6266, avg_ips: 59.0187.
Type : pill Train [ Epoch 28/500 ], loss: 0.2990, avg_reader_cost: 1.2952 avg_batch_cost: 1.6390, avg_ips: 58.5724.
Type : pill Train [ Epoch 29/500 ], loss: 0.3228, avg_reader_cost: 1.2494 avg_batch_cost: 1.4039, avg_ips: 68.3820.
Type : pill Train [ Epoch 30/500 ], loss: 0.3402, avg_reader_cost: 1.2514 avg_batch_cost: 1.5984, avg_ips: 60.0592.
loading images
loaded 267 images
using density estimation GaussianDensityPaddle
Type : pill Val [ Epoch 30/500 ] max_auc: 0.8530 roc_auc : 0.852973.
Type : pill Train [ Epoch 31/500 ], loss: 0.2815, avg_reader_cost: 9.8635 avg_batch_cost: 9.9694, avg_ips: 9.6294.
Type : pill Train [ Epoch 32/500 ], loss: 0.3169, avg_reader_cost: 1.2866 avg_batch_cost: 1.6335, avg_ips: 58.7690.
Type : pill Train [ Epoch 33/500 ], loss: 0.3223, avg_reader_cost: 1.2288 avg_batch_cost: 1.5687, avg_ips: 61.1965.
Type : pill Train [ Epoch 34/500 ], loss: 0.3503, avg_reader_cost: 1.2294 avg_batch_cost: 1.5658, avg_ips: 61.3114.
Type : pill Train [ Epoch 35/500 ], loss: 0.3396, avg_reader_cost: 1.2391 avg_batch_cost: 1.4041, avg_ips: 68.3724.
Type : pill Train [ Epoch 36/500 ], loss: 0.2997, avg_reader_cost: 1.2319 avg_batch_cost: 1.5721, avg_ips: 61.0637.
Type : pill Train [ Epoch 37/500 ], loss: 0.3430, avg_reader_cost: 1.2416 avg_batch_cost: 1.3812, avg_ips: 69.5024.
Type : pill Train [ Epoch 38/500 ], loss: 0.2975, avg_reader_cost: 1.2520 avg_batch_cost: 1.3969, avg_ips: 68.7256.
Type : pill Train [ Epoch 39/500 ], loss: 0.3294, avg_reader_cost: 1.2410 avg_batch_cost: 1.3966, avg_ips: 68.7398.
Type : pill Train [ Epoch 40/500 ], loss: 0.3149, avg_reader_cost: 1.2443 avg_batch_cost: 1.5819, avg_ips: 60.6865.
loading images
loaded 267 images
using density estimation GaussianDensityPaddle
Type : pill Val [ Epoch 40/500 ] max_auc: 0.8890 roc_auc : 0.888980.
Type : pill Train [ Epoch 41/500 ], loss: 0.2966, avg_reader_cost: 11.7159 avg_batch_cost: 12.0803, avg_ips: 7.9468.
Type : pill Train [ Epoch 42/500 ], loss: 0.3269, avg_reader_cost: 0.0003 avg_batch_cost: 0.3522, avg_ips: 272.6082.
Type : pill Train [ Epoch 43/500 ], loss: 0.3259, avg_reader_cost: 0.0002 avg_batch_cost: 0.3422, avg_ips: 280.5642.
Type : pill Train [ Epoch 44/500 ], loss: 0.3010, avg_reader_cost: 0.0003 avg_batch_cost: 0.2873, avg_ips: 334.2028.
Type : pill Train [ Epoch 45/500 ], loss: 0.3258, avg_reader_cost: 0.0003 avg_batch_cost: 0.3422, avg_ips: 280.5091.
Type : pill Train [ Epoch 46/500 ], loss: 0.2855, avg_reader_cost: 1.1085 avg_batch_cost: 1.2538, avg_ips: 76.5649.
Type : pill Train [ Epoch 47/500 ], loss: 0.3395, avg_reader_cost: 1.2361 avg_batch_cost: 1.5807, avg_ips: 60.7322.
Type : pill Train [ Epoch 48/500 ], loss: 0.2899, avg_reader_cost: 1.2287 avg_batch_cost: 1.5814, avg_ips: 60.7052.
Type : pill Train [ Epoch 49/500 ], loss: 0.2817, avg_reader_cost: 1.2259 avg_batch_cost: 1.5724, avg_ips: 61.0551.
Type : pill Train [ Epoch 50/500 ], loss: 0.2530, avg_reader_cost: 1.2330 avg_batch_cost: 1.3903, avg_ips: 69.0478.
loading images
loaded 267 images
using density estimation GaussianDensityPaddle
Type : pill Val [ Epoch 50/500 ] max_auc: 0.9073 roc_auc : 0.907256.
Type : pill Train [ Epoch 51/500 ], loss: 0.2885, avg_reader_cost: 11.6168 avg_batch_cost: 11.7513, avg_ips: 8.1693.
Type : pill Train [ Epoch 52/500 ], loss: 0.2785, avg_reader_cost: 0.0004 avg_batch_cost: 0.3527, avg_ips: 272.1832.
Type : pill Train [ Epoch 53/500 ], loss: 0.2968, avg_reader_cost: 0.0002 avg_batch_cost: 0.3495, avg_ips: 274.7095.
Type : pill Train [ Epoch 54/500 ], loss: 0.2773, avg_reader_cost: 0.0003 avg_batch_cost: 0.3414, avg_ips: 281.1649.
Type : pill Train [ Epoch 55/500 ], loss: 0.2754, avg_reader_cost: 0.0003 avg_batch_cost: 0.3476, avg_ips: 276.2110.
Type : pill Train [ Epoch 56/500 ], loss: 0.3043, avg_reader_cost: 1.1354 avg_batch_cost: 1.4733, avg_ips: 65.1598.
Type : pill Train [ Epoch 57/500 ], loss: 0.2686, avg_reader_cost: 1.2297 avg_batch_cost: 1.5651, avg_ips: 61.3391.
Type : pill Train [ Epoch 58/500 ], loss: 0.2451, avg_reader_cost: 1.2410 avg_batch_cost: 1.3867, avg_ips: 69.2300.
Type : pill Train [ Epoch 59/500 ], loss: 0.2500, avg_reader_cost: 1.2415 avg_batch_cost: 1.5841, avg_ips: 60.6019.
Type : pill Train [ Epoch 60/500 ], loss: 0.2834, avg_reader_cost: 1.3849 avg_batch_cost: 1.7233, avg_ips: 55.7084.
loading images
loaded 267 images
using density estimation GaussianDensityPaddle
Type : pill Val [ Epoch 60/500 ] max_auc: 0.9073 roc_auc : 0.890616.
Type : pill Train [ Epoch 61/500 ], loss: 0.2528, avg_reader_cost: 9.4744 avg_batch_cost: 9.5868, avg_ips: 10.0137.
Type : pill Train [ Epoch 62/500 ], loss: 0.2236, avg_reader_cost: 0.0005 avg_batch_cost: 0.1072, avg_ips: 895.9376.
Type : pill Train [ Epoch 63/500 ], loss: 0.2616, avg_reader_cost: 1.2966 avg_batch_cost: 1.6406, avg_ips: 58.5164.
Type : pill Train [ Epoch 64/500 ], loss: 0.2560, avg_reader_cost: 1.2308 avg_batch_cost: 1.3664, avg_ips: 70.2560.
Type : pill Train [ Epoch 65/500 ], loss: 0.2705, avg_reader_cost: 1.2411 avg_batch_cost: 1.5821, avg_ips: 60.6786.
Type : pill Train [ Epoch 66/500 ], loss: 0.2532, avg_reader_cost: 1.2323 avg_batch_cost: 1.5714, avg_ips: 61.0931.
Type : pill Train [ Epoch 67/500 ], loss: 0.3228, avg_reader_cost: 1.2422 avg_batch_cost: 1.3815, avg_ips: 69.4890.
Type : pill Train [ Epoch 68/500 ], loss: 0.2869, avg_reader_cost: 1.2396 avg_batch_cost: 1.5891, avg_ips: 60.4134.
Type : pill Train [ Epoch 69/500 ], loss: 0.2186, avg_reader_cost: 1.2264 avg_batch_cost: 1.5757, avg_ips: 60.9258.
Type : pill Train [ Epoch 70/500 ], loss: 0.2557, avg_reader_cost: 1.2302 avg_batch_cost: 1.5701, avg_ips: 61.1445.
loading images
loaded 267 images
using density estimation GaussianDensityPaddle
Type : pill Val [ Epoch 70/500 ] max_auc: 0.9108 roc_auc : 0.910802.
Type : pill Train [ Epoch 71/500 ], loss: 0.2736, avg_reader_cost: 11.3704 avg_batch_cost: 11.7104, avg_ips: 8.1979.
Type : pill Train [ Epoch 72/500 ], loss: 0.2576, avg_reader_cost: 0.0008 avg_batch_cost: 0.3536, avg_ips: 271.5069.
Type : pill Train [ Epoch 73/500 ], loss: 0.1713, avg_reader_cost: 0.0003 avg_batch_cost: 0.1438, avg_ips: 667.8097.
Type : pill Train [ Epoch 74/500 ], loss: 0.2910, avg_reader_cost: 0.0004 avg_batch_cost: 0.3558, avg_ips: 269.7945.
Type : pill Train [ Epoch 75/500 ], loss: 0.2676, avg_reader_cost: 0.0004 avg_batch_cost: 0.3419, avg_ips: 280.8088.
Type : pill Train [ Epoch 76/500 ], loss: 0.2268, avg_reader_cost: 1.1080 avg_batch_cost: 1.4547, avg_ips: 65.9928.
Type : pill Train [ Epoch 77/500 ], loss: 0.2547, avg_reader_cost: 1.2362 avg_batch_cost: 1.5738, avg_ips: 60.9997.
Type : pill Train [ Epoch 78/500 ], loss: 0.2548, avg_reader_cost: 1.2516 avg_batch_cost: 1.5896, avg_ips: 60.3928.
Type : pill Train [ Epoch 79/500 ], loss: 0.2003, avg_reader_cost: 1.2600 avg_batch_cost: 1.6113, avg_ips: 59.5782.
Type : pill Train [ Epoch 80/500 ], loss: 0.3155, avg_reader_cost: 1.3521 avg_batch_cost: 1.6977, avg_ips: 56.5466.
loading images
loaded 267 images
using density estimation GaussianDensityPaddle
Type : pill Val [ Epoch 80/500 ] max_auc: 0.9332 roc_auc : 0.933170.
Type : pill Train [ Epoch 81/500 ], loss: 0.2562, avg_reader_cost: 11.6178 avg_batch_cost: 11.9865, avg_ips: 8.0090.
Type : pill Train [ Epoch 82/500 ], loss: 0.2460, avg_reader_cost: 0.0004 avg_batch_cost: 0.1499, avg_ips: 640.3905.
Type : pill Train [ Epoch 83/500 ], loss: 0.2821, avg_reader_cost: 0.0006 avg_batch_cost: 0.3547, avg_ips: 270.6459.
Type : pill Train [ Epoch 84/500 ], loss: 0.2413, avg_reader_cost: 0.0004 avg_batch_cost: 0.3406, avg_ips: 281.8526.
Type : pill Train [ Epoch 85/500 ], loss: 0.2561, avg_reader_cost: 0.0007 avg_batch_cost: 0.3498, avg_ips: 274.4391.
Type : pill Train [ Epoch 86/500 ], loss: 0.2730, avg_reader_cost: 1.1174 avg_batch_cost: 1.2638, avg_ips: 75.9641.
Type : pill Train [ Epoch 87/500 ], loss: 0.3019, avg_reader_cost: 1.2513 avg_batch_cost: 1.3975, avg_ips: 68.6944.
Type : pill Train [ Epoch 88/500 ], loss: 0.3237, avg_reader_cost: 1.2478 avg_batch_cost: 1.5911, avg_ips: 60.3343.
Type : pill Train [ Epoch 89/500 ], loss: 0.2846, avg_reader_cost: 1.2666 avg_batch_cost: 1.4133, avg_ips: 67.9280.
Type : pill Train [ Epoch 90/500 ], loss: 0.2926, avg_reader_cost: 1.2372 avg_batch_cost: 1.3829, avg_ips: 69.4205.
loading images
loaded 267 images
using density estimation GaussianDensityPaddle
Type : pill Val [ Epoch 90/500 ] max_auc: 0.9332 roc_auc : 0.931260.
Type : pill Train [ Epoch 91/500 ], loss: 0.2706, avg_reader_cost: 9.7129 avg_batch_cost: 9.8315, avg_ips: 9.7645.
Type : pill Train [ Epoch 92/500 ], loss: 0.2972, avg_reader_cost: 0.0002 avg_batch_cost: 0.1048, avg_ips: 915.5953.
Type : pill Train [ Epoch 93/500 ], loss: 0.2791, avg_reader_cost: 0.0003 avg_batch_cost: 0.1044, avg_ips: 919.6459.
Type : pill Train [ Epoch 94/500 ], loss: 0.2633, avg_reader_cost: 1.3085 avg_batch_cost: 1.6583, avg_ips: 57.8894.
Type : pill Train [ Epoch 95/500 ], loss: 0.2557, avg_reader_cost: 1.2336 avg_batch_cost: 1.3746, avg_ips: 69.8388.
Type : pill Train [ Epoch 96/500 ], loss: 0.2806, avg_reader_cost: 1.2472 avg_batch_cost: 1.5994, avg_ips: 60.0225.
Type : pill Train [ Epoch 97/500 ], loss: 0.2384, avg_reader_cost: 1.2383 avg_batch_cost: 1.5833, avg_ips: 60.6331.
Type : pill Train [ Epoch 98/500 ], loss: 0.3191, avg_reader_cost: 1.2415 avg_batch_cost: 1.5856, avg_ips: 60.5442.
Type : pill Train [ Epoch 99/500 ], loss: 0.2940, avg_reader_cost: 1.2394 avg_batch_cost: 1.3834, avg_ips: 69.3944.
Type : pill Train [ Epoch 100/500 ], loss: 0.2219, avg_reader_cost: 1.2666 avg_batch_cost: 1.4319, avg_ips: 67.0459.
loading images
loaded 267 images
using density estimation GaussianDensityPaddle
Type : pill Val [ Epoch 100/500 ] max_auc: 0.9332 roc_auc : 0.914075.
Type : pill Train [ Epoch 101/500 ], loss: 0.2484, avg_reader_cost: 10.7166 avg_batch_cost: 11.1813, avg_ips: 8.5858.
Type : pill Train [ Epoch 102/500 ], loss: 0.2671, avg_reader_cost: 0.0005 avg_batch_cost: 0.3515, avg_ips: 273.1343.
Type : pill Train [ Epoch 103/500 ], loss: 0.2186, avg_reader_cost: 0.0003 avg_batch_cost: 0.3537, avg_ips: 271.4099.
Type : pill Train [ Epoch 104/500 ], loss: 0.2852, avg_reader_cost: 0.0003 avg_batch_cost: 0.3445, avg_ips: 278.6820.
Type : pill Train [ Epoch 105/500 ], loss: 0.2486, avg_reader_cost: 0.0004 avg_batch_cost: 0.3533, avg_ips: 271.6951.
Type : pill Train [ Epoch 106/500 ], loss: 0.2698, avg_reader_cost: 1.1083 avg_batch_cost: 1.4471, avg_ips: 66.3393.
Type : pill Train [ Epoch 107/500 ], loss: 0.2655, avg_reader_cost: 1.2536 avg_batch_cost: 1.4057, avg_ips: 68.2943.
Type : pill Train [ Epoch 108/500 ], loss: 0.2266, avg_reader_cost: 1.2673 avg_batch_cost: 1.4339, avg_ips: 66.9481.
Type : pill Train [ Epoch 109/500 ], loss: 0.2886, avg_reader_cost: 1.3145 avg_batch_cost: 1.6573, avg_ips: 57.9242.
Type : pill Train [ Epoch 110/500 ], loss: 0.2492, avg_reader_cost: 1.3175 avg_batch_cost: 1.6578, avg_ips: 57.9070.
loading images
loaded 267 images
using density estimation GaussianDensityPaddle
Type : pill Val [ Epoch 110/500 ] max_auc: 0.9332 roc_auc : 0.923350.
Type : pill Train [ Epoch 111/500 ], loss: 0.2457, avg_reader_cost: 10.6573 avg_batch_cost: 10.8187, avg_ips: 8.8735.
Type : pill Train [ Epoch 112/500 ], loss: 0.2563, avg_reader_cost: 0.0004 avg_batch_cost: 0.3500, avg_ips: 274.2910.
Type : pill Train [ Epoch 113/500 ], loss: 0.2177, avg_reader_cost: 0.0003 avg_batch_cost: 0.3393, avg_ips: 282.9437.
Type : pill Train [ Epoch 114/500 ], loss: 0.2549, avg_reader_cost: 0.0006 avg_batch_cost: 0.3515, avg_ips: 273.1382.
Type : pill Train [ Epoch 115/500 ], loss: 0.2818, avg_reader_cost: 0.0003 avg_batch_cost: 0.3525, avg_ips: 272.3596.
Type : pill Train [ Epoch 116/500 ], loss: 0.2408, avg_reader_cost: 1.1029 avg_batch_cost: 1.4398, avg_ips: 66.6743.
Type : pill Train [ Epoch 117/500 ], loss: 0.2466, avg_reader_cost: 1.2381 avg_batch_cost: 1.4005, avg_ips: 68.5487.
Type : pill Train [ Epoch 118/500 ], loss: 0.2395, avg_reader_cost: 1.2404 avg_batch_cost: 1.5799, avg_ips: 60.7641.
Type : pill Train [ Epoch 119/500 ], loss: 0.2246, avg_reader_cost: 1.2362 avg_batch_cost: 1.3780, avg_ips: 69.6671.
Type : pill Train [ Epoch 120/500 ], loss: 0.2239, avg_reader_cost: 1.2421 avg_batch_cost: 1.5834, avg_ips: 60.6309.
loading images
loaded 267 images
using density estimation GaussianDensityPaddle
Type : pill Val [ Epoch 120/500 ] max_auc: 0.9397 roc_auc : 0.939716.
Type : pill Train [ Epoch 121/500 ], loss: 0.2393, avg_reader_cost: 11.2249 avg_batch_cost: 11.3314, avg_ips: 8.4720.
Type : pill Train [ Epoch 122/500 ], loss: 0.2579, avg_reader_cost: 0.0004 avg_batch_cost: 0.1052, avg_ips: 912.4726.
Type : pill Train [ Epoch 123/500 ], loss: 0.2378, avg_reader_cost: 0.0003 avg_batch_cost: 0.1068, avg_ips: 899.2953.
Type : pill Train [ Epoch 124/500 ], loss: 0.2407, avg_reader_cost: 0.0003 avg_batch_cost: 0.1041, avg_ips: 922.3804.
Type : pill Train [ Epoch 125/500 ], loss: 0.2306, avg_reader_cost: 1.3060 avg_batch_cost: 1.4442, avg_ips: 66.4723.
Type : pill Train [ Epoch 126/500 ], loss: 0.2511, avg_reader_cost: 1.2435 avg_batch_cost: 1.3884, avg_ips: 69.1446.
Type : pill Train [ Epoch 127/500 ], loss: 0.2099, avg_reader_cost: 1.2437 avg_batch_cost: 1.5868, avg_ips: 60.4991.
Type : pill Train [ Epoch 128/500 ], loss: 0.2501, avg_reader_cost: 1.2445 avg_batch_cost: 1.5819, avg_ips: 60.6884.
Type : pill Train [ Epoch 129/500 ], loss: 0.2904, avg_reader_cost: 1.2412 avg_batch_cost: 1.5833, avg_ips: 60.6310.
Type : pill Train [ Epoch 130/500 ], loss: 0.3089, avg_reader_cost: 1.2352 avg_batch_cost: 1.5882, avg_ips: 60.4456.
loading images
loaded 267 images
using density estimation GaussianDensityPaddle
Type : pill Val [ Epoch 130/500 ] max_auc: 0.9397 roc_auc : 0.929351.
Type : pill Train [ Epoch 131/500 ], loss: 0.2262, avg_reader_cost: 10.5655 avg_batch_cost: 11.0254, avg_ips: 8.7072.
Type : pill Train [ Epoch 132/500 ], loss: 0.2862, avg_reader_cost: 0.0004 avg_batch_cost: 0.3540, avg_ips: 271.1783.
Type : pill Train [ Epoch 133/500 ], loss: 0.2074, avg_reader_cost: 0.0003 avg_batch_cost: 0.1430, avg_ips: 671.3393.
Type : pill Train [ Epoch 134/500 ], loss: 0.2221, avg_reader_cost: 0.0004 avg_batch_cost: 0.3500, avg_ips: 274.3194.
Type : pill Train [ Epoch 135/500 ], loss: 0.2727, avg_reader_cost: 0.0003 avg_batch_cost: 0.3450, avg_ips: 278.2639.
Type : pill Train [ Epoch 136/500 ], loss: 0.2482, avg_reader_cost: 1.1052 avg_batch_cost: 1.2788, avg_ips: 75.0720.
Type : pill Train [ Epoch 137/500 ], loss: 0.2704, avg_reader_cost: 1.2435 avg_batch_cost: 1.3977, avg_ips: 68.6828.
Type : pill Train [ Epoch 138/500 ], loss: 0.2943, avg_reader_cost: 1.2375 avg_batch_cost: 1.5789, avg_ips: 60.8001.
Type : pill Train [ Epoch 139/500 ], loss: 0.2367, avg_reader_cost: 1.2219 avg_batch_cost: 1.5783, avg_ips: 60.8239.
Type : pill Train [ Epoch 140/500 ], loss: 0.2698, avg_reader_cost: 1.2056 avg_batch_cost: 1.5508, avg_ips: 61.9017.
loading images
loaded 267 images
using density estimation GaussianDensityPaddle
Type : pill Val [ Epoch 140/500 ] max_auc: 0.9397 roc_auc : 0.935625.
Type : pill Train [ Epoch 141/500 ], loss: 0.2822, avg_reader_cost: 10.6176 avg_batch_cost: 10.9992, avg_ips: 8.7279.
Type : pill Train [ Epoch 142/500 ], loss: 0.2675, avg_reader_cost: 0.0003 avg_batch_cost: 0.3529, avg_ips: 272.0473.
Type : pill Train [ Epoch 143/500 ], loss: 0.2578, avg_reader_cost: 0.0003 avg_batch_cost: 0.3386, avg_ips: 283.5145.
Type : pill Train [ Epoch 144/500 ], loss: 0.2846, avg_reader_cost: 0.0004 avg_batch_cost: 0.3507, avg_ips: 273.7659.
Type : pill Train [ Epoch 145/500 ], loss: 0.2849, avg_reader_cost: 0.0003 avg_batch_cost: 0.3516, avg_ips: 273.0378.
Type : pill Train [ Epoch 146/500 ], loss: 0.2410, avg_reader_cost: 1.1148 avg_batch_cost: 1.4601, avg_ips: 65.7484.
Type : pill Train [ Epoch 147/500 ], loss: 0.2104, avg_reader_cost: 1.2615 avg_batch_cost: 1.6092, avg_ips: 59.6559.
Type : pill Train [ Epoch 148/500 ], loss: 0.2567, avg_reader_cost: 1.2469 avg_batch_cost: 1.3861, avg_ips: 69.2606.
Type : pill Train [ Epoch 149/500 ], loss: 0.2442, avg_reader_cost: 1.2534 avg_batch_cost: 1.5974, avg_ips: 60.0990.
Type : pill Train [ Epoch 150/500 ], loss: 0.2556, avg_reader_cost: 1.2430 avg_batch_cost: 1.5849, avg_ips: 60.5701.
loading images
loaded 267 images
using density estimation GaussianDensityPaddle
Type : pill Val [ Epoch 150/500 ] max_auc: 0.9397 roc_auc : 0.928260.
Type : pill Train [ Epoch 151/500 ], loss: 0.2107, avg_reader_cost: 10.3962 avg_batch_cost: 10.5244, avg_ips: 9.1217.
Type : pill Train [ Epoch 152/500 ], loss: 0.2416, avg_reader_cost: 0.0003 avg_batch_cost: 0.1045, avg_ips: 919.0058.
Type : pill Train [ Epoch 153/500 ], loss: 0.2574, avg_reader_cost: 0.0003 avg_batch_cost: 0.1041, avg_ips: 921.7828.
Type : pill Train [ Epoch 154/500 ], loss: 0.1942, avg_reader_cost: 0.0002 avg_batch_cost: 0.1044, avg_ips: 919.7468.
Type : pill Train [ Epoch 155/500 ], loss: 0.2575, avg_reader_cost: 0.0004 avg_batch_cost: 0.1062, avg_ips: 903.5696.
Type : pill Train [ Epoch 156/500 ], loss: 0.2911, avg_reader_cost: 1.2838 avg_batch_cost: 1.4217, avg_ips: 67.5237.
Type : pill Train [ Epoch 157/500 ], loss: 0.2417, avg_reader_cost: 1.2432 avg_batch_cost: 1.3786, avg_ips: 69.6363.
Type : pill Train [ Epoch 158/500 ], loss: 0.2173, avg_reader_cost: 1.2536 avg_batch_cost: 1.5967, avg_ips: 60.1251.
Type : pill Train [ Epoch 159/500 ], loss: 0.2434, avg_reader_cost: 1.2450 avg_batch_cost: 1.5849, avg_ips: 60.5727.
Type : pill Train [ Epoch 160/500 ], loss: 0.2056, avg_reader_cost: 1.2456 avg_batch_cost: 1.3905, avg_ips: 69.0403.
loading images
loaded 267 images
using density estimation GaussianDensityPaddle
Type : pill Val [ Epoch 160/500 ] max_auc: 0.9397 roc_auc : 0.926077.
Type : pill Train [ Epoch 161/500 ], loss: 0.2209, avg_reader_cost: 10.2319 avg_batch_cost: 10.3685, avg_ips: 9.2588.
Type : pill Train [ Epoch 162/500 ], loss: 0.2486, avg_reader_cost: 0.0003 avg_batch_cost: 0.3398, avg_ips: 282.5496.
Type : pill Train [ Epoch 163/500 ], loss: 0.2623, avg_reader_cost: 0.0009 avg_batch_cost: 0.3491, avg_ips: 274.9732.
Type : pill Train [ Epoch 164/500 ], loss: 0.2631, avg_reader_cost: 0.0004 avg_batch_cost: 0.3502, avg_ips: 274.1205.
Type : pill Train [ Epoch 165/500 ], loss: 0.2365, avg_reader_cost: 0.0002 avg_batch_cost: 0.1464, avg_ips: 655.6086.
Type : pill Train [ Epoch 166/500 ], loss: 0.2234, avg_reader_cost: 1.1176 avg_batch_cost: 1.2583, avg_ips: 76.2926.
Type : pill Train [ Epoch 167/500 ], loss: 0.2359, avg_reader_cost: 1.2487 avg_batch_cost: 1.5930, avg_ips: 60.2623.
Type : pill Train [ Epoch 168/500 ], loss: 0.2874, avg_reader_cost: 1.2462 avg_batch_cost: 1.5913, avg_ips: 60.3277.
Type : pill Train [ Epoch 169/500 ], loss: 0.2250, avg_reader_cost: 1.2469 avg_batch_cost: 1.3847, avg_ips: 69.3270.
Type : pill Train [ Epoch 170/500 ], loss: 0.2320, avg_reader_cost: 1.2325 avg_batch_cost: 1.3676, avg_ips: 70.1942.
loading images
loaded 267 images
using density estimation GaussianDensityPaddle
Type : pill Val [ Epoch 170/500 ] max_auc: 0.9484 roc_auc : 0.948445.
Type : pill Train [ Epoch 171/500 ], loss: 0.1853, avg_reader_cost: 11.5734 avg_batch_cost: 11.9340, avg_ips: 8.0442.
Type : pill Train [ Epoch 172/500 ], loss: 0.2296, avg_reader_cost: 0.0003 avg_batch_cost: 0.3610, avg_ips: 265.8928.
Type : pill Train [ Epoch 173/500 ], loss: 0.2425, avg_reader_cost: 0.0002 avg_batch_cost: 0.1039, avg_ips: 924.2287.
Type : pill Train [ Epoch 174/500 ], loss: 0.2211, avg_reader_cost: 0.0004 avg_batch_cost: 0.1135, avg_ips: 846.1234.
Type : pill Train [ Epoch 175/500 ], loss: 0.3039, avg_reader_cost: 0.0012 avg_batch_cost: 0.3522, avg_ips: 272.5787.
Type : pill Train [ Epoch 176/500 ], loss: 0.2623, avg_reader_cost: 1.2730 avg_batch_cost: 1.4125, avg_ips: 67.9649.
Type : pill Train [ Epoch 177/500 ], loss: 0.2026, avg_reader_cost: 1.3339 avg_batch_cost: 1.4783, avg_ips: 64.9380.
Type : pill Train [ Epoch 178/500 ], loss: 0.2124, avg_reader_cost: 1.2778 avg_batch_cost: 1.6174, avg_ips: 59.3534.
Type : pill Train [ Epoch 179/500 ], loss: 0.2502, avg_reader_cost: 1.2382 avg_batch_cost: 1.5797, avg_ips: 60.7698.
Type : pill Train [ Epoch 180/500 ], loss: 0.2514, avg_reader_cost: 1.2382 avg_batch_cost: 1.5857, avg_ips: 60.5420.
loading images
loaded 267 images
using density estimation GaussianDensityPaddle
Type : pill Val [ Epoch 180/500 ] max_auc: 0.9484 roc_auc : 0.942990.
Type : pill Train [ Epoch 181/500 ], loss: 0.2738, avg_reader_cost: 10.3806 avg_batch_cost: 10.7956, avg_ips: 8.8926.
Type : pill Train [ Epoch 182/500 ], loss: 0.2860, avg_reader_cost: 0.0003 avg_batch_cost: 0.1353, avg_ips: 709.6123.
Type : pill Train [ Epoch 183/500 ], loss: 0.2257, avg_reader_cost: 0.0003 avg_batch_cost: 0.3413, avg_ips: 281.2775.
Type : pill Train [ Epoch 184/500 ], loss: 0.2127, avg_reader_cost: 0.0003 avg_batch_cost: 0.3533, avg_ips: 271.7301.
Type : pill Train [ Epoch 185/500 ], loss: 0.2357, avg_reader_cost: 0.0003 avg_batch_cost: 0.3423, avg_ips: 280.4236.
Type : pill Train [ Epoch 186/500 ], loss: 0.2301, avg_reader_cost: 1.1317 avg_batch_cost: 1.2376, avg_ips: 77.5689.
Type : pill Train [ Epoch 187/500 ], loss: 0.2180, avg_reader_cost: 1.3228 avg_batch_cost: 1.6648, avg_ips: 57.6656.
Type : pill Train [ Epoch 188/500 ], loss: 0.2817, avg_reader_cost: 1.2825 avg_batch_cost: 1.6252, avg_ips: 59.0699.
Type : pill Train [ Epoch 189/500 ], loss: 0.2438, avg_reader_cost: 1.2682 avg_batch_cost: 1.4311, avg_ips: 67.0796.
Type : pill Train [ Epoch 190/500 ], loss: 0.2575, avg_reader_cost: 1.2613 avg_batch_cost: 1.6085, avg_ips: 59.6815.
loading images
loaded 267 images
using density estimation GaussianDensityPaddle
Type : pill Val [ Epoch 190/500 ] max_auc: 0.9484 roc_auc : 0.915985.
Type : pill Train [ Epoch 191/500 ], loss: 0.2475, avg_reader_cost: 10.5496 avg_batch_cost: 10.7304, avg_ips: 8.9465.
Type : pill Train [ Epoch 192/500 ], loss: 0.2279, avg_reader_cost: 0.0004 avg_batch_cost: 0.3494, avg_ips: 274.7541.
Type : pill Train [ Epoch 193/500 ], loss: 0.2930, avg_reader_cost: 0.0005 avg_batch_cost: 0.3392, avg_ips: 283.0362.
Type : pill Train [ Epoch 194/500 ], loss: 0.2394, avg_reader_cost: 0.0003 avg_batch_cost: 0.3506, avg_ips: 273.8368.
Type : pill Train [ Epoch 195/500 ], loss: 0.2135, avg_reader_cost: 0.0003 avg_batch_cost: 0.1431, avg_ips: 671.0573.
Type : pill Train [ Epoch 196/500 ], loss: 0.2441, avg_reader_cost: 1.1087 avg_batch_cost: 1.4516, avg_ips: 66.1338.
Type : pill Train [ Epoch 197/500 ], loss: 0.2192, avg_reader_cost: 1.2322 avg_batch_cost: 1.5724, avg_ips: 61.0532.
Type : pill Train [ Epoch 198/500 ], loss: 0.2439, avg_reader_cost: 1.2233 avg_batch_cost: 1.5674, avg_ips: 61.2495.
Type : pill Train [ Epoch 199/500 ], loss: 0.2296, avg_reader_cost: 1.2444 avg_batch_cost: 1.5910, avg_ips: 60.3388.
Type : pill Train [ Epoch 200/500 ], loss: 0.2048, avg_reader_cost: 1.2423 avg_batch_cost: 1.5835, avg_ips: 60.6243.
loading images
loaded 267 images
using density estimation GaussianDensityPaddle
Type : pill Val [ Epoch 200/500 ] max_auc: 0.9484 roc_auc : 0.947081.
Type : pill Train [ Epoch 201/500 ], loss: 0.2528, avg_reader_cost: 10.6897 avg_batch_cost: 11.1310, avg_ips: 8.6246.
Type : pill Train [ Epoch 202/500 ], loss: 0.2062, avg_reader_cost: 0.0003 avg_batch_cost: 0.3454, avg_ips: 277.9098.
Type : pill Train [ Epoch 203/500 ], loss: 0.2607, avg_reader_cost: 0.0003 avg_batch_cost: 0.3439, avg_ips: 279.1831.
Type : pill Train [ Epoch 204/500 ], loss: 0.2894, avg_reader_cost: 0.0002 avg_batch_cost: 0.1366, avg_ips: 702.7437.
Type : pill Train [ Epoch 205/500 ], loss: 0.2550, avg_reader_cost: 0.0004 avg_batch_cost: 0.3482, avg_ips: 275.6751.
Type : pill Train [ Epoch 206/500 ], loss: 0.2385, avg_reader_cost: 1.1052 avg_batch_cost: 1.4484, avg_ips: 66.2819.
Type : pill Train [ Epoch 207/500 ], loss: 0.1856, avg_reader_cost: 1.2332 avg_batch_cost: 1.5767, avg_ips: 60.8857.
Type : pill Train [ Epoch 208/500 ], loss: 0.2393, avg_reader_cost: 1.2228 avg_batch_cost: 1.3736, avg_ips: 69.8904.
Type : pill Train [ Epoch 209/500 ], loss: 0.2413, avg_reader_cost: 1.2426 avg_batch_cost: 1.5929, avg_ips: 60.2674.
Type : pill Train [ Epoch 210/500 ], loss: 0.2495, avg_reader_cost: 1.2395 avg_batch_cost: 1.5837, avg_ips: 60.6167.
loading images
loaded 267 images
using density estimation GaussianDensityPaddle
Type : pill Val [ Epoch 210/500 ] max_auc: 0.9484 roc_auc : 0.947627.
Type : pill Train [ Epoch 211/500 ], loss: 0.2693, avg_reader_cost: 10.2143 avg_batch_cost: 10.6948, avg_ips: 8.9763.
Type : pill Train [ Epoch 212/500 ], loss: 0.2474, avg_reader_cost: 0.0002 avg_batch_cost: 0.1724, avg_ips: 556.9609.
Type : pill Train [ Epoch 213/500 ], loss: 0.2110, avg_reader_cost: 0.0003 avg_batch_cost: 0.3503, avg_ips: 274.0791.
Type : pill Train [ Epoch 214/500 ], loss: 0.2912, avg_reader_cost: 0.0002 avg_batch_cost: 0.3428, avg_ips: 280.0561.
Type : pill Train [ Epoch 215/500 ], loss: 0.2504, avg_reader_cost: 0.0008 avg_batch_cost: 0.3525, avg_ips: 272.3044.
Type : pill Train [ Epoch 216/500 ], loss: 0.1967, avg_reader_cost: 1.1105 avg_batch_cost: 1.3369, avg_ips: 71.8082.
Type : pill Train [ Epoch 217/500 ], loss: 0.1819, avg_reader_cost: 1.3126 avg_batch_cost: 1.4194, avg_ips: 67.6332.
Type : pill Train [ Epoch 218/500 ], loss: 0.1879, avg_reader_cost: 1.3065 avg_batch_cost: 1.6485, avg_ips: 58.2358.
Type : pill Train [ Epoch 219/500 ], loss: 0.2782, avg_reader_cost: 1.2545 avg_batch_cost: 1.6006, avg_ips: 59.9756.
Type : pill Train [ Epoch 220/500 ], loss: 0.2455, avg_reader_cost: 1.2674 avg_batch_cost: 1.4435, avg_ips: 66.5053.
loading images
loaded 267 images
using density estimation GaussianDensityPaddle
Type : pill Val [ Epoch 220/500 ] max_auc: 0.9484 roc_auc : 0.942717.
Type : pill Train [ Epoch 221/500 ], loss: 0.2266, avg_reader_cost: 10.4820 avg_batch_cost: 10.8579, avg_ips: 8.8415.
Type : pill Train [ Epoch 222/500 ], loss: 0.2888, avg_reader_cost: 0.0003 avg_batch_cost: 0.3445, avg_ips: 278.6849.
Type : pill Train [ Epoch 223/500 ], loss: 0.2416, avg_reader_cost: 0.0003 avg_batch_cost: 0.1452, avg_ips: 661.1277.
Type : pill Train [ Epoch 224/500 ], loss: 0.2760, avg_reader_cost: 0.0005 avg_batch_cost: 0.3514, avg_ips: 273.1993.
Type : pill Train [ Epoch 225/500 ], loss: 0.2359, avg_reader_cost: 0.0002 avg_batch_cost: 0.3436, avg_ips: 279.4322.
Type : pill Train [ Epoch 226/500 ], loss: 0.2376, avg_reader_cost: 1.1078 avg_batch_cost: 1.2523, avg_ips: 76.6601.
Type : pill Train [ Epoch 227/500 ], loss: 0.2447, avg_reader_cost: 1.2431 avg_batch_cost: 1.5823, avg_ips: 60.6695.
Type : pill Train [ Epoch 228/500 ], loss: 0.2012, avg_reader_cost: 1.2419 avg_batch_cost: 1.5792, avg_ips: 60.7901.
Type : pill Train [ Epoch 229/500 ], loss: 0.2550, avg_reader_cost: 1.2361 avg_batch_cost: 1.3759, avg_ips: 69.7701.
Type : pill Train [ Epoch 230/500 ], loss: 0.2027, avg_reader_cost: 1.2314 avg_batch_cost: 1.3979, avg_ips: 68.6733.
loading images
loaded 267 images
using density estimation GaussianDensityPaddle
Type : pill Val [ Epoch 230/500 ] max_auc: 0.9484 roc_auc : 0.930442.
Type : pill Train [ Epoch 231/500 ], loss: 0.1733, avg_reader_cost: 10.3818 avg_batch_cost: 10.5625, avg_ips: 9.0888.
Type : pill Train [ Epoch 232/500 ], loss: 0.2068, avg_reader_cost: 0.0004 avg_batch_cost: 0.3538, avg_ips: 271.3684.
Type : pill Train [ Epoch 233/500 ], loss: 0.2345, avg_reader_cost: 0.0003 avg_batch_cost: 0.1464, avg_ips: 655.7186.
Type : pill Train [ Epoch 234/500 ], loss: 0.2658, avg_reader_cost: 0.0004 avg_batch_cost: 0.3429, avg_ips: 279.9321.
Type : pill Train [ Epoch 235/500 ], loss: 0.2070, avg_reader_cost: 0.0003 avg_batch_cost: 0.3523, avg_ips: 272.4691.
Type : pill Train [ Epoch 236/500 ], loss: 0.2442, avg_reader_cost: 1.1310 avg_batch_cost: 1.2961, avg_ips: 74.0681.
Type : pill Train [ Epoch 237/500 ], loss: 0.2431, avg_reader_cost: 1.2792 avg_batch_cost: 1.6196, avg_ips: 59.2741.
Type : pill Train [ Epoch 238/500 ], loss: 0.2079, avg_reader_cost: 1.2402 avg_batch_cost: 1.5870, avg_ips: 60.4915.
Type : pill Train [ Epoch 239/500 ], loss: 0.2275, avg_reader_cost: 1.2831 avg_batch_cost: 1.6228, avg_ips: 59.1569.
Type : pill Train [ Epoch 240/500 ], loss: 0.2344, avg_reader_cost: 1.2737 avg_batch_cost: 1.4266, avg_ips: 67.2915.
loading images
loaded 267 images
using density estimation GaussianDensityPaddle
Type : pill Val [ Epoch 240/500 ] max_auc: 0.9484 roc_auc : 0.920895.
Type : pill Train [ Epoch 241/500 ], loss: 0.2413, avg_reader_cost: 10.4145 avg_batch_cost: 10.7685, avg_ips: 8.9149.
Type : pill Train [ Epoch 242/500 ], loss: 0.1842, avg_reader_cost: 0.0006 avg_batch_cost: 0.3493, avg_ips: 274.8538.
Type : pill Train [ Epoch 243/500 ], loss: 0.2284, avg_reader_cost: 0.0002 avg_batch_cost: 0.1725, avg_ips: 556.6506.
Type : pill Train [ Epoch 244/500 ], loss: 0.2797, avg_reader_cost: 0.0004 avg_batch_cost: 0.3450, avg_ips: 278.2499.
Type : pill Train [ Epoch 245/500 ], loss: 0.2136, avg_reader_cost: 0.0009 avg_batch_cost: 0.3524, avg_ips: 272.4013.
Type : pill Train [ Epoch 246/500 ], loss: 0.2394, avg_reader_cost: 1.1084 avg_batch_cost: 1.2472, avg_ips: 76.9712.
Type : pill Train [ Epoch 247/500 ], loss: 0.2437, avg_reader_cost: 1.2597 avg_batch_cost: 1.5966, avg_ips: 60.1260.
Type : pill Train [ Epoch 248/500 ], loss: 0.2339, avg_reader_cost: 1.2613 avg_batch_cost: 1.3660, avg_ips: 70.2775.
Type : pill Train [ Epoch 249/500 ], loss: 0.2162, avg_reader_cost: 1.2876 avg_batch_cost: 1.6313, avg_ips: 58.8489.
Type : pill Train [ Epoch 250/500 ], loss: 0.2305, avg_reader_cost: 1.2352 avg_batch_cost: 1.5846, avg_ips: 60.5825.
loading images
loaded 267 images
using density estimation GaussianDensityPaddle
Type : pill Val [ Epoch 250/500 ] max_auc: 0.9484 roc_auc : 0.939716.
Type : pill Train [ Epoch 251/500 ], loss: 0.2108, avg_reader_cost: 10.3085 avg_batch_cost: 10.7716, avg_ips: 8.9123.
Type : pill Train [ Epoch 252/500 ], loss: 0.2428, avg_reader_cost: 0.0006 avg_batch_cost: 0.3525, avg_ips: 272.3246.
Type : pill Train [ Epoch 253/500 ], loss: 0.2742, avg_reader_cost: 0.0003 avg_batch_cost: 0.3389, avg_ips: 283.2711.
Type : pill Train [ Epoch 254/500 ], loss: 0.2294, avg_reader_cost: 0.0007 avg_batch_cost: 0.3495, avg_ips: 274.6476.
Type : pill Train [ Epoch 255/500 ], loss: 0.2635, avg_reader_cost: 0.0003 avg_batch_cost: 0.3478, avg_ips: 276.0294.
Type : pill Train [ Epoch 256/500 ], loss: 0.1979, avg_reader_cost: 1.0863 avg_batch_cost: 1.2308, avg_ips: 78.0002.
Type : pill Train [ Epoch 257/500 ], loss: 0.2128, avg_reader_cost: 1.2531 avg_batch_cost: 1.5930, avg_ips: 60.2639.
Type : pill Train [ Epoch 258/500 ], loss: 0.2332, avg_reader_cost: 1.2583 avg_batch_cost: 1.5971, avg_ips: 60.1103.
Type : pill Train [ Epoch 259/500 ], loss: 0.2088, avg_reader_cost: 1.2660 avg_batch_cost: 1.6092, avg_ips: 59.6555.
Type : pill Train [ Epoch 260/500 ], loss: 0.1928, avg_reader_cost: 1.2488 avg_batch_cost: 1.4973, avg_ips: 64.1169.
loading images
loaded 267 images
using density estimation GaussianDensityPaddle
Type : pill Val [ Epoch 260/500 ] max_auc: 0.9566 roc_auc : 0.956628.
Type : pill Train [ Epoch 261/500 ], loss: 0.2239, avg_reader_cost: 11.3549 avg_batch_cost: 11.4930, avg_ips: 8.3529.
Type : pill Train [ Epoch 262/500 ], loss: 0.2384, avg_reader_cost: 0.0003 avg_batch_cost: 0.2889, avg_ips: 332.2701.
Type : pill Train [ Epoch 263/500 ], loss: 0.2216, avg_reader_cost: 0.0011 avg_batch_cost: 0.3531, avg_ips: 271.8431.
Type : pill Train [ Epoch 264/500 ], loss: 0.1945, avg_reader_cost: 0.0002 avg_batch_cost: 0.3433, avg_ips: 279.5993.
Type : pill Train [ Epoch 265/500 ], loss: 0.2050, avg_reader_cost: 0.0005 avg_batch_cost: 0.2591, avg_ips: 370.5482.
Type : pill Train [ Epoch 266/500 ], loss: 0.2614, avg_reader_cost: 1.1225 avg_batch_cost: 1.4728, avg_ips: 65.1826.
Type : pill Train [ Epoch 267/500 ], loss: 0.2373, avg_reader_cost: 1.2469 avg_batch_cost: 1.4006, avg_ips: 68.5409.
Type : pill Train [ Epoch 268/500 ], loss: 0.1945, avg_reader_cost: 1.2461 avg_batch_cost: 1.5851, avg_ips: 60.5624.
Type : pill Train [ Epoch 269/500 ], loss: 0.2102, avg_reader_cost: 1.2462 avg_batch_cost: 1.3902, avg_ips: 69.0548.
Type : pill Train [ Epoch 270/500 ], loss: 0.2416, avg_reader_cost: 1.2491 avg_batch_cost: 1.5863, avg_ips: 60.5197.
loading images
loaded 267 images
using density estimation GaussianDensityPaddle
Type : pill Val [ Epoch 270/500 ] max_auc: 0.9566 roc_auc : 0.956628.
Type : pill Train [ Epoch 271/500 ], loss: 0.1944, avg_reader_cost: 11.0236 avg_batch_cost: 11.1640, avg_ips: 8.5990.
Type : pill Train [ Epoch 272/500 ], loss: 0.2367, avg_reader_cost: 0.0004 avg_batch_cost: 0.3513, avg_ips: 273.2505.
Type : pill Train [ Epoch 273/500 ], loss: 0.2346, avg_reader_cost: 0.0003 avg_batch_cost: 0.1844, avg_ips: 520.5890.
Type : pill Train [ Epoch 274/500 ], loss: 0.2551, avg_reader_cost: 0.0004 avg_batch_cost: 0.3529, avg_ips: 272.0609.
Type : pill Train [ Epoch 275/500 ], loss: 0.1914, avg_reader_cost: 0.0003 avg_batch_cost: 0.1462, avg_ips: 656.5847.
Type : pill Train [ Epoch 276/500 ], loss: 0.2480, avg_reader_cost: 1.1581 avg_batch_cost: 1.4976, avg_ips: 64.1041.
Type : pill Train [ Epoch 277/500 ], loss: 0.2595, avg_reader_cost: 1.2756 avg_batch_cost: 1.4299, avg_ips: 67.1362.
Type : pill Train [ Epoch 278/500 ], loss: 0.2194, avg_reader_cost: 1.2749 avg_batch_cost: 1.4161, avg_ips: 67.7904.
Type : pill Train [ Epoch 279/500 ], loss: 0.1873, avg_reader_cost: 1.2511 avg_batch_cost: 1.3552, avg_ips: 70.8366.
Type : pill Train [ Epoch 280/500 ], loss: 0.2060, avg_reader_cost: 1.2858 avg_batch_cost: 1.6257, avg_ips: 59.0515.
loading images
loaded 267 images
using density estimation GaussianDensityPaddle
Type : pill Val [ Epoch 280/500 ] max_auc: 0.9566 roc_auc : 0.955810.
Type : pill Train [ Epoch 281/500 ], loss: 0.1754, avg_reader_cost: 10.5617 avg_batch_cost: 11.0837, avg_ips: 8.6614.
Type : pill Train [ Epoch 282/500 ], loss: 0.2087, avg_reader_cost: 0.0003 avg_batch_cost: 0.1855, avg_ips: 517.5258.
Type : pill Train [ Epoch 283/500 ], loss: 0.2241, avg_reader_cost: 0.0003 avg_batch_cost: 0.1186, avg_ips: 809.2881.
Type : pill Train [ Epoch 284/500 ], loss: 0.1684, avg_reader_cost: 0.0003 avg_batch_cost: 0.3404, avg_ips: 282.0514.
Type : pill Train [ Epoch 285/500 ], loss: 0.1657, avg_reader_cost: 0.0002 avg_batch_cost: 0.3480, avg_ips: 275.9002.
Type : pill Train [ Epoch 286/500 ], loss: 0.1689, avg_reader_cost: 1.1644 avg_batch_cost: 1.5031, avg_ips: 63.8701.
Type : pill Train [ Epoch 287/500 ], loss: 0.3010, avg_reader_cost: 1.3084 avg_batch_cost: 1.4559, avg_ips: 65.9373.
Type : pill Train [ Epoch 288/500 ], loss: 0.2221, avg_reader_cost: 1.3139 avg_batch_cost: 1.6539, avg_ips: 58.0444.
Type : pill Train [ Epoch 289/500 ], loss: 0.2099, avg_reader_cost: 1.2849 avg_batch_cost: 1.4428, avg_ips: 66.5373.
Type : pill Train [ Epoch 290/500 ], loss: 0.2370, avg_reader_cost: 1.2470 avg_batch_cost: 1.5908, avg_ips: 60.3467.
loading images
loaded 267 images
using density estimation GaussianDensityPaddle
Type : pill Val [ Epoch 290/500 ] max_auc: 0.9566 roc_auc : 0.946536.
Type : pill Train [ Epoch 291/500 ], loss: 0.1557, avg_reader_cost: 10.7981 avg_batch_cost: 11.2348, avg_ips: 8.5448.
Type : pill Train [ Epoch 292/500 ], loss: 0.1459, avg_reader_cost: 0.0004 avg_batch_cost: 0.1547, avg_ips: 620.3989.
Type : pill Train [ Epoch 293/500 ], loss: 0.2283, avg_reader_cost: 0.0003 avg_batch_cost: 0.3527, avg_ips: 272.1494.
Type : pill Train [ Epoch 294/500 ], loss: 0.1841, avg_reader_cost: 0.0003 avg_batch_cost: 0.3523, avg_ips: 272.4768.
Type : pill Train [ Epoch 295/500 ], loss: 0.1913, avg_reader_cost: 0.0004 avg_batch_cost: 0.3420, avg_ips: 280.6931.
Type : pill Train [ Epoch 296/500 ], loss: 0.1510, avg_reader_cost: 1.1237 avg_batch_cost: 1.2670, avg_ips: 75.7707.
Type : pill Train [ Epoch 297/500 ], loss: 0.2272, avg_reader_cost: 1.2625 avg_batch_cost: 1.6049, avg_ips: 59.8152.
Type : pill Train [ Epoch 298/500 ], loss: 0.1597, avg_reader_cost: 1.2891 avg_batch_cost: 1.6381, avg_ips: 58.6059.
Type : pill Train [ Epoch 299/500 ], loss: 0.2479, avg_reader_cost: 1.3060 avg_batch_cost: 1.4447, avg_ips: 66.4494.
Type : pill Train [ Epoch 300/500 ], loss: 0.2176, avg_reader_cost: 1.2926 avg_batch_cost: 1.6332, avg_ips: 58.7805.
loading images
loaded 267 images
using density estimation GaussianDensityPaddle
Type : pill Val [ Epoch 300/500 ] max_auc: 0.9566 roc_auc : 0.949809.
Type : pill Train [ Epoch 301/500 ], loss: 0.1838, avg_reader_cost: 10.8880 avg_batch_cost: 11.1573, avg_ips: 8.6042.
Type : pill Train [ Epoch 302/500 ], loss: 0.2110, avg_reader_cost: 0.0005 avg_batch_cost: 0.3516, avg_ips: 273.0139.
Type : pill Train [ Epoch 303/500 ], loss: 0.2206, avg_reader_cost: 0.0002 avg_batch_cost: 0.1541, avg_ips: 622.8673.
Type : pill Train [ Epoch 304/500 ], loss: 0.2154, avg_reader_cost: 0.0004 avg_batch_cost: 0.3519, avg_ips: 272.8407.
Type : pill Train [ Epoch 305/500 ], loss: 0.2282, avg_reader_cost: 0.0008 avg_batch_cost: 0.3522, avg_ips: 272.5467.
Type : pill Train [ Epoch 306/500 ], loss: 0.2074, avg_reader_cost: 1.0893 avg_batch_cost: 1.4298, avg_ips: 67.1406.
Type : pill Train [ Epoch 307/500 ], loss: 0.2023, avg_reader_cost: 1.2288 avg_batch_cost: 1.3711, avg_ips: 70.0144.
Type : pill Train [ Epoch 308/500 ], loss: 0.1980, avg_reader_cost: 1.2255 avg_batch_cost: 1.5657, avg_ips: 61.3145.
Type : pill Train [ Epoch 309/500 ], loss: 0.1652, avg_reader_cost: 1.2226 avg_batch_cost: 1.3892, avg_ips: 69.1035.
Type : pill Train [ Epoch 310/500 ], loss: 0.1923, avg_reader_cost: 1.2812 avg_batch_cost: 1.3879, avg_ips: 69.1686.
loading images
loaded 267 images
using density estimation GaussianDensityPaddle
Type : pill Val [ Epoch 310/500 ] max_auc: 0.9637 roc_auc : 0.963721.
Type : pill Train [ Epoch 311/500 ], loss: 0.1990, avg_reader_cost: 10.8088 avg_batch_cost: 11.1439, avg_ips: 8.6146.
Type : pill Train [ Epoch 312/500 ], loss: 0.1487, avg_reader_cost: 1.2364 avg_batch_cost: 1.5841, avg_ips: 60.6022.
Type : pill Train [ Epoch 313/500 ], loss: 0.1375, avg_reader_cost: 1.2374 avg_batch_cost: 1.5796, avg_ips: 60.7730.
Type : pill Train [ Epoch 314/500 ], loss: 0.1434, avg_reader_cost: 1.2451 avg_batch_cost: 1.3855, avg_ips: 69.2868.
Type : pill Train [ Epoch 315/500 ], loss: 0.1680, avg_reader_cost: 1.2342 avg_batch_cost: 1.3793, avg_ips: 69.5987.
Type : pill Train [ Epoch 316/500 ], loss: 0.1558, avg_reader_cost: 1.2422 avg_batch_cost: 1.3844, avg_ips: 69.3437.
Type : pill Train [ Epoch 317/500 ], loss: 0.2036, avg_reader_cost: 1.2704 avg_batch_cost: 1.6129, avg_ips: 59.5204.
Type : pill Train [ Epoch 318/500 ], loss: 0.2123, avg_reader_cost: 1.2357 avg_batch_cost: 1.3702, avg_ips: 70.0618.
Type : pill Train [ Epoch 319/500 ], loss: 0.1187, avg_reader_cost: 1.2357 avg_batch_cost: 1.3781, avg_ips: 69.6605.
Type : pill Train [ Epoch 320/500 ], loss: 0.1856, avg_reader_cost: 1.2322 avg_batch_cost: 1.3733, avg_ips: 69.9027.
loading images
loaded 267 images
using density estimation GaussianDensityPaddle
Type : pill Val [ Epoch 320/500 ] max_auc: 0.9637 roc_auc : 0.933988.
Type : pill Train [ Epoch 321/500 ], loss: 0.1506, avg_reader_cost: 10.9026 avg_batch_cost: 11.2621, avg_ips: 8.5242.
Type : pill Train [ Epoch 322/500 ], loss: 0.1778, avg_reader_cost: 0.0005 avg_batch_cost: 0.3518, avg_ips: 272.8905.
Type : pill Train [ Epoch 323/500 ], loss: 0.1634, avg_reader_cost: 0.0003 avg_batch_cost: 0.3424, avg_ips: 280.3675.
Type : pill Train [ Epoch 324/500 ], loss: 0.1373, avg_reader_cost: 0.0007 avg_batch_cost: 0.3555, avg_ips: 270.0681.
Type : pill Train [ Epoch 325/500 ], loss: 0.1548, avg_reader_cost: 0.0003 avg_batch_cost: 0.1403, avg_ips: 684.1537.
Type : pill Train [ Epoch 326/500 ], loss: 0.2165, avg_reader_cost: 1.1160 avg_batch_cost: 1.4579, avg_ips: 65.8466.
Type : pill Train [ Epoch 327/500 ], loss: 0.1545, avg_reader_cost: 1.2288 avg_batch_cost: 1.3730, avg_ips: 69.9211.
Type : pill Train [ Epoch 328/500 ], loss: 0.2055, avg_reader_cost: 1.2319 avg_batch_cost: 1.5855, avg_ips: 60.5500.
Type : pill Train [ Epoch 329/500 ], loss: 0.1564, avg_reader_cost: 1.2192 avg_batch_cost: 1.3616, avg_ips: 70.5030.
Type : pill Train [ Epoch 330/500 ], loss: 0.1871, avg_reader_cost: 1.2656 avg_batch_cost: 1.4029, avg_ips: 68.4312.
loading images
loaded 267 images
using density estimation GaussianDensityPaddle
Type : pill Val [ Epoch 330/500 ] max_auc: 0.9637 roc_auc : 0.915166.
Type : pill Train [ Epoch 331/500 ], loss: 0.1869, avg_reader_cost: 10.4840 avg_batch_cost: 10.9234, avg_ips: 8.7884.
Type : pill Train [ Epoch 332/500 ], loss: 0.1665, avg_reader_cost: 0.0003 avg_batch_cost: 0.1452, avg_ips: 661.3568.
Type : pill Train [ Epoch 333/500 ], loss: 0.1737, avg_reader_cost: 0.0004 avg_batch_cost: 0.3574, avg_ips: 268.6025.
Type : pill Train [ Epoch 334/500 ], loss: 0.1876, avg_reader_cost: 0.0002 avg_batch_cost: 0.1479, avg_ips: 648.9445.
Type : pill Train [ Epoch 335/500 ], loss: 0.1707, avg_reader_cost: 0.0003 avg_batch_cost: 0.3500, avg_ips: 274.2929.
Type : pill Train [ Epoch 336/500 ], loss: 0.1702, avg_reader_cost: 1.1432 avg_batch_cost: 1.4849, avg_ips: 64.6491.
Type : pill Train [ Epoch 337/500 ], loss: 0.1629, avg_reader_cost: 1.2641 avg_batch_cost: 1.4023, avg_ips: 68.4613.
Type : pill Train [ Epoch 338/500 ], loss: 0.1575, avg_reader_cost: 1.2491 avg_batch_cost: 1.3901, avg_ips: 69.0613.
Type : pill Train [ Epoch 339/500 ], loss: 0.1482, avg_reader_cost: 1.2946 avg_batch_cost: 1.6369, avg_ips: 58.6457.
Type : pill Train [ Epoch 340/500 ], loss: 0.1768, avg_reader_cost: 1.2574 avg_batch_cost: 1.4035, avg_ips: 68.4010.
loading images
loaded 267 images
using density estimation GaussianDensityPaddle
Type : pill Val [ Epoch 340/500 ] max_auc: 0.9637 roc_auc : 0.952810.
Type : pill Train [ Epoch 341/500 ], loss: 0.2056, avg_reader_cost: 9.1558 avg_batch_cost: 9.2797, avg_ips: 10.3452.
Type : pill Train [ Epoch 342/500 ], loss: 0.1619, avg_reader_cost: 1.2869 avg_batch_cost: 1.6405, avg_ips: 58.5196.
Type : pill Train [ Epoch 343/500 ], loss: 0.1741, avg_reader_cost: 1.2203 avg_batch_cost: 1.5618, avg_ips: 61.4682.
Type : pill Train [ Epoch 344/500 ], loss: 0.1389, avg_reader_cost: 1.2287 avg_batch_cost: 1.3774, avg_ips: 69.6942.
Type : pill Train [ Epoch 345/500 ], loss: 0.1277, avg_reader_cost: 1.2326 avg_batch_cost: 1.5732, avg_ips: 61.0220.
Type : pill Train [ Epoch 346/500 ], loss: 0.1682, avg_reader_cost: 1.2238 avg_batch_cost: 1.3724, avg_ips: 69.9504.
Type : pill Train [ Epoch 347/500 ], loss: 0.1689, avg_reader_cost: 1.2302 avg_batch_cost: 1.5770, avg_ips: 60.8768.
Type : pill Train [ Epoch 348/500 ], loss: 0.1724, avg_reader_cost: 1.2220 avg_batch_cost: 1.5678, avg_ips: 61.2320.
Type : pill Train [ Epoch 349/500 ], loss: 0.1404, avg_reader_cost: 1.2251 avg_batch_cost: 1.5653, avg_ips: 61.3295.
Type : pill Train [ Epoch 350/500 ], loss: 0.1447, avg_reader_cost: 1.2210 avg_batch_cost: 1.5660, avg_ips: 61.3011.
loading images
loaded 267 images
using density estimation GaussianDensityPaddle
Type : pill Val [ Epoch 350/500 ] max_auc: 0.9637 roc_auc : 0.933170.
Type : pill Train [ Epoch 351/500 ], loss: 0.1495, avg_reader_cost: 11.1666 avg_batch_cost: 11.6224, avg_ips: 8.2599.
Type : pill Train [ Epoch 352/500 ], loss: 0.1618, avg_reader_cost: 0.0006 avg_batch_cost: 0.3396, avg_ips: 282.7184.
Type : pill Train [ Epoch 353/500 ], loss: 0.1709, avg_reader_cost: 0.0006 avg_batch_cost: 0.3457, avg_ips: 277.6987.
Type : pill Train [ Epoch 354/500 ], loss: 0.1974, avg_reader_cost: 0.0002 avg_batch_cost: 0.1334, avg_ips: 719.5696.
Type : pill Train [ Epoch 355/500 ], loss: 0.1491, avg_reader_cost: 0.0004 avg_batch_cost: 0.3544, avg_ips: 270.9023.
Type : pill Train [ Epoch 356/500 ], loss: 0.1388, avg_reader_cost: 1.0900 avg_batch_cost: 1.2498, avg_ips: 76.8136.
Type : pill Train [ Epoch 357/500 ], loss: 0.1700, avg_reader_cost: 1.2298 avg_batch_cost: 1.3738, avg_ips: 69.8810.
Type : pill Train [ Epoch 358/500 ], loss: 0.1712, avg_reader_cost: 1.2549 avg_batch_cost: 1.5938, avg_ips: 60.2330.
Type : pill Train [ Epoch 359/500 ], loss: 0.1553, avg_reader_cost: 1.2494 avg_batch_cost: 1.6030, avg_ips: 59.8884.
Type : pill Train [ Epoch 360/500 ], loss: 0.1050, avg_reader_cost: 1.2488 avg_batch_cost: 1.3889, avg_ips: 69.1216.
loading images
loaded 267 images
using density estimation GaussianDensityPaddle
Type : pill Val [ Epoch 360/500 ] max_auc: 0.9637 roc_auc : 0.929624.
Type : pill Train [ Epoch 361/500 ], loss: 0.1313, avg_reader_cost: 10.5898 avg_batch_cost: 10.9433, avg_ips: 8.7725.
Type : pill Train [ Epoch 362/500 ], loss: 0.1935, avg_reader_cost: 0.0004 avg_batch_cost: 0.3495, avg_ips: 274.7076.
Type : pill Train [ Epoch 363/500 ], loss: 0.2112, avg_reader_cost: 0.0003 avg_batch_cost: 0.3491, avg_ips: 275.0066.
Type : pill Train [ Epoch 364/500 ], loss: 0.1025, avg_reader_cost: 0.0003 avg_batch_cost: 0.3508, avg_ips: 273.6791.
Type : pill Train [ Epoch 365/500 ], loss: 0.1632, avg_reader_cost: 0.0003 avg_batch_cost: 0.3463, avg_ips: 277.2213.
Type : pill Train [ Epoch 366/500 ], loss: 0.2025, avg_reader_cost: 1.0856 avg_batch_cost: 1.2493, avg_ips: 76.8442.
Type : pill Train [ Epoch 367/500 ], loss: 0.2114, avg_reader_cost: 1.2334 avg_batch_cost: 1.3819, avg_ips: 69.4713.
Type : pill Train [ Epoch 368/500 ], loss: 0.1283, avg_reader_cost: 1.2522 avg_batch_cost: 1.5894, avg_ips: 60.4011.
Type : pill Train [ Epoch 369/500 ], loss: 0.1946, avg_reader_cost: 1.2359 avg_batch_cost: 1.5744, avg_ips: 60.9768.
Type : pill Train [ Epoch 370/500 ], loss: 0.1647, avg_reader_cost: 1.2394 avg_batch_cost: 1.5784, avg_ips: 60.8207.
loading images
loaded 267 images
using density estimation GaussianDensityPaddle
Type : pill Val [ Epoch 370/500 ] max_auc: 0.9681 roc_auc : 0.968085.
Type : pill Train [ Epoch 371/500 ], loss: 0.1821, avg_reader_cost: 10.4061 avg_batch_cost: 10.5216, avg_ips: 9.1241.
Type : pill Train [ Epoch 372/500 ], loss: 0.1685, avg_reader_cost: 0.0007 avg_batch_cost: 0.1081, avg_ips: 887.7127.
Type : pill Train [ Epoch 373/500 ], loss: 0.1395, avg_reader_cost: 1.2906 avg_batch_cost: 1.6378, avg_ips: 58.6136.
Type : pill Train [ Epoch 374/500 ], loss: 0.1337, avg_reader_cost: 1.2369 avg_batch_cost: 1.3754, avg_ips: 69.7975.
Type : pill Train [ Epoch 375/500 ], loss: 0.1235, avg_reader_cost: 1.2417 avg_batch_cost: 1.5805, avg_ips: 60.7399.
Type : pill Train [ Epoch 376/500 ], loss: 0.1631, avg_reader_cost: 1.2352 avg_batch_cost: 1.3831, avg_ips: 69.4091.
Type : pill Train [ Epoch 377/500 ], loss: 0.1082, avg_reader_cost: 1.2549 avg_batch_cost: 1.4006, avg_ips: 68.5407.
Type : pill Train [ Epoch 378/500 ], loss: 0.1527, avg_reader_cost: 1.2542 avg_batch_cost: 1.5926, avg_ips: 60.2772.
Type : pill Train [ Epoch 379/500 ], loss: 0.1213, avg_reader_cost: 1.2531 avg_batch_cost: 1.3917, avg_ips: 68.9800.
Type : pill Train [ Epoch 380/500 ], loss: 0.1073, avg_reader_cost: 1.2717 avg_batch_cost: 1.6109, avg_ips: 59.5941.
loading images
loaded 267 images
using density estimation GaussianDensityPaddle
Type : pill Val [ Epoch 380/500 ] max_auc: 0.9681 roc_auc : 0.968085.
Type : pill Train [ Epoch 381/500 ], loss: 0.1353, avg_reader_cost: 11.8119 avg_batch_cost: 12.1519, avg_ips: 7.9000.
Type : pill Train [ Epoch 382/500 ], loss: 0.1013, avg_reader_cost: 0.0008 avg_batch_cost: 0.3551, avg_ips: 270.3294.
Type : pill Train [ Epoch 383/500 ], loss: 0.1292, avg_reader_cost: 0.0003 avg_batch_cost: 0.3451, avg_ips: 278.1797.
Type : pill Train [ Epoch 384/500 ], loss: 0.1845, avg_reader_cost: 0.0003 avg_batch_cost: 0.3384, avg_ips: 283.6527.
Type : pill Train [ Epoch 385/500 ], loss: 0.1437, avg_reader_cost: 0.0005 avg_batch_cost: 0.3554, avg_ips: 270.1185.
Type : pill Train [ Epoch 386/500 ], loss: 0.1512, avg_reader_cost: 1.1164 avg_batch_cost: 1.4583, avg_ips: 65.8313.
Type : pill Train [ Epoch 387/500 ], loss: 0.1333, avg_reader_cost: 1.2463 avg_batch_cost: 1.5982, avg_ips: 60.0676.
Type : pill Train [ Epoch 388/500 ], loss: 0.1498, avg_reader_cost: 1.2413 avg_batch_cost: 1.3824, avg_ips: 69.4425.
Type : pill Train [ Epoch 389/500 ], loss: 0.1078, avg_reader_cost: 1.2609 avg_batch_cost: 1.4486, avg_ips: 66.2687.
Type : pill Train [ Epoch 390/500 ], loss: 0.1463, avg_reader_cost: 1.2392 avg_batch_cost: 1.3801, avg_ips: 69.5614.
loading images
loaded 267 images
using density estimation GaussianDensityPaddle
Type : pill Val [ Epoch 390/500 ] max_auc: 0.9681 roc_auc : 0.966176.
Type : pill Train [ Epoch 391/500 ], loss: 0.1424, avg_reader_cost: 10.7111 avg_batch_cost: 11.2262, avg_ips: 8.5514.
Type : pill Train [ Epoch 392/500 ], loss: 0.1400, avg_reader_cost: 0.0003 avg_batch_cost: 0.3533, avg_ips: 271.7365.
Type : pill Train [ Epoch 393/500 ], loss: 0.1788, avg_reader_cost: 0.0004 avg_batch_cost: 0.3499, avg_ips: 274.3783.
Type : pill Train [ Epoch 394/500 ], loss: 0.1299, avg_reader_cost: 0.0007 avg_batch_cost: 0.3466, avg_ips: 276.9833.
Type : pill Train [ Epoch 395/500 ], loss: 0.1104, avg_reader_cost: 0.0009 avg_batch_cost: 0.3500, avg_ips: 274.3204.
Type : pill Train [ Epoch 396/500 ], loss: 0.0893, avg_reader_cost: 1.0987 avg_batch_cost: 1.4444, avg_ips: 66.4646.
Type : pill Train [ Epoch 397/500 ], loss: 0.1419, avg_reader_cost: 1.2328 avg_batch_cost: 1.5779, avg_ips: 60.8408.
Type : pill Train [ Epoch 398/500 ], loss: 0.1065, avg_reader_cost: 1.2410 avg_batch_cost: 1.4005, avg_ips: 68.5468.
Type : pill Train [ Epoch 399/500 ], loss: 0.1742, avg_reader_cost: 1.2453 avg_batch_cost: 1.3866, avg_ips: 69.2319.
Type : pill Train [ Epoch 400/500 ], loss: 0.1230, avg_reader_cost: 1.2394 avg_batch_cost: 1.5854, avg_ips: 60.5524.
loading images
loaded 267 images
using density estimation GaussianDensityPaddle
Type : pill Val [ Epoch 400/500 ] max_auc: 0.9681 roc_auc : 0.901528.
Type : pill Train [ Epoch 401/500 ], loss: 0.1743, avg_reader_cost: 9.7935 avg_batch_cost: 9.9355, avg_ips: 9.6623.
Type : pill Train [ Epoch 402/500 ], loss: 0.1801, avg_reader_cost: 0.0003 avg_batch_cost: 0.1068, avg_ips: 898.5347.
Type : pill Train [ Epoch 403/500 ], loss: 0.1078, avg_reader_cost: 0.0004 avg_batch_cost: 0.1083, avg_ips: 886.0835.
Type : pill Train [ Epoch 404/500 ], loss: 0.1308, avg_reader_cost: 1.2881 avg_batch_cost: 1.6413, avg_ips: 58.4885.
Type : pill Train [ Epoch 405/500 ], loss: 0.1919, avg_reader_cost: 1.2365 avg_batch_cost: 1.5860, avg_ips: 60.5294.
Type : pill Train [ Epoch 406/500 ], loss: 0.1370, avg_reader_cost: 1.2371 avg_batch_cost: 1.3821, avg_ips: 69.4574.
Type : pill Train [ Epoch 407/500 ], loss: 0.1067, avg_reader_cost: 1.2418 avg_batch_cost: 1.5883, avg_ips: 60.4415.
Type : pill Train [ Epoch 408/500 ], loss: 0.1086, avg_reader_cost: 1.2409 avg_batch_cost: 1.5853, avg_ips: 60.5548.
Type : pill Train [ Epoch 409/500 ], loss: 0.1375, avg_reader_cost: 1.2538 avg_batch_cost: 1.3919, avg_ips: 68.9724.
Type : pill Train [ Epoch 410/500 ], loss: 0.1095, avg_reader_cost: 1.2551 avg_batch_cost: 1.3956, avg_ips: 68.7868.
loading images
loaded 267 images
using density estimation GaussianDensityPaddle
Type : pill Val [ Epoch 410/500 ] max_auc: 0.9681 roc_auc : 0.949536.
Type : pill Train [ Epoch 411/500 ], loss: 0.1477, avg_reader_cost: 10.9092 avg_batch_cost: 11.4239, avg_ips: 8.4034.
Type : pill Train [ Epoch 412/500 ], loss: 0.1575, avg_reader_cost: 0.0004 avg_batch_cost: 0.3498, avg_ips: 274.4645.
Type : pill Train [ Epoch 413/500 ], loss: 0.0950, avg_reader_cost: 0.0003 avg_batch_cost: 0.3529, avg_ips: 272.0104.
Type : pill Train [ Epoch 414/500 ], loss: 0.1878, avg_reader_cost: 0.0004 avg_batch_cost: 0.3522, avg_ips: 272.5480.
Type : pill Train [ Epoch 415/500 ], loss: 0.1349, avg_reader_cost: 0.0010 avg_batch_cost: 0.3495, avg_ips: 274.6431.
Type : pill Train [ Epoch 416/500 ], loss: 0.1420, avg_reader_cost: 1.0777 avg_batch_cost: 1.4213, avg_ips: 67.5425.
Type : pill Train [ Epoch 417/500 ], loss: 0.0927, avg_reader_cost: 1.2395 avg_batch_cost: 1.5908, avg_ips: 60.3478.
Type : pill Train [ Epoch 418/500 ], loss: 0.1109, avg_reader_cost: 1.2299 avg_batch_cost: 1.5777, avg_ips: 60.8483.
Type : pill Train [ Epoch 419/500 ], loss: 0.1362, avg_reader_cost: 1.2289 avg_batch_cost: 1.3707, avg_ips: 70.0390.
Type : pill Train [ Epoch 420/500 ], loss: 0.1208, avg_reader_cost: 1.2372 avg_batch_cost: 1.5770, avg_ips: 60.8748.
loading images
loaded 267 images
using density estimation GaussianDensityPaddle
Type : pill Val [ Epoch 420/500 ] max_auc: 0.9681 roc_auc : 0.881615.
Type : pill Train [ Epoch 421/500 ], loss: 0.1033, avg_reader_cost: 10.5194 avg_batch_cost: 10.9201, avg_ips: 8.7911.
Type : pill Train [ Epoch 422/500 ], loss: 0.1136, avg_reader_cost: 0.0005 avg_batch_cost: 0.1393, avg_ips: 689.0664.
Type : pill Train [ Epoch 423/500 ], loss: 0.1028, avg_reader_cost: 0.0005 avg_batch_cost: 0.3560, avg_ips: 269.6767.
Type : pill Train [ Epoch 424/500 ], loss: 0.1279, avg_reader_cost: 0.0004 avg_batch_cost: 0.1397, avg_ips: 687.2258.
Type : pill Train [ Epoch 425/500 ], loss: 0.1234, avg_reader_cost: 0.0004 avg_batch_cost: 0.3567, avg_ips: 269.1097.
Type : pill Train [ Epoch 426/500 ], loss: 0.1510, avg_reader_cost: 1.1240 avg_batch_cost: 1.4624, avg_ips: 65.6477.
Type : pill Train [ Epoch 427/500 ], loss: 0.1284, avg_reader_cost: 1.2681 avg_batch_cost: 1.6096, avg_ips: 59.6435.
Type : pill Train [ Epoch 428/500 ], loss: 0.1151, avg_reader_cost: 1.2408 avg_batch_cost: 1.5882, avg_ips: 60.4472.
Type : pill Train [ Epoch 429/500 ], loss: 0.1819, avg_reader_cost: 1.2593 avg_batch_cost: 1.6026, avg_ips: 59.9024.
Type : pill Train [ Epoch 430/500 ], loss: 0.1045, avg_reader_cost: 1.2654 avg_batch_cost: 1.4061, avg_ips: 68.2760.
loading images
loaded 267 images
using density estimation GaussianDensityPaddle
Type : pill Val [ Epoch 430/500 ] max_auc: 0.9681 roc_auc : 0.933170.
Type : pill Train [ Epoch 431/500 ], loss: 0.1170, avg_reader_cost: 10.2461 avg_batch_cost: 10.3615, avg_ips: 9.2651.
Type : pill Train [ Epoch 432/500 ], loss: 0.1408, avg_reader_cost: 0.0004 avg_batch_cost: 0.1066, avg_ips: 900.9191.
Type : pill Train [ Epoch 433/500 ], loss: 0.1257, avg_reader_cost: 0.0003 avg_batch_cost: 0.1071, avg_ips: 896.5061.
Type : pill Train [ Epoch 434/500 ], loss: 0.0812, avg_reader_cost: 0.0004 avg_batch_cost: 0.1066, avg_ips: 900.6793.
Type : pill Train [ Epoch 435/500 ], loss: 0.1228, avg_reader_cost: 1.2892 avg_batch_cost: 1.6388, avg_ips: 58.5804.
Type : pill Train [ Epoch 436/500 ], loss: 0.1202, avg_reader_cost: 1.2407 avg_batch_cost: 1.5807, avg_ips: 60.7308.
Type : pill Train [ Epoch 437/500 ], loss: 0.1238, avg_reader_cost: 1.2447 avg_batch_cost: 1.5856, avg_ips: 60.5460.
Type : pill Train [ Epoch 438/500 ], loss: 0.1218, avg_reader_cost: 1.2474 avg_batch_cost: 1.3860, avg_ips: 69.2642.
Type : pill Train [ Epoch 439/500 ], loss: 0.1238, avg_reader_cost: 1.2488 avg_batch_cost: 1.3893, avg_ips: 69.1009.
Type : pill Train [ Epoch 440/500 ], loss: 0.1850, avg_reader_cost: 1.2589 avg_batch_cost: 1.3963, avg_ips: 68.7549.
loading images
loaded 267 images
using density estimation GaussianDensityPaddle
Type : pill Val [ Epoch 440/500 ] max_auc: 0.9681 roc_auc : 0.917621.
Type : pill Train [ Epoch 441/500 ], loss: 0.1827, avg_reader_cost: 10.6840 avg_batch_cost: 11.1913, avg_ips: 8.5781.
Type : pill Train [ Epoch 442/500 ], loss: 0.1243, avg_reader_cost: 0.0003 avg_batch_cost: 0.3462, avg_ips: 277.2771.
Type : pill Train [ Epoch 443/500 ], loss: 0.1558, avg_reader_cost: 0.0004 avg_batch_cost: 0.3537, avg_ips: 271.3794.
Type : pill Train [ Epoch 444/500 ], loss: 0.1716, avg_reader_cost: 0.0002 avg_batch_cost: 0.3536, avg_ips: 271.4879.
Type : pill Train [ Epoch 445/500 ], loss: 0.1462, avg_reader_cost: 0.0003 avg_batch_cost: 0.3453, avg_ips: 278.0238.
Type : pill Train [ Epoch 446/500 ], loss: 0.1750, avg_reader_cost: 1.0929 avg_batch_cost: 1.4358, avg_ips: 66.8603.
Type : pill Train [ Epoch 447/500 ], loss: 0.1675, avg_reader_cost: 1.2578 avg_batch_cost: 1.6096, avg_ips: 59.6423.
Type : pill Train [ Epoch 448/500 ], loss: 0.1969, avg_reader_cost: 1.2597 avg_batch_cost: 1.6075, avg_ips: 59.7188.
Type : pill Train [ Epoch 449/500 ], loss: 0.1934, avg_reader_cost: 1.2626 avg_batch_cost: 1.6057, avg_ips: 59.7861.
Type : pill Train [ Epoch 450/500 ], loss: 0.1659, avg_reader_cost: 1.2315 avg_batch_cost: 1.5786, avg_ips: 60.8138.
loading images
loaded 267 images
using density estimation GaussianDensityPaddle
Type : pill Val [ Epoch 450/500 ] max_auc: 0.9681 roc_auc : 0.917076.
Type : pill Train [ Epoch 451/500 ], loss: 0.1808, avg_reader_cost: 10.8455 avg_batch_cost: 11.2175, avg_ips: 8.5581.
Type : pill Train [ Epoch 452/500 ], loss: 0.1904, avg_reader_cost: 0.0003 avg_batch_cost: 0.3482, avg_ips: 275.6835.
Type : pill Train [ Epoch 453/500 ], loss: 0.1984, avg_reader_cost: 0.0003 avg_batch_cost: 0.3400, avg_ips: 282.3388.
Type : pill Train [ Epoch 454/500 ], loss: 0.1007, avg_reader_cost: 0.0003 avg_batch_cost: 0.3520, avg_ips: 272.7615.
Type : pill Train [ Epoch 455/500 ], loss: 0.1741, avg_reader_cost: 0.0003 avg_batch_cost: 0.1429, avg_ips: 671.6461.
Type : pill Train [ Epoch 456/500 ], loss: 0.1561, avg_reader_cost: 1.1013 avg_batch_cost: 1.2574, avg_ips: 76.3473.
Type : pill Train [ Epoch 457/500 ], loss: 0.1154, avg_reader_cost: 1.2312 avg_batch_cost: 1.5791, avg_ips: 60.7936.
Type : pill Train [ Epoch 458/500 ], loss: 0.1515, avg_reader_cost: 1.2320 avg_batch_cost: 1.5798, avg_ips: 60.7671.
Type : pill Train [ Epoch 459/500 ], loss: 0.1845, avg_reader_cost: 1.2230 avg_batch_cost: 1.5706, avg_ips: 61.1238.
Type : pill Train [ Epoch 460/500 ], loss: 0.1026, avg_reader_cost: 1.2362 avg_batch_cost: 1.5864, avg_ips: 60.5143.
loading images
loaded 267 images
using density estimation GaussianDensityPaddle
Type : pill Val [ Epoch 460/500 ] max_auc: 0.9681 roc_auc : 0.901800.
Type : pill Train [ Epoch 461/500 ], loss: 0.1291, avg_reader_cost: 10.6773 avg_batch_cost: 10.7899, avg_ips: 8.8972.
Type : pill Train [ Epoch 462/500 ], loss: 0.1357, avg_reader_cost: 0.0003 avg_batch_cost: 0.1058, avg_ips: 906.9439.
Type : pill Train [ Epoch 463/500 ], loss: 0.1784, avg_reader_cost: 0.0003 avg_batch_cost: 0.1041, avg_ips: 922.0150.
Type : pill Train [ Epoch 464/500 ], loss: 0.2024, avg_reader_cost: 0.0003 avg_batch_cost: 0.1063, avg_ips: 903.0265.
Type : pill Train [ Epoch 465/500 ], loss: 0.1583, avg_reader_cost: 0.0004 avg_batch_cost: 0.1069, avg_ips: 898.2301.
Type : pill Train [ Epoch 466/500 ], loss: 0.1612, avg_reader_cost: 1.2896 avg_batch_cost: 1.4325, avg_ips: 67.0165.
Type : pill Train [ Epoch 467/500 ], loss: 0.1787, avg_reader_cost: 1.2669 avg_batch_cost: 1.6160, avg_ips: 59.4072.
Type : pill Train [ Epoch 468/500 ], loss: 0.1806, avg_reader_cost: 1.2377 avg_batch_cost: 1.5760, avg_ips: 60.9136.
Type : pill Train [ Epoch 469/500 ], loss: 0.1748, avg_reader_cost: 1.2441 avg_batch_cost: 1.3841, avg_ips: 69.3576.
Type : pill Train [ Epoch 470/500 ], loss: 0.1373, avg_reader_cost: 1.2531 avg_batch_cost: 1.5939, avg_ips: 60.2308.
loading images
loaded 267 images
using density estimation GaussianDensityPaddle
Type : pill Val [ Epoch 470/500 ] max_auc: 0.9681 roc_auc : 0.908893.
Type : pill Train [ Epoch 471/500 ], loss: 0.1039, avg_reader_cost: 10.3473 avg_batch_cost: 10.8139, avg_ips: 8.8774.
Type : pill Train [ Epoch 472/500 ], loss: 0.1231, avg_reader_cost: 0.0003 avg_batch_cost: 0.1353, avg_ips: 709.4185.
Type : pill Train [ Epoch 473/500 ], loss: 0.1138, avg_reader_cost: 0.0004 avg_batch_cost: 0.3521, avg_ips: 272.6842.
Type : pill Train [ Epoch 474/500 ], loss: 0.1879, avg_reader_cost: 0.0003 avg_batch_cost: 0.3459, avg_ips: 277.5343.
Type : pill Train [ Epoch 475/500 ], loss: 0.1581, avg_reader_cost: 0.0011 avg_batch_cost: 0.1428, avg_ips: 672.1439.
Type : pill Train [ Epoch 476/500 ], loss: 0.1037, avg_reader_cost: 1.0891 avg_batch_cost: 1.2290, avg_ips: 78.1152.
Type : pill Train [ Epoch 477/500 ], loss: 0.1665, avg_reader_cost: 1.2443 avg_batch_cost: 1.5853, avg_ips: 60.5563.
Type : pill Train [ Epoch 478/500 ], loss: 0.1645, avg_reader_cost: 1.2366 avg_batch_cost: 1.5803, avg_ips: 60.7492.
Type : pill Train [ Epoch 479/500 ], loss: 0.1769, avg_reader_cost: 1.2772 avg_batch_cost: 1.4140, avg_ips: 67.8921.
Type : pill Train [ Epoch 480/500 ], loss: 0.1598, avg_reader_cost: 1.2714 avg_batch_cost: 1.4389, avg_ips: 66.7166.
loading images
loaded 267 images
using density estimation GaussianDensityPaddle
Type : pill Val [ Epoch 480/500 ] max_auc: 0.9681 roc_auc : 0.935079.
Type : pill Train [ Epoch 481/500 ], loss: 0.1129, avg_reader_cost: 10.7999 avg_batch_cost: 10.9770, avg_ips: 8.7456.
Type : pill Train [ Epoch 482/500 ], loss: 0.1430, avg_reader_cost: 0.0004 avg_batch_cost: 0.3548, avg_ips: 270.5439.
Type : pill Train [ Epoch 483/500 ], loss: 0.1415, avg_reader_cost: 0.0003 avg_batch_cost: 0.1470, avg_ips: 653.2580.
Type : pill Train [ Epoch 484/500 ], loss: 0.1101, avg_reader_cost: 0.0005 avg_batch_cost: 0.3515, avg_ips: 273.0865.
Type : pill Train [ Epoch 485/500 ], loss: 0.1654, avg_reader_cost: 0.0003 avg_batch_cost: 0.3489, avg_ips: 275.1779.
Type : pill Train [ Epoch 486/500 ], loss: 0.1729, avg_reader_cost: 1.1186 avg_batch_cost: 1.4686, avg_ips: 65.3684.
Type : pill Train [ Epoch 487/500 ], loss: 0.1445, avg_reader_cost: 1.2748 avg_batch_cost: 1.4138, avg_ips: 67.9039.
Type : pill Train [ Epoch 488/500 ], loss: 0.1873, avg_reader_cost: 1.2753 avg_batch_cost: 1.6244, avg_ips: 59.0981.
Type : pill Train [ Epoch 489/500 ], loss: 0.1290, avg_reader_cost: 1.2990 avg_batch_cost: 1.4886, avg_ips: 64.4907.
Type : pill Train [ Epoch 490/500 ], loss: 0.1532, avg_reader_cost: 1.2669 avg_batch_cost: 1.6053, avg_ips: 59.8015.
loading images
loaded 267 images
using density estimation GaussianDensityPaddle
Type : pill Val [ Epoch 490/500 ] max_auc: 0.9681 roc_auc : 0.888161.
Type : pill Train [ Epoch 491/500 ], loss: 0.1832, avg_reader_cost: 10.8856 avg_batch_cost: 11.2954, avg_ips: 8.4990.
Type : pill Train [ Epoch 492/500 ], loss: 0.1126, avg_reader_cost: 0.0003 avg_batch_cost: 0.1662, avg_ips: 577.7693.
Type : pill Train [ Epoch 493/500 ], loss: 0.1454, avg_reader_cost: 0.0004 avg_batch_cost: 0.3520, avg_ips: 272.7620.
Type : pill Train [ Epoch 494/500 ], loss: 0.1916, avg_reader_cost: 0.0003 avg_batch_cost: 0.1383, avg_ips: 694.3086.
Type : pill Train [ Epoch 495/500 ], loss: 0.1297, avg_reader_cost: 0.0004 avg_batch_cost: 0.3535, avg_ips: 271.6012.
Type : pill Train [ Epoch 496/500 ], loss: 0.1178, avg_reader_cost: 1.0901 avg_batch_cost: 1.1954, avg_ips: 80.3096.
Type : pill Train [ Epoch 497/500 ], loss: 0.1438, avg_reader_cost: 1.3009 avg_batch_cost: 1.6399, avg_ips: 58.5395.
Type : pill Train [ Epoch 498/500 ], loss: 0.1003, avg_reader_cost: 1.2417 avg_batch_cost: 1.5857, avg_ips: 60.5428.
Type : pill Train [ Epoch 499/500 ], loss: 0.1095, avg_reader_cost: 1.2414 avg_batch_cost: 1.5836, avg_ips: 60.6231.
Type : pill Train [ Epoch 500/500 ], loss: 0.1042, avg_reader_cost: 1.2419 avg_batch_cost: 1.5863, avg_ips: 60.5169.
loading images
loaded 267 images
using density estimation GaussianDensityPaddle
Type : pill Val [ Epoch 500/500 ] max_auc: 0.9681 roc_auc : 0.880251.
